%NAME,Launch Java Tests - $(symbol-method) parseRCURWithoutLCUR()
%TAG,in socket.on
%COUNT,119
%TESTC  1 v2
%TSTTREE1,parseRCURWithoutLCUR(lang.c.parse.ParseFactorTest),false,1,false,-1,parseRCURWithoutLCUR(lang.c.parse.ParseFactorTest),,
%TESTS  1,parseRCURWithoutLCUR(lang.c.parse.ParseFactorTest)
%NAME,Launch Java Tests - $(symbol-method) parseRCURWithoutLCUR()
%TAG,in socket.on
%COUNT,120
%FAILED 1,parseRCURWithoutLCUR(lang.c.parse.ParseFactorTest)
%TRACES 
java.lang.AssertionError: 
Expected: a string containing "弧が閉じられていません"
     but: was "[1行目,6文字目の')']プログラムの最後にゴミがあります"
	at org.hamcrest.MatcherAssert.assertThat(MatcherAssert.java:20)
	at org.hamcrest.MatcherAssert.assertThat(MatcherAssert.java:8)
	at lang.c.parse.ParseFactorTest.parseRCURWithoutLCUR(ParseFactorTest.java:71)
	at java.base/jdk.internal.reflect.NativeMethodAccessorImpl.invoke0(Native Method)
	at java.base/jdk.internal.reflect.NativeMethodAccessorImpl.invoke(NativeMethodAccessorImpl.java:77)
	at java.base/jdk.internal.reflect.DelegatingMethodAccessorImpl.invoke(DelegatingMethodAccessorImpl.java:43)
	at java.base/java.lang.reflect.Method.invoke(Method.java:568)
	at org.junit.runners.model.FrameworkMethod$1.runReflectiveCall(FrameworkMethod.java:47)
	at org.junit.internal.runners.model.ReflectiveCallable.run(ReflectiveCallable.java:12)
	at org.junit.runners.model.FrameworkMethod.invokeExplosively(FrameworkMethod.java:44)
	at org.junit.internal.runners.statements.InvokeMethod.evaluate(InvokeMethod.java:17)
	at org.junit.internal.runners.statements.RunBefores.evaluate(RunBefores.java:26)
	at org.junit.internal.runners.statements.RunAfters.evaluate(RunAfters.java:27)
	at org.junit.runners.ParentRunner.runLeaf(ParentRunner.java:271)
	at org.junit.runners.BlockJUnit4ClassRunner.runChild(BlockJUnit4ClassRunner.java:70)
	at org.junit.runners.BlockJUnit4ClassRunner.runChild(BlockJUnit4ClassRunner.java:50)
	at org.junit.runners.ParentRunner$3.run(ParentRunner.java:238)
	at org.junit.runners.ParentRunner$1.schedule(ParentRunner.java:63)
	at org.junit.runners.ParentRunner.runChildren(ParentRunner.java:236)
	at org.junit.runners.ParentRunner.access$000(ParentRunner.java:53)
	at org.junit.runners.ParentRunner$2.evaluate(ParentRunner.java:229)
	at org.junit.runners.ParentRunner.run(ParentRunner.java:309)
	at org.eclipse.jdt.internal.junit4.runner.JUnit4TestReference.run(JUnit4TestReference.java:93)
	at org.eclipse.jdt.internal.junit.runner.TestExecution.run(TestExecution.java:40)
	at org.eclipse.jdt.internal.junit.runner.RemoteTestRunner.runTests(RemoteTestRunner.java:529)
	at org.eclipse.jdt.internal.junit.runner.RemoteTestRunner.runTests(RemoteTestRunner.java:756)
	at org.eclipse.jdt.internal.junit.runner.RemoteTestRunner.run(RemoteTestRunner.java:452)
	at org.eclipse.jdt.internal.junit.runner.RemoteTestRunner.main(RemoteTestRunner.java:210)

%TRACEE 
%NAME,Launch Java Tests - $(symbol-method) parseRCURWithoutLCUR()
%TAG,in socket.on
%COUNT,121
%TESTE  1,parseRCURWithoutLCUR(lang.c.parse.ParseFactorTest)
%RUNTIME29
