%NAME,Launch Java Tests - $(symbol-class) CTokenizerCommentTest
%TAG,in socket.on
%COUNT,0
%TESTC  67 v2
%TSTTREE1,lang.c.CTokenizerCommentTest,true,6,false,-1,lang.c.CTokenizerCommentTest,,
%TSTTREE2,inlineCommentWithFactor(lang.c.CTokenizerCommentTest),false,1,false,-1,inlineCommentWithFactor(lang.c.CTokenizerCommentTest),,
%TSTTREE3,inlineCommentWithNumber(lang.c.CTokenizerCommentTest),false,1,false,-1,inlineCommentWithNumber(lang.c.CTokenizerCommentTest),,
%TSTTREE4,blockCommentNotClose(lang.c.CTokenizerCommentTest),false,1,false,-1,blockCommentNotClose(lang.c.CTokenizerCommentTest),,
%TSTTREE5,blockCommentWithFactor(lang.c.CTokenizerCommentTest),false,1,false,-1,blockCommentWithFactor(lang.c.CTokenizerCommentTest),,
%TSTTREE6,blockComment(lang.c.CTokenizerCommentTest),false,1,false,-1,blockComment(lang.c.CTokenizerCommentTest),,
%TSTTREE7,lineComment(lang.c.CTokenizerCommentTest),false,1,false,-1,lineComment(lang.c.CTokenizerCommentTest),,
%TSTTREE8,lang.c.CTokenizerAddressTest,true,4,false,-1,lang.c.CTokenizerAddressTest,,
%TSTTREE9,hexNumber(lang.c.CTokenizerAddressTest),false,1,false,-1,hexNumber(lang.c.CTokenizerAddressTest),,
%TSTTREE10,AMP(lang.c.CTokenizerAddressTest),false,1,false,-1,AMP(lang.c.CTokenizerAddressTest),,
%TSTTREE11,decimalNumber(lang.c.CTokenizerAddressTest),false,1,false,-1,decimalNumber(lang.c.CTokenizerAddressTest),,
%TSTTREE12,octalNumber(lang.c.CTokenizerAddressTest),false,1,false,-1,octalNumber(lang.c.CTokenizerAddressTest),,
%TSTTREE13,lang.c.CTokenizerNumberTest,true,2,false,-1,lang.c.CTokenizerNumberTest,,
%TSTTREE14,plusNumber(lang.c.CTokenizerNumberTest),false,1,false,-1,plusNumber(lang.c.CTokenizerNumberTest),,
%TSTTREE15,decimalNumber(lang.c.CTokenizerNumberTest),false,1,false,-1,decimalNumber(lang.c.CTokenizerNumberTest),,
%TSTTREE16,lang.c.CTokenizerNumberTest_cv02,true,7,false,-1,lang.c.CTokenizerNumberTest_cv02,,
%TSTTREE17,hexNumberError0x(lang.c.CTokenizerNumberTest_cv02),false,1,false,-1,hexNumberError0x(lang.c.CTokenizerNumberTest_cv02),,
%TSTTREE18,hex(lang.c.CTokenizerNumberTest_cv02),false,1,false,-1,hex(lang.c.CTokenizerNumberTest_cv02),,
%TSTTREE19,octal(lang.c.CTokenizerNumberTest_cv02),false,1,false,-1,octal(lang.c.CTokenizerNumberTest_cv02),,
%TSTTREE20,octalZero(lang.c.CTokenizerNumberTest_cv02),false,1,false,-1,octalZero(lang.c.CTokenizerNumberTest_cv02),,
%TSTTREE21,hexNumber0x0(lang.c.CTokenizerNumberTest_cv02),false,1,false,-1,hexNumber0x0(lang.c.CTokenizerNumberTest_cv02),,
%TSTTREE22,hexNumberMax(lang.c.CTokenizerNumberTest_cv02),false,1,false,-1,hexNumberMax(lang.c.CTokenizerNumberTest_cv02),,
%TSTTREE23,octalNumber(lang.c.CTokenizerNumberTest_cv02),false,1,false,-1,octalNumber(lang.c.CTokenizerNumberTest_cv02),,
%TSTTREE24,lang.c.TestHelperTest,true,2,false,-1,lang.c.TestHelperTest,,
%TSTTREE25,convertToValidateActual(lang.c.TestHelperTest),false,1,false,-1,convertToValidateActual(lang.c.TestHelperTest),,
%TSTTREE26,convertToValidateSimple(lang.c.TestHelperTest),false,1,false,-1,convertToValidateSimple(lang.c.TestHelperTest),,
%TSTTREE27,lang.c.CTokenizerExpressionAddTest,true,3,false,-1,lang.c.CTokenizerExpressionAddTest,,
%TSTTREE28,readSimpleTokensByUsingGetNextToken(lang.c.CTokenizerExpressionAddTest),false,1,false,-1,readSimpleTokensByUsingGetNextToken(lang.c.CTokenizerExpressionAddTest),,
%TSTTREE29,getCurrentTokenFirstTime(lang.c.CTokenizerExpressionAddTest),false,1,false,-1,getCurrentTokenFirstTime(lang.c.CTokenizerExpressionAddTest),,
%TSTTREE30,getCurrentTokenAfterGetNextToken(lang.c.CTokenizerExpressionAddTest),false,1,false,-1,getCurrentTokenAfterGetNextToken(lang.c.CTokenizerExpressionAddTest),,
%TSTTREE31,lang.c.CTokenizerExpressionSubTest,true,2,false,-1,lang.c.CTokenizerExpressionSubTest,,
%TSTTREE32,readSimpleTokenSub(lang.c.CTokenizerExpressionSubTest),false,1,false,-1,readSimpleTokenSub(lang.c.CTokenizerExpressionSubTest),,
%TSTTREE33,minusNumber(lang.c.CTokenizerExpressionSubTest),false,1,false,-1,minusNumber(lang.c.CTokenizerExpressionSubTest),,
%TSTTREE34,lang.MustBeFailedTest,true,1,false,-1,lang.MustBeFailedTest,,
%TSTTREE35,testMustBeFailed(lang.MustBeFailedTest),false,1,false,-1,testMustBeFailed(lang.MustBeFailedTest),,
%TSTTREE36,lang.c.parse.CodeGenTermTest,true,1,false,-1,lang.c.parse.CodeGenTermTest,,
%TSTTREE37,codeGenTerm(lang.c.parse.CodeGenTermTest),false,1,false,-1,codeGenTerm(lang.c.parse.CodeGenTermTest),,
%TSTTREE38,lang.c.parse.CodeGenNumberTest,true,1,false,-1,lang.c.parse.CodeGenNumberTest,,
%TSTTREE39,codeGenNumber(lang.c.parse.CodeGenNumberTest),false,1,false,-1,codeGenNumber(lang.c.parse.CodeGenNumberTest),,
%TSTTREE40,lang.c.parse.ParseAddressTest,true,1,false,-1,lang.c.parse.ParseAddressTest,,
%TSTTREE41,parseAddressOnlyAMP(lang.c.parse.ParseAddressTest),false,1,false,-1,parseAddressOnlyAMP(lang.c.parse.ParseAddressTest),,
%TSTTREE42,lang.c.parse.IsFirstProgramTest,true,2,false,-1,lang.c.parse.IsFirstProgramTest,,
%TSTTREE43,testProgram01(lang.c.parse.IsFirstProgramTest),false,1,false,-1,testProgram01(lang.c.parse.IsFirstProgramTest),,
%TSTTREE44,testWithUndefinedToken(lang.c.parse.IsFirstProgramTest),false,1,false,-1,testWithUndefinedToken(lang.c.parse.IsFirstProgramTest),,
%TSTTREE45,lang.c.parse.SemanticCheckAddressTest,true,4,false,-1,lang.c.parse.SemanticCheckAddressTest,,
%TSTTREE46,semanticCheckAddressSubError(lang.c.parse.SemanticCheckAddressTest),false,1,false,-1,semanticCheckAddressSubError(lang.c.parse.SemanticCheckAddressTest),,
%TSTTREE47,semanticCheckAddressSubAccept(lang.c.parse.SemanticCheckAddressTest),false,1,false,-1,semanticCheckAddressSubAccept(lang.c.parse.SemanticCheckAddressTest),,
%TSTTREE48,semanticCheckAddressAddAccept(lang.c.parse.SemanticCheckAddressTest),false,1,false,-1,semanticCheckAddressAddAccept(lang.c.parse.SemanticCheckAddressTest),,
%TSTTREE49,semanticCheckAddressAddError(lang.c.parse.SemanticCheckAddressTest),false,1,false,-1,semanticCheckAddressAddError(lang.c.parse.SemanticCheckAddressTest),,
%TSTTREE50,lang.c.parse.CodeGenFactorTest,true,1,false,-1,lang.c.parse.CodeGenFactorTest,,
%TSTTREE51,codeGenFactor(lang.c.parse.CodeGenFactorTest),false,1,false,-1,codeGenFactor(lang.c.parse.CodeGenFactorTest),,
%TSTTREE52,lang.c.parse.IsFirstTest,true,4,false,-1,lang.c.parse.IsFirstTest,,
%TSTTREE53,UndefinedToken(lang.c.parse.IsFirstTest),false,1,false,-1,UndefinedToken(lang.c.parse.IsFirstTest),,
%TSTTREE54,testExpressionAdd(lang.c.parse.IsFirstTest),false,1,false,-1,testExpressionAdd(lang.c.parse.IsFirstTest),,
%TSTTREE55,testDecimalNumber(lang.c.parse.IsFirstTest),false,1,false,-1,testDecimalNumber(lang.c.parse.IsFirstTest),,
%TSTTREE56,testExpression(lang.c.parse.IsFirstTest),false,1,false,-1,testExpression(lang.c.parse.IsFirstTest),,
%TSTTREE57,lang.c.parse.ParseNumberTest,true,1,false,-1,lang.c.parse.ParseNumberTest,,
%TSTTREE58,parseNumber(lang.c.parse.ParseNumberTest),false,1,false,-1,parseNumber(lang.c.parse.ParseNumberTest),,
%TSTTREE59,lang.c.parse.SemanticCheckFactorAmpTest,true,2,false,-1,lang.c.parse.SemanticCheckFactorAmpTest,,
%TSTTREE60,semanticCheckFalseExample(lang.c.parse.SemanticCheckFactorAmpTest),false,1,false,-1,semanticCheckFalseExample(lang.c.parse.SemanticCheckFactorAmpTest),,
%TSTTREE61,semanticCheckTrueExample(lang.c.parse.SemanticCheckFactorAmpTest),false,1,false,-1,semanticCheckTrueExample(lang.c.parse.SemanticCheckFactorAmpTest),,
%TSTTREE62,lang.c.parse.CodeGenExpressionTest,true,2,false,-1,lang.c.parse.CodeGenExpressionTest,,
%TSTTREE63,codeGenExpressionAdd2Term(lang.c.parse.CodeGenExpressionTest),false,1,false,-1,codeGenExpressionAdd2Term(lang.c.parse.CodeGenExpressionTest),,
%TSTTREE64,codeGenExpressionAdd3Term(lang.c.parse.CodeGenExpressionTest),false,1,false,-1,codeGenExpressionAdd3Term(lang.c.parse.CodeGenExpressionTest),,
%TSTTREE65,lang.c.parse.CodeGenProgramTest,true,3,false,-1,lang.c.parse.CodeGenProgramTest,,
%TSTTREE66,codeGenLeftTermAdd2Terms(lang.c.parse.CodeGenProgramTest),false,1,false,-1,codeGenLeftTermAdd2Terms(lang.c.parse.CodeGenProgramTest),,
%TSTTREE67,codeGenProgramAdd2Terms(lang.c.parse.CodeGenProgramTest),false,1,false,-1,codeGenProgramAdd2Terms(lang.c.parse.CodeGenProgramTest),,
%TSTTREE68,codeGenProgramAdd3Terms(lang.c.parse.CodeGenProgramTest),false,1,false,%NAME,Launch Java Tests - $(symbol-class) CTokenizerCommentTest
%TAG,in socket.on
%COUNT,1
%TSTTREE68,codeGenProgramAdd3Terms(lang.c.parse.CodeGenProgramTest),false,1,false,-1,codeGenProgramAdd3Terms(lang.c.parse.CodeGenProgramTest),,
%TSTTREE69,lang.c.parse.CodeGenFactorAmpTest,true,2,false,-1,lang.c.parse.CodeGenFactorAmpTest,,
%TSTTREE70,codeGenFactorAmp(lang.c.parse.CodeGenFactorAmpTest),false,1,false,-1,codeGenFactorAmp(lang.c.parse.CodeGenFactorAmpTest),,
%TSTTREE71,codeGenFactorWithAmp(lang.c.parse.CodeGenFactorAmpTest),false,1,false,-1,codeGenFactorWithAmp(lang.c.parse.CodeGenFactorAmpTest),,
%TSTTREE72,lang.c.parse.IsFirstTest_cv02,true,1,false,-1,lang.c.parse.IsFirstTest_cv02,,
%TSTTREE73,testFactorAmp(lang.c.parse.IsFirstTest_cv02),false,1,false,-1,testFactorAmp(lang.c.parse.IsFirstTest_cv02),,
%TSTTREE74,lang.c.parse.IsFirstTest_cv01,true,1,false,-1,lang.c.parse.IsFirstTest_cv01,,
%TSTTREE75,testExpressionSub(lang.c.parse.IsFirstTest_cv01),false,1,false,-1,testExpressionSub(lang.c.parse.IsFirstTest_cv01),,
%TSTTREE76,lang.c.parse.ParseExpressionTest,true,4,false,-1,lang.c.parse.ParseExpressionTest,,
%TSTTREE77,parseErrorNumPlusNone(lang.c.parse.ParseExpressionTest),false,1,false,-1,parseErrorNumPlusNone(lang.c.parse.ParseExpressionTest),,
%TSTTREE78,parseErrorOnlyPlus(lang.c.parse.ParseExpressionTest),false,1,false,-1,parseErrorOnlyPlus(lang.c.parse.ParseExpressionTest),,
%TSTTREE79,parseErrorNumMinusNone(lang.c.parse.ParseExpressionTest),false,1,false,-1,parseErrorNumMinusNone(lang.c.parse.ParseExpressionTest),,
%TSTTREE80,parseErrorNoneSubNum(lang.c.parse.ParseExpressionTest),false,1,false,-1,parseErrorNoneSubNum(lang.c.parse.ParseExpressionTest),,
%TSTTREE81,lang.c.parse.ParseProgramTest,true,1,false,-1,lang.c.parse.ParseProgramTest,,
%TSTTREE82,parseErrorEndOfProgram(lang.c.parse.ParseProgramTest),false,1,false,-1,parseErrorEndOfProgram(lang.c.parse.ParseProgramTest),,
%TSTTREE83,lang.c.parse.SemanticCheckProgramTest_cv02,true,4,false,-1,lang.c.parse.SemanticCheckProgramTest_cv02,,
%TSTTREE84,FactorWithPlusSignOverflow(lang.c.parse.SemanticCheckProgramTest_cv02),false,1,false,-1,FactorWithPlusSignOverflow(lang.c.parse.SemanticCheckProgramTest_cv02),,
%TSTTREE85,FactorAmpNoError(lang.c.parse.SemanticCheckProgramTest_cv02),false,1,false,-1,FactorAmpNoError(lang.c.parse.SemanticCheckProgramTest_cv02),,
%TSTTREE86,ExpressionAddTypeNoError(lang.c.parse.SemanticCheckProgramTest_cv02),false,1,false,-1,ExpressionAddTypeNoError(lang.c.parse.SemanticCheckProgramTest_cv02),,
%TSTTREE87,FactorWithAmpOverflow(lang.c.parse.SemanticCheckProgramTest_cv02),false,1,false,-1,FactorWithAmpOverflow(lang.c.parse.SemanticCheckProgramTest_cv02),,
%TSTTREE88,lang.c.parse.CodeGenExpressionTest_cv01,true,2,false,-1,lang.c.parse.CodeGenExpressionTest_cv01,,
%TSTTREE89,codeGenExpressionSub2Term(lang.c.parse.CodeGenExpressionTest_cv01),false,1,false,-1,codeGenExpressionSub2Term(lang.c.parse.CodeGenExpressionTest_cv01),,
%TSTTREE90,codeGenExpressionSub3Term(lang.c.parse.CodeGenExpressionTest_cv01),false,1,false,-1,codeGenExpressionSub3Term(lang.c.parse.CodeGenExpressionTest_cv01),,
%TSTTREE91,lang.c.parse.SemanticCheckProgramTest_cv01,true,1,false,-1,lang.c.parse.SemanticCheckProgramTest_cv01,,
%TSTTREE92,ExpressionSubNoError(lang.c.parse.SemanticCheckProgramTest_cv01),false,1,false,-1,ExpressionSubNoError(lang.c.parse.SemanticCheckProgramTest_cv01),,
%TSTTREE93,lang.c.parse.SemanticCheckProgramTest,true,2,false,-1,lang.c.parse.SemanticCheckProgramTest,,
%TSTTREE94,ExpressionAddNoError(lang.c.parse.SemanticCheckProgramTest),false,1,false,-1,ExpressionAddNoError(lang.c.parse.SemanticCheckProgramTest),,
%TSTTREE95,noResponseDoBeforeParse(lang.c.parse.SemanticCheckProgramTest),false,1,false,-1,noResponseDoBeforeParse(lang.c.parse.SemanticCheckProgramTest),,
%TESTS  2,inlineCommentWithFactor(lang.c.CTokenizerCommentTest)
%TESTE  2,inlineCommentWithFactor(lang.c.CTokenizerCommentTest)
%TESTS  3,inlineCommentWithNumber(lang.c.CTokenizerCommentTest)
%TESTE  3,inlineCommentWithNumber(lang.c.CTokenizerCommentTest)
%TESTS  4,blockCommentNotClose(lang.c.CTokenizerCommentTest)
%TESTE  4,blockCommentNotClose(lang.c.CTokenizerCommentTest)
%TESTS  5,blockCommentWithFactor(lang.c.CTokenizerCommentTest)
%TESTE  5,blockCommentWithFactor(lang.c.CTokenizerCommentTest)
%TESTS  6,blockComment(lang.c.CTokenizerCommentTest)
%TESTE  6,blockComment(lang.c.CTokenizerCommentTest)
%TESTS  7,lineComment(lang.c.CTokenizerCommentTest)
%TESTE  7,lineComment(lang.c.CTokenizerCommentTest)
%TESTS  9,hexNumber(lang.c.CTokenizerAddressTest)
%FAILED 9,hexNumber(lang.c.CTokenizerAddressTest)
%TRACES 
java.lang.AssertionError: token 2:Text: 
Expected: is "0xffe0"
     but: was "0"
	at org.hamcrest.MatcherAssert.assertThat(MatcherAssert.java:20)
	at lang.c.CTokenizerTestHelper.checkToken(CTokenizerTestHelper.java:9)
	at lang.c.CTokenizerAddressTest.hexNumber(CTokenizerAddressTest.java:85)
	at java.base/jdk.internal.reflect.NativeMethodAccessorImpl.invoke0(Native Method)
	at java.base/jdk.internal.reflect.NativeMethodAccessorImpl.invoke(NativeMethodAccessorImpl.java:77)
	at java.base/jdk.internal.reflect.DelegatingMethodAccessorImpl.invoke(DelegatingMethodAccessorImpl.java:43)
	at java.base/java.lang.reflect.Method.invoke(Method.java:568)
	at org.junit.runners.model.FrameworkMethod$1.runReflectiveCall(FrameworkMethod.java:47)
	at org.junit.internal.runners.model.ReflectiveCallable.run(ReflectiveCallable.java:12)
	at org.junit.runners.model.FrameworkMethod.invokeExplosively(FrameworkMethod.java:44)
	at org.junit.internal.runners.statements.InvokeMethod.evaluate(InvokeMethod.java:17)
	at org.junit.internal.runners.statements.RunBefores.evaluate(RunBefores.java:26)
	at org.junit.internal.runners.statements.RunAfters.evaluate(RunAfters.java:27)
	at org.junit.runners.ParentRunner.runLeaf(ParentRunner.java:271)
	at org.junit.runners.BlockJUnit4ClassRunner.runChild(BlockJUnit4ClassRunner.java:70)
	at org.junit.runners.BlockJUnit4ClassRunner.runChild(BlockJUnit4ClassRunner.java:50)
	at org.junit.runners.ParentRunner$3.run(ParentRunner.java:238)
	at org.junit.runners.ParentRunner$1.schedule(ParentRunner.java:63)
	at org.junit.runners.ParentRunner.runChildren(ParentRunner.java:236)
	at org.junit.runners.ParentRunner.access$000(ParentRunner.java:53)
	at org.junit.runners.ParentRunner$2.evaluate(ParentRunner.java:229)
	at org.junit.runners.ParentRunner.run(ParentRunner.java:309)
	at org.eclipse.jdt.internal.junit4.runner.JUnit4TestReference.run(JUnit4TestReference.java:93)
	at org.eclipse.jdt.internal.junit.runner.TestExecution.run(TestExecution.java:40)
	at org.eclipse.jdt.internal.junit.runner.RemoteTestRunner.runTests(RemoteTestRunner.java:529)
	at org.eclipse.jdt.internal.junit.runner.RemoteTestRunner.runTests(RemoteTestRunner.java:756)
	at org.eclipse.jdt.internal.junit.runner.RemoteTestRunner.run(RemoteTestRunner.java:452)
	at org.eclipse.jdt.internal.junit.runner.RemoteTestRunner.main(RemoteTestRunner.java:210)

%TRACEE 
%TESTE  9,hexNumber(lang.c.CTokenizerAddressTest)
%TESTS  10,AMP(lang.c.CTokenizerAddressTest)
%TESTE  10,AMP(lang.c.CTokenizerAddressTest)
%TESTS  11,decimalNumber(lang.c.CTokenizerAddressTest)
%TESTE  11,decimalNumber(lang.c.CTokenizerAddressTest)
%TESTS  12,octalNumber(lang.c.CTokenizerAddressTest)
%TESTE  12,octalNumber(lang.c.CTokenizerAddressTest)
%TESTS  14,plusNumber(lang.c.CTokenizerNumberTest)
%TESTE  14,plusNumber(lang.c.CTokenizerNumberTest)
%TESTS  15,decimalNumber(lang.c.CTokenizerNumberTest)
%TESTE  15,decimalNumber(lang.c.CTokenizerNumberTest)
%TESTS  17,hexNumberError0x(lang.c.CTokenizerNumberTest_cv02)
%FAILED 17,hexNumberError0x(lang.c.CTokenizerNumberTest_cv02)
%TRACES 
java.lang.AssertionError: token :Type: 
Expected: is <-2>
     but: was <1>
	at org.hamcrest.MatcherAssert.assertThat(MatcherAssert.java:20)
	at lang.c.CTokenizerTestHelper.checkToken(CTokenizerTestHelper.java:8)
	at lang.c.CTokenizerNumberTest_cv02.hexNumberError0x(CTokenizerNumberTest_cv02.java:85)
	at java.base/jdk.internal.reflect.NativeMethodAccessorImpl.invoke0(Native Method)
	at java.base/jdk.internal.reflect.NativeMethodAccessorImpl.invoke(NativeMethodAccessorImpl.java:77)
	at java.base/jdk.internal.reflect.DelegatingMethodAccessorImpl.invoke(DelegatingMethodAccessorImpl.java:43)
	at java.base/java.lang.reflect.Method.invoke(Method.java:568)
	at org.junit.runners.model.FrameworkMethod$1.runReflectiveCall(FrameworkMethod.java:47)
	at org.junit.internal.runners.model.ReflectiveCallable.run(ReflectiveCallable.java:12)
	at org.junit.runners.model.FrameworkMethod.invokeExplosively(FrameworkMethod.java:44)
	at org.junit.internal.runners.statements.InvokeMethod.evaluate(InvokeMethod.java:17)
	at org.junit.internal.runners.statements.RunBefores.evaluate(RunBefores.java:26)
	at org.junit.internal.runners.statements.RunAfters.evaluate(RunAfters.java:27)
	at org.junit.runners.ParentRunner.runLeaf(ParentRunner.java:271)
	at org.junit.runners.BlockJUnit4ClassRunner.runChild(BlockJUnit4ClassRunner.java:70)
	at org.junit.runners.BlockJUnit4ClassRunner.runChild(BlockJUnit4ClassRunner.java:50)
	at org.junit.runners.ParentRunner$3.run(ParentRunner.java:238)
	at org.junit.runners.ParentRunner$1.schedule(ParentRunner.java:63)
	at org.junit.runners.ParentRunner.runChildren(ParentRunner.java:236)
	at org.junit.runners.ParentRunner.access$000(ParentRunner.java:53)
	at org.junit.runners.ParentRunner$2.evaluate(ParentRunner.java:229)
	at org.junit.runners.ParentRunner.run(ParentRunner.java:309)
	at org.eclipse.jdt.internal.junit4.runner.JUnit4TestReference.run(JUnit4TestReference.java:93)
	at org.eclipse.jdt.internal.junit.runner.TestExecution.run(TestExecution.java:40)
	at org.eclipse.jdt.internal.junit.runner.RemoteTestRunner.runTests(RemoteTestRunner.java:529)
	at org.eclipse.jdt.internal.junit.runner.RemoteTestRunner.runTests(RemoteTestRunner.java:756)
	at org.eclipse.jdt.internal.junit.runner.RemoteTestRunner.run(RemoteTestRunner.java:452)
	at org.eclipse.jdt.internal.junit.runner.RemoteTestRunner.main(RemoteTestRunner.java:210)

%TRACEE 
%TESTE  17,hexNumberError0x(lang.c.CTokenizerNumberTest_cv02)
%TESTS  18,hex(lang.c.CTokenizerNumberTest_cv02)
%FAILED 18,hex(lang.c.CTokenizerNumberTest_cv02)
%TRACES 
java.lang.AssertionError: token 1:Text: 
Expected: is "0xffe0"
     but: was "0"
	at org.hamcrest.MatcherAssert.assertThat(MatcherAssert.java:20)
	at lang.c.CTokenizerTestHelper.checkToken(CTokenizerTestHelper.java:9)
	at lang.c.CTokenizerNumberTest_cv02.hex(CTokenizerNumberTest_cv02.java:52)
	at java.base/jdk.internal.reflect.NativeMethodAccessorImpl.invoke0(Native Method)
	at java.base/jdk.internal.reflect.NativeMethodAccessorImpl.invoke(NativeMethodAccessorImpl.java:77)
	at java.base/jdk.internal.reflect.DelegatingMethodAccessorImpl.invoke(DelegatingMethodAccessorImpl.java:43)
	at java.base/java.lang.reflect.Method.invoke(Method.java:568)
	at org.junit.runners.model.FrameworkMethod$1.runReflectiveCall(FrameworkMethod.java:47)
	at org.junit.internal.runners.model.ReflectiveCallable.run(ReflectiveCallable.java:12)
	at org.junit.runners.model.FrameworkMethod.invokeExplosively(FrameworkMethod.java:44)
	at org.junit.internal.runners.statements.InvokeMethod.evaluate(InvokeMethod.java:17)
	at org.junit.internal.runners.statements.RunBefores.evaluate(RunBefores.java:26)
	at org.junit.internal.runners.statements.RunAfters.evaluate(RunAfters.java:27)
	at org.junit.runners.ParentRunner.runLeaf(ParentRunner.java:271)
	at org.junit.runners.BlockJUnit4ClassRunner.runChild(BlockJUnit4ClassRunner.java:70)
	at org.junit.runners.BlockJUnit4ClassRunner.runChild(BlockJUnit4ClassRunner.java:50)
	at org.junit.runners.ParentRunner$3.run(ParentRunner.java:238)
	at org.junit.runners.ParentRunner$1.schedule(ParentRunner.java:63)
	at org.junit.runners.ParentRunner.runChildren(ParentRunner.java:236)
	at org.junit.runners.ParentRunner.access$000(ParentRunner.java:53)
	at org.junit.runners.ParentRunner$2.evaluate(ParentRunner.java:229)
	at org.junit.runners.ParentRunner.run(ParentRunner.java:309)
	at org.eclipse.jdt.internal.junit4.runner.JUnit4TestReference.run(JUnit4TestReference.java:93)
	at org.eclipse.jdt.internal.junit.runner.TestExecution.run(TestExecution.java:40)
	at org.eclipse.jdt.internal.junit.runner.RemoteTestRunner.runTests(RemoteTestRunner.java:529)
	at org.eclipse.jdt.internal.junit.runner.RemoteTestRunner.runTests(RemoteTestRunner.java:756)
	at org.eclipse.jdt.internal.junit.runner.RemoteTestRunner.run(RemoteTestRunner.java:452)
	at org.eclipse.jdt.internal.junit.runner.RemoteTestRunner.main(RemoteTestRunner.java:210)

%TRACEE 
%TESTE  18,hex(lang.c.CTokenizerNumberTest_cv02)
%TESTS  19,octal(lang.c.CTokenizerNumberTest_cv02)
%TESTE  19,octal(lang.c.CTokenizerNumberTest_cv02)
%TESTS  20,octalZero(lang.c.CTokenizerNumberTest_cv02)
%TESTE  20,octalZero(lang.c.CTokenizerNumberTest_cv02)
%TESTS  21,hexNumber0x0(lang.c.CTokenizerNumberTest_cv02)
%FAILED 21,hexNumber0x0(lang.c.CTokenizerNumberTest_cv02)
%TRACES 
java.lang.AssertionError: token 1:Text: 
Expected: is "0x0"
     but: was "0"
	at org.hamcrest.MatcherAssert.assertThat(MatcherAssert.java:20)
	at lang.c.CTokenizerTestHelper.checkToken(CTokenizerTestHelper.java:9)
	at lang.c.CTokenizerNumberTest_cv02.hexNumber0x0(CTokenizerNumberTest_cv02.java:62)
	at java.base/jdk.internal.reflect.NativeMethodAccessorImpl.invoke0(Native Method)
	at java.base/jdk.internal.reflect.NativeMethodAccessorImpl.invoke(NativeMethodAccessorImpl.java:77)
	at java.base/jdk.internal.reflect.DelegatingMethodAccessorImpl.invoke(DelegatingMethodAccessorImpl.java:43)
	at java.base/java.lang.reflect.Method.invoke(Method.java:568)
	at org.junit.runners.model.FrameworkMethod$1.runReflectiveCall(FrameworkMethod.java:47)
	at org.junit.internal.runners.model.ReflectiveCallable.run(ReflectiveCallable.java:12)
	at org.junit.runners.model.FrameworkMethod.invokeExplosively(FrameworkMethod.java:44)
	at org.junit.internal.runners.statements.InvokeMethod.evaluate(InvokeMethod.java:17)
	at org.junit.internal.runners.statements.RunBefores.evaluate(RunBefores.java:26)
	at org.junit.internal.runners.statements.RunAfters.evaluate(RunAfters.java:27)
	at org.junit.runners.ParentRunner.runLeaf(ParentRunner.java:271)
	at org.junit.runners.BlockJUnit4ClassRunner.runChild(BlockJUnit4ClassRunner.java:70)
	at org.junit.runners.BlockJUnit4ClassRunner.runChild(BlockJUnit4ClassRunner.java:50)
	at org.junit.runners.ParentRunner$3.run(ParentRunner.java:238)
	at org.junit.runners.ParentRunner$1.schedule(ParentRunner.java:63)
	at org.junit.runners.ParentRunner.runChildren(ParentRunner.java:236)
	at org.junit.runners.ParentRunner.access$000(ParentRunner.java:53)
	at org.junit.runners.ParentRunner$2.evaluate(ParentRunner.java:229)
	at org.junit.runners.ParentRunner.run(ParentRunner.java:309)
	at org.eclipse.jdt.internal.junit4.runner.JUnit4TestReference.run(JUnit4TestReference.java:93)
	at org.eclipse.jdt.internal.junit.runner.TestExecution.run(TestExecution.java:40)
	at org.eclipse.jdt.internal.junit.runner.RemoteTestRunner.runTests(RemoteTestRunner.java:529)
	at org.eclipse.jdt.internal.junit.runner.RemoteTestRunner.runTests(RemoteTestRunner.java:756)
	at org.eclipse.jdt.internal.junit.runner.RemoteTestRunner.run(RemoteTestRunner.java:452)
	at org.eclipse.jdt.internal.junit.runner.RemoteTestRunner.main(RemoteTestRunner.java:210)

%TRACEE 
%TESTE  21,hexNumber0x0(lang.c.CTokenizerNumberTest_cv02)
%TESTS  22,hexNumberMax(lang.c.CTokenizerNumberTest_cv02)
%FAILED 22,hexNumberMax(lang.c.CTokenizerNumberTest_cv02)
%TRACES 
java.lang.AssertionError: token 1:Text: 
Expected: is "0xffff"
     but: was "0"
	at org.hamcrest.MatcherAssert.assertThat(MatcherAssert.java:20)
	at lang.c.CTokenizerTestHelper.checkToken(CTokenizerTestHelper.java:9)
	at lang.c.CTokenizerNumberTest_cv02.hexNumberMax(CTokenizerNumberTest_cv02.java:72)
	at java.base/jdk.internal.reflect.NativeMethodAccessorImpl.invoke0(Native Method)
	at java.base/jdk.internal.reflect.NativeMethodAccessorImpl.invoke(NativeMethodAccessorImpl.java:77)
	at java.base/jdk.internal.reflect.DelegatingMethodAccessorImpl.invoke(DelegatingMethodAccessorImpl.java:43)
	at java.base/java.lang.reflect.Method.invoke(Method.java:568)
	at org.junit.runners.model.FrameworkMethod$1.runReflectiveCall(FrameworkMethod.java:47)
	at org.junit.internal.runners.model.ReflectiveCallable.run(ReflectiveCallable.java:12)
	at org.junit.runners.model.FrameworkMethod.invokeExplosively(FrameworkMethod.java:44)
	at org.junit.internal.runners.statements.InvokeMethod.evaluate(InvokeMethod.java:17)
	at org.junit.internal.runners.statements.RunBefores.evaluate(RunBefores.java:26)
	at org.junit.internal.runners.statements.RunAfters.evaluate(RunAfters.java:27)
	at org.junit.runners.ParentRunner.runLeaf(ParentRunner.java:271)
	at org.junit.runners.BlockJUnit4ClassRunner.runChild(BlockJUnit4ClassRunner.java:70)
	at org.junit.runners.BlockJUnit4ClassRunner.runChild(BlockJUnit4ClassRunner.java:50)
	at org.junit.runners.ParentRunner$3.run(ParentRunner.java:238)
	at org.junit.runners.ParentRunner$1.schedule(ParentRunner.java:63)
	at org.junit.runners.ParentRunner.runChildren(ParentRunner.java:236)
	at org.junit.runners.ParentRunner.access$000(ParentRunner.java:53)
	at org.junit.runners.ParentRunner$2.evaluate(ParentRunner.java:229)
	at org.junit.runners.ParentRunner.run(ParentRunner.java:309)
	at org.eclipse.jdt.internal.junit4.runner.JUnit4TestReference.run(JUnit4TestReference.java:93)
	at org.eclipse.jdt.internal.junit.runner.TestExecution.run(TestExecution.java:40)
	at org.eclipse.jdt.internal.junit.runner.RemoteTestRunner.runTests(RemoteTestRunner.java:529)
	at org.eclipse.jdt.internal.junit.runner.RemoteTestRunner.runTests(RemoteTestRunner.java:756)
	at org.eclipse.jdt.internal.junit.runner.RemoteTestRunner.run(RemoteTestRunner.java:452)
	at org.eclipse.jdt.internal.junit.runner.RemoteTestRunner.main(RemoteTestRunner.java:210)

%TRACEE 
%TESTE  22,hexNumberMax(lang.c.CTokenizerNumberTest_cv02)
%TESTS  23,octalNumber(lang.c.CTokenizerNumberTest_cv02)
%TESTE  23,octalNumber(lang.c.CTokenizerNumberTest_cv02)
%TESTS  25,convertToValidateActual(lang.c.TestHelperTest)
%TESTE  25,convertToValidateActual(lang.c.TestHelperTest)
%TESTS  26,convertToValidateSimple(lang.c.TestHelperTest)
%TESTE  26,convertToValidateSimple(lang.c.TestHelperTest)
%TESTS  28,readSimpleTokensByUsingGetNextToken(lang.c.CTokenizerExpressionAddTest)
%TESTE  28,readSimpleTokensByUsingGetNextToken(lang.c.CTokenizerExpressionAddTest)
%TESTS  29,getCurrentTokenFirstTime(lang.c.CTokenizerExpressionAddTest)
%TESTE  29,getCurrentTokenFirstTime(lang.c.CTokenizerExpressionAddTest)
%TESTS  30,getCurrentTokenAfterGetNextToken(lang.c.CTokenizerExpressionAddTest)
%TESTE  30,getCurrentTokenAfterGetNextToken(lang.c.CTokenizerExpressionAddTest)
%TESTS  32,readSimpleTokenSub(lang.c.CTokenizerExpressionSubTest)
%TESTE  32,readSimpleTokenSub(lang.c.CTokenizerExpressionSubTest)
%TESTS  33,minusNumber(lang.c.CTokenizerExpressionSubTest)
%TESTE  33,minusNumber(lang.c.CTokenizerExpressionSubTest)
%TESTS  35,testMustBeFailed(lang.MustBeFailedTest)
%FAILED 35,testMustBeFailed(lang.MustBeFailedTest)
%TRACES 
java.lang.AssertionError: 
Expected: is "MUST BE FAILED THIS TEST."
     but: was "Failed test."
	at org.hamcrest.MatcherAssert.assertThat(MatcherAssert.java:20)
	at org.hamcrest.MatcherAssert.assertThat(MatcherAssert.java:8)
	at lang.MustBeFailedTest.testMustBeFailed(MustBeFailedTest.java:14)
	at java.base/jdk.internal.reflect.NativeMethodAccessorImpl.invoke0(Native Method)
	at java.base/jdk.internal.reflect.NativeMethodAccessorImpl.invoke(NativeMethodAccessorImpl.java:77)
	at java.base/jdk.internal.reflect.DelegatingMethodAccessorImpl.invoke(DelegatingMethodAccessorImpl.java:43)
	at java.base/java.lang.reflect.Method.invoke(Method.java:568)
	at org.junit.runners.model.FrameworkMethod$1.runReflectiveCall(FrameworkMethod.java:47)
	at org.junit.internal.runners.model.ReflectiveCallable.run(ReflectiveCallable.java:12)
	at org.junit.runners.model.FrameworkMethod.invokeExplosively(FrameworkMethod.java:44)
	at org.junit.internal.runners.statements.InvokeMethod.evaluate(InvokeMethod.java:17)
	at org.junit.runners.ParentRunner.runLeaf(ParentRunner.java:271)
	at org.junit.runners.BlockJUnit4ClassRunner.runChild(BlockJUnit4ClassRunner.java:70)
	at org.junit.runners.BlockJUnit4ClassRunner.runChild(BlockJUnit4ClassRunner.java:50)
	at org.junit.runners.ParentRunner$3.run(ParentRunner.java:238)
	at org.junit.runners.ParentRunner$1.schedule(ParentRunner.java:63)
	at org.junit.runners.ParentRunner.runChildren(ParentRunner.java:236)
	at org.junit.runners.ParentRunner.access$000(ParentRunner.java:53)
	at org.junit.runners.ParentRunner$2.evaluate(ParentRunner.java:229)
	at org.junit.runners.ParentRunner.run(ParentRunner.java:309)
	at org.eclipse.jdt.internal.junit4.runner.JUnit4TestReference.run(JUnit4TestReference.java:93)
	at org.eclipse.jdt.internal.junit.runner.TestExecution.run(TestExecution.java:40)
	at org.eclipse.jdt.internal.junit.runner.RemoteTestRunner.runTests(RemoteTestRunner.java:529)
	at org.eclipse.jdt.internal.junit.runner.RemoteTestRunner.runTests(RemoteTestRunner.java:756)
	at org.eclipse.jdt.internal.junit.runner.RemoteTestRunner.run(RemoteTestRunner.java:452)
	at org.eclipse.jdt.internal.junit.runner.RemoteTestRunner.main(RemoteTestRunner.java:210)

%TRACEE 
%TESTE  35,testMustBeFailed(lang.MustBeFailedTest)
%TESTS  37,codeGenTerm(lang.c.parse.CodeGenTermTest)
%TESTE  37,codeGenTerm(lang.c.parse.CodeGenTermTest)
%TESTS  39,codeGenNumber(lang.c.parse.CodeGenNumberTest)
%TESTE  39,codeGenNumber(lang.c.parse.CodeGenNumberTest)
%TESTS  41,parseAddressOnlyAMP(lang.c.parse.ParseAddressTest)
%FAILED 41,parseAddressOnlyAMP(lang.c.parse.ParseAddressTest)
%TRACES 
java.lang.AssertionError: 
Expected: a string containing "Write down a part of error sentence you have decided on here"
     but: was "[1行目,3文字目の'&']+の後ろはtermです"
	at org.hamcrest.MatcherAssert.assertThat(MatcherAssert.java:20)
	at org.hamcrest.MatcherAssert.assertThat(MatcherAssert.java:8)
	at lang.c.parse.ParseAddressTest.parseAddressOnlyAMP(ParseAddressTest.java:73)
	at java.base/jdk.internal.reflect.NativeMethodAccessorImpl.invoke0(Native Method)
	at java.base/jdk.internal.reflect.NativeMethodAccessorImpl.invoke(NativeMethodAccessorImpl.java:77)
	at java.base/jdk.internal.reflect.DelegatingMethodAccessorImpl.invoke(DelegatingMethodAccessorImpl.java:43)
	at java.base/java.lang.reflect.Method.invoke(Method.java:568)
	at org.junit.runners.model.FrameworkMethod$1.runReflectiveCall(FrameworkMethod.java:47)
	at org.junit.internal.runners.model.ReflectiveCallable.run(ReflectiveCallable.java:12)
	at org.junit.runners.model.FrameworkMethod.invokeExplosively(FrameworkMethod.java:44)
	at org.junit.internal.runners.statements.InvokeMethod.evaluate(InvokeMethod.java:17)
	at org.junit.internal.runners.statements.RunBefores.evaluate(RunBefores.java:26)
	at org.junit.internal.runners.statements.RunAfters.evaluate(RunAfters.java:27)
	at org.junit.runners.ParentRunner.runLeaf(ParentRunner.java:271)
	at org.junit.runners.BlockJUnit4ClassRunner.runChild(BlockJUnit4ClassRunner.java:70)
	at org.junit.runners.BlockJUnit4ClassRunner.runChild(BlockJUnit4ClassRunner.java:50)
	at org.junit.runners.ParentRunner$3.run(ParentRunner.java:238)
	at org.junit.runners.ParentRunner$1.schedule(ParentRunner.java:63)
	at org.junit.runners.ParentRunner.runChildren(ParentRunner.java:236)
	at org.junit.runners.ParentRunner.access$000(ParentRunner.java:53)
	at org.junit.runners.ParentRunner$2.evaluate(ParentRunner.java:229)
	at org.junit.runners.ParentRunner.run(ParentRunner.java:309)
	at org.eclipse.jdt.internal.junit4.runner.JUnit4TestReference.run(JUnit4TestReference.java:93)
	at org.eclipse.jdt.internal.junit.runner.TestExecution.run(TestExecution.java:40)
	at org.eclipse.jdt.internal.junit.runner.RemoteTestRunner.runTests(RemoteTestRunner.java:529)
	at org.eclipse.jdt.internal.junit.runner.RemoteTestRunner.runTests(RemoteTestRunner.java:756)
	at org.eclipse.jdt.internal.junit.runner.RemoteTestRunner.run(RemoteTestRunner.java:452)
	at org.eclipse.jdt.internal.junit.runner.RemoteTestRunner.main(RemoteTestRunner.java:210)

%TRACEE 
%TESTE  41,parseAddressOnlyAMP(lang.c.parse.ParseAddressTest)
%TESTS  43,testProgram01(lang.c.parse.IsFirstProgramTest)
%TESTE  43,testProgram01(lang.c.parse.IsFirstProgramTest)
%TESTS  44,testWithUndefinedToken(lang.c.parse.IsFirstProgramTest)
%TESTE  44,testWithUndefinedToken(lang.c.parse.IsFirstProgramTest)
%TESTS  46,semanticCheckAddressSubError(lang.c.parse.SemanticCheckAddressTest)
%ERROR  46,semanticCheckAddressSubError(lang.c.parse.SemanticCheckAddressTest)
%TRACES 
java.lang.Error: Unresolved compilation problems: 
	The method isFirst(CToken) is undefined for the type Expression
	The constructor Expression(CParseContext) is undefined
	The method parse(CParseContext) is undefined for the type Expression
	The method semanticCheck(CParseContext) is undefined for the type Expression

	at lang.c.parse.SemanticCheckAddressTest.semanticCheckAddressSubError(SemanticCheckAddressTest.java:133)
	at java.base/jdk.internal.reflect.NativeMethodAccessorImpl.invoke0(Native Method)
	at java.base/jdk.internal.reflect.NativeMethodAccessorImpl.invoke(NativeMethodAccessorImpl.java:77)
	at java.base/jdk.internal.reflect.DelegatingMethodAccessorImpl.invoke(DelegatingMethodAccessorImpl.java:43)
	at java.base/java.lang.reflect.Method.invoke(Method.java:568)
	at org.junit.runners.model.FrameworkMethod$1.runReflectiveCall(FrameworkMethod.java:47)
	at org.junit.internal.runners.model.ReflectiveCallable.run(ReflectiveCallable.java:12)
	at org.junit.runners.model.FrameworkMethod.invokeExplosively(FrameworkMethod.java:44)
	at org.junit.internal.runners.statements.InvokeMethod.evaluate(InvokeMethod.java:17)
	at org.junit.internal.runners.statements.RunBefores.evaluate(RunBefores.java:26)
	at org.junit.internal.runners.statements.RunAfters.evaluate(RunAfters.java:27)
	at org.junit.runners.ParentRunner.runLeaf(ParentRunner.java:271)
	at org.junit.runners.BlockJUnit4ClassRunner.runChild(BlockJUnit4ClassRunner.java:70)
	at org.junit.runners.BlockJUnit4ClassRunner.runChild(BlockJUnit4ClassRunner.java:50)
	at org.junit.runners.ParentRunner$3.run(ParentRunner.java:238)
	at org.junit.runners.ParentRunner$1.schedule(ParentRunner.java:63)
	at org.junit.runners.ParentRunner.runChildren(ParentRunner.java:236)
	at org.junit.runners.ParentRunner.access$000(ParentRunner.java:53)
	at org.junit.runners.ParentRunner$2.evaluate(ParentRunner.java:229)
	at org.junit.runners.ParentRunner.run(ParentRunner.java:309)
	at org.eclipse.jdt.internal.junit4.runner.JUnit4TestReference.run(JUnit4TestReference.java:93)
	at org.eclipse.jdt.internal.junit.runner.TestExecution.run(TestExecution.java:40)
	at org.eclipse.jdt.internal.junit.runner.RemoteTestRunner.runTests(RemoteTestRunner.java:529)
	at org.eclipse.jdt.internal.junit.runner.RemoteTestRunner.runTests(RemoteTestRunner.java:756)
	at org.eclipse.jdt.internal.junit.runner.RemoteTestRunner.run(RemoteTestRunner.java:452)
	at org.eclipse.jdt.internal.junit.runner.RemoteTestRunner.main(RemoteTestRunner.java:210)

%TRACEE 
%TESTE  46,semanticCheckAddressSubError(lang.c.parse.SemanticCheckAddressTest)
%TESTS  47,semanticCheckAddressSubAccept(lang.c.parse.SemanticCheckAddressTest)
%ERROR  47,semanticCheckAddressSubAccept(lang.c.parse.SemanticCheckAddressTest)
%TRACES 
java.lang.Error: Unresolved compilation problems: 
	The method isFirst(CToken) is undefined for the type Expression
	The constructor Expression(CParseContext) is undefined
	The method parse(CParseContext) is undefined for the type Expression
	The method semanticCheck(CParseContext) is undefined for the type Expression

	at lang.c.parse.SemanticCheckAddressTest.semanticCheckAddressSubAccept(SemanticCheckAddressTest.java:113)
	at java.base/jdk.internal.reflect.NativeMethodAccessorImpl.invoke0(Native Method)
	at java.base/jdk.internal.reflect.NativeMethodAccessorImpl.invoke(NativeMethodAccessorImpl.java:77)
	at java.base/jdk.internal.reflect.DelegatingMethodAccessorImpl.invoke(DelegatingMethodAccessorImpl.java:43)
	at java.base/java.lang.reflect.Method.invoke(Method.java:568)
	at org.junit.runners.model.FrameworkMethod$1.runReflectiveCall(FrameworkMethod.java:47)
	at org.junit.internal.runners.model.ReflectiveCallable.run(ReflectiveCallable.java:12)
	at org.junit.runners.model.FrameworkMethod.invokeExplosively(FrameworkMethod.java:44)
	at org.junit.internal.runners.statements.InvokeMethod.evaluate(InvokeMethod.java:17)
	at org.junit.internal.runners.statements.RunBefores.evaluate(RunBefores.java:26)
	at org.junit.internal.runners.statements.RunAfters.evaluate(RunAfters.java:27)
	at org.junit.runners.ParentRunner.runLeaf(ParentRunner.java:271)
	at org.junit.runners.BlockJUnit4ClassRunner.runChild(BlockJUnit4ClassRunner.java:70)
	at org.junit.runners.BlockJUnit4ClassRunner.runChild(BlockJUnit4ClassRunner.java:50)
	at org.junit.runners.ParentRunner$3.run(ParentRunner.java:238)
	at org.junit.runners.ParentRunner$1.schedule(ParentRunner.java:63)
	at org.junit.runners.ParentRunner.runChildren(ParentRunner.java:236)
	at org.junit.runners.ParentRunner.access$000(ParentRunner.java:53)
	at org.junit.runners.ParentRunner$2.evaluate(ParentRunner.java:229)
	at org.junit.runners.ParentRunner.run(ParentRunner.java:309)
	at org.eclipse.jdt.internal.junit4.runner.JUnit4TestReference.run(JUnit4TestReference.java:93)
	at org.eclipse.jdt.internal.junit.runner.TestExecution.run(TestExecution.java:40)
	at org.eclipse.jdt.internal.junit.runner.RemoteTestRunner.runTests(RemoteTestRunner.java:529)
	at org.eclipse.jdt.internal.junit.runner.RemoteTestRunner.runTests(RemoteTestRunner.java:756)
	at org.eclipse.jdt.internal.junit.runner.RemoteTestRunner.run(RemoteTestRunner.java:452)
	at org.eclipse.jdt.internal.junit.runner.RemoteTestRunner.main(RemoteTestRunner.java:210)

%TRACEE 
%TESTE  47,semanticCheckAddressSubAccept(lang.c.parse.SemanticCheckAddressTest)
%TESTS  48,semanticCheckAddressAddAccept(lang.c.parse.SemanticCheckAddressTest)
%ERROR  48,semanticCheckAddressAddAccept(lang.c.parse.SemanticCheckAddressTest)
%TRACES 
java.lang.Error: Unresolved compilation problems: 
	The method isFirst(CToken) is undefined for the type Expression
	The constructor Expression(CParseContext) is undefined
	The method parse(CParseContext) is undefined for the type Expression
	The method semanticCheck(CParseContext) is undefined for the type Expression

	at lang.c.parse.SemanticCheckAddressTest.semanticCheckAddressAddAccept(SemanticCheckAddressTest.java:72)
	at java.base/jdk.internal.reflect.NativeMethodAccessorImpl.invoke0(Native Method)
	at java.base/jdk.internal.reflect.NativeMethodAccessorImpl.invoke(NativeMethodAccessorImpl.java:77)
	at java.base/jdk.internal.reflect.DelegatingMethodAccessorImpl.invoke(DelegatingMethodAccessorImpl.java:43)
	at java.base/java.lang.reflect.Method.invoke(Method.java:568)
	at org.junit.runners.model.FrameworkMethod$1.runReflectiveCall(FrameworkMethod.java:47)
	at org.junit.internal.runners.model.ReflectiveCallable.run(ReflectiveCallable.java:12)
	at org.junit.runners.model.FrameworkMethod.invokeExplosively(FrameworkMethod.java:44)
	at org.junit.internal.runners.statements.InvokeMethod.evaluate(InvokeMethod.java:17)
	at org.junit.internal.runners.statements.RunBefores.evaluate(RunBefores.java:26)
	at org.junit.internal.runners.statements.RunAfters.evaluate(RunAfters.java:27)
	at org.junit.runners.ParentRunner.runLeaf(ParentRunner.java:271)
	at org.junit.runners.BlockJUnit4ClassRunner.runChild(BlockJUnit4ClassRunner.java:70)
	at org.junit.runners.BlockJUnit4ClassRunner.runChild(BlockJUnit4ClassRunner.java:50)
	at org.junit.runners.ParentRunner$3.run(ParentRunner.java:238)
	at org.junit.runners.ParentRunner$1.schedule(ParentRunner.java:63)
	at org.junit.runners.ParentRunner.runChildren(ParentRunner.java:236)
	at org.junit.runners.ParentRunner.access$000(ParentRunner.java:53)
	at org.junit.runners.ParentRunner$2.evaluate(ParentRunner.java:229)
	at org.junit.runners.ParentRunner.run(ParentRunner.java:309)
	at org.eclipse.jdt.internal.junit4.runner.JUnit4TestReference.run(JUnit4TestReference.java:93)
	at org.eclipse.jdt.internal.junit.runner.TestExecution.run(TestExecution.java:40)
	at org.eclipse.jdt.internal.junit.runner.RemoteTestRunner.runTests(RemoteTestRunner.java:529)
	at org.eclipse.jdt.internal.junit.runner.RemoteTestRunner.runTests(RemoteTestRunner.java:756)
	at org.eclipse.jdt.internal.junit.runner.RemoteTestRunner.run(RemoteTestRunner.java:452)
	at org.eclipse.jdt.internal.junit.runner.RemoteTestRunner.main(RemoteTestRunner.java:210)

%TRACEE 
%TESTE  48,semanticCheckAddressAddAccept(lang.c.parse.SemanticCheckAddressTest)
%TESTS  49,semanticCheckAddressAddError(lang.c.parse.SemanticCheckAddressTest)
%ERROR  49,semanticCheckAddressAddError(lang.c.parse.SemanticCheckAddressTest)
%TRACES 
java.lang.Error: Unresolved compilation problems: 
	The method isFirst(CToken) is undefined for the type Expression
	The constructor Expression(CParseContext) is undefined
	The method parse(CParseContext) is undefined for the type Expression
	The method semanticCheck(CParseContext) is undefined for the type Expression

	at lang.c.parse.SemanticCheckAddressTest.semanticCheckAddressAddError(SemanticCheckAddressTest.java:92)
	at java.base/jdk.internal.reflect.NativeMethodAccessorImpl.invoke0(Native Method)
	at java.base/jdk.internal.reflect.NativeMethodAccessorImpl.invoke(NativeMethodAccessorImpl.java:77)
	at java.base/jdk.internal.reflect.DelegatingMethodAccessorImpl.invoke(DelegatingMethodAccessorImpl.java:43)
	at java.base/java.lang.reflect.Method.invoke(Method.java:568)
	at org.junit.runners.model.FrameworkMethod$1.runReflectiveCall(FrameworkMethod.java:47)
	at org.junit.internal.runners.model.ReflectiveCallable.run(ReflectiveCallable.java:12)
	at org.junit.runners.model.FrameworkMethod.invokeExplosively(FrameworkMethod.java:44)
	at org.junit.internal.runners.statements.InvokeMethod.evaluate(InvokeMethod.java:17)
	at org.junit.internal.runners.statements.RunBefores.evaluate(RunBefores.java:26)
	at org.junit.internal.runners.statements.RunAfters.evaluate(RunAfters.java:27)
	at org.junit.runners.ParentRunner.runLeaf(ParentRunner.java:271)
	at org.junit.runners.BlockJUnit4ClassRunner.runChild(BlockJUnit4ClassRunner.java:70)
	at org.junit.runners.BlockJUnit4ClassRunner.runChild(BlockJUnit4ClassRunner.java:50)
	at org.junit.runners.ParentRunner$3.run(ParentRunner.java:238)
	at org.junit.runners.ParentRunner$1.schedule(ParentRunner.java:63)
	at org.junit.runners.ParentRunner.runChildren(ParentRunner.java:236)
	at org.junit.runners.ParentRunner.access$000(ParentRunner.java:53)
	at org.junit.runners.ParentRunner$2.evaluate(ParentRunner.java:229)
	at org.junit.runners.ParentRunner.run(ParentRunner.java:309)
	at org.eclipse.jdt.internal.junit4.runner.JUnit4TestReference.run(JUnit4TestReference.java:93)
	at org.eclipse.jdt.internal.junit.runner.TestExecution.run(TestExecution.java:40)
	at org.eclipse.jdt.internal.junit.runner.RemoteTestRunner.runTests(RemoteTestRunner.java:529)
	at org.eclipse.jdt.internal.junit.runner.RemoteTestRunner.runTests(RemoteTestRunner.java:756)
	at org.eclipse.jdt.internal.junit.runner.RemoteTestRunner.run(RemoteTestRunner.java:452)
	at org.eclipse.jdt.internal.junit.runner.RemoteTestRunner.main(RemoteTestRunner.java:210)

%TRACEE 
%TESTE  49,semanticCheckAddressAddError(lang.c.parse.SemanticCheckAddressTest)
%TESTS  51,codeGenFactor(lang.c.parse.CodeGenFactorTest)
%TESTE  51,codeGenFactor(lang.c.parse.CodeGenFactorTest)
%TESTS  53,UndefinedToken(lang.c.parse.IsFirstTest)
%TESTE  53,UndefinedToken(lang.c.parse.IsFirstTest)
%TESTS  54,testExpressionAdd(lang.c.parse.IsFirstTest)
%TESTE  54,testExpressionAdd(lang.c.parse.IsFirstTest)
%TESTS  55,testDecimalNumber(lang.c.parse.IsFirstTest)
%TESTE  55,testDecimalNumber(lang.c.parse.IsFirstTest)
%TESTS  56,testExpression(lang.c.parse.IsFirstTest)
%TESTE  56,testExpression(lang.c.parse.IsFirstTest)
%TESTS  58,parseNumber(lang.c.parse.ParseNumberTest)
%TESTE  58,parseNumber(lang.c.parse.ParseNumberTest)
%TESTS  60,semanticCheckFalseExample(lang.c.parse.SemanticCheckFactorAmpTest)
%ERROR  60,semanticCheckFalseExample(lang.c.parse.SemanticCheckFactorAmpTest)
%TRACES 
java.lang.Error: Unresolved compilation problems: 
	The method isFirst(CToken) is undefined for the type Expression
	The constructor Expression(CParseContext) is undefined
	The method parse(CParseContext) is undefined for the type Expression
	The method semanticCheck(CParseContext) is undefined for the type Expression

	at lang.c.parse.SemanticCheckFactorAmpTest.semanticCheckFalseExample(SemanticCheckFactorAmpTest.java:92)
	at java.base/jdk.internal.reflect.NativeMethodAccessorImpl.invoke0(Native Method)
	at java.base/jdk.internal.reflect.NativeMethodAccessorImpl.invoke(NativeMethodAccessorImpl.java:77)
	at java.base/jdk.internal.reflect.DelegatingMethodAccessorImpl.invoke(DelegatingMethodAccessorImpl.java:43)
	at java.base/java.lang.reflect.Method.invoke(Method.java:568)
	at org.junit.runners.model.FrameworkMethod$1.runReflectiveCall(FrameworkMethod.java:47)
	at org.junit.internal.runners.model.ReflectiveCallable.run(ReflectiveCallable.java:12)
	at org.junit.runners.model.FrameworkMethod.invokeExplosively(FrameworkMethod.java:44)
	at org.junit.internal.runners.statements.InvokeMethod.evaluate(InvokeMethod.java:17)
	at org.junit.internal.runners.statements.RunBefores.evaluate(RunBefores.java:26)
	at org.junit.internal.runners.statements.RunAfters.evaluate(RunAfters.java:27)
	at org.junit.runners.ParentRunner.runLeaf(ParentRunner.java:271)
	at org.junit.runners.BlockJUnit4ClassRunner.runChild(BlockJUnit4ClassRunner.java:70)
	at org.junit.runners.BlockJUnit4ClassRunner.runChild(BlockJUnit4ClassRunner.java:50)
	at org.junit.runners.ParentRunner$3.run(ParentRunner.java:238)
	at org.junit.runners.ParentRunner$1.schedule(ParentRunner.java:63)
	at org.junit.runners.ParentRunner.runChildren(ParentRunner.java:236)
	at org.junit.runners.ParentRunner.access$000(ParentRunner.java:53)
	at org.junit.runners.ParentRunner$2.evaluate(ParentRunner.java:229)
	at org.junit.runners.ParentRunner.run(ParentRunner.java:309)
	at org.eclipse.jdt.internal.junit4.runner.JUnit4TestReference.run(JUnit4TestReference.java:93)
	at org.eclipse.jdt.internal.junit.runner.TestExecution.run(TestExecution.java:40)
	at org.eclipse.jdt.internal.junit.runner.RemoteTestRunner.runTests(RemoteTestRunner.java:529)
	at org.eclipse.jdt.internal.junit.runner.RemoteTestRunner.runTests(RemoteTestRunner.java:756)
	at org.eclipse.jdt.internal.junit.runner.RemoteTestRunner.run(RemoteTestRunner.java:452)
	at org.eclipse.jdt.internal.junit.runner.RemoteTestRunner.main(RemoteTestRunner.java:210)

%TRACEE 
%TESTE  60,semanticCheckFalseExample(lang.c.parse.SemanticCheckFactorAmpTest)
%TESTS  61,semanticCheckTrueExample(lang.c.parse.SemanticCheckFactorAmpTest)
%ERROR  61,semanticCheckTrueExample(lang.c.parse.SemanticCheckFactorAmpTest)
%TRACES 
java.lang.Error: Unresolved compilation problems: 
	The method isFirst(CToken) is undefined for the type Expression
	The constructor Expression(CParseContext) is undefined
	The method parse(CParseContext) is undefined for the type Expression
	The method semanticCheck(CParseContext) is undefined for the type Expression

	at lang.c.parse.SemanticCheckFactorAmpTest.semanticCheckTrueExample(SemanticCheckFactorAmpTest.java:73)
	at java.base/jdk.internal.reflect.NativeMethodAccessorImpl.invoke0(Native Method)
	at java.base/jdk.internal.reflect.NativeMethodAccessorImpl.invoke(NativeMethodAccessorImpl.java:77)
	at java.base/jdk.internal.reflect.DelegatingMethodAccessorImpl.invoke(DelegatingMethodAccessorImpl.java:43)
	at java.base/java.lang.reflect.Method.invoke(Method.java:568)
	at org.junit.runners.model.FrameworkMethod$1.runReflectiveCall(FrameworkMethod.java:47)
	at org.junit.internal.runners.model.ReflectiveCallable.run(ReflectiveCallable.java:12)
	at org.junit.runners.model.FrameworkMethod.invokeExplosively(FrameworkMethod.java:44)
	at org.junit.internal.runners.statements.InvokeMethod.evaluate(InvokeMethod.java:17)
	at org.junit.internal.runners.statements.RunBefores.evaluate(RunBefores.java:26)
	at org.junit.internal.runners.statements.RunAfters.evaluate(RunAfters.java:27)
	at org.junit.runners.ParentRunner.runLeaf(ParentRunner.java:271)
	at org.junit.runners.BlockJUnit4ClassRunner.runChild(BlockJUnit4ClassRunner.java:70)
	at org.junit.runners.BlockJUnit4ClassRunner.runChild(BlockJUnit4ClassRunner.java:50)
	at org.junit.runners.ParentRunner$3.run(ParentRunner.java:238)
	at org.junit.runners.ParentRunner$1.schedule(ParentRunner.java:63)
	at org.junit.runners.ParentRunner.runChildren(ParentRunner.java:236)
	at org.junit.runners.ParentRunner.access$000(ParentRunner.java:53)
	at org.junit.runners.ParentRunner$2.evaluate(ParentRunner.java:229)
	at org.junit.runners.ParentRunner.run(ParentRunner.java:309)
	at org.eclipse.jdt.internal.junit4.runner.JUnit4TestReference.run(JUnit4TestReference.java:93)
	at org.eclipse.jdt.internal.junit.runner.TestExecution.run(TestExecution.java:40)
	at org.eclipse.jdt.internal.junit.runner.RemoteTestRunner.runTests(RemoteTestRunner.java:529)
	at org.eclipse.jdt.internal.junit.runner.RemoteTestRunner.runTests(RemoteTestRunner.java:756)
	at org.eclipse.jdt.internal.junit.runner.RemoteTestRunner.run(RemoteTestRunner.java:452)
	at org.eclipse.jdt.internal.junit.runner.RemoteTestRunner.main(RemoteTestRunner.java:210)

%TRACEE 
%TESTE  61,semanticCheckTrueExample(lang.c.parse.SemanticCheckFactorAmpTest)
%TESTS  63,codeGenExpressionAdd2Term(lang.c.parse.CodeGenExpressionTest)
%TESTE  63,codeGenExpressionAdd2Term(lang.c.parse.CodeGenExpressionTest)
%TESTS  64,codeGenExpressionAdd3Term(lang.c.parse.CodeGenExpressionTest)
%TESTE  64,codeGenExpressionAdd3Term(lang.c.parse.CodeGenExpressionTest)
%TESTS  66,codeGenLeftTermAdd2Terms(lang.c.parse.CodeGenProgramTest)
%TESTE  66,codeGenLeftTermAdd2Terms(lang.c.parse.CodeGenProgramTest)
%TESTS  67,codeGenProgramAdd2Terms(lang.c.parse.CodeGenProgramTest)
%TESTE  67,codeGenProgramAdd2Terms(lang.c.parse.CodeGenProgramTest)
%TESTS  68,codeGenProgramAdd3Terms(lang.c.parse.CodeGenProgramTest)
%TESTE  68,codeGenProgramAdd3Terms(lang.c.parse.CodeGenProgramTest)
%TESTS  70,codeGenFactorAmp(lang.c.parse.CodeGenFactorAmpTest)
%ERROR  70,codeGenFactorAmp(lang.c.parse.CodeGenFactorAmpTest)
%TRACES 
java.lang.Error: Unresolved compilation problems: 
	FactorAmp cannot be resolved to a type
	FactorAmp cannot be resolved to a type

	at lang.c.parse.CodeGenFactorAmpTest.codeGenFactorAmp(CodeGenFactorAmpTest.java:56)
	at java.base/jdk.internal.reflect.NativeMethodAccessorImpl.invoke0(Native Method)
	at java.base/jdk.internal.reflect.NativeMethodAccessorImpl.invoke(NativeMethodAccessorImpl.java:77)
	at java.base/jdk.internal.reflect.DelegatingMethodAccessorImpl.invoke(DelegatingMethodAccessorImpl.java:43)
	at java.base/java.lang.reflect.Method.invoke(Method.java:568)
	at org.junit.runners.model.FrameworkMethod$1.runReflectiveCall(FrameworkMethod.java:47)
	at org.junit.internal.runners.model.ReflectiveCallable.run(ReflectiveCallable.java:12)
	at org.junit.runners.model.FrameworkMethod.invokeExplosively(FrameworkMethod.java:44)
	at org.junit.internal.runners.statements.InvokeMethod.evaluate(InvokeMethod.java:17)
	at org.junit.internal.runners.statements.RunBefores.evaluate(RunBefores.java:26)
	at org.junit.internal.runners.statements.RunAfters.evaluate(RunAfters.java:27)
	at org.junit.runners.ParentRunner.runLeaf(ParentRunner.java:271)
	at org.junit.runners.BlockJUnit4ClassRunner.runChild(BlockJUnit4ClassRunner.java:70)
	at org.junit.runners.BlockJUnit4ClassRunner.runChild(BlockJUnit4ClassRunner.java:50)
	at org.junit.runners.ParentRunner$3.run(ParentRunner.java:238)
	at org.junit.runners.ParentRunner$1.schedule(ParentRunner.java:63)
	at org.junit.runners.ParentRunner.runChildren(ParentRunner.java:236)
	at org.junit.runners.ParentRunner.access$000(ParentRunner.java:53)
	at org.junit.runners.ParentRunner$2.evaluate(ParentRunner.java:229)
	at org.junit.runners.ParentRunner.run(ParentRunner.java:309)
	at org.eclipse.jdt.internal.junit4.runner.JUnit4TestReference.run(JUnit4TestReference.java:93)
	at org.eclipse.jdt.internal.junit.runner.TestExecution.run(TestExecution.java:40)
	at org.eclipse.jdt.internal.junit.runner.RemoteTestRunner.runTests(RemoteTestRunner.java:529)
	at org.eclipse.jdt.internal.junit.runner.RemoteTestRunner.runTests(RemoteTestRunner.java:756)
	at org.eclipse.jdt.internal.junit.runner.RemoteTestRunner.run(RemoteTestRunner.java:452)
	at org.eclipse.jdt.internal.junit.runner.RemoteTestRunner.main(RemoteTestRunner.java:210)

%TRACEE 
%TESTE  70,codeGenFactorAmp(lang.c.parse.CodeGenFactorAmpTest)
%TESTS  71,codeGenFactorWithAmp(lang.c.parse.CodeGenFactorAmpTest)
%FAILED 71,codeGenFactorWithAmp(lang.c.parse.CodeGenFactorAmpTest)
%TRACES 
java.lang.AssertionError: Line: 0
Expected: is "MOV#2,(R6)+"
     but: was "MOV#&,(R6)+"
	at org.hamcrest.MatcherAssert.assertThat(MatcherAssert.java:20)
	at lang.c.TestHelper.checkCodePortion(TestHelper.java:50)
	at lang.c.TestHelper.checkCodeGen(TestHelper.java:71)
	at lang.c.parse.CodeGenFactorAmpTest.codeGenFactorWithAmp(CodeGenFactorAmpTest.java:69)
	at java.base/jdk.internal.reflect.NativeMethodAccessorImpl.invoke0(Native Method)
	at java.base/jdk.internal.reflect.NativeMethodAccessorImpl.invoke(NativeMethodAccessorImpl.java:77)
	at java.base/jdk.internal.reflect.DelegatingMethodAccessorImpl.invoke(DelegatingMethodAccessorImpl.java:43)
	at java.base/java.lang.reflect.Method.invoke(Method.java:568)
	at org.junit.runners.model.FrameworkMethod$1.runReflectiveCall(FrameworkMethod.java:47)
	at org.junit.internal.runners.model.ReflectiveCallable.run(ReflectiveCallable.java:12)
	at org.junit.runners.model.FrameworkMethod.invokeExplosively(FrameworkMethod.java:44)
	at org.junit.internal.runners.statements.InvokeMethod.evaluate(InvokeMethod.java:17)
	at org.junit.internal.runners.statements.RunBefores.evaluate(RunBefores.java:26)
	at org.junit.internal.runners.statements.RunAfters.evaluate(RunAfters.java:27)
	at org.junit.runners.ParentRunner.runLeaf(ParentRunner.java:271)
	at org.junit.runners.BlockJUnit4ClassRunner.runChild(BlockJUnit4ClassRunner.java:70)
	at org.junit.runners.BlockJUnit4ClassRunner.runChild(BlockJUnit4ClassRunner.java:50)
	at org.junit.runners.ParentRunner$3.run(ParentRunner.java:238)
	at org.junit.runners.ParentRunner$1.schedule(ParentRunner.java:63)
	at org.junit.runners.ParentRunner.runChildren(ParentRunner.java:236)
	at org.junit.runners.ParentRunner.access$000(ParentRunner.java:53)
	at org.junit.runners.ParentRunner$2.evaluate(ParentRunner.java:229)
	at org.junit.runners.ParentRunner.run(ParentRunner.java:309)
	at org.eclipse.jdt.internal.junit4.runner.JUnit4TestReference.run(JUnit4TestReference.java:93)
	at org.eclipse.jdt.internal.junit.runner.TestExecution.run(TestExecution.java:40)
	at org.eclipse.jdt.internal.junit.runner.RemoteTestRunner.runTests(RemoteTestRunner.java:529)
	at org.eclipse.jdt.internal.junit.runner.RemoteTestRunner.runTests(RemoteTestRunner.java:756)
	at org.eclipse.jdt.internal.junit.runner.RemoteTestRunner.run(RemoteTestRunner.java:452)
	at org.eclipse.jdt.internal.junit.runner.RemoteTestRunner.main(RemoteTestRunner.java:210)

%TRACEE 
%TESTE  71,codeGenFactorWithAmp(lang.c.parse.CodeGenFactorAmpTest)
%TESTS  73,testFactorAmp(lang.c.parse.IsFirstTest_cv02)
%ERROR  73,testFactorAmp(lang.c.parse.IsFirstTest_cv02)
%TRACES 
java.lang.Error: Unresolved compilation problem: 
	FactorAmp cannot be resolved

	at lang.c.parse.IsFirstTest_cv02.testFactorAmp(IsFirstTest_cv02.java:63)
	at java.base/jdk.internal.reflect.NativeMethodAccessorImpl.invoke0(Native Method)
	at java.base/jdk.internal.reflect.NativeMethodAccessorImpl.invoke(NativeMethodAccessorImpl.java:77)
	at java.base/jdk.internal.reflect.DelegatingMethodAccessorImpl.invoke(DelegatingMethodAccessorImpl.java:43)
	at java.base/java.lang.reflect.Method.invoke(Method.java:568)
	at org.junit.runners.model.FrameworkMethod$1.runReflectiveCall(FrameworkMethod.java:47)
	at org.junit.internal.runners.model.ReflectiveCallable.run(ReflectiveCallable.java:12)
	at org.junit.runners.model.FrameworkMethod.invokeExplosively(FrameworkMethod.java:44)
	at org.junit.internal.runners.statements.InvokeMethod.evaluate(InvokeMethod.java:17)
	at org.junit.internal.runners.statements.RunBefores.evaluate(RunBefores.java:26)
	at org.junit.internal.runners.statements.RunAfters.evaluate(RunAfters.java:27)
	at org.junit.runners.ParentRunner.runLeaf(ParentRunner.java:271)
	at org.junit.runners.BlockJUnit4ClassRunner.runChild(BlockJUnit4ClassRunner.java:70)
	at org.junit.runners.BlockJUnit4ClassRunner.runChild(BlockJUnit4ClassRunner.java:50)
	at org.junit.runners.ParentRunner$3.run(ParentRunner.java:238)
	at org.junit.runners.ParentRunner$1.schedule(ParentRunner.java:63)
	at org.junit.runners.ParentRunner.runChildren(ParentRunner.java:236)
	at org.junit.runners.ParentRunner.access$000(ParentRunner.java:53)
	at org.junit.runners.ParentRunner$2.evaluate(ParentRunner.java:229)
	at org.junit.runners.ParentRunner.run(ParentRunner.java:309)
	at org.eclipse.jdt.internal.junit4.runner.JUnit4TestReference.run(JUnit4TestReference.java:93)
	at org.eclipse.jdt.internal.junit.runner.TestExecution.run(TestExecution.java:40)
	at org.eclipse.jdt.internal.junit.runner.RemoteTestRunner.runTests(RemoteTestRunner.java:529)
	at org.eclipse.jdt.internal.junit.runner.RemoteTestRunner.runTests(RemoteTestRunner.java:756)
	at org.eclipse.jdt.internal.junit.runner.RemoteTestRunner.run(RemoteTestRunner.java:452)
	at org.eclipse.jdt.internal.junit.runner.RemoteTestRunner.main(RemoteTestRunner.java:210)

%TRACEE 
%TESTE  73,testFactorAmp(lang.c.parse.IsFirstTest_cv02)
%TESTS  75,testExpressionSub(lang.c.parse.IsFirstTest_cv01)
%TESTE  75,testExpressionSub(lang.c.parse.IsFirstTest_cv01)
%TESTS  77,parseErrorNumPlusNone(lang.c.parse.ParseExpressionTest)
%TESTE  77,parseErrorNumPlusNone(lang.c.parse.ParseExpressionTest)
%TESTS  78,parseErrorOnlyPlus(lang.c.parse.ParseExpressionTest)
%TESTE  78,parseErrorOnlyPlus(lang.c.parse.ParseExpressionTest)
%TESTS  79,parseErrorNumMinusNone(lang.c.parse.ParseExpressionTest)
%TESTE  79,parseErrorNumMinusNone(lang.c.parse.ParseExpressionTest)
%TESTS  80,parseErrorNoneSubNum(lang.c.parse.ParseExpressionTest)
%TESTE  80,parseErrorNoneSubNum(lang.c.parse.ParseExpressionTest)
%TESTS  82,parseErrorEndOfProgram(lang.c.parse.ParseProgramTest)
%TESTE  82,parseErrorEndOfProgram(lang.c.parse.ParseProgramTest)
%TESTS  84,FactorWithPlusSignOverflow(lang.c.parse.SemanticCheckProgramTest_cv02)
%FAILED 84,FactorWithPlusSignOverflow(lang.c.parse.SemanticCheckProgramTest_cv02)
%TRACES 
java.lang.AssertionError: Failed with 32768
Expected: is <false>
     but: was <true>
	at org.hamcrest.MatcherAssert.assertThat(MatcherAssert.java:20)
	at lang.c.parse.SemanticCheckProgramTest_cv02.FactorWithPlusSignOverflow(SemanticCheckProgramTest_cv02.java:117)
	at java.base/jdk.internal.reflect.NativeMethodAccessorImpl.invoke0(Native Method)
	at java.base/jdk.internal.reflect.NativeMethodAccessorImpl.invoke(NativeMethodAccessorImpl.java:77)
	at java.base/jdk.internal.reflect.DelegatingMethodAccessorImpl.invoke(DelegatingMethodAccessorImpl.java:43)
	at java.base/java.lang.reflect.Method.invoke(Method.java:568)
	at org.junit.runners.model.FrameworkMethod$1.runReflectiveCall(FrameworkMethod.java:47)
	at org.junit.internal.runners.model.ReflectiveCallable.run(ReflectiveCallable.java:12)
	at org.junit.runners.model.FrameworkMethod.invokeExplosively(FrameworkMethod.java:44)
	at org.junit.internal.runners.statements.InvokeMethod.evaluate(InvokeMethod.java:17)
	at org.junit.internal.runners.statements.RunBefores.evaluate(RunBefores.java:26)
	at org.junit.internal.runners.statements.RunAfters.evaluate(RunAfters.java:27)
	at org.junit.runners.ParentRunner.runLeaf(ParentRunner.java:271)
	at org.junit.runners.BlockJUnit4ClassRunner.runChild(BlockJUnit4ClassRunner.java:70)
	at org.junit.runners.BlockJUnit4ClassRunner.runChild(BlockJUnit4ClassRunner.java:50)
	at org.junit.runners.ParentRunner$3.run(ParentRunner.java:238)
	at org.junit.runners.ParentRunner$1.schedule(ParentRunner.java:63)
	at org.junit.runners.ParentRunner.runChildren(ParentRunner.java:236)
	at org.junit.runners.ParentRunner.access$000(ParentRunner.java:53)
	at org.junit.runners.ParentRunner$2.evaluate(ParentRunner.java:229)
	at org.junit.runners.ParentRunner.run(ParentRunner.java:309)
	at org.eclipse.jdt.internal.junit4.runner.JUnit4TestReference.run(JUnit4TestReference.java:93)
	at org.eclipse.jdt.internal.junit.runner.TestExecution.run(TestExecution.java:40)
	at org.eclipse.jdt.internal.junit.runner.RemoteTestRunner.runTests(RemoteTestRunner.java:529)
	at org.eclipse.jdt.internal.junit.runner.RemoteTestRunner.runTests(RemoteTestRunner.java:756)
	at org.eclipse.jdt.internal.junit.runner.RemoteTestRunner.run(RemoteTestRunner.java:452)
	at org.eclipse.jdt.internal.junit.runner.RemoteTestRunner.main(RemoteTestRunner.java:210)

%TRACEE 
%TESTE  84,FactorWithPlusSignOverflow(lang.c.parse.SemanticCheckProgramTest_cv02)
%TESTS  85,FactorAmpNoError(lang.c.parse.SemanticCheckProgramTest_cv02)
%ERROR  85,FactorAmpNoError(lang.c.parse.SemanticCheckProgramTest_cv02)
%TRACES 
java.lang.Error: Unresolved compilation problems: 
	FactorAmp cannot be resolved
	FactorAmp cannot be resolved to a type
	FactorAmp cannot be resolved to a type

	at lang.c.parse.SemanticCheckProgramTest_cv02.FactorAmpNoError(SemanticCheckProgramTest_cv02.java:81)
	at java.base/jdk.internal.reflect.NativeMethodAccessorImpl.invoke0(Native Method)
	at java.base/jdk.internal.reflect.NativeMethodAccessorImpl.invoke(NativeMethodAccessorImpl.java:77)
	at java.base/jdk.internal.reflect.DelegatingMethodAccessorImpl.invoke(DelegatingMethodAccessorImpl.java:43)
	at java.base/java.lang.reflect.Method.invoke(Method.java:568)
	at org.junit.runners.model.FrameworkMethod$1.runReflectiveCall(FrameworkMethod.java:47)
	at org.junit.internal.runners.model.ReflectiveCallable.run(ReflectiveCallable.java:12)
	at org.junit.runners.model.FrameworkMethod.invokeExplosively(FrameworkMethod.java:44)
	at org.junit.internal.runners.statements.InvokeMethod.evaluate(InvokeMethod.java:17)
	at org.junit.internal.runners.statements.RunBefores.evaluate(RunBefores.java:26)
	at org.junit.internal.runners.statements.RunAfters.evaluate(RunAfters.java:27)
	at org.junit.runners.ParentRunner.runLeaf(ParentRunner.java:271)
	at org.junit.runners.BlockJUnit4ClassRunner.runChild(BlockJUnit4ClassRunner.java:70)
	at org.junit.runners.BlockJUnit4ClassRunner.runChild(BlockJUnit4ClassRunner.java:50)
	at org.junit.runners.ParentRunner$3.run(ParentRunner.java:238)
	at org.junit.runners.ParentRunner$1.schedule(ParentRunner.java:63)
	at org.junit.runners.ParentRunner.runChildren(ParentRunner.java:236)
	at org.junit.runners.ParentRunner.access$000(ParentRunner.java:53)
	at org.junit.runners.ParentRunner$2.evaluate(ParentRunner.java:229)
	at org.junit.runners.ParentRunner.run(ParentRunner.java:309)
	at org.eclipse.jdt.internal.junit4.runner.JUnit4TestReference.run(JUnit4TestReference.java:93)
	at org.eclipse.jdt.internal.junit.runner.TestExecution.run(TestExecution.java:40)
	at org.eclipse.jdt.internal.junit.runner.RemoteTestRunner.runTests(RemoteTestRunner.java:529)
	at org.eclipse.jdt.internal.junit.runner.RemoteTestRunner.runTests(RemoteTestRunner.java:756)
	at org.eclipse.jdt.internal.junit.runner.RemoteTestRunner.run(RemoteTestRunner.java:452)
	at org.eclipse.jdt.internal.junit.runner.RemoteTestRunner.main(RemoteTestRunner.java:210)

%TRACEE 
%TESTE  85,FactorAmpNoError(lang.c.parse.SemanticCheckProgramTest_cv02)
%TESTS  86,ExpressionAddTypeNoError(lang.c.parse.SemanticCheckProgramTest_cv02)
%FAILED 86,ExpressionAddTypeNoError(lang.c.parse.SemanticCheckProgramTest_cv02)
%TRACES 
java.lang.AssertionError: 
Expected: is <true>
     but: was <false>
	at org.hamcrest.MatcherAssert.assertThat(MatcherAssert.java:20)
	at org.hamcrest.MatcherAssert.assertThat(MatcherAssert.java:8)
	at lang.c.parse.SemanticCheckProgramTest_cv02.ExpressionAddTypeNoError(SemanticCheckProgramTest_cv02.java:67)
	at java.base/jdk.internal.reflect.NativeMethodAccessorImpl.invoke0(Native Method)
	at java.base/jdk.internal.reflect.NativeMethodAccessorImpl.invoke(NativeMethodAccessorImpl.java:77)
	at java.base/jdk.internal.reflect.DelegatingMethodAccessorImpl.invoke(DelegatingMethodAccessorImpl.java:43)
	at java.base/java.lang.reflect.Method.invoke(Method.java:568)
	at org.junit.runners.model.FrameworkMethod$1.runReflectiveCall(FrameworkMethod.java:47)
	at org.junit.internal.runners.model.ReflectiveCallable.run(ReflectiveCallable.java:12)
	at org.junit.runners.model.FrameworkMethod.invokeExplosively(FrameworkMethod.java:44)
	at org.junit.internal.runners.statements.InvokeMethod.evaluate(InvokeMethod.java:17)
	at org.junit.internal.runners.statements.RunBefores.evaluate(RunBefores.java:26)
	at org.junit.internal.runners.statements.RunAfters.evaluate(RunAfters.java:27)
	at org.junit.runners.ParentRunner.runLeaf(ParentRunner.java:271)
	at org.junit.runners.BlockJUnit4ClassRunner.runChild(BlockJUnit4ClassRunner.java:70)
	at org.junit.runners.BlockJUnit4ClassRunner.runChild(BlockJUnit4ClassRunner.java:50)
	at org.junit.runners.ParentRunner$3.run(ParentRunner.java:238)
	at org.junit.runners.ParentRunner$1.schedule(ParentRunner.java:63)
	at org.junit.runners.ParentRunner.runChildren(ParentRunner.java:236)
	at org.junit.runners.ParentRunner.access$000(ParentRunner.java:53)
	at org.junit.runners.ParentRunner$2.evaluate(ParentRunner.java:229)
	at org.junit.runners.ParentRunner.run(ParentRunner.java:309)
	at org.eclipse.jdt.internal.junit4.runner.JUnit4TestReference.run(JUnit4TestReference.java:93)
	at org.eclipse.jdt.internal.junit.runner.TestExecution.run(TestExecution.java:40)
	at org.eclipse.jdt.internal.junit.runner.RemoteTestRunner.runTests(RemoteTestRunner.java:529)
	at org.eclipse.jdt.internal.junit.runner.RemoteTestRunner.runTests(RemoteTestRunner.java:756)
	at org.eclipse.jdt.internal.junit.runner.RemoteTestRunner.run(RemoteTestRunner.java:452)
	at org.eclipse.jdt.internal.junit.runner.RemoteTestRunner.main(RemoteTestRunner.java:210)

%TRACEE 
%TESTE  86,ExpressionAddTypeNoError(lang.c.parse.SemanticCheckProgramTest_cv02)
%TESTS  87,FactorWithAmpOverflow(lang.c.parse.SemanticCheckProgramTest_cv02)
%FAILED 87,FactorWithAmpOverflow(lang.c.parse.SemanticCheckProgramTest_cv02)
%TRACES 
java.lang.AssertionError: Failed with &65536
Expected: is <true>
     but: was <false>
	at org.hamcrest.MatcherAssert.assertThat(MatcherAssert.java:20)
	at lang.c.parse.SemanticCheckProgramTest_cv02.FactorWithAmpOverflow(SemanticCheckProgramTest_cv02.java:98)
	at java.base/jdk.internal.reflect.NativeMethodAccessorImpl.invoke0(Native Method)
	at java.base/jdk.internal.reflect.NativeMethodAccessorImpl.invoke(NativeMethodAccessorImpl.java:77)
	at java.base/jdk.internal.reflect.DelegatingMethodAccessorImpl.invoke(DelegatingMethodAccessorImpl.java:43)
	at java.base/java.lang.reflect.Method.invoke(Method.java:568)
	at org.junit.runners.model.FrameworkMethod$1.runReflectiveCall(FrameworkMethod.java:47)
	at org.junit.internal.runners.model.ReflectiveCallable.run(ReflectiveCallable.java:12)
	at org.junit.runners.model.FrameworkMethod.invokeExplosively(FrameworkMethod.java:44)
	at org.junit.internal.runners.statements.InvokeMethod.evaluate(InvokeMethod.java:17)
	at org.junit.internal.runners.statements.RunBefores.evaluate(RunBefores.java:26)
	at org.junit.internal.runners.statements.RunAfters.evaluate(RunAfters.java:27)
	at org.junit.runners.ParentRunner.runLeaf(ParentRunner.java:271)
	at org.junit.runners.BlockJUnit4ClassRunner.runChild(BlockJUnit4ClassRunner.java:70)
	at org.junit.runners.BlockJUnit4ClassRunner.runChild(BlockJUnit4ClassRunner.java:50)
	at org.junit.runners.ParentRunner$3.run(ParentRunner.java:238)
	at org.junit.runners.ParentRunner$1.schedule(ParentRunner.java:63)
	at org.junit.runners.ParentRunner.runChildren(ParentRunner.java:236)
	at org.junit.runners.ParentRunner.access$000(ParentRunner.java:53)
	at org.junit.runners.ParentRunner$2.evaluate(ParentRunner.java:229)
	at org.junit.runners.ParentRunner.run(ParentRunner.java:309)
	at org.eclipse.jdt.internal.junit4.runner.JUnit4TestReference.run(JUnit4TestReference.java:93)
	at org.eclipse.jdt.internal.junit.runner.TestExecution.run(TestExecution.java:40)
	at org.eclipse.jdt.internal.junit.runner.RemoteTestRunner.runTests(RemoteTestRunner.java:529)
	at org.eclipse.jdt.internal.junit.runner.RemoteTestRunner.runTests(RemoteTestRunner.java:756)
	at org.eclipse.jdt.internal.junit.runner.RemoteTestRunner.run(RemoteTestRunner.java:452)
	at org.eclipse.jdt.internal.junit.runner.RemoteTestRunner.main(RemoteTestRunner.java:210)

%TRACEE 
%TESTE  87,FactorWithAmpOverflow(lang.c.parse.SemanticCheckProgramTest_cv02)
%TESTS  89,codeGenExpressionSub2Term(lang.c.parse.CodeGenExpressionTest_cv01)
%TESTE  89,codeGenExpressionSub2Term(lang.c.parse.CodeGenExpressionTest_cv01)
%TESTS  90,codeGenExpressionSub3Term(lang.c.parse.CodeGenExpressionTest_cv01)
%TESTE  90,codeGenExpressionSub3Term(lang.c.parse.CodeGenExpressionTest_cv01)
%TESTS  92,ExpressionSubNoError(lang.c.parse.SemanticCheckProgramTest_cv01)
%TESTE  92,ExpressionSubNoError(lang.c.parse.SemanticCheckProgramTest_cv01)
%TESTS  94,ExpressionAddNoError(lang.c.parse.SemanticCheckProgramTest)
%TESTE  94,ExpressionAddNoError(lang.c.parse.SemanticCheckProgramTest)
%TESTS  95,noResponseDoBeforeParse(lang.c.parse.SemanticCheckProgramTest)
%TESTE  95,noResponseDoBeforeParse(lang.c.parse.SemanticCheckProgramTest)
%RUNTIME68
