%NAME,Launch Java Tests - $(symbol-method) codeGenTermMultPriority()
%TAG,in socket.on
%COUNT,23
%TESTC  1 v2
%TSTTREE1,codeGenTermMultPriority(lang.c.parse.CodeGenExpressionTest_cv03),false,1,false,-1,codeGenTermMultPriority(lang.c.parse.CodeGenExpressionTest_cv03),,
%TESTS  1,codeGenTermMultPriority(lang.c.parse.CodeGenExpressionTest_cv03)
%NAME,Launch Java Tests - $(symbol-method) codeGenTermMultPriority()
%TAG,in socket.on
%COUNT,24
%FAILED 1,codeGenTermMultPriority(lang.c.parse.CodeGenExpressionTest_cv03)
%TRACES 
java.lang.AssertionError: Actual [MOV#1,(R6)+, MOV#3,(R6)+, JSRMUL, SUB#2,R6, MOVR0,(R6)+, MOV-(R6),R0, MOV-(R6),R1, ADDR1,R0, MOVR0,(R6)+]  Line Size: 
Expected: is <12>
     but: was <9>
	at org.hamcrest.MatcherAssert.assertThat(MatcherAssert.java:20)
	at lang.c.TestHelper.checkCodePortion(TestHelper.java:39)
	at lang.c.TestHelper.checkCodeGen(TestHelper.java:71)
	at lang.c.parse.CodeGenExpressionTest_cv03.codeGenTermMultPriority(CodeGenExpressionTest_cv03.java:93)
	at java.base/jdk.internal.reflect.NativeMethodAccessorImpl.invoke0(Native Method)
	at java.base/jdk.internal.reflect.NativeMethodAccessorImpl.invoke(NativeMethodAccessorImpl.java:77)
	at java.base/jdk.internal.reflect.DelegatingMethodAccessorImpl.invoke(DelegatingMethodAccessorImpl.java:43)
	at java.base/java.lang.reflect.Method.invoke(Method.java:568)
	at org.junit.runners.model.FrameworkMethod$1.runReflectiveCall(FrameworkMethod.java:47)
	at org.junit.internal.runners.model.ReflectiveCallable.run(ReflectiveCallable.java:12)
	at org.junit.runners.model.FrameworkMethod.invokeExplosively(FrameworkMethod.java:44)
	at org.junit.internal.runners.statements.InvokeMethod.evaluate(InvokeMethod.java:17)
	at org.junit.internal.runners.statements.RunBefores.evaluate(RunBefores.java:26)
	at org.junit.internal.runners.statements.RunAfters.evaluate(RunAfters.java:27)
	at org.junit.runners.ParentRunner.runLeaf(ParentRunner.java:271)
	at org.junit.runners.BlockJUnit4ClassRunner.runChild(BlockJUnit4ClassRunner.java:70)
	at org.junit.runners.BlockJUnit4ClassRunner.runChild(BlockJUnit4ClassRunner.java:50)
	at org.junit.runners.ParentRunner$3.run(ParentRunner.java:238)
	at org.junit.runners.ParentRunner$1.schedule(ParentRunner.java:63)
	at org.junit.runners.ParentRunner.runChildren(ParentRunner.java:236)
	at org.junit.runners.ParentRunner.access$000(ParentRunner.java:53)
	at org.junit.runners.ParentRunner$2.evaluate(ParentRunner.java:229)
	at org.junit.runners.ParentRunner.run(ParentRunner.java:309)
	at org.eclipse.jdt.internal.junit4.runner.JUnit4TestReference.run(JUnit4TestReference.java:93)
	at org.eclipse.jdt.internal.junit.runner.TestExecution.run(TestExecution.java:40)
	at org.eclipse.jdt.internal.junit.runner.RemoteTestRunner.runTests(RemoteTestRunner.java:529)
	at org.eclipse.jdt.internal.junit.runner.RemoteTestRunner.runTests(RemoteTestRunner.java:756)
	at org.eclipse.jdt.internal.junit.runner.RemoteTestRunner.run(RemoteTestRunner.java:452)
	at org.eclipse.jdt.internal.junit.runner.RemoteTestRunner.main(RemoteTestRunner.java:210)

%TRACEE 
%TESTE  1,codeGenTermMultPriority(lang.c.parse.CodeGenExpressionTest_cv03)
%RUNTIME42
