%NAME,Launch Java Tests - $(symbol-class) SemanticCheckUnsignedFactorTest
%TAG,in socket.on
%COUNT,4
%TESTC  7 v2
%TSTTREE1,lang.c.parse.SemanticCheckUnsignedFactorTest,true,7,false,-1,lang.c.parse.SemanticCheckUnsignedFactorTest,,
%TSTTREE2,semanticTypeErrorIntMultPint(lang.c.parse.SemanticCheckUnsignedFactorTest),false,1,false,-1,semanticTypeErrorIntMultPint(lang.c.parse.SemanticCheckUnsignedFactorTest),,
%TSTTREE3,semanticMinusAmpError(lang.c.parse.SemanticCheckUnsignedFactorTest),false,1,false,-1,semanticMinusAmpError(lang.c.parse.SemanticCheckUnsignedFactorTest),,
%TSTTREE4,semanticTypeErrorPintMultInt(lang.c.parse.SemanticCheckUnsignedFactorTest),false,1,false,-1,semanticTypeErrorPintMultInt(lang.c.parse.SemanticCheckUnsignedFactorTest),,
%TSTTREE5,semanticTypeErrorPintDivPint(lang.c.parse.SemanticCheckUnsignedFactorTest),false,1,false,-1,semanticTypeErrorPintDivPint(lang.c.parse.SemanticCheckUnsignedFactorTest),,
%TSTTREE6,semanticTypeErrorIntDivPint(lang.c.parse.SemanticCheckUnsignedFactorTest),false,1,false,-1,semanticTypeErrorIntDivPint(lang.c.parse.SemanticCheckUnsignedFactorTest),,
%TSTTREE7,semanticTypeErrorPintDivInt(lang.c.parse.SemanticCheckUnsignedFactorTest),false,1,false,-1,semanticTypeErrorPintDivInt(lang.c.parse.SemanticCheckUnsignedFactorTest),,
%TSTTREE8,semanticTypeErrorPintMultPint(lang.c.parse.SemanticCheckUnsignedFactorTest),false,1,false,-1,semanticTypeErrorPintMultPint(lang.c.parse.SemanticCheckUnsignedFactorTest),,
%TESTS  2,semanticTypeErrorIntMultPint(lang.c.parse.SemanticCheckUnsignedFactorTest)
%NAME,Launch Java Tests - $(symbol-class) SemanticCheckUnsignedFactorTest
%TAG,in socket.on
%COUNT,5
%TESTE  2,semanticTypeErrorIntMultPint(lang.c.parse.SemanticCheckUnsignedFactorTest)
%TESTS  3,semanticMinusAmpError(lang.c.parse.SemanticCheckUnsignedFactorTest)
%TESTE  3,semanticMinusAmpError(lang.c.parse.SemanticCheckUnsignedFactorTest)
%TESTS  4,semanticTypeErrorPintMultInt(lang.c.parse.SemanticCheckUnsignedFactorTest)
%TESTE  4,semanticTypeErrorPintMultInt(lang.c.parse.SemanticCheckUnsignedFactorTest)
%TESTS  5,semanticTypeErrorPintDivPint(lang.c.parse.SemanticCheckUnsignedFactorTest)
%TESTE  5,semanticTypeErrorPintDivPint(lang.c.parse.SemanticCheckUnsignedFactorTest)
%TESTS  6,semanticTypeErrorIntDivPint(lang.c.parse.SemanticCheckUnsignedFactorTest)
%TESTE  6,semanticTypeErrorIntDivPint(lang.c.parse.SemanticCheckUnsignedFactorTest)
%TESTS  7,semanticTypeErrorPintDivInt(lang.c.parse.SemanticCheckUnsignedFactorTest)
%FAILED 7,semanticTypeErrorPintDivInt(lang.c.parse.SemanticCheckUnsignedFactorTest)
%TRACES 
java.lang.AssertionError: 
Expected: a string containing "左辺の型[int*]と右辺の型[int]は割れません"
     but: was "[1行目,9文字目の'end_of_file']/の後ろはtermです"
	at org.hamcrest.MatcherAssert.assertThat(MatcherAssert.java:20)
	at org.hamcrest.MatcherAssert.assertThat(MatcherAssert.java:8)
	at lang.c.parse.SemanticCheckUnsignedFactorTest.semanticTypeErrorPintDivInt(SemanticCheckUnsignedFactorTest.java:110)
	at java.base/jdk.internal.reflect.NativeMethodAccessorImpl.invoke0(Native Method)
	at java.base/jdk.internal.reflect.NativeMethodAccessorImpl.invoke(NativeMethodAccessorImpl.java:77)
	at java.base/jdk.internal.reflect.DelegatingMethodAccessorImpl.invoke(DelegatingMethodAccessorImpl.java:43)
	at java.base/java.lang.reflect.Method.invoke(Method.java:568)
	at org.junit.runners.model.FrameworkMethod$1.runReflectiveCall(FrameworkMethod.java:47)
	at org.junit.internal.runners.model.ReflectiveCallable.run(ReflectiveCallable.java:12)
	at org.junit.runners.model.FrameworkMethod.invokeExplosively(FrameworkMethod.java:44)
	at org.junit.internal.runners.statements.InvokeMethod.evaluate(InvokeMethod.java:17)
	at org.junit.internal.runners.statements.RunBefores.evaluate(RunBefores.java:26)
	at org.junit.internal.runners.statements.RunAfters.evaluate(RunAfters.java:27)
	at org.junit.runners.ParentRunner.runLeaf(ParentRunner.java:271)
	at org.junit.runners.BlockJUnit4ClassRunner.runChild(BlockJUnit4ClassRunner.java:70)
	at org.junit.runners.BlockJUnit4ClassRunner.runChild(BlockJUnit4ClassRunner.java:50)
	at org.junit.runners.ParentRunner$3.run(ParentRunner.java:238)
	at org.junit.runners.ParentRunner$1.schedule(ParentRunner.java:63)
	at org.junit.runners.ParentRunner.runChildren(ParentRunner.java:236)
	at org.junit.runners.ParentRunner.access$000(ParentRunner.java:53)
	at org.junit.runners.ParentRunner$2.evaluate(ParentRunner.java:229)
	at org.junit.runners.ParentRunner.run(ParentRunner.java:309)
	at org.eclipse.jdt.internal.junit4.runner.JUnit4TestReference.run(JUnit4TestReference.java:93)
	at org.eclipse.jdt.internal.junit.runner.TestExecution.run(TestExecution.java:40)
	at org.eclipse.jdt.internal.junit.runner.RemoteTestRunner.runTests(RemoteTestRunner.java:529)
	at org.eclipse.jdt.internal.junit.runner.RemoteTestRunner.runTests(RemoteTestRunner.java:756)
	at org.eclipse.jdt.internal.junit.runner.RemoteTestRunner.run(RemoteTestRunner.java:452)
	at org.eclipse.jdt.internal.junit.runner.RemoteTestRunner.main(RemoteTestRunner.java:210)

%TRACEE 
%TESTE  7,semanticTypeErrorPintDivInt(lang.c.parse.SemanticCheckUnsignedFactorTest)
%TESTS  8,semanticTypeErrorPintMultPint(lang.c.parse.SemanticCheckUnsignedFactorTest)
%TESTE  8,semanticTypeErrorPintMultPint(lang.c.parse.SemanticCheckUnsignedFactorTest)
%RUNTIME53
