%NAME,Launch Java Tests - $(symbol-class) CTokenizerNumberTest
%TAG,in socket.on
%COUNT,8
%TESTC  104 v2
%TSTTREE1,lang.c.CTokenizerNumberTest,true,2,false,-1,lang.c.CTokenizerNumberTest,,
%TSTTREE2,plusNumber(lang.c.CTokenizerNumberTest),false,1,false,-1,plusNumber(lang.c.CTokenizerNumberTest),,
%TSTTREE3,decimalNumber(lang.c.CTokenizerNumberTest),false,1,false,-1,decimalNumber(lang.c.CTokenizerNumberTest),,
%TSTTREE4,lang.c.CTokenizerNumberTest_cv02,true,14,false,-1,lang.c.CTokenizerNumberTest_cv02,,
%TSTTREE5,hexNumberError0x(lang.c.CTokenizerNumberTest_cv02),false,1,false,-1,hexNumberError0x(lang.c.CTokenizerNumberTest_cv02),,
%TSTTREE6,octalTooLargeNumber(lang.c.CTokenizerNumberTest_cv02),false,1,false,-1,octalTooLargeNumber(lang.c.CTokenizerNumberTest_cv02),,
%TSTTREE7,hex(lang.c.CTokenizerNumberTest_cv02),false,1,false,-1,hex(lang.c.CTokenizerNumberTest_cv02),,
%TSTTREE8,octal(lang.c.CTokenizerNumberTest_cv02),false,1,false,-1,octal(lang.c.CTokenizerNumberTest_cv02),,
%TSTTREE9,hexTooLargeBit1(lang.c.CTokenizerNumberTest_cv02),false,1,false,-1,hexTooLargeBit1(lang.c.CTokenizerNumberTest_cv02),,
%TSTTREE10,hexTooLargeBit2(lang.c.CTokenizerNumberTest_cv02),false,1,false,-1,hexTooLargeBit2(lang.c.CTokenizerNumberTest_cv02),,
%TSTTREE11,decNumberMax(lang.c.CTokenizerNumberTest_cv02),false,1,false,-1,decNumberMax(lang.c.CTokenizerNumberTest_cv02),,
%TSTTREE12,octalIllNumber(lang.c.CTokenizerNumberTest_cv02),false,1,false,-1,octalIllNumber(lang.c.CTokenizerNumberTest_cv02),,
%TSTTREE13,octalZero(lang.c.CTokenizerNumberTest_cv02),false,1,false,-1,octalZero(lang.c.CTokenizerNumberTest_cv02),,
%TSTTREE14,decTooLargeNumber(lang.c.CTokenizerNumberTest_cv02),false,1,false,-1,decTooLargeNumber(lang.c.CTokenizerNumberTest_cv02),,
%TSTTREE15,decIllNumber(lang.c.CTokenizerNumberTest_cv02),false,1,false,-1,decIllNumber(lang.c.CTokenizerNumberTest_cv02),,
%TSTTREE16,hexNumber0x0(lang.c.CTokenizerNumberTest_cv02),false,1,false,-1,hexNumber0x0(lang.c.CTokenizerNumberTest_cv02),,
%TSTTREE17,hexNumberMax(lang.c.CTokenizerNumberTest_cv02),false,1,false,-1,hexNumberMax(lang.c.CTokenizerNumberTest_cv02),,
%TSTTREE18,octalNumber(lang.c.CTokenizerNumberTest_cv02),false,1,false,-1,octalNumber(lang.c.CTokenizerNumberTest_cv02),,
%TSTTREE19,lang.c.CTokenizerExpressionSubTest,true,2,false,-1,lang.c.CTokenizerExpressionSubTest,,
%TSTTREE20,readSimpleTokenSub(lang.c.CTokenizerExpressionSubTest),false,1,false,-1,readSimpleTokenSub(lang.c.CTokenizerExpressionSubTest),,
%TSTTREE21,minusNumber(lang.c.CTokenizerExpressionSubTest),false,1,false,-1,minusNumber(lang.c.CTokenizerExpressionSubTest),,
%TSTTREE22,lang.c.TestHelperTest,true,2,false,-1,lang.c.TestHelperTest,,
%TSTTREE23,convertToValidateActual(lang.c.TestHelperTest),false,1,false,-1,convertToValidateActual(lang.c.TestHelperTest),,
%TSTTREE24,convertToValidateSimple(lang.c.TestHelperTest),false,1,false,-1,convertToValidateSimple(lang.c.TestHelperTest),,
%TSTTREE25,lang.c.CTokenizerTermTest,true,6,false,-1,lang.c.CTokenizerTermTest,,
%TSTTREE26,termTokenWithPARTest(lang.c.CTokenizerTermTest),false,1,false,-1,termTokenWithPARTest(lang.c.CTokenizerTermTest),,
%TSTTREE27,multNumber(lang.c.CTokenizerTermTest),false,1,false,-1,multNumber(lang.c.CTokenizerTermTest),,
%TSTTREE28,termNotCloseBlockCommentTwoTimes(lang.c.CTokenizerTermTest),false,1,false,-1,termNotCloseBlockCommentTwoTimes(lang.c.CTokenizerTermTest),,
%TSTTREE29,termTokenExpressionTest(lang.c.CTokenizerTermTest),false,1,false,-1,termTokenExpressionTest(lang.c.CTokenizerTermTest),,
%TSTTREE30,termNotCloseBlockComment(lang.c.CTokenizerTermTest),false,1,false,-1,termNotCloseBlockComment(lang.c.CTokenizerTermTest),,
%TSTTREE31,divNumber(lang.c.CTokenizerTermTest),false,1,false,-1,divNumber(lang.c.CTokenizerTermTest),,
%TSTTREE32,lang.c.CTokenizerCommentTest,true,6,false,-1,lang.c.CTokenizerCommentTest,,
%TSTTREE33,inlineCommentWithFactor(lang.c.CTokenizerCommentTest),false,1,false,-1,inlineCommentWithFactor(lang.c.CTokenizerCommentTest),,
%TSTTREE34,inlineCommentWithNumber(lang.c.CTokenizerCommentTest),false,1,false,-1,inlineCommentWithNumber(lang.c.CTokenizerCommentTest),,
%TSTTREE35,blockCommentNotClose(lang.c.CTokenizerCommentTest),false,1,false,-1,blockCommentNotClose(lang.c.CTokenizerCommentTest),,
%TSTTREE36,blockCommentWithFactor(lang.c.CTokenizerCommentTest),false,1,false,-1,blockCommentWithFactor(lang.c.CTokenizerCommentTest),,
%TSTTREE37,blockComment(lang.c.CTokenizerCommentTest),false,1,false,-1,blockComment(lang.c.CTokenizerCommentTest),,
%TSTTREE38,lineComment(lang.c.CTokenizerCommentTest),false,1,false,-1,lineComment(lang.c.CTokenizerCommentTest),,
%TSTTREE39,lang.c.CTokenizerAddressTest,true,4,false,-1,lang.c.CTokenizerAddressTest,,
%TSTTREE40,hexNumber(lang.c.CTokenizerAddressTest),false,1,false,-1,hexNumber(lang.c.CTokenizerAddressTest),,
%TSTTREE41,AMP(lang.c.CTokenizerAddressTest),false,1,false,-1,AMP(lang.c.CTokenizerAddressTest),,
%TSTTREE42,decimalNumber(lang.c.CTokenizerAddressTest),false,1,false,-1,decimalNumber(lang.c.CTokenizerAddressTest),,
%TSTTREE43,octalNumber(lang.c.CTokenizerAddressTest),false,1,false,-1,octalNumber(lang.c.CTokenizerAddressTest),,
%TSTTREE44,lang.c.CTokenizerExpressionAddTest,true,3,false,-1,lang.c.CTokenizerExpressionAddTest,,
%TSTTREE45,readSimpleTokensByUsingGetNextToken(lang.c.CTokenizerExpressionAddTest),false,1,false,-1,readSimpleTokensByUsingGetNextToken(lang.c.CTokenizerExpressionAddTest),,
%TSTTREE46,getCurrentTokenFirstTime(lang.c.CTokenizerExpressionAddTest),false,1,false,-1,getCurrentTokenFirstTime(lang.c.CTokenizerExpressionAddTest),,
%TSTTREE47,getCurrentTokenAfterGetNextToken(lang.c.CTokenizerExpressionAddTest),false,1,false,-1,getCurrentTokenAfterGetNextToken(lang.c.CTokenizerExpressionAddTest),,
%TSTTREE48,lang.MustBeFailedTest,true,1,false,-1,lang.MustBeFailedTest,,
%TSTTREE49,testMustBeFailed(lang.MustBeFailedTest),false,1,false,-1,testMustBeFailed(lang.MustBeFailedTest),,
%TSTTREE50,lang.c.parse.SemanticCheckFactorAmpTest,true,2,false,-1,lang.c.parse.SemanticCheckFactorAmpTest,,
%TSTTREE51,semanticCheckFalseExample(lang.c.parse.SemanticCheckFactorAmpTest),false,1,false,-1,semanticCheckFalseExample(lang.c.parse.SemanticCheckFactorAmpTest),,
%TSTTREE52,semanticCheckTrueExample(lang.c.parse.SemanticCheckFactorAmpTest),false,1,false,-1,semanticCheckTrueExample(lang.c.parse.SemanticCheckFactorAmpTest),,
%TSTTREE53,lang.c.parse.CodeGenExpressionTest_cv03,true,6,false,-1,lang.c.parse.CodeGenExpressionTest_cv03,,
%TSTTREE54,codeGenTermMultPriority(lang.c.parse.CodeGenExpressionTest_cv03),false,1,false,-1,codeGenTermMultPriority(lang.c.parse.CodeGenExpressionTest_cv03),,
%TSTTREE55,codeGenTermDivWithParenthesis(lang.c.parse.CodeGenExpressionTest_cv03),false,1,false,-1,codeGenTermDivWithParenthesis(lang.c.parse.CodeGenExpressionTest_cv03),,
%TSTTREE56,codeGenTermSignTest(lang.c.parse.CodeGenExpressionTest_cv03),false,1,false,-1,codeGenTermSignTest(lang.c.parse.CodeGenExpressionTest_cv03),,
%TSTTREE57,codeGenTermDivMinus(lang.c.parse.CodeGenExpressionTest_cv03),false,1,false,-1,codeGenTermDivMinus(lang.c.parse.CodeGenExpressionTest_cv03),,
%TSTTREE58,codeGenTermAllTest(lang.c.parse.CodeGenExpressionTest_cv03),false,1,false,-1,codeGenTermAllTest(lang.c.parse.CodeGenExpressionTest_cv03),,
%TSTTREE59,codeGenTermMultWithParentheses(lang.c.parse.CodeGenExpressionTest_cv03),false,1,false,-1,codeGenTermMultWithParentheses(lang.c.parse.CodeGenExpressionTest_cv03),,
%TSTTREE60,lang.c.parse.CodeGenExpressionTest,true,2,false,-1,lang.c.parse.CodeGenExpressionTest,,
%TSTTREE61,codeGenExpressionAdd2Term(lang.c.parse.CodeGenExpressionTest),false,1,false,-1,codeGenExpressionAdd2Term(lang.c.parse.CodeGenExpressionTest),,
%TSTTREE62,codeGenExpressionAdd3Term(lang.c.parse.CodeGenExpressionTest),false,1,false,-1,codeGenExpressionAdd3Term(lang.c.parse.CodeGenExpressionTest),,
%TSTTREE63,lang.c.parse.CodeGenProgramTest,true,3,false,-1,lang.c.parse.CodeGenProgramTest,,
%TSTTREE64,codeGenLeftTermAdd2Terms(lang.c.parse.CodeGenProgramTest),false,1,false,-1,codeGenLeftTermAdd2Terms(lang.c.parse.CodeGenProgramTest),,
%TSTTREE65,codeGenProgramAdd2Terms(lang.c.parse.CodeGenProgramTest),false,1,false,-1,codeGenProgramAdd2Terms(lang.c.parse.CodeGenProgramTest),,
%TSTTREE66,codeGenProgramAdd3Terms(lang.c.parse.CodeGenPro%NAME,Launch Java Tests - $(symbol-class) CTokenizerNumberTest
%TAG,in socket.on
%COUNT,9
%TSTTREE66,codeGenProgramAdd3Terms(lang.c.parse.CodeGenProgramTest),false,1,false,-1,codeGenProgramAdd3Terms(lang.c.parse.CodeGenProgramTest),,
%TSTTREE67,lang.c.parse.IsFirstTest,true,4,false,-1,lang.c.parse.IsFirstTest,,
%TSTTREE68,UndefinedToken(lang.c.parse.IsFirstTest),false,1,false,-1,UndefinedToken(lang.c.parse.IsFirstTest),,
%TSTTREE69,testExpressionAdd(lang.c.parse.IsFirstTest),false,1,false,-1,testExpressionAdd(lang.c.parse.IsFirstTest),,
%TSTTREE70,testDecimalNumber(lang.c.parse.IsFirstTest),false,1,false,-1,testDecimalNumber(lang.c.parse.IsFirstTest),,
%TSTTREE71,testExpression(lang.c.parse.IsFirstTest),false,1,false,-1,testExpression(lang.c.parse.IsFirstTest),,
%TSTTREE72,lang.c.parse.SemanticCheckProgramTest_cv01,true,1,false,-1,lang.c.parse.SemanticCheckProgramTest_cv01,,
%TSTTREE73,ExpressionSubNoError(lang.c.parse.SemanticCheckProgramTest_cv01),false,1,false,-1,ExpressionSubNoError(lang.c.parse.SemanticCheckProgramTest_cv01),,
%TSTTREE74,lang.c.parse.SemanticCheckProgramTest_cv02,true,4,false,-1,lang.c.parse.SemanticCheckProgramTest_cv02,,
%TSTTREE75,FactorWithPlusSignOverflow(lang.c.parse.SemanticCheckProgramTest_cv02),false,1,false,-1,FactorWithPlusSignOverflow(lang.c.parse.SemanticCheckProgramTest_cv02),,
%TSTTREE76,FactorAmpNoError(lang.c.parse.SemanticCheckProgramTest_cv02),false,1,false,-1,FactorAmpNoError(lang.c.parse.SemanticCheckProgramTest_cv02),,
%TSTTREE77,ExpressionAddTypeNoError(lang.c.parse.SemanticCheckProgramTest_cv02),false,1,false,-1,ExpressionAddTypeNoError(lang.c.parse.SemanticCheckProgramTest_cv02),,
%TSTTREE78,FactorWithAmpOverflow(lang.c.parse.SemanticCheckProgramTest_cv02),false,1,false,-1,FactorWithAmpOverflow(lang.c.parse.SemanticCheckProgramTest_cv02),,
%TSTTREE79,lang.c.parse.ParseNumberTest,true,1,false,-1,lang.c.parse.ParseNumberTest,,
%TSTTREE80,parseNumber(lang.c.parse.ParseNumberTest),false,1,false,-1,parseNumber(lang.c.parse.ParseNumberTest),,
%TSTTREE81,lang.c.parse.IsFirstTest_cv01,true,1,false,-1,lang.c.parse.IsFirstTest_cv01,,
%TSTTREE82,testExpressionSub(lang.c.parse.IsFirstTest_cv01),false,1,false,-1,testExpressionSub(lang.c.parse.IsFirstTest_cv01),,
%TSTTREE83,lang.c.parse.ParseProgramTest,true,1,false,-1,lang.c.parse.ParseProgramTest,,
%TSTTREE84,parseErrorEndOfProgram(lang.c.parse.ParseProgramTest),false,1,false,-1,parseErrorEndOfProgram(lang.c.parse.ParseProgramTest),,
%TSTTREE85,lang.c.parse.ParseExpressionTest,true,2,false,-1,lang.c.parse.ParseExpressionTest,,
%TSTTREE86,parseErrorNumPlusNone(lang.c.parse.ParseExpressionTest),false,1,false,-1,parseErrorNumPlusNone(lang.c.parse.ParseExpressionTest),,
%TSTTREE87,parseErrorNumMinusNone(lang.c.parse.ParseExpressionTest),false,1,false,-1,parseErrorNumMinusNone(lang.c.parse.ParseExpressionTest),,
%TSTTREE88,lang.c.parse.CodeGenExpressionTest_cv01,true,6,false,-1,lang.c.parse.CodeGenExpressionTest_cv01,,
%TSTTREE89,codeGenExpressionADDADDSubTerm(lang.c.parse.CodeGenExpressionTest_cv01),false,1,false,-1,codeGenExpressionADDADDSubTerm(lang.c.parse.CodeGenExpressionTest_cv01),,
%TSTTREE90,codeGenExpressionADDSub5CommentTerm(lang.c.parse.CodeGenExpressionTest_cv01),false,1,false,-1,codeGenExpressionADDSub5CommentTerm(lang.c.parse.CodeGenExpressionTest_cv01),,
%TSTTREE91,codeGenExpressionSub2Term(lang.c.parse.CodeGenExpressionTest_cv01),false,1,false,-1,codeGenExpressionSub2Term(lang.c.parse.CodeGenExpressionTest_cv01),,
%TSTTREE92,codeGenExpressionSub3Term(lang.c.parse.CodeGenExpressionTest_cv01),false,1,false,-1,codeGenExpressionSub3Term(lang.c.parse.CodeGenExpressionTest_cv01),,
%TSTTREE93,codeGenExpressionADD3CommentTerm(lang.c.parse.CodeGenExpressionTest_cv01),false,1,false,-1,codeGenExpressionADD3CommentTerm(lang.c.parse.CodeGenExpressionTest_cv01),,
%TSTTREE94,codeGenExpressionADD3Term(lang.c.parse.CodeGenExpressionTest_cv01),false,1,false,-1,codeGenExpressionADD3Term(lang.c.parse.CodeGenExpressionTest_cv01),,
%TSTTREE95,lang.c.parse.SemanticCheckUnsignedFactorTest,true,7,false,-1,lang.c.parse.SemanticCheckUnsignedFactorTest,,
%TSTTREE96,semanticTypeErrorIntMultPint(lang.c.parse.SemanticCheckUnsignedFactorTest),false,1,false,-1,semanticTypeErrorIntMultPint(lang.c.parse.SemanticCheckUnsignedFactorTest),,
%TSTTREE97,semanticMinusAmpError(lang.c.parse.SemanticCheckUnsignedFactorTest),false,1,false,-1,semanticMinusAmpError(lang.c.parse.SemanticCheckUnsignedFactorTest),,
%TSTTREE98,semanticTypeErrorPintMultInt(lang.c.parse.SemanticCheckUnsignedFactorTest),false,1,false,-1,semanticTypeErrorPintMultInt(lang.c.parse.SemanticCheckUnsignedFactorTest),,
%TSTTREE99,semanticTypeErrorPintDivPint(lang.c.parse.SemanticCheckUnsignedFactorTest),false,1,false,-1,semanticTypeErrorPintDivPint(lang.c.parse.SemanticCheckUnsignedFactorTest),,
%TSTTREE100,semanticTypeErrorIntDivPint(lang.c.parse.SemanticCheckUnsignedFactorTest),false,1,false,-1,semanticTypeErrorIntDivPint(lang.c.parse.SemanticCheckUnsignedFactorTest),,
%TSTTREE101,semanticTypeErrorPintDivInt(lang.c.parse.SemanticCheckUnsignedFactorTest),false,1,false,-1,semanticTypeErrorPintDivInt(lang.c.parse.SemanticCheckUnsignedFactorTest),,
%TSTTREE102,semanticTypeErrorPintMultPint(lang.c.parse.SemanticCheckUnsignedFactorTest),false,1,false,-1,semanticTypeErrorPintMultPint(lang.c.parse.SemanticCheckUnsignedFactorTest),,
%TSTTREE103,lang.c.parse.CodeGenFactorAmpTest,true,2,false,-1,lang.c.parse.CodeGenFactorAmpTest,,
%TSTTREE104,codeGenFactorAmp(lang.c.parse.CodeGenFactorAmpTest),false,1,false,-1,codeGenFactorAmp(lang.c.parse.CodeGenFactorAmpTest),,
%TSTTREE105,codeGenFactorWithAmp(lang.c.parse.CodeGenFactorAmpTest),false,1,false,-1,codeGenFactorWithAmp(lang.c.parse.CodeGenFactorAmpTest),,
%TSTTREE106,lang.c.parse.ParseFactorTest,true,4,false,-1,lang.c.parse.ParseFactorTest,,
%TSTTREE107,parseRCURWithoutLCUR(lang.c.parse.ParseFactorTest),false,1,false,-1,parseRCURWithoutLCUR(lang.c.parse.ParseFactorTest),,
%TSTTREE108,parseNotCloseRPAR(lang.c.parse.ParseFactorTest),false,1,false,-1,parseNotCloseRPAR(lang.c.parse.ParseFactorTest),,
%TSTTREE109,parseOnlyLPAR(lang.c.parse.ParseFactorTest),false,1,false,-1,parseOnlyLPAR(lang.c.parse.ParseFactorTest),,
%TSTTREE110,parseOnlyMinusFactor(lang.c.parse.ParseFactorTest),false,1,false,-1,parseOnlyMinusFactor(lang.c.parse.ParseFactorTest),,
%TSTTREE111,lang.c.parse.IsFirstTest_cv02,true,1,false,-1,lang.c.parse.IsFirstTest_cv02,,
%TSTTREE112,testFactorAmp(lang.c.parse.IsFirstTest_cv02),false,1,false,-1,testFactorAmp(lang.c.parse.IsFirstTest_cv02),,
%TSTTREE113,lang.c.parse.CodeGenTermTest,true,1,false,-1,lang.c.parse.CodeGenTermTest,,
%TSTTREE114,codeGenTerm(lang.c.parse.CodeGenTermTest),false,1,false,-1,codeGenTerm(lang.c.parse.CodeGenTermTest),,
%TSTTREE115,lang.c.parse.IsFirstTest_cv03,true,5,false,-1,lang.c.parse.IsFirstTest_cv03,,
%TSTTREE116,testTermDiv(lang.c.parse.IsFirstTest_cv03),false,1,false,-1,testTermDiv(lang.c.parse.IsFirstTest_cv03),,
%TSTTREE117,testMinusFactor(lang.c.parse.IsFirstTest_cv03),false,1,false,-1,testMinusFactor(lang.c.parse.IsFirstTest_cv03),,
%TSTTREE118,testTermCV03(lang.c.parse.IsFirstTest_cv03),false,1,false,-1,testTermCV03(lang.c.parse.IsFirstTest_cv03),,
%TSTTREE119,testTermMult(lang.c.parse.IsFirstTest_cv03),false,1,false,-1,testTermMult(lang.c.parse.IsFirstTest_cv03),,
%TSTTREE120,testPlusFactor(lang.c.parse.IsFirstTest_cv03),false,1,false,-1,testPlusFactor(lang.c.parse.IsFirstTest_cv03),,
%TSTTREE121,lang.c.parse.SemanticCheckProgramTest,true,2,false,-1,lang.c.parse.SemanticCheckProgramTest,,
%TSTTREE122,ExpressionAddNoError(lang.c.parse.SemanticCheckProgramTest),false,1,false,-1,ExpressionAddNoError(lang.c.parse.SemanticCheckProgramTest),,
%TSTTREE123,noResponseDoBeforeParse(lang.c.parse.SemanticCheckProgramTest),false,1,false,-1,noResponseDoBeforeParse(lang.c.parse.SemanticCheckProgramTest),,
%TSTTREE124,lang.c.parse.IsFirstProgramTest,true,2,false,-1,lang.c.parse.IsFirstProgramTest,,
%TSTTREE125,testProgram01(lang.c.parse.IsFirstProgramTest),false,1,false,-1,testProgram01(lang.c.parse.IsFirstProgramTest),,
%TSTTREE126,testWithUndefinedToken(lang.c.parse.IsFirstProgramTest),false,1,false,-1,testWithUndefinedToken(lang.c.parse.IsFirstProgramTest),,
%TSTTREE127,lang.c.parse.SemanticCheckAddressTest,true,4,false,-1,lang.c.parse.SemanticCheckAddressTest,,
%TSTTREE128,semanticCheckAddressSubError(lang.c.parse.SemanticCheckAddressTest),false,1,false,-1,semanticCheckAddressSubError(lang.c.parse.SemanticCheckAddressTest),,
%TSTTREE129,semanticCheckAddressSubAccept(lang.c.parse.SemanticCheckAddressTest),false,1,false,-1,semanticCheckAddressSubAccept(lang.c.parse.SemanticCheckAddressTest),,
%TSTTREE130,semanticCheckAddressAddAccept(lang.c.parse.SemanticCheckAddressTest),false,1,false,-1,semanticCheckAddressAddAccept(lang.c.parse.SemanticCheckAddressTest),,
%TSTTREE131,semanticCheckAddressAddError(lang.c.parse.SemanticCheckAddressTest),false,1,false,-1,semanticCheckAddressAddError(lang.c.parse.SemanticCheckAddressTest),,
%TSTTREE132,lang.c.parse.CodeGenFactorTest,true,1,false,-1,lang.c.parse.CodeGenFactorTest,,
%TSTTREE133,codeGenFactor(lang.c.parse.CodeGenFactorTest),false,1,false,-1,codeGenFactor(lang.c.parse.CodeGenFactorTest),,
%TSTTREE134,lang.c.parse.CodeGenNumberTest,true,1,false,-1,lang.c.parse.CodeGenNumberTest,,
%TSTTREE135,codeGenNumber(lang.c.parse.CodeGenNumberTest),false,1,false,-1,codeGenNumber(lang.c.parse.CodeGenNumberTest),,
%TSTTREE136,lang.c.parse.ParseAddressTest,true,1,false,-1,lang.c.parse.ParseAddressTest,,
%TSTTREE137,parseAddressOnlyAMP(lang.c.parse.ParseAddressTest),false,1,false,-1,parseAddressOnlyAMP(lang.c.parse.ParseAddressTest),,
%TESTS  2,plusNumber(lang.c.CTokenizerNumberTest)
%TESTE  2,plusNumber(lang.c.CTokenizerNumberTest)
%TESTS  3,decimalNumber(lang.c.CTokenizerNumberTest)
%TESTE  3,decimalNumber(lang.c.CTokenizerNumberTest)
%TESTS  5,hexNumberError0x(lang.c.CTokenizerNumberTest_cv02)
%TESTE  5,hexNumberError0x(lang.c.CTokenizerNumberTest_cv02)
%TESTS  6,octalTooLargeNumber(lang.c.CTokenizerNumberTest_cv02)
%TESTE  6,octalTooLargeNumber(lang.c.CTokenizerNumberTest_cv02)
%TESTS  7,hex(lang.c.CTokenizerNumberTest_cv02)
%TESTE  7,hex(lang.c.CTokenizerNumberTest_cv02)
%TESTS  8,octal(lang.c.CTokenizerNumberTest_cv02)
%TESTE  8,octal(lang.c.CTokenizerNumberTest_cv02)
%TESTS  9,hexTooLargeBit1(lang.c.CTokenizerNumberTest_cv02)
%TESTE  9,hexTooLargeBit1(lang.c.CTokenizerNumberTest_cv02)
%TESTS  10,hexTooLargeBit2(lang.c.CTokenizerNumberTest_cv02)
%NAME,Launch Java Tests - $(symbol-class) CTokenizerNumberTest
%TAG,in socket.on
%COUNT,10
%TESTE  10,hexTooLargeBit2(lang.c.CTokenizerNumberTest_cv02)
%TESTS  11,decNumberMax(lang.c.CTokenizerNumberTest_cv02)
%TESTE  11,decNumberMax(lang.c.CTokenizerNumberTest_cv02)
%TESTS  12,octalIllNumber(lang.c.CTokenizerNumberTest_cv02)
%TESTE  12,octalIllNumber(lang.c.CTokenizerNumberTest_cv02)
%TESTS  13,octalZero(lang.c.CTokenizerNumberTest_cv02)
%TESTE  13,octalZero(lang.c.CTokenizerNumberTest_cv02)
%TESTS  14,decTooLargeNumber(lang.c.CTokenizerNumberTest_cv02)
%TESTE  14,decTooLargeNumber(lang.c.CTokenizerNumberTest_cv02)
%TESTS  15,decIllNumber(lang.c.CTokenizerNumberTest_cv02)
%TESTE  15,decIllNumber(lang.c.CTokenizerNumberTest_cv02)
%TESTS  16,hexNumber0x0(lang.c.CTokenizerNumberTest_cv02)
%TESTE  16,hexNumber0x0(lang.c.CTokenizerNumberTest_cv02)
%TESTS  17,hexNumberMax(lang.c.CTokenizerNumberTest_cv02)
%TESTE  17,hexNumberMax(lang.c.CTokenizerNumberTest_cv02)
%TESTS  18,octalNumber(lang.c.CTokenizerNumberTest_cv02)
%TESTE  18,octalNumber(lang.c.CTokenizerNumberTest_cv02)
%TESTS  20,readSimpleTokenSub(lang.c.CTokenizerExpressionSubTest)
%TESTE  20,readSimpleTokenSub(lang.c.CTokenizerExpressionSubTest)
%TESTS  21,minusNumber(lang.c.CTokenizerExpressionSubTest)
%TESTE  21,minusNumber(lang.c.CTokenizerExpressionSubTest)
%TESTS  23,convertToValidateActual(lang.c.TestHelperTest)
%TESTE  23,convertToValidateActual(lang.c.TestHelperTest)
%TESTS  24,convertToValidateSimple(lang.c.TestHelperTest)
%TESTE  24,convertToValidateSimple(lang.c.TestHelperTest)
%TESTS  26,termTokenWithPARTest(lang.c.CTokenizerTermTest)
%TESTE  26,termTokenWithPARTest(lang.c.CTokenizerTermTest)
%TESTS  27,multNumber(lang.c.CTokenizerTermTest)
%TESTE  27,multNumber(lang.c.CTokenizerTermTest)
%TESTS  28,termNotCloseBlockCommentTwoTimes(lang.c.CTokenizerTermTest)
%TESTE  28,termNotCloseBlockCommentTwoTimes(lang.c.CTokenizerTermTest)
%TESTS  29,termTokenExpressionTest(lang.c.CTokenizerTermTest)
%TESTE  29,termTokenExpressionTest(lang.c.CTokenizerTermTest)
%TESTS  30,termNotCloseBlockComment(lang.c.CTokenizerTermTest)
%TESTE  30,termNotCloseBlockComment(lang.c.CTokenizerTermTest)
%TESTS  31,divNumber(lang.c.CTokenizerTermTest)
%TESTE  31,divNumber(lang.c.CTokenizerTermTest)
%TESTS  33,inlineCommentWithFactor(lang.c.CTokenizerCommentTest)
%TESTE  33,inlineCommentWithFactor(lang.c.CTokenizerCommentTest)
%TESTS  34,inlineCommentWithNumber(lang.c.CTokenizerCommentTest)
%TESTE  34,inlineCommentWithNumber(lang.c.CTokenizerCommentTest)
%TESTS  35,blockCommentNotClose(lang.c.CTokenizerCommentTest)
%TESTE  35,blockCommentNotClose(lang.c.CTokenizerCommentTest)
%TESTS  36,blockCommentWithFactor(lang.c.CTokenizerCommentTest)
%TESTE  36,blockCommentWithFactor(lang.c.CTokenizerCommentTest)
%TESTS  37,blockComment(lang.c.CTokenizerCommentTest)
%TESTE  37,blockComment(lang.c.CTokenizerCommentTest)
%TESTS  38,lineComment(lang.c.CTokenizerCommentTest)
%TESTE  38,lineComment(lang.c.CTokenizerCommentTest)
%TESTS  40,hexNumber(lang.c.CTokenizerAddressTest)
%TESTE  40,hexNumber(lang.c.CTokenizerAddressTest)
%TESTS  41,AMP(lang.c.CTokenizerAddressTest)
%TESTE  41,AMP(lang.c.CTokenizerAddressTest)
%TESTS  42,decimalNumber(lang.c.CTokenizerAddressTest)
%TESTE  42,decimalNumber(lang.c.CTokenizerAddressTest)
%TESTS  43,octalNumber(lang.c.CTokenizerAddressTest)
%TESTE  43,octalNumber(lang.c.CTokenizerAddressTest)
%TESTS  45,readSimpleTokensByUsingGetNextToken(lang.c.CTokenizerExpressionAddTest)
%TESTE  45,readSimpleTokensByUsingGetNextToken(lang.c.CTokenizerExpressionAddTest)
%TESTS  46,getCurrentTokenFirstTime(lang.c.CTokenizerExpressionAddTest)
%TESTE  46,getCurrentTokenFirstTime(lang.c.CTokenizerExpressionAddTest)
%TESTS  47,getCurrentTokenAfterGetNextToken(lang.c.CTokenizerExpressionAddTest)
%TESTE  47,getCurrentTokenAfterGetNextToken(lang.c.CTokenizerExpressionAddTest)
%TESTS  49,testMustBeFailed(lang.MustBeFailedTest)
%FAILED 49,testMustBeFailed(lang.MustBeFailedTest)
%TRACES 
java.lang.AssertionError: 
Expected: is "MUST BE FAILED THIS TEST."
     but: was "Failed test."
	at org.hamcrest.MatcherAssert.assertThat(MatcherAssert.java:20)
	at org.hamcrest.MatcherAssert.assertThat(MatcherAssert.java:8)
	at lang.MustBeFailedTest.testMustBeFailed(MustBeFailedTest.java:14)
	at java.base/jdk.internal.reflect.NativeMethodAccessorImpl.invoke0(Native Method)
	at java.base/jdk.internal.reflect.NativeMethodAccessorImpl.invoke(NativeMethodAccessorImpl.java:77)
	at java.base/jdk.internal.reflect.DelegatingMethodAccessorImpl.invoke(DelegatingMethodAccessorImpl.java:43)
	at java.base/java.lang.reflect.Method.invoke(Method.java:568)
	at org.junit.runners.model.FrameworkMethod$1.runReflectiveCall(FrameworkMethod.java:47)
	at org.junit.internal.runners.model.ReflectiveCallable.run(ReflectiveCallable.java:12)
	at org.junit.runners.model.FrameworkMethod.invokeExplosively(FrameworkMethod.java:44)
	at org.junit.internal.runners.statements.InvokeMethod.evaluate(InvokeMethod.java:17)
	at org.junit.runners.ParentRunner.runLeaf(ParentRunner.java:271)
	at org.junit.runners.BlockJUnit4ClassRunner.runChild(BlockJUnit4ClassRunner.java:70)
	at org.junit.runners.BlockJUnit4ClassRunner.runChild(BlockJUnit4ClassRunner.java:50)
	at org.junit.runners.ParentRunner$3.run(ParentRunner.java:238)
	at org.junit.runners.ParentRunner$1.schedule(ParentRunner.java:63)
	at org.junit.runners.ParentRunner.runChildren(ParentRunner.java:236)
	at org.junit.runners.ParentRunner.access$000(ParentRunner.java:53)
	at org.junit.runners.ParentRunner$2.evaluate(ParentRunner.java:229)
	at org.junit.runners.ParentRunner.run(ParentRunner.java:309)
	at org.eclipse.jdt.internal.junit4.runner.JUnit4TestReference.run(JUnit4TestReference.java:93)
	at org.eclipse.jdt.internal.junit.runner.TestExecution.run(TestExecution.java:40)
	at org.eclipse.jdt.internal.junit.runner.RemoteTestRunner.runTests(RemoteTestRunner.java:529)
	at org.eclipse.jdt.internal.junit.runner.RemoteTestRunner.runTests(RemoteTestRunner.java:756)
	at org.eclipse.jdt.internal.junit.runner.RemoteTestRunner.run(RemoteTestRunner.java:452)
	at org.eclipse.jdt.internal.junit.runner.RemoteTestRunner.main(RemoteTestRunner.java:210)

%TRACEE 
%TESTE  49,testMustBeFailed(lang.MustBeFailedTest)
%TESTS  51,semanticCheckFalseExample(lang.c.parse.SemanticCheckFactorAmpTest)
%TESTE  51,semanticCheckFalseExample(lang.c.parse.SemanticCheckFactorAmpTest)
%TESTS  52,semanticCheckTrueExample(lang.c.parse.SemanticCheckFactorAmpTest)
%TESTE  52,semanticCheckTrueExample(lang.c.parse.SemanticCheckFactorAmpTest)
%TESTS  54,codeGenTermMultPriority(lang.c.parse.CodeGenExpressionTest_cv03)
%FAILED 54,codeGenTermMultPriority(lang.c.parse.CodeGenExpressionTest_cv03)
%TRACES 
java.lang.AssertionError: Line: 0
Expected: is "Write"
     but: was "MOV#1,(R6)+"
	at org.hamcrest.MatcherAssert.assertThat(MatcherAssert.java:20)
	at lang.c.TestHelper.checkCodePortion(TestHelper.java:50)
	at lang.c.TestHelper.checkCodeGen(TestHelper.java:71)
	at lang.c.parse.CodeGenExpressionTest_cv03.codeGenTermMultPriority(CodeGenExpressionTest_cv03.java:87)
	at java.base/jdk.internal.reflect.NativeMethodAccessorImpl.invoke0(Native Method)
	at java.base/jdk.internal.reflect.NativeMethodAccessorImpl.invoke(NativeMethodAccessorImpl.java:77)
	at java.base/jdk.internal.reflect.DelegatingMethodAccessorImpl.invoke(DelegatingMethodAccessorImpl.java:43)
	at java.base/java.lang.reflect.Method.invoke(Method.java:568)
	at org.junit.runners.model.FrameworkMethod$1.runReflectiveCall(FrameworkMethod.java:47)
	at org.junit.internal.runners.model.ReflectiveCallable.run(ReflectiveCallable.java:12)
	at org.junit.runners.model.FrameworkMethod.invokeExplosively(FrameworkMethod.java:44)
	at org.junit.internal.runners.statements.InvokeMethod.evaluate(InvokeMethod.java:17)
	at org.junit.internal.runners.statements.RunBefores.evaluate(RunBefores.java:26)
	at org.junit.internal.runners.statements.RunAfters.evaluate(RunAfters.java:27)
	at org.junit.runners.ParentRunner.runLeaf(ParentRunner.java:271)
	at org.junit.runners.BlockJUnit4ClassRunner.runChild(BlockJUnit4ClassRunner.java:70)
	at org.junit.runners.BlockJUnit4ClassRunner.runChild(BlockJUnit4ClassRunner.java:50)
	at org.junit.runners.ParentRunner$3.run(ParentRunner.java:238)
	at org.junit.runners.ParentRunner$1.schedule(ParentRunner.java:63)
	at org.junit.runners.ParentRunner.runChildren(ParentRunner.java:236)
	at org.junit.runners.ParentRunner.access$000(ParentRunner.java:53)
	at org.junit.runners.ParentRunner$2.evaluate(ParentRunner.java:229)
	at org.junit.runners.ParentRunner.run(ParentRunner.java:309)
	at org.eclipse.jdt.internal.junit4.runner.JUnit4TestReference.run(JUnit4TestReference.java:93)
	at org.eclipse.jdt.internal.junit.runner.TestExecution.run(TestExecution.java:40)
	at org.eclipse.jdt.internal.junit.runner.RemoteTestRunner.runTests(RemoteTestRunner.java:529)
	at org.eclipse.jdt.internal.junit.runner.RemoteTestRunner.runTests(RemoteTestRunner.java:756)
	at org.eclipse.jdt.internal.junit.runner.RemoteTestRunner.run(RemoteTestRunner.java:452)
	at org.eclipse.jdt.internal.junit.runner.RemoteTestRunner.main(RemoteTestRunner.java:210)

%TRACEE 
%TESTE  54,codeGenTermMultPriority(lang.c.parse.CodeGenExpressionTest_cv03)
%TESTS  55,codeGenTermDivWithParenthesis(lang.c.parse.CodeGenExpressionTest_cv03)
%FAILED 55,codeGenTermDivWithParenthesis(lang.c.parse.CodeGenExpressionTest_cv03)
%TRACES 
java.lang.AssertionError: Line: 0
Expected: is "Write"
     but: was "MOV#2,(R6)+"
	at org.hamcrest.MatcherAssert.assertThat(MatcherAssert.java:20)
	at lang.c.TestHelper.checkCodePortion(TestHelper.java:50)
	at lang.c.TestHelper.checkCodeGen(TestHelper.java:71)
	at lang.c.parse.CodeGenExpressionTest_cv03.codeGenTermDivWithParenthesis(CodeGenExpressionTest_cv03.java:107)
	at java.base/jdk.internal.reflect.NativeMethodAccessorImpl.invoke0(Native Method)
	at java.base/jdk.internal.reflect.NativeMethodAccessorImpl.invoke(NativeMethodAccessorImpl.java:77)
	at java.base/jdk.internal.reflect.DelegatingMethodAccessorImpl.invoke(DelegatingMethodAccessorImpl.java:43)
	at java.base/java.lang.reflect.Method.invoke(Method.java:568)
	at org.junit.runners.model.FrameworkMethod$1.runReflectiveCall(FrameworkMethod.java:47)
	at org.junit.internal.runners.model.ReflectiveCallable.run(ReflectiveCallable.java:12)
	at org.junit.runners.model.FrameworkMethod.invokeExplosively(FrameworkMethod.java:44)
	at org.junit.internal.runners.statements.InvokeMethod.evaluate(InvokeMethod.java:17)
	at org.junit.internal.runners.statements.RunBefores.evaluate(RunBefores.java:26)
	at org.junit.internal.runners.statements.RunAfters.evaluate(RunAfters.java:27)
	at org.junit.runners.ParentRunner.runLeaf(ParentRunner.java:271)
	at org.junit.runners.BlockJUnit4ClassRunner.runChild(BlockJUnit4ClassRunner.java:70)
	at org.junit.runners.BlockJUnit4ClassRunner.runChild(BlockJUnit4ClassRunner.java:50)
	at org.junit.runners.ParentRunner$3.run(ParentRunner.java:238)
	at org.junit.runners.ParentRunner$1.schedule(ParentRunner.java:63)
	at org.junit.runners.ParentRunner.runChildren(ParentRunner.java:236)
	at org.junit.runners.ParentRunner.access$000(ParentRunner.java:53)
	at org.junit.runners.ParentRunner$2.evaluate(ParentRunner.java:229)
	at org.junit.runners.ParentRunner.run(ParentRunner.java:309)
	at org.eclipse.jdt.internal.junit4.runner.JUnit4TestReference.run(JUnit4TestReference.java:93)
	at org.eclipse.jdt.internal.junit.runner.TestExecution.run(TestExecution.java:40)
	at org.eclipse.jdt.internal.junit.runner.RemoteTestRunner.runTests(RemoteTestRunner.java:529)
	at org.eclipse.jdt.internal.junit.runner.RemoteTestRunner.runTests(RemoteTestRunner.java:756)
	at org.eclipse.jdt.internal.junit.runner.RemoteTestRunner.run(RemoteTestRunner.java:452)
	at org.eclipse.jdt.internal.junit.runner.RemoteTestRunner.main(RemoteTestRunner.java:210)

%TRACEE 
%TESTE  55,codeGenTermDivWithParenthesis(lang.c.parse.CodeGenExpressionTest_cv03)
%TESTS  56,codeGenTermSignTest(lang.c.parse.CodeGenExpressionTest_cv03)
%FAILED 56,codeGenTermSignTest(lang.c.parse.CodeGenExpressionTest_cv03)
%TRACES 
java.lang.AssertionError: Actual [MOV#4,(R6)+, MOV#5,(R6)+, MOV-(R6),R0, MOV-(R6),R1, SUBR0,R1, MOVR1,(R6)+, MOV#2,(R6)+, MOV-(R6),R0, MOV-(R6),R1, ADDR1,R0, MOVR0,(R6)+]  Line Size: 
Expected: is <9>
     but: was <11>
	at org.hamcrest.MatcherAssert.assertThat(MatcherAssert.java:20)
	at lang.c.TestHelper.checkCodePortion(TestHelper.java:39)
	at lang.c.TestHelper.checkCodeGen(TestHelper.java:71)
	at lang.c.parse.CodeGenExpressionTest_cv03.codeGenTermSignTest(CodeGenExpressionTest_cv03.java:167)
	at java.base/jdk.internal.reflect.NativeMethodAccessorImpl.invoke0(Native Method)
	at java.base/jdk.internal.reflect.NativeMethodAccessorImpl.invoke(NativeMethodAccessorImpl.java:77)
	at java.base/jdk.internal.reflect.DelegatingMethodAccessorImpl.invoke(DelegatingMethodAccessorImpl.java:43)
	at java.base/java.lang.reflect.Method.invoke(Method.java:568)
	at org.junit.runners.model.FrameworkMethod$1.runReflectiveCall(FrameworkMethod.java:47)
	at org.junit.internal.runners.model.ReflectiveCallable.run(ReflectiveCallable.java:12)
	at org.junit.runners.model.FrameworkMethod.invokeExplosively(FrameworkMethod.java:44)
	at org.junit.internal.runners.statements.InvokeMethod.evaluate(InvokeMethod.java:17)
	at org.junit.internal.runners.statements.RunBefores.evaluate(RunBefores.java:26)
	at org.junit.internal.runners.statements.RunAfters.evaluate(RunAfters.java:27)
	at org.junit.runners.ParentRunner.runLeaf(ParentRunner.java:271)
	at org.junit.runners.BlockJUnit4ClassRunner.runChild(BlockJUnit4ClassRunner.java:70)
	at org.junit.runners.BlockJUnit4ClassRunner.runChild(BlockJUnit4ClassRunner.java:50)
	at org.junit.runners.ParentRunner$3.run(ParentRunner.java:238)
	at org.junit.runners.ParentRunner$1.schedule(ParentRunner.java:63)
	at org.junit.runners.ParentRunner.runChildren(ParentRunner.java:236)
	at org.junit.runners.ParentRunner.access$000(ParentRunner.java:53)
	at org.junit.runners.ParentRunner$2.evaluate(ParentRunner.java:229)
	at org.junit.runners.ParentRunner.run(ParentRunner.java:309)
	at org.eclipse.jdt.internal.junit4.runner.JUnit4TestReference.run(JUnit4TestReference.java:93)
	at org.eclipse.jdt.internal.junit.runner.TestExecution.run(TestExecution.java:40)
	at org.eclipse.jdt.internal.junit.runner.RemoteTestRunner.runTests(RemoteTestRunner.java:529)
	at org.eclipse.jdt.internal.junit.runner.RemoteTestRunner.runTests(RemoteTestRunner.java:756)
	at org.eclipse.jdt.internal.junit.runner.RemoteTestRunner.run(RemoteTestRunner.java:452)
	at org.eclipse.jdt.internal.junit.runner.RemoteTestRunner.main(RemoteTestRunner.java:210)

%TRACEE 
%TESTE  56,codeGenTermSignTest(lang.c.parse.CodeGenExpressionTest_cv03)
%TESTS  57,codeGenTermDivMinus(lang.c.parse.CodeGenExpressionTest_cv03)
%FAILED 57,codeGenTermDivMinus(lang.c.parse.CodeGenExpressionTest_cv03)
%TRACES 
java.lang.AssertionError: Line: 0
Expected: is "Write"
     but: was "MOV#2,(R6)+"
	at org.hamcrest.MatcherAssert.assertThat(MatcherAssert.java:20)
	at lang.c.TestHelper.checkCodePortion(TestHelper.java:50)
	at lang.c.TestHelper.checkCodeGen(TestHelper.java:71)
	at lang.c.parse.CodeGenExpressionTest_cv03.codeGenTermDivMinus(CodeGenExpressionTest_cv03.java:127)
	at java.base/jdk.internal.reflect.NativeMethodAccessorImpl.invoke0(Native Method)
	at java.base/jdk.internal.reflect.NativeMethodAccessorImpl.invoke(NativeMethodAccessorImpl.java:77)
	at java.base/jdk.internal.reflect.DelegatingMethodAccessorImpl.invoke(DelegatingMethodAccessorImpl.java:43)
	at java.base/java.lang.reflect.Method.invoke(Method.java:568)
	at org.junit.runners.model.FrameworkMethod$1.runReflectiveCall(FrameworkMethod.java:47)
	at org.junit.internal.runners.model.ReflectiveCallable.run(ReflectiveCallable.java:12)
	at org.junit.runners.model.FrameworkMethod.invokeExplosively(FrameworkMethod.java:44)
	at org.junit.internal.runners.statements.InvokeMethod.evaluate(InvokeMethod.java:17)
	at org.junit.internal.runners.statements.RunBefores.evaluate(RunBefores.java:26)
	at org.junit.internal.runners.statements.RunAfters.evaluate(RunAfters.java:27)
	at org.junit.runners.ParentRunner.runLeaf(ParentRunner.java:271)
	at org.junit.runners.BlockJUnit4ClassRunner.runChild(BlockJUnit4ClassRunner.java:70)
	at org.junit.runners.BlockJUnit4ClassRunner.runChild(BlockJUnit4ClassRunner.java:50)
	at org.junit.runners.ParentRunner$3.run(ParentRunner.java:238)
	at org.junit.runners.ParentRunner$1.schedule(ParentRunner.java:63)
	at org.junit.runners.ParentRunner.runChildren(ParentRunner.java:236)
	at org.junit.runners.ParentRunner.access$000(ParentRunner.java:53)
	at org.junit.runners.ParentRunner$2.evaluate(ParentRunner.java:229)
	at org.junit.runners.ParentRunner.run(ParentRunner.java:309)
	at org.eclipse.jdt.internal.junit4.runner.JUnit4TestReference.run(JUnit4TestReference.java:93)
	at org.eclipse.jdt.internal.junit.runner.TestExecution.run(TestExecution.java:40)
	at org.eclipse.jdt.internal.junit.runner.RemoteTestRunner.runTests(RemoteTestRunner.java:529)
	at org.eclipse.jdt.internal.junit.runner.RemoteTestRunner.runTests(RemoteTestRunner.java:756)
	at org.eclipse.jdt.internal.junit.runner.RemoteTestRunner.run(RemoteTestRunner.java:452)
	at org.eclipse.jdt.internal.junit.runner.RemoteTestRunner.main(RemoteTestRunner.java:210)

%TRACEE 
%TESTE  57,codeGenTermDivMinus(lang.c.parse.CodeGenExpressionTest_cv03)
%TESTS  58,codeGenTermAllTest(lang.c.parse.CodeGenExpressionTest_cv03)
%FAILED 58,codeGenTermAllTest(lang.c.parse.CodeGenExpressionTest_cv03)
%TRACES 
java.lang.AssertionError: Actual [MOV#4,(R6)+, MOV#5,(R6)+, MOV-(R6),R0, MOV-(R6),R1, SUBR0,R1, MOVR1,(R6)+, JSRDIV, SUB#2,R6, MOVR0,(R6)+, JSRMUL, SUB#2,R6, MOVR0,(R6)+]  Line Size: 
Expected: is <9>
     but: was <12>
	at org.hamcrest.MatcherAssert.assertThat(MatcherAssert.java:20)
	at lang.c.TestHelper.checkCodePortion(TestHelper.java:39)
	at lang.c.TestHelper.checkCodeGen(TestHelper.java:71)
	at lang.c.parse.CodeGenExpressionTest_cv03.codeGenTermAllTest(CodeGenExpressionTest_cv03.java:147)
	at java.base/jdk.internal.reflect.NativeMethodAccessorImpl.invoke0(Native Method)
	at java.base/jdk.internal.reflect.NativeMethodAccessorImpl.invoke(NativeMethodAccessorImpl.java:77)
	at java.base/jdk.internal.reflect.DelegatingMethodAccessorImpl.invoke(DelegatingMethodAccessorImpl.java:43)
	at java.base/java.lang.reflect.Method.invoke(Method.java:568)
	at org.junit.runners.model.FrameworkMethod$1.runReflectiveCall(FrameworkMethod.java:47)
	at org.junit.internal.runners.model.ReflectiveCallable.run(ReflectiveCallable.java:12)
	at org.junit.runners.model.FrameworkMethod.invokeExplosively(FrameworkMethod.java:44)
	at org.junit.internal.runners.statements.InvokeMethod.evaluate(InvokeMethod.java:17)
	at org.junit.internal.runners.statements.RunBefores.evaluate(RunBefores.java:26)
	at org.junit.internal.runners.statements.RunAfters.evaluate(RunAfters.java:27)
	at org.junit.runners.ParentRunner.runLeaf(ParentRunner.java:271)
	at org.junit.runners.BlockJUnit4ClassRunner.runChild(BlockJUnit4ClassRunner.java:70)
	at org.junit.runners.BlockJUnit4ClassRunner.runChild(BlockJUnit4ClassRunner.java:50)
	at org.junit.runners.ParentRunner$3.run(ParentRunner.java:238)
	at org.junit.runners.ParentRunner$1.schedule(ParentRunner.java:63)
	at org.junit.runners.ParentRunner.runChildren(ParentRunner.java:236)
	at org.junit.runners.ParentRunner.access$000(ParentRunner.java:53)
	at org.junit.runners.ParentRunner$2.evaluate(ParentRunner.java:229)
	at org.junit.runners.ParentRunner.run(ParentRunner.java:309)
	at org.eclipse.jdt.internal.junit4.runner.JUnit4TestReference.run(JUnit4TestReference.java:93)
	at org.eclipse.jdt.internal.junit.runner.TestExecution.run(TestExecution.java:40)
	at org.eclipse.jdt.internal.junit.runner.RemoteTestRunner.runTests(RemoteTestRunner.java:529)
	at org.eclipse.jdt.internal.junit.runner.RemoteTestRunner.runTests(RemoteTestRunner.java:756)
	at org.eclipse.jdt.internal.junit.runner.RemoteTestRunner.run(RemoteTestRunner.java:452)
	at org.eclipse.jdt.internal.junit.runner.RemoteTestRunner.main(RemoteTestRunner.java:210)

%TRACEE 
%TESTE  58,codeGenTermAllTest(lang.c.parse.CodeGenExpressionTest_cv03)
%TESTS  59,codeGenTermMultWithParentheses(lang.c.parse.CodeGenExpressionTest_cv03)
%FAILED 59,codeGenTermMultWithParentheses(lang.c.parse.CodeGenExpressionTest_cv03)
%TRACES 
java.lang.AssertionError: Actual [MOV#3,(R6)+, JSRMUL, SUB#2,R6, MOVR0,(R6)+]  Line Size: 
Expected: is <9>
     but: was <4>
	at org.hamcrest.MatcherAssert.assertThat(MatcherAssert.java:20)
	at lang.c.TestHelper.checkCodePortion(TestHelper.java:39)
	at lang.c.TestHelper.checkCodeGen(TestHelper.java:71)
	at lang.c.parse.CodeGenExpressionTest_cv03.codeGenTermMultWithParentheses(CodeGenExpressionTest_cv03.java:67)
	at java.base/jdk.internal.reflect.NativeMethodAccessorImpl.invoke0(Native Method)
	at java.base/jdk.internal.reflect.NativeMethodAccessorImpl.invoke(NativeMethodAccessorImpl.java:77)
	at java.base/jdk.internal.reflect.DelegatingMethodAccessorImpl.invoke(DelegatingMethodAccessorImpl.java:43)
	at java.base/java.lang.reflect.Method.invoke(Method.java:568)
	at org.junit.runners.model.FrameworkMethod$1.runReflectiveCall(FrameworkMethod.java:47)
	at org.junit.internal.runners.model.ReflectiveCallable.run(ReflectiveCallable.java:12)
	at org.junit.runners.model.FrameworkMethod.invokeExplosively(FrameworkMethod.java:44)
	at org.junit.internal.runners.statements.InvokeMethod.evaluate(InvokeMethod.java:17)
	at org.junit.internal.runners.statements.RunBefores.evaluate(RunBefores.java:26)
	at org.junit.internal.runners.statements.RunAfters.evaluate(RunAfters.java:27)
	at org.junit.runners.ParentRunner.runLeaf(ParentRunner.java:271)
	at org.junit.runners.BlockJUnit4ClassRunner.runChild(BlockJUnit4ClassRunner.java:70)
	at org.junit.runners.BlockJUnit4ClassRunner.runChild(BlockJUnit4ClassRunner.java:50)
	at org.junit.runners.ParentRunner$3.run(ParentRunner.java:238)
	at org.junit.runners.ParentRunner$1.schedule(ParentRunner.java:63)
	at org.junit.runners.ParentRunner.runChildren(ParentRunner.java:236)
	at org.junit.runners.ParentRunner.access$000(ParentRunner.java:53)
	at org.junit.runners.ParentRunner$2.evaluate(ParentRunner.java:229)
	at org.junit.runners.ParentRunner.run(ParentRunner.java:309)
	at org.eclipse.jdt.internal.junit4.runner.JUnit4TestReference.run(JUnit4TestReference.java:93)
	at org.eclipse.jdt.internal.junit.runner.TestExecution.run(TestExecution.java:40)
	at org.eclipse.jdt.internal.junit.runner.RemoteTestRunner.runTests(RemoteTestRunner.java:529)
	at org.eclipse.jdt.internal.junit.runner.RemoteTestRunner.runTests(RemoteTestRunner.java:756)
	at org.eclipse.jdt.internal.junit.runner.RemoteTestRunner.run(RemoteTestRunner.java:452)
	at org.eclipse.jdt.internal.junit.runner.RemoteTestRunner.main(RemoteTestRunner.java:210)

%TRACEE 
%TESTE  59,codeGenTermMultWithParentheses(lang.c.parse.CodeGenExpressionTest_cv03)
%TESTS  61,codeGenExpressionAdd2Term(lang.c.parse.CodeGenExpressionTest)
%TESTE  61,codeGenExpressionAdd2Term(lang.c.parse.CodeGenExpressionTest)
%TESTS  62,codeGenExpressionAdd3Term(lang.c.parse.CodeGenExpressionTest)
%TESTE  62,codeGenExpressionAdd3Term(lang.c.parse.CodeGenExpressionTest)
%TESTS  64,codeGenLeftTermAdd2Terms(lang.c.parse.CodeGenProgramTest)
%TESTE  64,codeGenLeftTermAdd2Terms(lang.c.parse.CodeGenProgramTest)
%TESTS  65,codeGenProgramAdd2Terms(lang.c.parse.CodeGenProgramTest)
%TESTE  65,codeGenProgramAdd2Terms(lang.c.parse.CodeGenProgramTest)
%TESTS  66,codeGenProgramAdd3Terms(lang.c.parse.CodeGenProgramTest)
%TESTE  66,codeGenProgramAdd3Terms(lang.c.parse.CodeGenProgramTest)
%TESTS  68,UndefinedToken(lang.c.parse.IsFirstTest)
%TESTE  68,UndefinedToken(lang.c.parse.IsFirstTest)
%TESTS  69,testExpressionAdd(lang.c.parse.IsFirstTest)
%TESTE  69,testExpressionAdd(lang.c.parse.IsFirstTest)
%TESTS  70,testDecimalNumber(lang.c.parse.IsFirstTest)
%TESTE  70,testDecimalNumber(lang.c.parse.IsFirstTest)
%TESTS  71,testExpression(lang.c.parse.IsFirstTest)
%TESTE  71,testExpression(lang.c.parse.IsFirstTest)
%TESTS  73,ExpressionSubNoError(lang.c.parse.SemanticCheckProgramTest_cv01)
%TESTE  73,ExpressionSubNoError(lang.c.parse.SemanticCheckProgramTest_cv01)
%TESTS  75,FactorWithPlusSignOverflow(lang.c.parse.SemanticCheckProgramTest_cv02)
%TESTE  75,FactorWithPlusSignOverflow(lang.c.parse.SemanticCheckProgramTest_cv02)
%TESTS  76,FactorAmpNoError(lang.c.parse.SemanticCheckProgramTest_cv02)
%TESTE  76,FactorAmpNoError(lang.c.parse.SemanticCheckProgramTest_cv02)
%TESTS  77,ExpressionAddTypeNoError(lang.c.parse.SemanticCheckProgramTest_cv02)
%TESTE  77,ExpressionAddTypeNoError(lang.c.parse.SemanticCheckProgramTest_cv02)
%TESTS  78,FactorWithAmpOverflow(lang.c.parse.SemanticCheckProgramTest_cv02)
%TESTE  78,FactorWithAmpOverflow(lang.c.parse.SemanticCheckProgramTest_cv02)
%TESTS  80,parseNumber(lang.c.parse.ParseNumberTest)
%TESTE  80,parseNumber(lang.c.parse.ParseNumberTest)
%TESTS  82,testExpressionSub(lang.c.parse.IsFirstTest_cv01)
%TESTE  82,testExpressionSub(lang.c.parse.IsFirstTest_cv01)
%TESTS  84,parseErrorEndOfProgram(lang.c.parse.ParseProgramTest)
%TESTE  84,parseErrorEndOfProgram(lang.c.parse.ParseProgramTest)
%TESTS  86,parseErrorNumPlusNone(lang.c.parse.ParseExpressionTest)
%TESTE  86,parseErrorNumPlusNone(lang.c.parse.ParseExpressionTest)
%TESTS  87,parseErrorNumMinusNone(lang.c.parse.ParseExpressionTest)
%TESTE  87,parseErrorNumMinusNone(lang.c.parse.ParseExpressionTest)
%TESTS  89,codeGenExpressionADDADDSubTerm(lang.c.parse.CodeGenExpressionTest_cv01)
%TESTE  89,codeGenExpressionADDADDSubTerm(lang.c.parse.CodeGenExpressionTest_cv01)
%TESTS  90,codeGenExpressionADDSub5CommentTerm(lang.c.parse.CodeGenExpressionTest_cv01)
%TESTE  90,codeGenExpressionADDSub5CommentTerm(lang.c.parse.CodeGenExpressionTest_cv01)
%TESTS  91,codeGenExpressionSub2Term(lang.c.parse.CodeGenExpressionTest_cv01)
%TESTE  91,codeGenExpressionSub2Term(lang.c.parse.CodeGenExpressionTest_cv01)
%TESTS  92,codeGenExpressionSub3Term(lang.c.parse.CodeGenExpressionTest_cv01)
%TESTE  92,codeGenExpressionSub3Term(lang.c.parse.CodeGenExpressionTest_cv01)
%TESTS  93,codeGenExpressionADD3CommentTerm(lang.c.parse.CodeGenExpressionTest_cv01)
%TESTE  93,codeGenExpressionADD3CommentTerm(lang.c.parse.CodeGenExpressionTest_cv01)
%TESTS  94,codeGenExpressionADD3Term(lang.c.parse.CodeGenExpressionTest_cv01)
%TESTE  94,codeGenExpressionADD3Term(lang.c.parse.CodeGenExpressionTest_cv01)
%TESTS  96,semanticTypeErrorIntMultPint(lang.c.parse.SemanticCheckUnsignedFactorTest)
%TESTE  96,semanticTypeErrorIntMultPint(lang.c.parse.SemanticCheckUnsignedFactorTest)
%TESTS  97,semanticMinusAmpError(lang.c.parse.SemanticCheckUnsignedFactorTest)
%TESTE  97,semanticMinusAmpError(lang.c.parse.SemanticCheckUnsignedFactorTest)
%TESTS  98,semanticTypeErrorPintMultInt(lang.c.parse.SemanticCheckUnsignedFactorTest)
%TESTE  98,semanticTypeErrorPintMultInt(lang.c.parse.SemanticCheckUnsignedFactorTest)
%TESTS  99,semanticTypeErrorPintDivPint(lang.c.parse.SemanticCheckUnsignedFactorTest)
%TESTE  99,semanticTypeErrorPintDivPint(lang.c.parse.SemanticCheckUnsignedFactorTest)
%TESTS  100,semanticTypeErrorIntDivPint(lang.c.parse.SemanticCheckUnsignedFactorTest)
%TESTE  100,semanticTypeErrorIntDivPint(lang.c.parse.SemanticCheckUnsignedFactorTest)
%TESTS  101,semanticTypeErrorPintDivInt(lang.c.parse.SemanticCheckUnsignedFactorTest)
%TESTE  101,semanticTypeErrorPintDivInt(lang.c.parse.SemanticCheckUnsignedFactorTest)
%TESTS  102,semanticTypeErrorPintMultPint(lang.c.parse.SemanticCheckUnsignedFactorTest)
%TESTE  102,semanticTypeErrorPintMultPint(lang.c.parse.SemanticCheckUnsignedFactorTest)
%TESTS  104,codeGenFactorAmp(lang.c.parse.CodeGenFactorAmpTest)
%TESTE  104,codeGenFactorAmp(lang.c.parse.CodeGenFactorAmpTest)
%TESTS  105,codeGenFactorWithAmp(lang.c.parse.CodeGenFactorAmpTest)
%TESTE  105,codeGenFactorWithAmp(lang.c.parse.CodeGenFactorAmpTest)
%TESTS  107,parseRCURWithoutLCUR(lang.c.parse.ParseFactorTest)
%TESTE  107,parseRCURWithoutLCUR(lang.c.parse.ParseFactorTest)
%TESTS  108,parseNotCloseRPAR(lang.c.parse.ParseFactorTest)
%TESTE  108,parseNotCloseRPAR(lang.c.parse.ParseFactorTest)
%TESTS  109,parseOnlyLPAR(lang.c.parse.ParseFactorTest)
%TESTE  109,parseOnlyLPAR(lang.c.parse.ParseFactorTest)
%TESTS  110,parseOnlyMinusFactor(lang.c.parse.ParseFactorTest)
%TESTE  110,parseOnlyMinusFactor(lang.c.parse.ParseFactorTest)
%TESTS  112,testFactorAmp(lang.c.parse.IsFirstTest_cv02)
%TESTE  112,testFactorAmp(lang.c.parse.IsFirstTest_cv02)
%TESTS  114,codeGenTerm(lang.c.parse.CodeGenTermTest)
%TESTE  114,codeGenTerm(lang.c.parse.CodeGenTermTest)
%TESTS  116,testTermDiv(lang.c.parse.IsFirstTest_cv03)
%TESTE  116,testTermDiv(lang.c.parse.IsFirstTest_cv03)
%TESTS  117,testMinusFactor(lang.c.parse.IsFirstTest_cv03)
%TESTE  117,testMinusFactor(lang.c.parse.IsFirstTest_cv03)
%TESTS  118,testTermCV03(lang.c.parse.IsFirstTest_cv03)
%TESTE  118,testTermCV03(lang.c.parse.IsFirstTest_cv03)
%TESTS  119,testTermMult(lang.c.parse.IsFirstTest_cv03)
%TESTE  119,testTermMult(lang.c.parse.IsFirstTest_cv03)
%TESTS  120,testPlusFactor(lang.c.parse.IsFirstTest_cv03)
%TESTE  120,testPlusFactor(lang.c.parse.IsFirstTest_cv03)
%TESTS  122,ExpressionAddNoError(lang.c.parse.SemanticCheckProgramTest)
%TESTE  122,ExpressionAddNoError(lang.c.parse.SemanticCheckProgramTest)
%TESTS  123,noResponseDoBeforeParse(lang.c.parse.SemanticCheckProgramTest)
%TESTE  123,noResponseDoBeforeParse(lang.c.parse.SemanticCheckProgramTest)
%TESTS  125,testProgram01(lang.c.parse.IsFirstProgramTest)
%TESTE  125,testProgram01(lang.c.parse.IsFirstProgramTest)
%TESTS  126,testWithUndefinedToken(lang.c.parse.IsFirstProgramTest)
%TESTE  126,testWithUndefinedToken(lang.c.parse.IsFirstProgramTest)
%TESTS  128,semanticCheckAddressSubError(lang.c.parse.SemanticCheckAddressTest)
%TESTE  128,semanticCheckAddressSubError(lang.c.parse.SemanticCheckAddressTest)
%TESTS  129,semanticCheckAddressSubAccept(lang.c.parse.SemanticCheckAddressTest)
%TESTE  129,semanticCheckAddressSubAccept(lang.c.parse.SemanticCheckAddressTest)
%TESTS  130,semanticCheckAddressAddAccept(lang.c.parse.SemanticCheckAddressTest)
%TESTE  130,semanticCheckAddressAddAccept(lang.c.parse.SemanticCheckAddressTest)
%TESTS  131,semanticCheckAddressAddError(lang.c.parse.SemanticCheckAddressTest)
%TESTE  131,semanticCheckAddressAddError(lang.c.parse.SemanticCheckAddressTest)
%TESTS  133,codeGenFactor(lang.c.parse.CodeGenFactorTest)
%TESTE  133,codeGenFactor(lang.c.parse.CodeGenFactorTest)
%TESTS  135,codeGenNumber(lang.c.parse.CodeGenNumberTest)
%TESTE  135,codeGenNumber(lang.c.parse.CodeGenNumberTest)
%TESTS  137,parseAddressOnlyAMP(lang.c.parse.ParseAddressTest)
%TESTE  137,parseAddressOnlyAMP(lang.c.parse.ParseAddressTest)
%RUNTIME132
