%NAME,Launch Java Tests - $(symbol-class) IsFirstProgramTest
%TAG,in socket.on
%COUNT,13
%TESTC  67 v2
%TSTTREE1,lang.c.parse.IsFirstProgramTest,true,2,false,-1,lang.c.parse.IsFirstProgramTest,,
%TSTTREE2,testProgram01(lang.c.parse.IsFirstProgramTest),false,1,false,-1,testProgram01(lang.c.parse.IsFirstProgramTest),,
%TSTTREE3,testWithUndefinedToken(lang.c.parse.IsFirstProgramTest),false,1,false,-1,testWithUndefinedToken(lang.c.parse.IsFirstProgramTest),,
%TSTTREE4,lang.c.parse.ParseExpressionTest,true,4,false,-1,lang.c.parse.ParseExpressionTest,,
%TSTTREE5,parseErrorNumPlusNone(lang.c.parse.ParseExpressionTest),false,1,false,-1,parseErrorNumPlusNone(lang.c.parse.ParseExpressionTest),,
%TSTTREE6,parseErrorOnlyPlus(lang.c.parse.ParseExpressionTest),false,1,false,-1,parseErrorOnlyPlus(lang.c.parse.ParseExpressionTest),,
%TSTTREE7,parseErrorNumMinusNone(lang.c.parse.ParseExpressionTest),false,1,false,-1,parseErrorNumMinusNone(lang.c.parse.ParseExpressionTest),,
%TSTTREE8,parseErrorNoneSubNum(lang.c.parse.ParseExpressionTest),false,1,false,-1,parseErrorNoneSubNum(lang.c.parse.ParseExpressionTest),,
%TSTTREE9,lang.c.parse.IsFirstTest_cv01,true,1,false,-1,lang.c.parse.IsFirstTest_cv01,,
%TSTTREE10,testExpressionSub(lang.c.parse.IsFirstTest_cv01),false,1,false,-1,testExpressionSub(lang.c.parse.IsFirstTest_cv01),,
%TSTTREE11,lang.c.parse.ParseProgramTest,true,1,false,-1,lang.c.parse.ParseProgramTest,,
%TSTTREE12,parseErrorEndOfProgram(lang.c.parse.ParseProgramTest),false,1,false,-1,parseErrorEndOfProgram(lang.c.parse.ParseProgramTest),,
%TSTTREE13,lang.c.parse.CodeGenFactorTest,true,1,false,-1,lang.c.parse.CodeGenFactorTest,,
%TSTTREE14,codeGenFactor(lang.c.parse.CodeGenFactorTest),false,1,false,-1,codeGenFactor(lang.c.parse.CodeGenFactorTest),,
%TSTTREE15,lang.c.parse.CodeGenExpressionTest_cv01,true,2,false,-1,lang.c.parse.CodeGenExpressionTest_cv01,,
%TSTTREE16,codeGenExpressionSub2Term(lang.c.parse.CodeGenExpressionTest_cv01),false,1,false,-1,codeGenExpressionSub2Term(lang.c.parse.CodeGenExpressionTest_cv01),,
%TSTTREE17,codeGenExpressionSub3Term(lang.c.parse.CodeGenExpressionTest_cv01),false,1,false,-1,codeGenExpressionSub3Term(lang.c.parse.CodeGenExpressionTest_cv01),,
%TSTTREE18,lang.c.parse.CodeGenNumberTest,true,1,false,-1,lang.c.parse.CodeGenNumberTest,,
%TSTTREE19,codeGenNumber(lang.c.parse.CodeGenNumberTest),false,1,false,-1,codeGenNumber(lang.c.parse.CodeGenNumberTest),,
%TSTTREE20,lang.c.parse.CodeGenExpressionTest,true,2,false,-1,lang.c.parse.CodeGenExpressionTest,,
%TSTTREE21,codeGenExpressionAdd2Term(lang.c.parse.CodeGenExpressionTest),false,1,false,-1,codeGenExpressionAdd2Term(lang.c.parse.CodeGenExpressionTest),,
%TSTTREE22,codeGenExpressionAdd3Term(lang.c.parse.CodeGenExpressionTest),false,1,false,-1,codeGenExpressionAdd3Term(lang.c.parse.CodeGenExpressionTest),,
%TSTTREE23,lang.c.parse.CodeGenProgramTest,true,3,false,-1,lang.c.parse.CodeGenProgramTest,,
%TSTTREE24,codeGenLeftTermAdd2Terms(lang.c.parse.CodeGenProgramTest),false,1,false,-1,codeGenLeftTermAdd2Terms(lang.c.parse.CodeGenProgramTest),,
%TSTTREE25,codeGenProgramAdd2Terms(lang.c.parse.CodeGenProgramTest),false,1,false,-1,codeGenProgramAdd2Terms(lang.c.parse.CodeGenProgramTest),,
%TSTTREE26,codeGenProgramAdd3Terms(lang.c.parse.CodeGenProgramTest),false,1,false,-1,codeGenProgramAdd3Terms(lang.c.parse.CodeGenProgramTest),,
%TSTTREE27,lang.c.parse.IsFirstTest,true,4,false,-1,lang.c.parse.IsFirstTest,,
%TSTTREE28,UndefinedToken(lang.c.parse.IsFirstTest),false,1,false,-1,UndefinedToken(lang.c.parse.IsFirstTest),,
%TSTTREE29,testExpressionAdd(lang.c.parse.IsFirstTest),false,1,false,-1,testExpressionAdd(lang.c.parse.IsFirstTest),,
%TSTTREE30,testDecimalNumber(lang.c.parse.IsFirstTest),false,1,false,-1,testDecimalNumber(lang.c.parse.IsFirstTest),,
%TSTTREE31,testExpression(lang.c.parse.IsFirstTest),false,1,false,-1,testExpression(lang.c.parse.IsFirstTest),,
%TSTTREE32,lang.c.parse.SemanticCheckProgramTest,true,2,false,-1,lang.c.parse.SemanticCheckProgramTest,,
%TSTTREE33,ExpressionAddNoError(lang.c.parse.SemanticCheckProgramTest),false,1,false,-1,ExpressionAddNoError(lang.c.parse.SemanticCheckProgramTest),,
%TSTTREE34,noResponseDoBeforeParse(lang.c.parse.SemanticCheckProgramTest),false,1,false,-1,noResponseDoBeforeParse(lang.c.parse.SemanticCheckProgramTest),,
%TSTTREE35,lang.c.parse.SemanticCheckProgramTest_cv01,true,1,false,-1,lang.c.parse.SemanticCheckProgramTest_cv01,,
%TSTTREE36,ExpressionSubNoError(lang.c.parse.SemanticCheckProgramTest_cv01),false,1,false,-1,ExpressionSubNoError(lang.c.parse.SemanticCheckProgramTest_cv01),,
%TSTTREE37,lang.c.parse.ParseNumberTest,true,1,false,-1,lang.c.parse.ParseNumberTest,,
%TSTTREE38,parseNumber(lang.c.parse.ParseNumberTest),false,1,false,-1,parseNumber(lang.c.parse.ParseNumberTest),,
%TSTTREE39,lang.c.parse.CodeGenTermTest,true,1,false,-1,lang.c.parse.CodeGenTermTest,,
%TSTTREE40,codeGenTerm(lang.c.parse.CodeGenTermTest),false,1,false,-1,codeGenTerm(lang.c.parse.CodeGenTermTest),,
%TSTTREE41,lang.c.parse.SemanticCheckProgramTest_cv02,true,4,false,-1,lang.c.parse.SemanticCheckProgramTest_cv02,,
%TSTTREE42,FactorWithPlusSignOverflow(lang.c.parse.SemanticCheckProgramTest_cv02),false,1,false,-1,FactorWithPlusSignOverflow(lang.c.parse.SemanticCheckProgramTest_cv02),,
%TSTTREE43,FactorAmpNoError(lang.c.parse.SemanticCheckProgramTest_cv02),false,1,false,-1,FactorAmpNoError(lang.c.parse.SemanticCheckProgramTest_cv02),,
%TSTTREE44,ExpressionAddTypeNoError(lang.c.parse.SemanticCheckProgramTest_cv02),false,1,false,-1,ExpressionAddTypeNoError(lang.c.parse.SemanticCheckProgramTest_cv02),,
%TSTTREE45,FactorWithAmpOverflow(lang.c.parse.SemanticCheckProgramTest_cv02),false,1,false,-1,FactorWithAmpOverflow(lang.c.parse.SemanticCheckProgramTest_cv02),,
%TSTTREE46,lang.c.parse.CodeGenFactorAmpTest,true,2,false,-1,lang.c.parse.CodeGenFactorAmpTest,,
%TSTTREE47,codeGenFactorAmp(lang.c.parse.CodeGenFactorAmpTest),false,1,false,-1,codeGenFactorAmp(lang.c.parse.CodeGenFactorAmpTest),,
%TSTTREE48,codeGenFactorWithAmp(lang.c.parse.CodeGenFactorAmpTest),false,1,false,-1,codeGenFactorWithAmp(lang.c.parse.CodeGenFactorAmpTest),,
%TSTTREE49,lang.c.parse.ParseAddressTest,true,1,false,-1,lang.c.parse.ParseAddressTest,,
%TSTTREE50,parseAddressOnlyAMP(lang.c.parse.ParseAddressTest),false,1,false,-1,parseAddressOnlyAMP(lang.c.parse.ParseAddressTest),,
%TSTTREE51,lang.c.parse.IsFirstTest_cv02,true,1,false,-1,lang.c.parse.IsFirstTest_cv02,,
%TSTTREE52,testFactorAmp(lang.c.parse.IsFirstTest_cv02),false,1,false,-1,testFactorAmp(lang.c.parse.IsFirstTest_cv02),,
%TSTTREE53,lang.c.parse.SemanticCheckAddressTest,true,4,false,-1,lang.c.parse.SemanticCheckAddressTest,,
%TSTTREE54,semanticCheckAddressSubError(lang.c.parse.SemanticCheckAddressTest),false,1,false,-1,semanticCheckAddressSubError(lang.c.parse.SemanticCheckAddressTest),,
%TSTTREE55,semanticCheckAddressSubAccept(lang.c.parse.SemanticCheckAddressTest),false,1,false,-1,semanticCheckAddressSubAccept(lang.c.parse.SemanticCheckAddressTest),,
%TSTTREE56,semanticCheckAddressAddAccept(lang.c.parse.SemanticCheckAddressTest),false,1,false,-1,semanticCheckAddressAddAccept(lang.c.parse.SemanticCheckAddressTest),,
%TSTTREE57,semanticCheckAddressAddError(lang.c.parse.SemanticCheckAddressTest),false,1,false,-1,semanticCheckAddressAddError(lang.c.parse.SemanticCheckAddressTest),,
%TSTTREE58,lang.c.parse.SemanticCheckFactorAmpTest,true,2,false,-1,lang.c.parse.SemanticCheckFactorAmpTest,,
%TSTTREE59,semanticCheckFalseExample(lang.c.parse.SemanticCheckFactorAmpTest),false,1,false,-1,semanticCheckFalseExample(lang.c.parse.SemanticCheckFactorAmpTest),,
%TSTTREE60,semanticCheckTrueExample(lang.c.parse.SemanticCheckFactorAmpTest),false,1,false,-1,semanticCheckTrueExample(lang.c.parse.SemanticCheckFactorAmpTest),,
%TSTTREE61,lang.c.CTokenizerExpressionAddTest,true,3,false,-1,lang.c.CTokenizerExpressionAddTest,,
%TSTTREE62,readSimpleTokensByUsingGetNextToken(lang.c.CTokenizerExpressionAddTest),false,1,false,-1,readSimpleTokensByUsingGetNextToken(lang.c.CTokenizerExpressionAddTest),,
%TSTTREE63,getCurrentTokenFirstTime(lang.c.CTokenizerExpressionAddTest),false,1,false,-1,getCurrentTokenFirstTime(lang.c.CTokenizerExpressionAddTest),,
%TSTTREE64,getCurrentTokenAfterGetNextToken(lang.c.CTokenizerExpressionAddTest),false,1,false,-1,getCurrentTokenAfterGetNextToken(lang.c.CTokenizerExpressionAddTest),,
%TSTTREE65,lang.c.TestHelperTest,true,2,false,-1,lang.c.TestHelperTest,,
%TSTTREE66,convertToValidateActual(lang.c.TestHelperTest),false,1,false,-1,convertToValidateActual(lang.c.TestHelperTest),,
%TSTTREE67,convertToValidateSimple(lang.c.TestHelperTest),false,1,false,-1,convertToValidateSimple(lang.c.TestHelperTest),,
%TSTTREE68,lang.c.CTokenizerNumberTest,true,2,false,-1,lang.c.CTokenizerNumberTest,,
%TSTTREE69,plusNumber(lang.c.CTokenizerNumberTest),false,1,false,-1,plusNumber(lang.c.CTokenizerNumberTest),,
%TSTTREE70,decimalNumber(lang.c.CTokenizerNumberTest),false,1,false,-1,decimalNumber(lang.c.CTokenizerNumberTest),,
%TSTTREE71,lang.c.CTokenizerCommentTest,true,6,false,-1,lang.c.CTokenizerCommentTest,,
%TSTTREE72,inlineCommentWithFactor(lang.c.CTokenizerCommentTest),false,1,false,-1,inlineCommentWithFactor(lang.c.CTokenizerCommentTest),,
%TSTTREE73,inlineCommentWithNumber(lang.c.CTokenizerCommentTest),false,1,false,-1,inlineCommentWithNumber(lang.c.CTokenizerCommentTest),,
%TSTTREE74,blockCommentNotClose(lang.c.CTokenizerCommentTest),false,1,false,-1,blockCommentNotClose(lang.c.CTokenizerCommentTest),,
%TSTTREE75,blockCommentWithFactor(lang.c.CTokenizerCommentTest),false,1,false,-1,blockCommentWithFactor(lang.c.CTokenizerCommentTest),,
%TSTTREE76,blockComment(lang.c.CTokenizerCommentTest),false,1,false,-1,blockComment(lang.c.CTokenizerCommentTest),,
%TSTTREE77,lineComment(lang.c.CTokenizerCommentTest),false,1,false,-1,lineComment(lang.c.CTokenizerCommentTest),,
%TSTTREE78,lang.c.CTokenizerExpressionSubTest,true,2,false,-1,lang.c.CTokenizerExpressionSubTest,,
%TSTTREE79,readSimpleTokenSub(lang.c.CTokenizerExpressionSubTest),false,1,false,-1,readSimpleTokenSub(lang.c.CTokenizerExpressionSubTest),,
%TSTTREE80,minusNumber(lang.c.CTokenizerExpressionSubTest),false,1,false,-1,minusNumber(lang.c.CTokenizerExpressionSubTest),,
%TSTTREE81,lang.c.CTokenizerNumberTest_cv02,true,7,false,-1,lang.c.CTokenizerNumberTest_cv02,,
%TSTTREE82,hexNumberError0x(lang.c.CTokenizerNumberTest_cv02),false,1,false,-1,hexNumberError0x(lang.c.CTokenizerNumberTest_cv02),,
%TSTTREE83,hex(lang.c.CTokenizerNumberTest_cv02),false,1,false,-1,hex(lang.c.CTokenizerNumberTest_cv02),,
%TSTTREE84,octal(lang.c.CTokenizerNumberTest_cv02),false,1,false,-1,octal(lang.c.CTokenizerNumberTest_cv02),,
%TSTTREE85,octalZero(lang.c.CTokenizerNumberTest_cv02),false,1,false,-1,octalZero(lang.c.CTokenizerNumberTest_cv02),,
%TSTTREE86,hexNumber0x0(lang.c.CTokenizerNumberTest_cv02),false,1,false,-1,hexNumber0x0(lang.c.CTokenizerNumberTest_cv02),,
%TSTTREE87,hexNumberMax(lang.c.CTokenizerNumberTest_cv02),false,1,false,-1,hexNumberMax(lang.c.CTokenizerNumberTest_cv02),,
%TSTTREE88,octalNumber(lang.c.CTokenizerNumberTest_cv02),false,1,false,-1,octalNumber(lang.c.CTokenizerNumberTest_cv02),,
%TSTTREE89,lang.c.CTokenizerAddressTest,true,4,false,-1,lang.c.CTokenizerAddressTest,,
%TSTTREE90,hexNumber(lang.c.CTokenizerAddressTest),false,1,false,-1,hexNumber(lang.c.CTokenizerAddressTest),,
%TSTTREE91,AMP(lang.c.CTokenizerAddressTest),false,1,false,-1,AMP(lang.c.CTokenizerAddressTest),,
%TSTTREE92,decimalNumber(lang.c.CTokenizerAddressTest),false,1,false,-1,decimalNumber(lang.c.CTokenizerAddressTest),,
%TSTTREE93,octalNumber(lang.c.CTokenizerAddressTest),false,1,false,-1,octalNumber(lang.c.CTokenizerAddressTest),,
%TSTTREE94,lang.MustBeFailedTest,true,1,false,-1,lang.MustBeFailedTest,,
%TSTTREE95,testMustBeFailed(lang.MustBeFailedTest),false,1,false,-1,testMustBeFailed(lang.MustBeFailedTest),,
%TESTS  2,testProgram01(lang.c.parse.IsFirstProgramTest)
%NAME,Launch Java Tests - $(symbol-class) IsFirstProgramTest
%TAG,in socket.on
%COUNT,14
%TESTE  2,testProgram01(lang.c.parse.IsFirstProgramTest)
%TESTS  3,testWithUndefinedToken(lang.c.parse.IsFirstProgramTest)
%TESTE  3,testWithUndefinedToken(lang.c.parse.IsFirstProgramTest)
%TESTS  5,parseErrorNumPlusNone(lang.c.parse.ParseExpressionTest)
%TESTE  5,parseErrorNumPlusNone(lang.c.parse.ParseExpressionTest)
%TESTS  6,parseErrorOnlyPlus(lang.c.parse.ParseExpressionTest)
%TESTE  6,parseErrorOnlyPlus(lang.c.parse.ParseExpressionTest)
%TESTS  7,parseErrorNumMinusNone(lang.c.parse.ParseExpressionTest)
%TESTE  7,parseErrorNumMinusNone(lang.c.parse.ParseExpressionTest)
%TESTS  8,parseErrorNoneSubNum(lang.c.parse.ParseExpressionTest)
%TESTE  8,parseErrorNoneSubNum(lang.c.parse.ParseExpressionTest)
%TESTS  10,testExpressionSub(lang.c.parse.IsFirstTest_cv01)
%TESTE  10,testExpressionSub(lang.c.parse.IsFirstTest_cv01)
%TESTS  12,parseErrorEndOfProgram(lang.c.parse.ParseProgramTest)
%TESTE  12,parseErrorEndOfProgram(lang.c.parse.ParseProgramTest)
%NAME,Launch Java Tests - $(symbol-class) IsFirstProgramTest
%TAG,in socket.on
%COUNT,15
%TESTS  14,codeGenFactor(lang.c.parse.CodeGenFactorTest)
%TESTE  14,codeGenFactor(lang.c.parse.CodeGenFactorTest)
%TESTS  16,codeGenExpressionSub2Term(lang.c.parse.CodeGenExpressionTest_cv01)
%TESTE  16,codeGenExpressionSub2Term(lang.c.parse.CodeGenExpressionTest_cv01)
%TESTS  17,codeGenExpressionSub3Term(lang.c.parse.CodeGenExpressionTest_cv01)
%TESTE  17,codeGenExpressionSub3Term(lang.c.parse.CodeGenExpressionTest_cv01)
%TESTS  19,codeGenNumber(lang.c.parse.CodeGenNumberTest)
%TESTE  19,codeGenNumber(lang.c.parse.CodeGenNumberTest)
%TESTS  21,codeGenExpressionAdd2Term(lang.c.parse.CodeGenExpressionTest)
%TESTE  21,codeGenExpressionAdd2Term(lang.c.parse.CodeGenExpressionTest)
%TESTS  22,codeGenExpressionAdd3Term(lang.c.parse.CodeGenExpressionTest)
%TESTE  22,codeGenExpressionAdd3Term(lang.c.parse.CodeGenExpressionTest)
%TESTS  24,codeGenLeftTermAdd2Terms(lang.c.parse.CodeGenProgramTest)
%TESTE  24,codeGenLeftTermAdd2Terms(lang.c.parse.CodeGenProgramTest)
%TESTS  25,codeGenProgramAdd2Terms(lang.c.parse.CodeGenProgramTest)
%TESTE  25,codeGenProgramAdd2Terms(lang.c.parse.CodeGenProgramTest)
%TESTS  26,codeGenProgramAdd3Terms(lang.c.parse.CodeGenProgramTest)
%TESTE  26,codeGenProgramAdd3Terms(lang.c.parse.CodeGenProgramTest)
%TESTS  28,UndefinedToken(lang.c.parse.IsFirstTest)
%TESTE  28,UndefinedToken(lang.c.parse.IsFirstTest)
%TESTS  29,testExpressionAdd(lang.c.parse.IsFirstTest)
%TESTE  29,testExpressionAdd(lang.c.parse.IsFirstTest)
%TESTS  30,testDecimalNumber(lang.c.parse.IsFirstTest)
%TESTE  30,testDecimalNumber(lang.c.parse.IsFirstTest)
%TESTS  31,testExpression(lang.c.parse.IsFirstTest)
%TESTE  31,testExpression(lang.c.parse.IsFirstTest)
%TESTS  33,ExpressionAddNoError(lang.c.parse.SemanticCheckProgramTest)
%TESTE  33,ExpressionAddNoError(lang.c.parse.SemanticCheckProgramTest)
%TESTS  34,noResponseDoBeforeParse(lang.c.parse.SemanticCheckProgramTest)
%TESTE  34,noResponseDoBeforeParse(lang.c.parse.SemanticCheckProgramTest)
%TESTS  36,ExpressionSubNoError(lang.c.parse.SemanticCheckProgramTest_cv01)
%TESTE  36,ExpressionSubNoError(lang.c.parse.SemanticCheckProgramTest_cv01)
%TESTS  38,parseNumber(lang.c.parse.ParseNumberTest)
%TESTE  38,parseNumber(lang.c.parse.ParseNumberTest)
%TESTS  40,codeGenTerm(lang.c.parse.CodeGenTermTest)
%TESTE  40,codeGenTerm(lang.c.parse.CodeGenTermTest)
%TESTS  42,FactorWithPlusSignOverflow(lang.c.parse.SemanticCheckProgramTest_cv02)
%FAILED 42,FactorWithPlusSignOverflow(lang.c.parse.SemanticCheckProgramTest_cv02)
%TRACES 
java.lang.AssertionError: Failed with 32768
Expected: is <false>
     but: was <true>
	at org.hamcrest.MatcherAssert.assertThat(MatcherAssert.java:20)
	at lang.c.parse.SemanticCheckProgramTest_cv02.FactorWithPlusSignOverflow(SemanticCheckProgramTest_cv02.java:117)
	at java.base/jdk.internal.reflect.NativeMethodAccessorImpl.invoke0(Native Method)
	at java.base/jdk.internal.reflect.NativeMethodAccessorImpl.invoke(NativeMethodAccessorImpl.java:77)
	at java.base/jdk.internal.reflect.DelegatingMethodAccessorImpl.invoke(DelegatingMethodAccessorImpl.java:43)
	at java.base/java.lang.reflect.Method.invoke(Method.java:568)
	at org.junit.runners.model.FrameworkMethod$1.runReflectiveCall(FrameworkMethod.java:47)
	at org.junit.internal.runners.model.ReflectiveCallable.run(ReflectiveCallable.java:12)
	at org.junit.runners.model.FrameworkMethod.invokeExplosively(FrameworkMethod.java:44)
	at org.junit.internal.runners.statements.InvokeMethod.evaluate(InvokeMethod.java:17)
	at org.junit.internal.runners.statements.RunBefores.evaluate(RunBefores.java:26)
	at org.junit.internal.runners.statements.RunAfters.evaluate(RunAfters.java:27)
	at org.junit.runners.ParentRunner.runLeaf(ParentRunner.java:271)
	at org.junit.runners.BlockJUnit4ClassRunner.runChild(BlockJUnit4ClassRunner.java:70)
	at org.junit.runners.BlockJUnit4ClassRunner.runChild(BlockJUnit4ClassRunner.java:50)
	at org.junit.runners.ParentRunner$3.run(ParentRunner.java:238)
	at org.junit.runners.ParentRunner$1.schedule(ParentRunner.java:63)
	at org.junit.runners.ParentRunner.runChildren(ParentRunner.java:236)
	at org.junit.runners.ParentRunner.access$000(ParentRunner.java:53)
	at org.junit.runners.ParentRunner$2.evaluate(ParentRunner.java:229)
	at org.junit.runners.ParentRunner.run(ParentRunner.java:309)
	at org.eclipse.jdt.internal.junit4.runner.JUnit4TestReference.run(JUnit4TestReference.java:93)
	at org.eclipse.jdt.internal.junit.runner.TestExecution.run(TestExecution.java:40)
	at org.eclipse.jdt.internal.junit.runner.RemoteTestRunner.runTests(RemoteTestRunner.java:529)
	at org.eclipse.jdt.internal.junit.runner.RemoteTestRunner.runTests(RemoteTestRunner.java:756)
	at org.eclipse.jdt.internal.junit.runner.RemoteTestRunner.run(RemoteTestRunner.java:452)
	at org.eclipse.jdt.internal.junit.runner.RemoteTestRunner.main(RemoteTestRunner.java:210)

%TRACEE 
%TESTE  42,FactorWithPlusSignOverflow(lang.c.parse.SemanticCheckProgramTest_cv02)
%TESTS  43,FactorAmpNoError(lang.c.parse.SemanticCheckProgramTest_cv02)
%ERROR  43,FactorAmpNoError(lang.c.parse.SemanticCheckProgramTest_cv02)
%TRACES 
java.lang.Error: Unresolved compilation problems: 
	FactorAmp cannot be resolved
	FactorAmp cannot be resolved to a type
	FactorAmp cannot be resolved to a type

	at lang.c.parse.SemanticCheckProgramTest_cv02.FactorAmpNoError(SemanticCheckProgramTest_cv02.java:81)
	at java.base/jdk.internal.reflect.NativeMethodAccessorImpl.invoke0(Native Method)
	at java.base/jdk.internal.reflect.NativeMethodAccessorImpl.invoke(NativeMethodAccessorImpl.java:77)
	at java.base/jdk.internal.reflect.DelegatingMethodAccessorImpl.invoke(DelegatingMethodAccessorImpl.java:43)
	at java.base/java.lang.reflect.Method.invoke(Method.java:568)
	at org.junit.runners.model.FrameworkMethod$1.runReflectiveCall(FrameworkMethod.java:47)
	at org.junit.internal.runners.model.ReflectiveCallable.run(ReflectiveCallable.java:12)
	at org.junit.runners.model.FrameworkMethod.invokeExplosively(FrameworkMethod.java:44)
	at org.junit.internal.runners.statements.InvokeMethod.evaluate(InvokeMethod.java:17)
	at org.junit.internal.runners.statements.RunBefores.evaluate(RunBefores.java:26)
	at org.junit.internal.runners.statements.RunAfters.evaluate(RunAfters.java:27)
	at org.junit.runners.ParentRunner.runLeaf(ParentRunner.java:271)
	at org.junit.runners.BlockJUnit4ClassRunner.runChild(BlockJUnit4ClassRunner.java:70)
	at org.junit.runners.BlockJUnit4ClassRunner.runChild(BlockJUnit4ClassRunner.java:50)
	at org.junit.runners.ParentRunner$3.run(ParentRunner.java:238)
	at org.junit.runners.ParentRunner$1.schedule(ParentRunner.java:63)
	at org.junit.runners.ParentRunner.runChildren(ParentRunner.java:236)
	at org.junit.runners.ParentRunner.access$000(ParentRunner.java:53)
	at org.junit.runners.ParentRunner$2.evaluate(ParentRunner.java:229)
	at org.junit.runners.ParentRunner.run(ParentRunner.java:309)
	at org.eclipse.jdt.internal.junit4.runner.JUnit4TestReference.run(JUnit4TestReference.java:93)
	at org.eclipse.jdt.internal.junit.runner.TestExecution.run(TestExecution.java:40)
	at org.eclipse.jdt.internal.junit.runner.RemoteTestRunner.runTests(RemoteTestRunner.java:529)
	at org.eclipse.jdt.internal.junit.runner.RemoteTestRunner.runTests(RemoteTestRunner.java:756)
	at org.eclipse.jdt.internal.junit.runner.RemoteTestRunner.run(RemoteTestRunner.java:452)
	at org.eclipse.jdt.internal.junit.runner.RemoteTestRunner.main(RemoteTestRunner.java:210)

%TRACEE 
%TESTE  43,FactorAmpNoError(lang.c.parse.SemanticCheckProgramTest_cv02)
%TESTS  44,ExpressionAddTypeNoError(lang.c.parse.SemanticCheckProgramTest_cv02)
%FAILED 44,ExpressionAddTypeNoError(lang.c.parse.SemanticCheckProgramTest_cv02)
%TRACES 
java.lang.AssertionError: 
Expected: is <true>
     but: was <false>
	at org.hamcrest.MatcherAssert.assertThat(MatcherAssert.java:20)
	at org.hamcrest.MatcherAssert.assertThat(MatcherAssert.java:8)
	at lang.c.parse.SemanticCheckProgramTest_cv02.ExpressionAddTypeNoError(SemanticCheckProgramTest_cv02.java:67)
	at java.base/jdk.internal.reflect.NativeMethodAccessorImpl.invoke0(Native Method)
	at java.base/jdk.internal.reflect.NativeMethodAccessorImpl.invoke(NativeMethodAccessorImpl.java:77)
	at java.base/jdk.internal.reflect.DelegatingMethodAccessorImpl.invoke(DelegatingMethodAccessorImpl.java:43)
	at java.base/java.lang.reflect.Method.invoke(Method.java:568)
	at org.junit.runners.model.FrameworkMethod$1.runReflectiveCall(FrameworkMethod.java:47)
	at org.junit.internal.runners.model.ReflectiveCallable.run(ReflectiveCallable.java:12)
	at org.junit.runners.model.FrameworkMethod.invokeExplosively(FrameworkMethod.java:44)
	at org.junit.internal.runners.statements.InvokeMethod.evaluate(InvokeMethod.java:17)
	at org.junit.internal.runners.statements.RunBefores.evaluate(RunBefores.java:26)
	at org.junit.internal.runners.statements.RunAfters.evaluate(RunAfters.java:27)
	at org.junit.runners.ParentRunner.runLeaf(ParentRunner.java:271)
	at org.junit.runners.BlockJUnit4ClassRunner.runChild(BlockJUnit4ClassRunner.java:70)
	at org.junit.runners.BlockJUnit4ClassRunner.runChild(BlockJUnit4ClassRunner.java:50)
	at org.junit.runners.ParentRunner$3.run(ParentRunner.java:238)
	at org.junit.runners.ParentRunner$1.schedule(ParentRunner.java:63)
	at org.junit.runners.ParentRunner.runChildren(ParentRunner.java:236)
	at org.junit.runners.ParentRunner.access$000(ParentRunner.java:53)
	at org.junit.runners.ParentRunner$2.evaluate(ParentRunner.java:229)
	at org.junit.runners.ParentRunner.run(ParentRunner.java:309)
	at org.eclipse.jdt.internal.junit4.runner.JUnit4TestReference.run(JUnit4TestReference.java:93)
	at org.eclipse.jdt.internal.junit.runner.TestExecution.run(TestExecution.java:40)
	at org.eclipse.jdt.internal.junit.runner.RemoteTestRunner.runTests(RemoteTestRunner.java:529)
	at org.eclipse.jdt.internal.junit.runner.RemoteTestRunner.runTests(RemoteTestRunner.java:756)
	at org.eclipse.jdt.internal.junit.runner.RemoteTestRunner.run(RemoteTestRunner.java:452)
	at org.eclipse.jdt.internal.junit.runner.RemoteTestRunner.main(RemoteTestRunner.java:210)

%TRACEE 
%TESTE  44,ExpressionAddTypeNoError(lang.c.parse.SemanticCheckProgramTest_cv02)
%TESTS  45,FactorWithAmpOverflow(lang.c.parse.SemanticCheckProgramTest_cv02)
%FAILED 45,FactorWithAmpOverflow(lang.c.parse.SemanticCheckProgramTest_cv02)
%TRACES 
java.lang.AssertionError: Failed with &65536
Expected: is <true>
     but: was <false>
	at org.hamcrest.MatcherAssert.assertThat(MatcherAssert.java:20)
	at lang.c.parse.SemanticCheckProgramTest_cv02.FactorWithAmpOverflow(SemanticCheckProgramTest_cv02.java:98)
	at java.base/jdk.internal.reflect.NativeMethodAccessorImpl.invoke0(Native Method)
	at java.base/jdk.internal.reflect.NativeMethodAccessorImpl.invoke(NativeMethodAccessorImpl.java:77)
	at java.base/jdk.internal.reflect.DelegatingMethodAccessorImpl.invoke(DelegatingMethodAccessorImpl.java:43)
	at java.base/java.lang.reflect.Method.invoke(Method.java:568)
	at org.junit.runners.model.FrameworkMethod$1.runReflectiveCall(FrameworkMethod.java:47)
	at org.junit.internal.runners.model.ReflectiveCallable.run(ReflectiveCallable.java:12)
	at org.junit.runners.model.FrameworkMethod.invokeExplosively(FrameworkMethod.java:44)
	at org.junit.internal.runners.statements.InvokeMethod.evaluate(InvokeMethod.java:17)
	at org.junit.internal.runners.statements.RunBefores.evaluate(RunBefores.java:26)
	at org.junit.internal.runners.statements.RunAfters.evaluate(RunAfters.java:27)
	at org.junit.runners.ParentRunner.runLeaf(ParentRunner.java:271)
	at org.junit.runners.BlockJUnit4ClassRunner.runChild(BlockJUnit4ClassRunner.java:70)
	at org.junit.runners.BlockJUnit4ClassRunner.runChild(BlockJUnit4ClassRunner.java:50)
	at org.junit.runners.ParentRunner$3.run(ParentRunner.java:238)
	at org.junit.runners.ParentRunner$1.schedule(ParentRunner.java:63)
	at org.junit.runners.ParentRunner.runChildren(ParentRunner.java:236)
	at org.junit.runners.ParentRunner.access$000(ParentRunner.java:53)
	at org.junit.runners.ParentRunner$2.evaluate(ParentRunner.java:229)
	at org.junit.runners.ParentRunner.run(ParentRunner.java:309)
	at org.eclipse.jdt.internal.junit4.runner.JUnit4TestReference.run(JUnit4TestReference.java:93)
	at org.eclipse.jdt.internal.junit.runner.TestExecution.run(TestExecution.java:40)
	at org.eclipse.jdt.internal.junit.runner.RemoteTestRunner.runTests(RemoteTestRunner.java:529)
	at org.eclipse.jdt.internal.junit.runner.RemoteTestRunner.runTests(RemoteTestRunner.java:756)
	at org.eclipse.jdt.internal.junit.runner.RemoteTestRunner.run(RemoteTestRunner.java:452)
	at org.eclipse.jdt.internal.junit.runner.RemoteTestRunner.main(RemoteTestRunner.java:210)

%TRACEE 
%TESTE  45,FactorWithAmpOverflow(lang.c.parse.SemanticCheckProgramTest_cv02)
%TESTS  47,codeGenFactorAmp(lang.c.parse.CodeGenFactorAmpTest)
%ERROR  47,codeGenFactorAmp(lang.c.parse.CodeGenFactorAmpTest)
%TRACES 
java.lang.Error: Unresolved compilation problems: 
	FactorAmp cannot be resolved to a type
	FactorAmp cannot be resolved to a type

	at lang.c.parse.CodeGenFactorAmpTest.codeGenFactorAmp(CodeGenFactorAmpTest.java:56)
	at java.base/jdk.internal.reflect.NativeMethodAccessorImpl.invoke0(Native Method)
	at java.base/jdk.internal.reflect.NativeMethodAccessorImpl.invoke(NativeMethodAccessorImpl.java:77)
	at java.base/jdk.internal.reflect.DelegatingMethodAccessorImpl.invoke(DelegatingMethodAccessorImpl.java:43)
	at java.base/java.lang.reflect.Method.invoke(Method.java:568)
	at org.junit.runners.model.FrameworkMethod$1.runReflectiveCall(FrameworkMethod.java:47)
	at org.junit.internal.runners.model.ReflectiveCallable.run(ReflectiveCallable.java:12)
	at org.junit.runners.model.FrameworkMethod.invokeExplosively(FrameworkMethod.java:44)
	at org.junit.internal.runners.statements.InvokeMethod.evaluate(InvokeMethod.java:17)
	at org.junit.internal.runners.statements.RunBefores.evaluate(RunBefores.java:26)
	at org.junit.internal.runners.statements.RunAfters.evaluate(RunAfters.java:27)
	at org.junit.runners.ParentRunner.runLeaf(ParentRunner.java:271)
	at org.junit.runners.BlockJUnit4ClassRunner.runChild(BlockJUnit4ClassRunner.java:70)
	at org.junit.runners.BlockJUnit4ClassRunner.runChild(BlockJUnit4ClassRunner.java:50)
	at org.junit.runners.ParentRunner$3.run(ParentRunner.java:238)
	at org.junit.runners.ParentRunner$1.schedule(ParentRunner.java:63)
	at org.junit.runners.ParentRunner.runChildren(ParentRunner.java:236)
	at org.junit.runners.ParentRunner.access$000(ParentRunner.java:53)
	at org.junit.runners.ParentRunner$2.evaluate(ParentRunner.java:229)
	at org.junit.runners.ParentRunner.run(ParentRunner.java:309)
	at org.eclipse.jdt.internal.junit4.runner.JUnit4TestReference.run(JUnit4TestReference.java:93)
	at org.eclipse.jdt.internal.junit.runner.TestExecution.run(TestExecution.java:40)
	at org.eclipse.jdt.internal.junit.runner.RemoteTestRunner.runTests(RemoteTestRunner.java:529)
	at org.eclipse.jdt.internal.junit.runner.RemoteTestRunner.runTests(RemoteTestRunner.java:756)
	at org.eclipse.jdt.internal.junit.runner.RemoteTestRunner.run(RemoteTestRunner.java:452)
	at org.eclipse.jdt.internal.junit.runner.RemoteTestRunner.main(RemoteTestRunner.java:210)

%TRACEE 
%TESTE  47,codeGenFactorAmp(lang.c.parse.CodeGenFactorAmpTest)
%TESTS  48,codeGenFactorWithAmp(lang.c.parse.CodeGenFactorAmpTest)
%FAILED 48,codeGenFactorWithAmp(lang.c.parse.CodeGenFactorAmpTest)
%TRACES 
java.lang.AssertionError: Line: 0
Expected: is "MOV#2,(R6)+"
     but: was "MOV#&,(R6)+"
	at org.hamcrest.MatcherAssert.assertThat(MatcherAssert.java:20)
	at lang.c.TestHelper.checkCodePortion(TestHelper.java:50)
	at lang.c.TestHelper.checkCodeGen(TestHelper.java:71)
	at lang.c.parse.CodeGenFactorAmpTest.codeGenFactorWithAmp(CodeGenFactorAmpTest.java:69)
	at java.base/jdk.internal.reflect.NativeMethodAccessorImpl.invoke0(Native Method)
	at java.base/jdk.internal.reflect.NativeMethodAccessorImpl.invoke(NativeMethodAccessorImpl.java:77)
	at java.base/jdk.internal.reflect.DelegatingMethodAccessorImpl.invoke(DelegatingMethodAccessorImpl.java:43)
	at java.base/java.lang.reflect.Method.invoke(Method.java:568)
	at org.junit.runners.model.FrameworkMethod$1.runReflectiveCall(FrameworkMethod.java:47)
	at org.junit.internal.runners.model.ReflectiveCallable.run(ReflectiveCallable.java:12)
	at org.junit.runners.model.FrameworkMethod.invokeExplosively(FrameworkMethod.java:44)
	at org.junit.internal.runners.statements.InvokeMethod.evaluate(InvokeMethod.java:17)
	at org.junit.internal.runners.statements.RunBefores.evaluate(RunBefores.java:26)
	at org.junit.internal.runners.statements.RunAfters.evaluate(RunAfters.java:27)
	at org.junit.runners.ParentRunner.runLeaf(ParentRunner.java:271)
	at org.junit.runners.BlockJUnit4ClassRunner.runChild(BlockJUnit4ClassRunner.java:70)
	at org.junit.runners.BlockJUnit4ClassRunner.runChild(BlockJUnit4ClassRunner.java:50)
	at org.junit.runners.ParentRunner$3.run(ParentRunner.java:238)
	at org.junit.runners.ParentRunner$1.schedule(ParentRunner.java:63)
	at org.junit.runners.ParentRunner.runChildren(ParentRunner.java:236)
	at org.junit.runners.ParentRunner.access$000(ParentRunner.java:53)
	at org.junit.runners.ParentRunner$2.evaluate(ParentRunner.java:229)
	at org.junit.runners.ParentRunner.run(ParentRunner.java:309)
	at org.eclipse.jdt.internal.junit4.runner.JUnit4TestReference.run(JUnit4TestReference.java:93)
	at org.eclipse.jdt.internal.junit.runner.TestExecution.run(TestExecution.java:40)
	at org.eclipse.jdt.internal.junit.runner.RemoteTestRunner.runTests(RemoteTestRunner.java:529)
	at org.eclipse.jdt.internal.junit.runner.RemoteTestRunner.runTests(RemoteTestRunner.java:756)
	at org.eclipse.jdt.internal.junit.runner.RemoteTestRunner.run(RemoteTestRunner.java:452)
	at org.eclipse.jdt.internal.junit.runner.RemoteTestRunner.main(RemoteTestRunner.java:210)

%TRACEE 
%TESTE  48,codeGenFactorWithAmp(lang.c.parse.CodeGenFactorAmpTest)
%TESTS  50,parseAddressOnlyAMP(lang.c.parse.ParseAddressTest)
%FAILED 50,parseAddressOnlyAMP(lang.c.parse.ParseAddressTest)
%TRACES 
java.lang.AssertionError: 
Expected: a string containing "Write down a part of error sentence you have decided on here"
     but: was "[1行目,3文字目の'&']+の後ろはtermです"
	at org.hamcrest.MatcherAssert.assertThat(MatcherAssert.java:20)
	at org.hamcrest.MatcherAssert.assertThat(MatcherAssert.java:8)
	at lang.c.parse.ParseAddressTest.parseAddressOnlyAMP(ParseAddressTest.java:73)
	at java.base/jdk.internal.reflect.NativeMethodAccessorImpl.invoke0(Native Method)
	at java.base/jdk.internal.reflect.NativeMethodAccessorImpl.invoke(NativeMethodAccessorImpl.java:77)
	at java.base/jdk.internal.reflect.DelegatingMethodAccessorImpl.invoke(DelegatingMethodAccessorImpl.java:43)
	at java.base/java.lang.reflect.Method.invoke(Method.java:568)
	at org.junit.runners.model.FrameworkMethod$1.runReflectiveCall(FrameworkMethod.java:47)
	at org.junit.internal.runners.model.ReflectiveCallable.run(ReflectiveCallable.java:12)
	at org.junit.runners.model.FrameworkMethod.invokeExplosively(FrameworkMethod.java:44)
	at org.junit.internal.runners.statements.InvokeMethod.evaluate(InvokeMethod.java:17)
	at org.junit.internal.runners.statements.RunBefores.evaluate(RunBefores.java:26)
	at org.junit.internal.runners.statements.RunAfters.evaluate(RunAfters.java:27)
	at org.junit.runners.ParentRunner.runLeaf(ParentRunner.java:271)
	at org.junit.runners.BlockJUnit4ClassRunner.runChild(BlockJUnit4ClassRunner.java:70)
	at org.junit.runners.BlockJUnit4ClassRunner.runChild(BlockJUnit4ClassRunner.java:50)
	at org.junit.runners.ParentRunner$3.run(ParentRunner.java:238)
	at org.junit.runners.ParentRunner$1.schedule(ParentRunner.java:63)
	at org.junit.runners.ParentRunner.runChildren(ParentRunner.java:236)
	at org.junit.runners.ParentRunner.access$000(ParentRunner.java:53)
	at org.junit.runners.ParentRunner$2.evaluate(ParentRunner.java:229)
	at org.junit.runners.ParentRunner.run(ParentRunner.java:309)
	at org.eclipse.jdt.internal.junit4.runner.JUnit4TestReference.run(JUnit4TestReference.java:93)
	at org.eclipse.jdt.internal.junit.runner.TestExecution.run(TestExecution.java:40)
	at org.eclipse.jdt.internal.junit.runner.RemoteTestRunner.runTests(RemoteTestRunner.java:529)
	at org.eclipse.jdt.internal.junit.runner.RemoteTestRunner.runTests(RemoteTestRunner.java:756)
	at org.eclipse.jdt.internal.junit.runner.RemoteTestRunner.run(RemoteTestRunner.java:452)
	at org.eclipse.jdt.internal.junit.runner.RemoteTestRunner.main(RemoteTestRunner.java:210)

%TRACEE 
%TESTE  50,parseAddressOnlyAMP(lang.c.parse.ParseAddressTest)
%TESTS  52,testFactorAmp(lang.c.parse.IsFirstTest_cv02)
%ERROR  52,testFactorAmp(lang.c.parse.IsFirstTest_cv02)
%TRACES 
java.lang.Error: Unresolved compilation problem: 
	FactorAmp cannot be resolved

	at lang.c.parse.IsFirstTest_cv02.testFactorAmp(IsFirstTest_cv02.java:63)
	at java.base/jdk.internal.reflect.NativeMethodAccessorImpl.invoke0(Native Method)
	at java.base/jdk.internal.reflect.NativeMethodAccessorImpl.invoke(NativeMethodAccessorImpl.java:77)
	at java.base/jdk.internal.reflect.DelegatingMethodAccessorImpl.invoke(DelegatingMethodAccessorImpl.java:43)
	at java.base/java.lang.reflect.Method.invoke(Method.java:568)
	at org.junit.runners.model.FrameworkMethod$1.runReflectiveCall(FrameworkMethod.java:47)
	at org.junit.internal.runners.model.ReflectiveCallable.run(ReflectiveCallable.java:12)
	at org.junit.runners.model.FrameworkMethod.invokeExplosively(FrameworkMethod.java:44)
	at org.junit.internal.runners.statements.InvokeMethod.evaluate(InvokeMethod.java:17)
	at org.junit.internal.runners.statements.RunBefores.evaluate(RunBefores.java:26)
	at org.junit.internal.runners.statements.RunAfters.evaluate(RunAfters.java:27)
	at org.junit.runners.ParentRunner.runLeaf(ParentRunner.java:271)
	at org.junit.runners.BlockJUnit4ClassRunner.runChild(BlockJUnit4ClassRunner.java:70)
	at org.junit.runners.BlockJUnit4ClassRunner.runChild(BlockJUnit4ClassRunner.java:50)
	at org.junit.runners.ParentRunner$3.run(ParentRunner.java:238)
	at org.junit.runners.ParentRunner$1.schedule(ParentRunner.java:63)
	at org.junit.runners.ParentRunner.runChildren(ParentRunner.java:236)
	at org.junit.runners.ParentRunner.access$000(ParentRunner.java:53)
	at org.junit.runners.ParentRunner$2.evaluate(ParentRunner.java:229)
	at org.junit.runners.ParentRunner.run(ParentRunner.java:309)
	at org.eclipse.jdt.internal.junit4.runner.JUnit4TestReference.run(JUnit4TestReference.java:93)
	at org.eclipse.jdt.internal.junit.runner.TestExecution.run(TestExecution.java:40)
	at org.eclipse.jdt.internal.junit.runner.RemoteTestRunner.runTests(RemoteTestRunner.java:529)
	at org.eclipse.jdt.internal.junit.runner.RemoteTestRunner.runTests(RemoteTestRunner.java:756)
	at org.eclipse.jdt.internal.junit.runner.RemoteTestRunner.run(RemoteTestRunner.java:452)
	at org.eclipse.jdt.internal.junit.runner.RemoteTestRunner.main(RemoteTestRunner.java:210)

%TRACEE 
%TESTE  52,testFactorAmp(lang.c.parse.IsFirstTest_cv02)
%TESTS  54,semanticCheckAddressSubError(lang.c.parse.SemanticCheckAddressTest)
%ERROR  54,semanticCheckAddressSubError(lang.c.parse.SemanticCheckAddressTest)
%TRACES 
java.lang.Error: Unresolved compilation problems: 
	The method isFirst(CToken) is undefined for the type Expression
	The constructor Expression(CParseContext) is undefined
	The method parse(CParseContext) is undefined for the type Expression
	The method semanticCheck(CParseContext) is undefined for the type Expression

	at lang.c.parse.SemanticCheckAddressTest.semanticCheckAddressSubError(SemanticCheckAddressTest.java:133)
	at java.base/jdk.internal.reflect.NativeMethodAccessorImpl.invoke0(Native Method)
	at java.base/jdk.internal.reflect.NativeMethodAccessorImpl.invoke(NativeMethodAccessorImpl.java:77)
	at java.base/jdk.internal.reflect.DelegatingMethodAccessorImpl.invoke(DelegatingMethodAccessorImpl.java:43)
	at java.base/java.lang.reflect.Method.invoke(Method.java:568)
	at org.junit.runners.model.FrameworkMethod$1.runReflectiveCall(FrameworkMethod.java:47)
	at org.junit.internal.runners.model.ReflectiveCallable.run(ReflectiveCallable.java:12)
	at org.junit.runners.model.FrameworkMethod.invokeExplosively(FrameworkMethod.java:44)
	at org.junit.internal.runners.statements.InvokeMethod.evaluate(InvokeMethod.java:17)
	at org.junit.internal.runners.statements.RunBefores.evaluate(RunBefores.java:26)
	at org.junit.internal.runners.statements.RunAfters.evaluate(RunAfters.java:27)
	at org.junit.runners.ParentRunner.runLeaf(ParentRunner.java:271)
	at org.junit.runners.BlockJUnit4ClassRunner.runChild(BlockJUnit4ClassRunner.java:70)
	at org.junit.runners.BlockJUnit4ClassRunner.runChild(BlockJUnit4ClassRunner.java:50)
	at org.junit.runners.ParentRunner$3.run(ParentRunner.java:238)
	at org.junit.runners.ParentRunner$1.schedule(ParentRunner.java:63)
	at org.junit.runners.ParentRunner.runChildren(ParentRunner.java:236)
	at org.junit.runners.ParentRunner.access$000(ParentRunner.java:53)
	at org.junit.runners.ParentRunner$2.evaluate(ParentRunner.java:229)
	at org.junit.runners.ParentRunner.run(ParentRunner.java:309)
	at org.eclipse.jdt.internal.junit4.runner.JUnit4TestReference.run(JUnit4TestReference.java:93)
	at org.eclipse.jdt.internal.junit.runner.TestExecution.run(TestExecution.java:40)
	at org.eclipse.jdt.internal.junit.runner.RemoteTestRunner.runTests(RemoteTestRunner.java:529)
	at org.eclipse.jdt.internal.junit.runner.RemoteTestRunner.runTests(RemoteTestRunner.java:756)
	at org.eclipse.jdt.internal.junit.runner.RemoteTestRunner.run(RemoteTestRunner.java:452)
	at org.eclipse.jdt.internal.junit.runner.RemoteTestRunner.main(RemoteTestRunner.java:210)

%TRACEE 
%TESTE  54,semanticCheckAddressSubError(lang.c.parse.SemanticCheckAddressTest)
%TESTS  55,semanticCheckAddressSubAccept(lang.c.parse.SemanticCheckAddressTest)
%ERROR  55,semanticCheckAddressSubAccept(lang.c.parse.SemanticCheckAddressTest)
%TRACES 
java.lang.Error: Unresolved compilation problems: 
	The method isFirst(CToken) is undefined for the type Expression
	The constructor Expression(CParseContext) is undefined
	The method parse(CParseContext) is undefined for the type Expression
	The method semanticCheck(CParseContext) is undefined for the type Expression

	at lang.c.parse.SemanticCheckAddressTest.semanticCheckAddressSubAccept(SemanticCheckAddressTest.java:113)
	at java.base/jdk.internal.reflect.NativeMethodAccessorImpl.invoke0(Native Method)
	at java.base/jdk.internal.reflect.NativeMethodAccessorImpl.invoke(NativeMethodAccessorImpl.java:77)
	at java.base/jdk.internal.reflect.DelegatingMethodAccessorImpl.invoke(DelegatingMethodAccessorImpl.java:43)
	at java.base/java.lang.reflect.Method.invoke(Method.java:568)
	at org.junit.runners.model.FrameworkMethod$1.runReflectiveCall(FrameworkMethod.java:47)
	at org.junit.internal.runners.model.ReflectiveCallable.run(ReflectiveCallable.java:12)
	at org.junit.runners.model.FrameworkMethod.invokeExplosively(FrameworkMethod.java:44)
	at org.junit.internal.runners.statements.InvokeMethod.evaluate(InvokeMethod.java:17)
	at org.junit.internal.runners.statements.RunBefores.evaluate(RunBefores.java:26)
	at org.junit.internal.runners.statements.RunAfters.evaluate(RunAfters.java:27)
	at org.junit.runners.ParentRunner.runLeaf(ParentRunner.java:271)
	at org.junit.runners.BlockJUnit4ClassRunner.runChild(BlockJUnit4ClassRunner.java:70)
	at org.junit.runners.BlockJUnit4ClassRunner.runChild(BlockJUnit4ClassRunner.java:50)
	at org.junit.runners.ParentRunner$3.run(ParentRunner.java:238)
	at org.junit.runners.ParentRunner$1.schedule(ParentRunner.java:63)
	at org.junit.runners.ParentRunner.runChildren(ParentRunner.java:236)
	at org.junit.runners.ParentRunner.access$000(ParentRunner.java:53)
	at org.junit.runners.ParentRunner$2.evaluate(ParentRunner.java:229)
	at org.junit.runners.ParentRunner.run(ParentRunner.java:309)
	at org.eclipse.jdt.internal.junit4.runner.JUnit4TestReference.run(JUnit4TestReference.java:93)
	at org.eclipse.jdt.internal.junit.runner.TestExecution.run(TestExecution.java:40)
	at org.eclipse.jdt.internal.junit.runner.RemoteTestRunner.runTests(RemoteTestRunner.java:529)
	at org.eclipse.jdt.internal.junit.runner.RemoteTestRunner.runTests(RemoteTestRunner.java:756)
	at org.eclipse.jdt.internal.junit.runner.RemoteTestRunner.run(RemoteTestRunner.java:452)
	at org.eclipse.jdt.internal.junit.runner.RemoteTestRunner.main(RemoteTestRunner.java:210)

%TRACEE 
%TESTE  55,semanticCheckAddressSubAccept(lang.c.parse.SemanticCheckAddressTest)
%TESTS  56,semanticCheckAddressAddAccept(lang.c.parse.SemanticCheckAddressTest)
%ERROR  56,semanticCheckAddressAddAccept(lang.c.parse.SemanticCheckAddressTest)
%TRACES 
java.lang.Error: Unresolved compilation problems: 
	The method isFirst(CToken) is undefined for the type Expression
	The constructor Expression(CParseContext) is undefined
	The method parse(CParseContext) is undefined for the type Expression
	The method semanticCheck(CParseContext) is undefined for the type Expression

	at lang.c.parse.SemanticCheckAddressTest.semanticCheckAddressAddAccept(SemanticCheckAddressTest.java:72)
	at java.base/jdk.internal.reflect.NativeMethodAccessorImpl.invoke0(Native Method)
	at java.base/jdk.internal.reflect.NativeMethodAccessorImpl.invoke(NativeMethodAccessorImpl.java:77)
	at java.base/jdk.internal.reflect.DelegatingMethodAccessorImpl.invoke(DelegatingMethodAccessorImpl.java:43)
	at java.base/java.lang.reflect.Method.invoke(Method.java:568)
	at org.junit.runners.model.FrameworkMethod$1.runReflectiveCall(FrameworkMethod.java:47)
	at org.junit.internal.runners.model.ReflectiveCallable.run(ReflectiveCallable.java:12)
	at org.junit.runners.model.FrameworkMethod.invokeExplosively(FrameworkMethod.java:44)
	at org.junit.internal.runners.statements.InvokeMethod.evaluate(InvokeMethod.java:17)
	at org.junit.internal.runners.statements.RunBefores.evaluate(RunBefores.java:26)
	at org.junit.internal.runners.statements.RunAfters.evaluate(RunAfters.java:27)
	at org.junit.runners.ParentRunner.runLeaf(ParentRunner.java:271)
	at org.junit.runners.BlockJUnit4ClassRunner.runChild(BlockJUnit4ClassRunner.java:70)
	at org.junit.runners.BlockJUnit4ClassRunner.runChild(BlockJUnit4ClassRunner.java:50)
	at org.junit.runners.ParentRunner$3.run(ParentRunner.java:238)
	at org.junit.runners.ParentRunner$1.schedule(ParentRunner.java:63)
	at org.junit.runners.ParentRunner.runChildren(ParentRunner.java:236)
	at org.junit.runners.ParentRunner.access$000(ParentRunner.java:53)
	at org.junit.runners.ParentRunner$2.evaluate(ParentRunner.java:229)
	at org.junit.runners.ParentRunner.run(ParentRunner.java:309)
	at org.eclipse.jdt.internal.junit4.runner.JUnit4TestReference.run(JUnit4TestReference.java:93)
	at org.eclipse.jdt.internal.junit.runner.TestExecution.run(TestExecution.java:40)
	at org.eclipse.jdt.internal.junit.runner.RemoteTestRunner.runTests(RemoteTestRunner.java:529)
	at org.eclipse.jdt.internal.junit.runner.RemoteTestRunner.runTests(RemoteTestRunner.java:756)
	at org.eclipse.jdt.internal.junit.runner.RemoteTestRunner.run(RemoteTestRunner.java:452)
	at org.eclipse.jdt.internal.junit.runner.RemoteTestRunner.main(RemoteTestRunner.java:210)

%TRACEE 
%TESTE  56,semanticCheckAddressAddAccept(lang.c.parse.SemanticCheckAddressTest)
%TESTS  57,semanticCheckAddressAddError(lang.c.parse.SemanticCheckAddressTest)
%ERROR  57,semanticCheckAddressAddError(lang.c.parse.SemanticCheckAddressTest)
%TRACES 
java.lang.Error: Unresolved compilation problems: 
	The method isFirst(CToken) is undefined for the type Expression
	The constructor Expression(CParseContext) is undefined
	The method parse(CParseContext) is undefined for the type Expression
	The method semanticCheck(CParseContext) is undefined for the type Expression

	at lang.c.parse.SemanticCheckAddressTest.semanticCheckAddressAddError(SemanticCheckAddressTest.java:92)
	at java.base/jdk.internal.reflect.NativeMethodAccessorImpl.invoke0(Native Method)
	at java.base/jdk.internal.reflect.NativeMethodAccessorImpl.invoke(NativeMethodAccessorImpl.java:77)
	at java.base/jdk.internal.reflect.DelegatingMethodAccessorImpl.invoke(DelegatingMethodAccessorImpl.java:43)
	at java.base/java.lang.reflect.Method.invoke(Method.java:568)
	at org.junit.runners.model.FrameworkMethod$1.runReflectiveCall(FrameworkMethod.java:47)
	at org.junit.internal.runners.model.ReflectiveCallable.run(ReflectiveCallable.java:12)
	at org.junit.runners.model.FrameworkMethod.invokeExplosively(FrameworkMethod.java:44)
	at org.junit.internal.runners.statements.InvokeMethod.evaluate(InvokeMethod.java:17)
	at org.junit.internal.runners.statements.RunBefores.evaluate(RunBefores.java:26)
	at org.junit.internal.runners.statements.RunAfters.evaluate(RunAfters.java:27)
	at org.junit.runners.ParentRunner.runLeaf(ParentRunner.java:271)
	at org.junit.runners.BlockJUnit4ClassRunner.runChild(BlockJUnit4ClassRunner.java:70)
	at org.junit.runners.BlockJUnit4ClassRunner.runChild(BlockJUnit4ClassRunner.java:50)
	at org.junit.runners.ParentRunner$3.run(ParentRunner.java:238)
	at org.junit.runners.ParentRunner$1.schedule(ParentRunner.java:63)
	at org.junit.runners.ParentRunner.runChildren(ParentRunner.java:236)
	at org.junit.runners.ParentRunner.access$000(ParentRunner.java:53)
	at org.junit.runners.ParentRunner$2.evaluate(ParentRunner.java:229)
	at org.junit.runners.ParentRunner.run(ParentRunner.java:309)
	at org.eclipse.jdt.internal.junit4.runner.JUnit4TestReference.run(JUnit4TestReference.java:93)
	at org.eclipse.jdt.internal.junit.runner.TestExecution.run(TestExecution.java:40)
	at org.eclipse.jdt.internal.junit.runner.RemoteTestRunner.runTests(RemoteTestRunner.java:529)
	at org.eclipse.jdt.internal.junit.runner.RemoteTestRunner.runTests(RemoteTestRunner.java:756)
	at org.eclipse.jdt.internal.junit.runner.RemoteTestRunner.run(RemoteTestRunner.java:452)
	at org.eclipse.jdt.internal.junit.runner.RemoteTestRunner.main(RemoteTestRunner.java:210)

%TRACEE 
%TESTE  57,semanticCheckAddressAddError(lang.c.parse.SemanticCheckAddressTest)
%TESTS  59,semanticCheckFalseExample(lang.c.parse.SemanticCheckFactorAmpTest)
%ERROR  59,semanticCheckFalseExample(lang.c.parse.SemanticCheckFactorAmpTest)
%TRACES 
java.lang.Error: Unresolved compilation problems: 
	The method isFirst(CToken) is undefined for the type Expression
	The constructor Expression(CParseContext) is undefined
	The method parse(CParseContext) is undefined for the type Expression
	The method semanticCheck(CParseContext) is undefined for the type Expression

	at lang.c.parse.SemanticCheckFactorAmpTest.semanticCheckFalseExample(SemanticCheckFactorAmpTest.java:92)
	at java.base/jdk.internal.reflect.NativeMethodAccessorImpl.invoke0(Native Method)
	at java.base/jdk.internal.reflect.NativeMethodAccessorImpl.invoke(NativeMethodAccessorImpl.java:77)
	at java.base/jdk.internal.reflect.DelegatingMethodAccessorImpl.invoke(DelegatingMethodAccessorImpl.java:43)
	at java.base/java.lang.reflect.Method.invoke(Method.java:568)
	at org.junit.runners.model.FrameworkMethod$1.runReflectiveCall(FrameworkMethod.java:47)
	at org.junit.internal.runners.model.ReflectiveCallable.run(ReflectiveCallable.java:12)
	at org.junit.runners.model.FrameworkMethod.invokeExplosively(FrameworkMethod.java:44)
	at org.junit.internal.runners.statements.InvokeMethod.evaluate(InvokeMethod.java:17)
	at org.junit.internal.runners.statements.RunBefores.evaluate(RunBefores.java:26)
	at org.junit.internal.runners.statements.RunAfters.evaluate(RunAfters.java:27)
	at org.junit.runners.ParentRunner.runLeaf(ParentRunner.java:271)
	at org.junit.runners.BlockJUnit4ClassRunner.runChild(BlockJUnit4ClassRunner.java:70)
	at org.junit.runners.BlockJUnit4ClassRunner.runChild(BlockJUnit4ClassRunner.java:50)
	at org.junit.runners.ParentRunner$3.run(ParentRunner.java:238)
	at org.junit.runners.ParentRunner$1.schedule(ParentRunner.java:63)
	at org.junit.runners.ParentRunner.runChildren(ParentRunner.java:236)
	at org.junit.runners.ParentRunner.access$000(ParentRunner.java:53)
	at org.junit.runners.ParentRunner$2.evaluate(ParentRunner.java:229)
	at org.junit.runners.ParentRunner.run(ParentRunner.java:309)
	at org.eclipse.jdt.internal.junit4.runner.JUnit4TestReference.run(JUnit4TestReference.java:93)
	at org.eclipse.jdt.internal.junit.runner.TestExecution.run(TestExecution.java:40)
	at org.eclipse.jdt.internal.junit.runner.RemoteTestRunner.runTests(RemoteTestRunner.java:529)
	at org.eclipse.jdt.internal.junit.runner.RemoteTestRunner.runTests(RemoteTestRunner.java:756)
	at org.eclipse.jdt.internal.junit.runner.RemoteTestRunner.run(RemoteTestRunner.java:452)
	at org.eclipse.jdt.internal.junit.runner.RemoteTestRunner.main(RemoteTestRunner.java:210)

%TRACEE 
%TESTE  59,semanticCheckFalseExample(lang.c.parse.SemanticCheckFactorAmpTest)
%TESTS  60,semanticCheckTrueExample(lang.c.parse.SemanticCheckFactorAmpTest)
%ERROR  60,semanticCheckTrueExample(lang.c.parse.SemanticCheckFactorAmpTest)
%TRACES 
java.lang.Error: Unresolved compilation problems: 
	The method isFirst(CToken) is undefined for the type Expression
	The constructor Expression(CParseContext) is undefined
	The method parse(CParseContext) is undefined for the type Expression
	The method semanticCheck(CParseContext) is undefined for the type Expression

	at lang.c.parse.SemanticCheckFactorAmpTest.semanticCheckTrueExample(SemanticCheckFactorAmpTest.java:73)
	at java.base/jdk.internal.reflect.NativeMethodAccessorImpl.invoke0(Native Method)
	at java.base/jdk.internal.reflect.NativeMethodAccessorImpl.invoke(NativeMethodAccessorImpl.java:77)
	at java.base/jdk.internal.reflect.DelegatingMethodAccessorImpl.invoke(DelegatingMethodAccessorImpl.java:43)
	at java.base/java.lang.reflect.Method.invoke(Method.java:568)
	at org.junit.runners.model.FrameworkMethod$1.runReflectiveCall(FrameworkMethod.java:47)
	at org.junit.internal.runners.model.ReflectiveCallable.run(ReflectiveCallable.java:12)
	at org.junit.runners.model.FrameworkMethod.invokeExplosively(FrameworkMethod.java:44)
	at org.junit.internal.runners.statements.InvokeMethod.evaluate(InvokeMethod.java:17)
	at org.junit.internal.runners.statements.RunBefores.evaluate(RunBefores.java:26)
	at org.junit.internal.runners.statements.RunAfters.evaluate(RunAfters.java:27)
	at org.junit.runners.ParentRunner.runLeaf(ParentRunner.java:271)
	at org.junit.runners.BlockJUnit4ClassRunner.runChild(BlockJUnit4ClassRunner.java:70)
	at org.junit.runners.BlockJUnit4ClassRunner.runChild(BlockJUnit4ClassRunner.java:50)
	at org.junit.runners.ParentRunner$3.run(ParentRunner.java:238)
	at org.junit.runners.ParentRunner$1.schedule(ParentRunner.java:63)
	at org.junit.runners.ParentRunner.runChildren(ParentRunner.java:236)
	at org.junit.runners.ParentRunner.access$000(ParentRunner.java:53)
	at org.junit.runners.ParentRunner$2.evaluate(ParentRunner.java:229)
	at org.junit.runners.ParentRunner.run(ParentRunner.java:309)
	at org.eclipse.jdt.internal.junit4.runner.JUnit4TestReference.run(JUnit4TestReference.java:93)
	at org.eclipse.jdt.internal.junit.runner.TestExecution.run(TestExecution.java:40)
	at org.eclipse.jdt.internal.junit.runner.RemoteTestRunner.runTests(RemoteTestRunner.java:529)
	at org.eclipse.jdt.internal.junit.runner.RemoteTestRunner.runTests(RemoteTestRunner.java:756)
	at org.eclipse.jdt.internal.junit.runner.RemoteTestRunner.run(RemoteTestRunner.java:452)
	at org.eclipse.jdt.internal.junit.runner.RemoteTestRunner.main(RemoteTestRunner.java:210)

%TRACEE 
%TESTE  60,semanticCheckTrueExample(lang.c.parse.SemanticCheckFactorAmpTest)
%TESTS  62,readSimpleTokensByUsingGetNextToken(lang.c.CTokenizerExpressionAddTest)
%TESTE  62,readSimpleTokensByUsingGetNextToken(lang.c.CTokenizerExpressionAddTest)
%TESTS  63,getCurrentTokenFirstTime(lang.c.CTokenizerExpressionAddTest)
%TESTE  63,getCurrentTokenFirstTime(lang.c.CTokenizerExpressionAddTest)
%TESTS  64,getCurrentTokenAfterGetNextToken(lang.c.CTokenizerExpressionAddTest)
%TESTE  64,getCurrentTokenAfterGetNextToken(lang.c.CTokenizerExpressionAddTest)
%TESTS  66,convertToValidateActual(lang.c.TestHelperTest)
%TESTE  66,convertToValidateActual(lang.c.TestHelperTest)
%TESTS  67,convertToValidateSimple(lang.c.TestHelperTest)
%TESTE  67,convertToValidateSimple(lang.c.TestHelperTest)
%TESTS  69,plusNumber(lang.c.CTokenizerNumberTest)
%TESTE  69,plusNumber(lang.c.CTokenizerNumberTest)
%TESTS  70,decimalNumber(lang.c.CTokenizerNumberTest)
%TESTE  70,decimalNumber(lang.c.CTokenizerNumberTest)
%TESTS  72,inlineCommentWithFactor(lang.c.CTokenizerCommentTest)
%TESTE  72,inlineCommentWithFactor(lang.c.CTokenizerCommentTest)
%TESTS  73,inlineCommentWithNumber(lang.c.CTokenizerCommentTest)
%TESTE  73,inlineCommentWithNumber(lang.c.CTokenizerCommentTest)
%TESTS  74,blockCommentNotClose(lang.c.CTokenizerCommentTest)
%TESTE  74,blockCommentNotClose(lang.c.CTokenizerCommentTest)
%TESTS  75,blockCommentWithFactor(lang.c.CTokenizerCommentTest)
%TESTE  75,blockCommentWithFactor(lang.c.CTokenizerCommentTest)
%TESTS  76,blockComment(lang.c.CTokenizerCommentTest)
%TESTE  76,blockComment(lang.c.CTokenizerCommentTest)
%TESTS  77,lineComment(lang.c.CTokenizerCommentTest)
%TESTE  77,lineComment(lang.c.CTokenizerCommentTest)
%TESTS  79,readSimpleTokenSub(lang.c.CTokenizerExpressionSubTest)
%TESTE  79,readSimpleTokenSub(lang.c.CTokenizerExpressionSubTest)
%TESTS  80,minusNumber(lang.c.CTokenizerExpressionSubTest)
%TESTE  80,minusNumber(lang.c.CTokenizerExpressionSubTest)
%TESTS  82,hexNumberError0x(lang.c.CTokenizerNumberTest_cv02)
%FAILED 82,hexNumberError0x(lang.c.CTokenizerNumberTest_cv02)
%TRACES 
java.lang.AssertionError: token :Type: 
Expected: is <-2>
     but: was <1>
	at org.hamcrest.MatcherAssert.assertThat(MatcherAssert.java:20)
	at lang.c.CTokenizerTestHelper.checkToken(CTokenizerTestHelper.java:8)
	at lang.c.CTokenizerNumberTest_cv02.hexNumberError0x(CTokenizerNumberTest_cv02.java:85)
	at java.base/jdk.internal.reflect.NativeMethodAccessorImpl.invoke0(Native Method)
	at java.base/jdk.internal.reflect.NativeMethodAccessorImpl.invoke(NativeMethodAccessorImpl.java:77)
	at java.base/jdk.internal.reflect.DelegatingMethodAccessorImpl.invoke(DelegatingMethodAccessorImpl.java:43)
	at java.base/java.lang.reflect.Method.invoke(Method.java:568)
	at org.junit.runners.model.FrameworkMethod$1.runReflectiveCall(FrameworkMethod.java:47)
	at org.junit.internal.runners.model.ReflectiveCallable.run(ReflectiveCallable.java:12)
	at org.junit.runners.model.FrameworkMethod.invokeExplosively(FrameworkMethod.java:44)
	at org.junit.internal.runners.statements.InvokeMethod.evaluate(InvokeMethod.java:17)
	at org.junit.internal.runners.statements.RunBefores.evaluate(RunBefores.java:26)
	at org.junit.internal.runners.statements.RunAfters.evaluate(RunAfters.java:27)
	at org.junit.runners.ParentRunner.runLeaf(ParentRunner.java:271)
	at org.junit.runners.BlockJUnit4ClassRunner.runChild(BlockJUnit4ClassRunner.java:70)
	at org.junit.runners.BlockJUnit4ClassRunner.runChild(BlockJUnit4ClassRunner.java:50)
	at org.junit.runners.ParentRunner$3.run(ParentRunner.java:238)
	at org.junit.runners.ParentRunner$1.schedule(ParentRunner.java:63)
	at org.junit.runners.ParentRunner.runChildren(ParentRunner.java:236)
	at org.junit.runners.ParentRunner.access$000(ParentRunner.java:53)
	at org.junit.runners.ParentRunner$2.evaluate(ParentRunner.java:229)
	at org.junit.runners.ParentRunner.run(ParentRunner.java:309)
	at org.eclipse.jdt.internal.junit4.runner.JUnit4TestReference.run(JUnit4TestReference.java:93)
	at org.eclipse.jdt.internal.junit.runner.TestExecution.run(TestExecution.java:40)
	at org.eclipse.jdt.internal.junit.runner.RemoteTestRunner.runTests(RemoteTestRunner.java:529)
	at org.eclipse.jdt.internal.junit.runner.RemoteTestRunner.runTests(RemoteTestRunner.java:756)
	at org.eclipse.jdt.internal.junit.runner.RemoteTestRunner.run(RemoteTestRunner.java:452)
	at org.eclipse.jdt.internal.junit.runner.RemoteTestRunner.main(RemoteTestRunner.java:210)

%TRACEE 
%TESTE  82,hexNumberError0x(lang.c.CTokenizerNumberTest_cv02)
%TESTS  83,hex(lang.c.CTokenizerNumberTest_cv02)
%FAILED 83,hex(lang.c.CTokenizerNumberTest_cv02)
%TRACES 
java.lang.AssertionError: token 1:Text: 
Expected: is "0xffe0"
     but: was "0"
	at org.hamcrest.MatcherAssert.assertThat(MatcherAssert.java:20)
	at lang.c.CTokenizerTestHelper.checkToken(CTokenizerTestHelper.java:9)
	at lang.c.CTokenizerNumberTest_cv02.hex(CTokenizerNumberTest_cv02.java:52)
	at java.base/jdk.internal.reflect.NativeMethodAccessorImpl.invoke0(Native Method)
	at java.base/jdk.internal.reflect.NativeMethodAccessorImpl.invoke(NativeMethodAccessorImpl.java:77)
	at java.base/jdk.internal.reflect.DelegatingMethodAccessorImpl.invoke(DelegatingMethodAccessorImpl.java:43)
	at java.base/java.lang.reflect.Method.invoke(Method.java:568)
	at org.junit.runners.model.FrameworkMethod$1.runReflectiveCall(FrameworkMethod.java:47)
	at org.junit.internal.runners.model.ReflectiveCallable.run(ReflectiveCallable.java:12)
	at org.junit.runners.model.FrameworkMethod.invokeExplosively(FrameworkMethod.java:44)
	at org.junit.internal.runners.statements.InvokeMethod.evaluate(InvokeMethod.java:17)
	at org.junit.internal.runners.statements.RunBefores.evaluate(RunBefores.java:26)
	at org.junit.internal.runners.statements.RunAfters.evaluate(RunAfters.java:27)
	at org.junit.runners.ParentRunner.runLeaf(ParentRunner.java:271)
	at org.junit.runners.BlockJUnit4ClassRunner.runChild(BlockJUnit4ClassRunner.java:70)
	at org.junit.runners.BlockJUnit4ClassRunner.runChild(BlockJUnit4ClassRunner.java:50)
	at org.junit.runners.ParentRunner$3.run(ParentRunner.java:238)
	at org.junit.runners.ParentRunner$1.schedule(ParentRunner.java:63)
	at org.junit.runners.ParentRunner.runChildren(ParentRunner.java:236)
	at org.junit.runners.ParentRunner.access$000(ParentRunner.java:53)
	at org.junit.runners.ParentRunner$2.evaluate(ParentRunner.java:229)
	at org.junit.runners.ParentRunner.run(ParentRunner.java:309)
	at org.eclipse.jdt.internal.junit4.runner.JUnit4TestReference.run(JUnit4TestReference.java:93)
	at org.eclipse.jdt.internal.junit.runner.TestExecution.run(TestExecution.java:40)
	at org.eclipse.jdt.internal.junit.runner.RemoteTestRunner.runTests(RemoteTestRunner.java:529)
	at org.eclipse.jdt.internal.junit.runner.RemoteTestRunner.runTests(RemoteTestRunner.java:756)
	at org.eclipse.jdt.internal.junit.runner.RemoteTestRunner.run(RemoteTestRunner.java:452)
	at org.eclipse.jdt.internal.junit.runner.RemoteTestRunner.main(RemoteTestRunner.java:210)

%TRACEE 
%TESTE  83,hex(lang.c.CTokenizerNumberTest_cv02)
%TESTS  84,octal(lang.c.CTokenizerNumberTest_cv02)
%TESTE  84,octal(lang.c.CTokenizerNumberTest_cv02)
%TESTS  85,octalZero(lang.c.CTokenizerNumberTest_cv02)
%TESTE  85,octalZero(lang.c.CTokenizerNumberTest_cv02)
%TESTS  86,hexNumber0x0(lang.c.CTokenizerNumberTest_cv02)
%FAILED 86,hexNumber0x0(lang.c.CTokenizerNumberTest_cv02)
%TRACES 
java.lang.AssertionError: token 1:Text: 
Expected: is "0x0"
     but: was "0"
	at org.hamcrest.MatcherAssert.assertThat(MatcherAssert.java:20)
	at lang.c.CTokenizerTestHelper.checkToken(CTokenizerTestHelper.java:9)
	at lang.c.CTokenizerNumberTest_cv02.hexNumber0x0(CTokenizerNumberTest_cv02.java:62)
	at java.base/jdk.internal.reflect.NativeMethodAccessorImpl.invoke0(Native Method)
	at java.base/jdk.internal.reflect.NativeMethodAccessorImpl.invoke(NativeMethodAccessorImpl.java:77)
	at java.base/jdk.internal.reflect.DelegatingMethodAccessorImpl.invoke(DelegatingMethodAccessorImpl.java:43)
	at java.base/java.lang.reflect.Method.invoke(Method.java:568)
	at org.junit.runners.model.FrameworkMethod$1.runReflectiveCall(FrameworkMethod.java:47)
	at org.junit.internal.runners.model.ReflectiveCallable.run(ReflectiveCallable.java:12)
	at org.junit.runners.model.FrameworkMethod.invokeExplosively(FrameworkMethod.java:44)
	at org.junit.internal.runners.statements.InvokeMethod.evaluate(InvokeMethod.java:17)
	at org.junit.internal.runners.statements.RunBefores.evaluate(RunBefores.java:26)
	at org.junit.internal.runners.statements.RunAfters.evaluate(RunAfters.java:27)
	at org.junit.runners.ParentRunner.runLeaf(ParentRunner.java:271)
	at org.junit.runners.BlockJUnit4ClassRunner.runChild(BlockJUnit4ClassRunner.java:70)
	at org.junit.runners.BlockJUnit4ClassRunner.runChild(BlockJUnit4ClassRunner.java:50)
	at org.junit.runners.ParentRunner$3.run(ParentRunner.java:238)
	at org.junit.runners.ParentRunner$1.schedule(ParentRunner.java:63)
	at org.junit.runners.ParentRunner.runChildren(ParentRunner.java:236)
	at org.junit.runners.ParentRunner.access$000(ParentRunner.java:53)
	at org.junit.runners.ParentRunner$2.evaluate(ParentRunner.java:229)
	at org.junit.runners.ParentRunner.run(ParentRunner.java:309)
	at org.eclipse.jdt.internal.junit4.runner.JUnit4TestReference.run(JUnit4TestReference.java:93)
	at org.eclipse.jdt.internal.junit.runner.TestExecution.run(TestExecution.java:40)
	at org.eclipse.jdt.internal.junit.runner.RemoteTestRunner.runTests(RemoteTestRunner.java:529)
	at org.eclipse.jdt.internal.junit.runner.RemoteTestRunner.runTests(RemoteTestRunner.java:756)
	at org.eclipse.jdt.internal.junit.runner.RemoteTestRunner.run(RemoteTestRunner.java:452)
	at org.eclipse.jdt.internal.junit.runner.RemoteTestRunner.main(RemoteTestRunner.java:210)

%TRACEE 
%TESTE  86,hexNumber0x0(lang.c.CTokenizerNumberTest_cv02)
%TESTS  87,hexNumberMax(lang.c.CTokenizerNumberTest_cv02)
%FAILED 87,hexNumberMax(lang.c.CTokenizerNumberTest_cv02)
%TRACES 
java.lang.AssertionError: token 1:Text: 
Expected: is "0xffff"
     but: was "0"
	at org.hamcrest.MatcherAssert.assertThat(MatcherAssert.java:20)
	at lang.c.CTokenizerTestHelper.checkToken(CTokenizerTestHelper.java:9)
	at lang.c.CTokenizerNumberTest_cv02.hexNumberMax(CTokenizerNumberTest_cv02.java:72)
	at java.base/jdk.internal.reflect.NativeMethodAccessorImpl.invoke0(Native Method)
	at java.base/jdk.internal.reflect.NativeMethodAccessorImpl.invoke(NativeMethodAccessorImpl.java:77)
	at java.base/jdk.internal.reflect.DelegatingMethodAccessorImpl.invoke(DelegatingMethodAccessorImpl.java:43)
	at java.base/java.lang.reflect.Method.invoke(Method.java:568)
	at org.junit.runners.model.FrameworkMethod$1.runReflectiveCall(FrameworkMethod.java:47)
	at org.junit.internal.runners.model.ReflectiveCallable.run(ReflectiveCallable.java:12)
	at org.junit.runners.model.FrameworkMethod.invokeExplosively(FrameworkMethod.java:44)
	at org.junit.internal.runners.statements.InvokeMethod.evaluate(InvokeMethod.java:17)
	at org.junit.internal.runners.statements.RunBefores.evaluate(RunBefores.java:26)
	at org.junit.internal.runners.statements.RunAfters.evaluate(RunAfters.java:27)
	at org.junit.runners.ParentRunner.runLeaf(ParentRunner.java:271)
	at org.junit.runners.BlockJUnit4ClassRunner.runChild(BlockJUnit4ClassRunner.java:70)
	at org.junit.runners.BlockJUnit4ClassRunner.runChild(BlockJUnit4ClassRunner.java:50)
	at org.junit.runners.ParentRunner$3.run(ParentRunner.java:238)
	at org.junit.runners.ParentRunner$1.schedule(ParentRunner.java:63)
	at org.junit.runners.ParentRunner.runChildren(ParentRunner.java:236)
	at org.junit.runners.ParentRunner.access$000(ParentRunner.java:53)
	at org.junit.runners.ParentRunner$2.evaluate(ParentRunner.java:229)
	at org.junit.runners.ParentRunner.run(ParentRunner.java:309)
	at org.eclipse.jdt.internal.junit4.runner.JUnit4TestReference.run(JUnit4TestReference.java:93)
	at org.eclipse.jdt.internal.junit.runner.TestExecution.run(TestExecution.java:40)
	at org.eclipse.jdt.internal.junit.runner.RemoteTestRunner.runTests(RemoteTestRunner.java:529)
	at org.eclipse.jdt.internal.junit.runner.RemoteTestRunner.runTests(RemoteTestRunner.java:756)
	at org.eclipse.jdt.internal.junit.runner.RemoteTestRunner.run(RemoteTestRunner.java:452)
	at org.eclipse.jdt.internal.junit.runner.RemoteTestRunner.main(RemoteTestRunner.java:210)

%TRACEE 
%TESTE  87,hexNumberMax(lang.c.CTokenizerNumberTest_cv02)
%TESTS  88,octalNumber(lang.c.CTokenizerNumberTest_cv02)
%TESTE  88,octalNumber(lang.c.CTokenizerNumberTest_cv02)
%TESTS  90,hexNumber(lang.c.CTokenizerAddressTest)
%FAILED 90,hexNumber(lang.c.CTokenizerAddressTest)
%TRACES 
java.lang.AssertionError: token 2:Text: 
Expected: is "0xffe0"
     but: was "0"
	at org.hamcrest.MatcherAssert.assertThat(MatcherAssert.java:20)
	at lang.c.CTokenizerTestHelper.checkToken(CTokenizerTestHelper.java:9)
	at lang.c.CTokenizerAddressTest.hexNumber(CTokenizerAddressTest.java:85)
	at java.base/jdk.internal.reflect.NativeMethodAccessorImpl.invoke0(Native Method)
	at java.base/jdk.internal.reflect.NativeMethodAccessorImpl.invoke(NativeMethodAccessorImpl.java:77)
	at java.base/jdk.internal.reflect.DelegatingMethodAccessorImpl.invoke(DelegatingMethodAccessorImpl.java:43)
	at java.base/java.lang.reflect.Method.invoke(Method.java:568)
	at org.junit.runners.model.FrameworkMethod$1.runReflectiveCall(FrameworkMethod.java:47)
	at org.junit.internal.runners.model.ReflectiveCallable.run(ReflectiveCallable.java:12)
	at org.junit.runners.model.FrameworkMethod.invokeExplosively(FrameworkMethod.java:44)
	at org.junit.internal.runners.statements.InvokeMethod.evaluate(InvokeMethod.java:17)
	at org.junit.internal.runners.statements.RunBefores.evaluate(RunBefores.java:26)
	at org.junit.internal.runners.statements.RunAfters.evaluate(RunAfters.java:27)
	at org.junit.runners.ParentRunner.runLeaf(ParentRunner.java:271)
	at org.junit.runners.BlockJUnit4ClassRunner.runChild(BlockJUnit4ClassRunner.java:70)
	at org.junit.runners.BlockJUnit4ClassRunner.runChild(BlockJUnit4ClassRunner.java:50)
	at org.junit.runners.ParentRunner$3.run(ParentRunner.java:238)
	at org.junit.runners.ParentRunner$1.schedule(ParentRunner.java:63)
	at org.junit.runners.ParentRunner.runChildren(ParentRunner.java:236)
	at org.junit.runners.ParentRunner.access$000(ParentRunner.java:53)
	at org.junit.runners.ParentRunner$2.evaluate(ParentRunner.java:229)
	at org.junit.runners.ParentRunner.run(ParentRunner.java:309)
	at org.eclipse.jdt.internal.junit4.runner.JUnit4TestReference.run(JUnit4TestReference.java:93)
	at org.eclipse.jdt.internal.junit.runner.TestExecution.run(TestExecution.java:40)
	at org.eclipse.jdt.internal.junit.runner.RemoteTestRunner.runTests(RemoteTestRunner.java:529)
	at org.eclipse.jdt.internal.junit.runner.RemoteTestRunner.runTests(RemoteTestRunner.java:756)
	at org.eclipse.jdt.internal.junit.runner.RemoteTestRunner.run(RemoteTestRunner.java:452)
	at org.eclipse.jdt.internal.junit.runner.RemoteTestRunner.main(RemoteTestRunner.java:210)

%TRACEE 
%TESTE  90,hexNumber(lang.c.CTokenizerAddressTest)
%TESTS  91,AMP(lang.c.CTokenizerAddressTest)
%TESTE  91,AMP(lang.c.CTokenizerAddressTest)
%TESTS  92,decimalNumber(lang.c.CTokenizerAddressTest)
%TESTE  92,decimalNumber(lang.c.CTokenizerAddressTest)
%TESTS  93,octalNumber(lang.c.CTokenizerAddressTest)
%TESTE  93,octalNumber(lang.c.CTokenizerAddressTest)
%TESTS  95,testMustBeFailed(lang.MustBeFailedTest)
%FAILED 95,testMustBeFailed(lang.MustBeFailedTest)
%TRACES 
java.lang.AssertionError: 
Expected: is "MUST BE FAILED THIS TEST."
     but: was "Failed test."
	at org.hamcrest.MatcherAssert.assertThat(MatcherAssert.java:20)
	at org.hamcrest.MatcherAssert.assertThat(MatcherAssert.java:8)
	at lang.MustBeFailedTest.testMustBeFailed(MustBeFailedTest.java:14)
	at java.base/jdk.internal.reflect.NativeMethodAccessorImpl.invoke0(Native Method)
	at java.base/jdk.internal.reflect.NativeMethodAccessorImpl.invoke(NativeMethodAccessorImpl.java:77)
	at java.base/jdk.internal.reflect.DelegatingMethodAccessorImpl.invoke(DelegatingMethodAccessorImpl.java:43)
	at java.base/java.lang.reflect.Method.invoke(Method.java:568)
	at org.junit.runners.model.FrameworkMethod$1.runReflectiveCall(FrameworkMethod.java:47)
	at org.junit.internal.runners.model.ReflectiveCallable.run(ReflectiveCallable.java:12)
	at org.junit.runners.model.FrameworkMethod.invokeExplosively(FrameworkMethod.java:44)
	at org.junit.internal.runners.statements.InvokeMethod.evaluate(InvokeMethod.java:17)
	at org.junit.runners.ParentRunner.runLeaf(ParentRunner.java:271)
	at org.junit.runners.BlockJUnit4ClassRunner.runChild(BlockJUnit4ClassRunner.java:70)
	at org.junit.runners.BlockJUnit4ClassRunner.runChild(BlockJUnit4ClassRunner.java:50)
	at org.junit.runners.ParentRunner$3.run(ParentRunner.java:238)
	at org.junit.runners.ParentRunner$1.schedule(ParentRunner.java:63)
	at org.junit.runners.ParentRunner.runChildren(ParentRunner.java:236)
	at org.junit.runners.ParentRunner.access$000(ParentRunner.java:53)
	at org.junit.runners.ParentRunner$2.evaluate(ParentRunner.java:229)
	at org.junit.runners.ParentRunner.run(ParentRunner.java:309)
	at org.eclipse.jdt.internal.junit4.runner.JUnit4TestReference.run(JUnit4TestReference.java:93)
	at org.eclipse.jdt.internal.junit.runner.TestExecution.run(TestExecution.java:40)
	at org.eclipse.jdt.internal.junit.runner.RemoteTestRunner.runTests(RemoteTestRunner.java:529)
	at org.eclipse.jdt.internal.junit.runner.RemoteTestRunner.runTests(RemoteTestRunner.java:756)
	at org.eclipse.jdt.internal.junit.runner.RemoteTestRunner.run(RemoteTestRunner.java:452)
	at org.eclipse.jdt.internal.junit.runner.RemoteTestRunner.main(RemoteTestRunner.java:210)

%TRACEE 
%TESTE  95,testMustBeFailed(lang.MustBeFailedTest)
%RUNTIME94
