%NAME,Launch Java Tests - $(symbol-class) IsFirstTest_cv03
%TAG,in socket.on
%COUNT,2
%TESTC  104 v2
%TSTTREE1,lang.c.parse.IsFirstTest_cv03,true,5,false,-1,lang.c.parse.IsFirstTest_cv03,,
%TSTTREE2,testTermDiv(lang.c.parse.IsFirstTest_cv03),false,1,false,-1,testTermDiv(lang.c.parse.IsFirstTest_cv03),,
%TSTTREE3,testMinusFactor(lang.c.parse.IsFirstTest_cv03),false,1,false,-1,testMinusFactor(lang.c.parse.IsFirstTest_cv03),,
%TSTTREE4,testTermCV03(lang.c.parse.IsFirstTest_cv03),false,1,false,-1,testTermCV03(lang.c.parse.IsFirstTest_cv03),,
%TSTTREE5,testTermMult(lang.c.parse.IsFirstTest_cv03),false,1,false,-1,testTermMult(lang.c.parse.IsFirstTest_cv03),,
%TSTTREE6,testPlusFactor(lang.c.parse.IsFirstTest_cv03),false,1,false,-1,testPlusFactor(lang.c.parse.IsFirstTest_cv03),,
%TSTTREE7,lang.c.parse.SemanticCheckUnsignedFactorTest,true,7,false,-1,lang.c.parse.SemanticCheckUnsignedFactorTest,,
%TSTTREE8,semanticTypeErrorIntMultPint(lang.c.parse.SemanticCheckUnsignedFactorTest),false,1,false,-1,semanticTypeErrorIntMultPint(lang.c.parse.SemanticCheckUnsignedFactorTest),,
%TSTTREE9,semanticMinusAmpError(lang.c.parse.SemanticCheckUnsignedFactorTest),false,1,false,-1,semanticMinusAmpError(lang.c.parse.SemanticCheckUnsignedFactorTest),,
%TSTTREE10,semanticTypeErrorPintMultInt(lang.c.parse.SemanticCheckUnsignedFactorTest),false,1,false,-1,semanticTypeErrorPintMultInt(lang.c.parse.SemanticCheckUnsignedFactorTest),,
%TSTTREE11,semanticTypeErrorPintDivPint(lang.c.parse.SemanticCheckUnsignedFactorTest),false,1,false,-1,semanticTypeErrorPintDivPint(lang.c.parse.SemanticCheckUnsignedFactorTest),,
%TSTTREE12,semanticTypeErrorIntDivPint(lang.c.parse.SemanticCheckUnsignedFactorTest),false,1,false,-1,semanticTypeErrorIntDivPint(lang.c.parse.SemanticCheckUnsignedFactorTest),,
%TSTTREE13,semanticTypeErrorPintDivInt(lang.c.parse.SemanticCheckUnsignedFactorTest),false,1,false,-1,semanticTypeErrorPintDivInt(lang.c.parse.SemanticCheckUnsignedFactorTest),,
%TSTTREE14,semanticTypeErrorPintMultPint(lang.c.parse.SemanticCheckUnsignedFactorTest),false,1,false,-1,semanticTypeErrorPintMultPint(lang.c.parse.SemanticCheckUnsignedFactorTest),,
%TSTTREE15,lang.c.parse.SemanticCheckProgramTest,true,2,false,-1,lang.c.parse.SemanticCheckProgramTest,,
%TSTTREE16,ExpressionAddNoError(lang.c.parse.SemanticCheckProgramTest),false,1,false,-1,ExpressionAddNoError(lang.c.parse.SemanticCheckProgramTest),,
%TSTTREE17,noResponseDoBeforeParse(lang.c.parse.SemanticCheckProgramTest),false,1,false,-1,noResponseDoBeforeParse(lang.c.parse.SemanticCheckProgramTest),,
%TSTTREE18,lang.c.parse.CodeGenExpressionTest_cv01,true,6,false,-1,lang.c.parse.CodeGenExpressionTest_cv01,,
%TSTTREE19,codeGenExpressionADDADDSubTerm(lang.c.parse.CodeGenExpressionTest_cv01),false,1,false,-1,codeGenExpressionADDADDSubTerm(lang.c.parse.CodeGenExpressionTest_cv01),,
%TSTTREE20,codeGenExpressionADDSub5CommentTerm(lang.c.parse.CodeGenExpressionTest_cv01),false,1,false,-1,codeGenExpressionADDSub5CommentTerm(lang.c.parse.CodeGenExpressionTest_cv01),,
%TSTTREE21,codeGenExpressionSub2Term(lang.c.parse.CodeGenExpressionTest_cv01),false,1,false,-1,codeGenExpressionSub2Term(lang.c.parse.CodeGenExpressionTest_cv01),,
%TSTTREE22,codeGenExpressionSub3Term(lang.c.parse.CodeGenExpressionTest_cv01),false,1,false,-1,codeGenExpressionSub3Term(lang.c.parse.CodeGenExpressionTest_cv01),,
%TSTTREE23,codeGenExpressionADD3CommentTerm(lang.c.parse.CodeGenExpressionTest_cv01),false,1,false,-1,codeGenExpressionADD3CommentTerm(lang.c.parse.CodeGenExpressionTest_cv01),,
%TSTTREE24,codeGenExpressionADD3Term(lang.c.parse.CodeGenExpressionTest_cv01),false,1,false,-1,codeGenExpressionADD3Term(lang.c.parse.CodeGenExpressionTest_cv01),,
%TSTTREE25,lang.c.parse.CodeGenFactorAmpTest,true,2,false,-1,lang.c.parse.CodeGenFactorAmpTest,,
%TSTTREE26,codeGenFactorAmp(lang.c.parse.CodeGenFactorAmpTest),false,1,false,-1,codeGenFactorAmp(lang.c.parse.CodeGenFactorAmpTest),,
%TSTTREE27,codeGenFactorWithAmp(lang.c.parse.CodeGenFactorAmpTest),false,1,false,-1,codeGenFactorWithAmp(lang.c.parse.CodeGenFactorAmpTest),,
%TSTTREE28,lang.c.parse.ParseFactorTest,true,4,false,-1,lang.c.parse.ParseFactorTest,,
%TSTTREE29,parseRCURWithoutLCUR(lang.c.parse.ParseFactorTest),false,1,false,-1,parseRCURWithoutLCUR(lang.c.parse.ParseFactorTest),,
%TSTTREE30,parseNotCloseRPAR(lang.c.parse.ParseFactorTest),false,1,false,-1,parseNotCloseRPAR(lang.c.parse.ParseFactorTest),,
%TSTTREE31,parseOnlyLPAR(lang.c.parse.ParseFactorTest),false,1,false,-1,parseOnlyLPAR(lang.c.parse.ParseFactorTest),,
%TSTTREE32,parseOnlyMinusFactor(lang.c.parse.ParseFactorTest),false,1,false,-1,parseOnlyMinusFactor(lang.c.parse.ParseFactorTest),,
%TSTTREE33,lang.c.parse.IsFirstTest_cv02,true,1,false,-1,lang.c.parse.IsFirstTest_cv02,,
%TSTTREE34,testFactorAmp(lang.c.parse.IsFirstTest_cv02),false,1,false,-1,testFactorAmp(lang.c.parse.IsFirstTest_cv02),,
%TSTTREE35,lang.c.parse.CodeGenTermTest,true,1,false,-1,lang.c.parse.CodeGenTermTest,,
%TSTTREE36,codeGenTerm(lang.c.parse.CodeGenTermTest),false,1,false,-1,codeGenTerm(lang.c.parse.CodeGenTermTest),,
%TSTTREE37,lang.c.parse.CodeGenExpressionTest_cv03,true,6,false,-1,lang.c.parse.CodeGenExpressionTest_cv03,,
%TSTTREE38,codeGenTermMultPriority(lang.c.parse.CodeGenExpressionTest_cv03),false,1,false,-1,codeGenTermMultPriority(lang.c.parse.CodeGenExpressionTest_cv03),,
%TSTTREE39,codeGenTermDivWithParenthesis(lang.c.parse.CodeGenExpressionTest_cv03),false,1,false,-1,codeGenTermDivWithParenthesis(lang.c.parse.CodeGenExpressionTest_cv03),,
%TSTTREE40,codeGenTermSignTest(lang.c.parse.CodeGenExpressionTest_cv03),false,1,false,-1,codeGenTermSignTest(lang.c.parse.CodeGenExpressionTest_cv03),,
%TSTTREE41,codeGenTermDivMinus(lang.c.parse.CodeGenExpressionTest_cv03),false,1,false,-1,codeGenTermDivMinus(lang.c.parse.CodeGenExpressionTest_cv03),,
%TSTTREE42,codeGenTermAllTest(lang.c.parse.CodeGenExpressionTest_cv03),false,1,false,-1,codeGenTermAllTest(lang.c.parse.CodeGenExpressionTest_cv03),,
%TSTTREE43,codeGenTermMultWithParentheses(lang.c.parse.CodeGenExpressionTest_cv03),false,1,false,-1,codeGenTermMultWithParentheses(lang.c.parse.CodeGenExpressionTest_cv03),,
%TSTTREE44,lang.c.parse.IsFirstTest,true,4,false,-1,lang.c.parse.IsFirstTest,,
%TSTTREE45,UndefinedToken(lang.c.parse.IsFirstTest),false,1,false,-1,UndefinedToken(lang.c.parse.IsFirstTest),,
%TSTTREE46,testExpressionAdd(lang.c.parse.IsFirstTest),false,1,false,-1,testExpressionAdd(lang.c.parse.IsFirstTest),,
%TSTTREE47,testDecimalNumber(lang.c.parse.IsFirstTest),false,1,false,-1,testDecimalNumber(lang.c.parse.IsFirstTest),,
%TSTTREE48,testExpression(lang.c.parse.IsFirstTest),false,1,false,-1,testExpression(lang.c.parse.IsFirstTest),,
%TSTTREE49,lang.c.parse.SemanticCheckProgramTest_cv01,true,1,false,-1,lang.c.parse.SemanticCheckProgramTest_cv01,,
%TSTTREE50,ExpressionSubNoError(lang.c.parse.SemanticCheckProgramTest_cv01),false,1,false,-1,ExpressionSubNoError(lang.c.parse.SemanticCheckProgramTest_cv01),,
%TSTTREE51,lang.c.parse.ParseNumberTest,true,1,false,-1,lang.c.parse.ParseNumberTest,,
%TSTTREE52,parseNumber(lang.c.parse.ParseNumberTest),false,1,false,-1,parseNumber(lang.c.parse.ParseNumberTest),,
%TSTTREE53,lang.c.parse.IsFirstProgramTest,true,2,false,-1,lang.c.parse.IsFirstProgramTest,,
%TSTTREE54,testProgram01(lang.c.parse.IsFirstProgramTest),false,1,false,-1,testProgram01(lang.c.parse.IsFirstProgramTest),,
%TSTTREE55,testWithUndefinedToken(lang.c.parse.IsFirstProgramTest),false,1,false,-1,testWithUndefinedToken(lang.c.parse.IsFirstProgramTest),,
%TSTTREE56,lang.c.parse.ParseExpressionTest,true,2,false,-1,lang.c.parse.ParseExpressionTest,,
%TSTTREE57,parseErrorNumPlusNone(lang.c.parse.ParseExpressionTest),false,1,false,-1,parseErrorNumPlusNone(lang.c.parse.ParseExpressionTest),,
%TSTTREE58,parseErrorNumMinusNone(lang.c.parse.ParseExpressionTest),false,1,false,-1,parseErrorNumMinusNone(lang.c.parse.ParseExpressionTest),,
%TSTTREE59,lang.c.parse.SemanticCheckProgramTest_cv02,true,4,false,-1,lang.c.parse.SemanticCheckProgramTest_cv02,,
%TSTTREE60,FactorWithPlusSignOverflow(lang.c.parse.SemanticCheckProgramTest_cv02),false,1,false,-1,FactorWithPlusSignOverflow(lang.c.parse.SemanticCheckProgramTest_cv02),,
%TSTTREE61,FactorAmpNoError(lang.c.parse.SemanticCheckProgramTest_cv02),false,1,false,-1,FactorAmpN%NAME,Launch Java Tests - $(symbol-class) IsFirstTest_cv03
%TAG,in socket.on
%COUNT,3
%TSTTREE61,FactorAmpNoError(lang.c.parse.SemanticCheckProgramTest_cv02),false,1,false,-1,FactorAmpNoError(lang.c.parse.SemanticCheckProgramTest_cv02),,
%TSTTREE62,ExpressionAddTypeNoError(lang.c.parse.SemanticCheckProgramTest_cv02),false,1,false,-1,ExpressionAddTypeNoError(lang.c.parse.SemanticCheckProgramTest_cv02),,
%TSTTREE63,FactorWithAmpOverflow(lang.c.parse.SemanticCheckProgramTest_cv02),false,1,false,-1,FactorWithAmpOverflow(lang.c.parse.SemanticCheckProgramTest_cv02),,
%TSTTREE64,lang.c.parse.IsFirstTest_cv01,true,1,false,-1,lang.c.parse.IsFirstTest_cv01,,
%TSTTREE65,testExpressionSub(lang.c.parse.IsFirstTest_cv01),false,1,false,-1,testExpressionSub(lang.c.parse.IsFirstTest_cv01),,
%TSTTREE66,lang.c.parse.ParseProgramTest,true,1,false,-1,lang.c.parse.ParseProgramTest,,
%TSTTREE67,parseErrorEndOfProgram(lang.c.parse.ParseProgramTest),false,1,false,-1,parseErrorEndOfProgram(lang.c.parse.ParseProgramTest),,
%TSTTREE68,lang.c.parse.SemanticCheckAddressTest,true,4,false,-1,lang.c.parse.SemanticCheckAddressTest,,
%TSTTREE69,semanticCheckAddressSubError(lang.c.parse.SemanticCheckAddressTest),false,1,false,-1,semanticCheckAddressSubError(lang.c.parse.SemanticCheckAddressTest),,
%TSTTREE70,semanticCheckAddressSubAccept(lang.c.parse.SemanticCheckAddressTest),false,1,false,-1,semanticCheckAddressSubAccept(lang.c.parse.SemanticCheckAddressTest),,
%TSTTREE71,semanticCheckAddressAddAccept(lang.c.parse.SemanticCheckAddressTest),false,1,false,-1,semanticCheckAddressAddAccept(lang.c.parse.SemanticCheckAddressTest),,
%TSTTREE72,semanticCheckAddressAddError(lang.c.parse.SemanticCheckAddressTest),false,1,false,-1,semanticCheckAddressAddError(lang.c.parse.SemanticCheckAddressTest),,
%TSTTREE73,lang.c.parse.CodeGenFactorTest,true,1,false,-1,lang.c.parse.CodeGenFactorTest,,
%TSTTREE74,codeGenFactor(lang.c.parse.CodeGenFactorTest),false,1,false,-1,codeGenFactor(lang.c.parse.CodeGenFactorTest),,
%TSTTREE75,lang.c.parse.CodeGenExpressionTest,true,2,false,-1,lang.c.parse.CodeGenExpressionTest,,
%TSTTREE76,codeGenExpressionAdd2Term(lang.c.parse.CodeGenExpressionTest),false,1,false,-1,codeGenExpressionAdd2Term(lang.c.parse.CodeGenExpressionTest),,
%TSTTREE77,codeGenExpressionAdd3Term(lang.c.parse.CodeGenExpressionTest),false,1,false,-1,codeGenExpressionAdd3Term(lang.c.parse.CodeGenExpressionTest),,
%TSTTREE78,lang.c.parse.CodeGenProgramTest,true,3,false,-1,lang.c.parse.CodeGenProgramTest,,
%TSTTREE79,codeGenLeftTermAdd2Terms(lang.c.parse.CodeGenProgramTest),false,1,false,-1,codeGenLeftTermAdd2Terms(lang.c.parse.CodeGenProgramTest),,
%TSTTREE80,codeGenProgramAdd2Terms(lang.c.parse.CodeGenProgramTest),false,1,false,-1,codeGenProgramAdd2Terms(lang.c.parse.CodeGenProgramTest),,
%TSTTREE81,codeGenProgramAdd3Terms(lang.c.parse.CodeGenProgramTest),false,1,false,-1,codeGenProgramAdd3Terms(lang.c.parse.CodeGenProgramTest),,
%TSTTREE82,lang.c.parse.CodeGenNumberTest,true,1,false,-1,lang.c.parse.CodeGenNumberTest,,
%TSTTREE83,codeGenNumber(lang.c.parse.CodeGenNumberTest),false,1,false,-1,codeGenNumber(lang.c.parse.CodeGenNumberTest),,
%TSTTREE84,lang.c.parse.ParseAddressTest,true,1,false,-1,lang.c.parse.ParseAddressTest,,
%TSTTREE85,parseAddressOnlyAMP(lang.c.parse.ParseAddressTest),false,1,false,-1,parseAddressOnlyAMP(lang.c.parse.ParseAddressTest),,
%TSTTREE86,lang.c.parse.SemanticCheckFactorAmpTest,true,2,false,-1,lang.c.parse.SemanticCheckFactorAmpTest,,
%TSTTREE87,semanticCheckFalseExample(lang.c.parse.SemanticCheckFactorAmpTest),false,1,false,-1,semanticCheckFalseExample(lang.c.parse.SemanticCheckFactorAmpTest),,
%TSTTREE88,semanticCheckTrueExample(lang.c.parse.SemanticCheckFactorAmpTest),false,1,false,-1,semanticCheckTrueExample(lang.c.parse.SemanticCheckFactorAmpTest),,
%TSTTREE89,lang.c.CTokenizerCommentTest,true,6,false,-1,lang.c.CTokenizerCommentTest,,
%TSTTREE90,inlineCommentWithFactor(lang.c.CTokenizerCommentTest),false,1,false,-1,inlineCommentWithFactor(lang.c.CTokenizerCommentTest),,
%TSTTREE91,inlineCommentWithNumber(lang.c.CTokenizerCommentTest),false,1,false,-1,inlineCommentWithNumber(lang.c.CTokenizerCommentTest),,
%TSTTREE92,blockCommentNotClose(lang.c.CTokenizerCommentTest),false,1,false,-1,blockCommentNotClose(lang.c.CTokenizerCommentTest),,
%TSTTREE93,blockCommentWithFactor(lang.c.CTokenizerCommentTest),false,1,false,-1,blockCommentWithFactor(lang.c.CTokenizerCommentTest),,
%TSTTREE94,blockComment(lang.c.CTokenizerCommentTest),false,1,false,-1,blockComment(lang.c.CTokenizerCommentTest),,
%TSTTREE95,lineComment(lang.c.CTokenizerCommentTest),false,1,false,-1,lineComment(lang.c.CTokenizerCommentTest),,
%TSTTREE96,lang.c.CTokenizerAddressTest,true,4,false,-1,lang.c.CTokenizerAddressTest,,
%TSTTREE97,hexNumber(lang.c.CTokenizerAddressTest),false,1,false,-1,hexNumber(lang.c.CTokenizerAddressTest),,
%TSTTREE98,AMP(lang.c.CTokenizerAddressTest),false,1,false,-1,AMP(lang.c.CTokenizerAddressTest),,
%TSTTREE99,decimalNumber(lang.c.CTokenizerAddressTest),false,1,false,-1,decimalNumber(lang.c.CTokenizerAddressTest),,
%TSTTREE100,octalNumber(lang.c.CTokenizerAddressTest),false,1,false,-1,octalNumber(lang.c.CTokenizerAddressTest),,
%TSTTREE101,lang.c.CTokenizerNumberTest,true,2,false,-1,lang.c.CTokenizerNumberTest,,
%TSTTREE102,plusNumber(lang.c.CTokenizerNumberTest),false,1,false,-1,plusNumber(lang.c.CTokenizerNumberTest),,
%TSTTREE103,decimalNumber(lang.c.CTokenizerNumberTest),false,1,false,-1,decimalNumber(lang.c.CTokenizerNumberTest),,
%TSTTREE104,lang.c.CTokenizerNumberTest_cv02,true,14,false,-1,lang.c.CTokenizerNumberTest_cv02,,
%TSTTREE105,hexNumberError0x(lang.c.CTokenizerNumberTest_cv02),false,1,false,-1,hexNumberError0x(lang.c.CTokenizerNumberTest_cv02),,
%TSTTREE106,octalTooLargeNumber(lang.c.CTokenizerNumberTest_cv02),false,1,false,-1,octalTooLargeNumber(lang.c.CTokenizerNumberTest_cv02),,
%TSTTREE107,hex(lang.c.CTokenizerNumberTest_cv02),false,1,false,-1,hex(lang.c.CTokenizerNumberTest_cv02),,
%TSTTREE108,octal(lang.c.CTokenizerNumberTest_cv02),false,1,false,-1,octal(lang.c.CTokenizerNumberTest_cv02),,
%TSTTREE109,hexTooLargeBit1(lang.c.CTokenizerNumberTest_cv02),false,1,false,-1,hexTooLargeBit1(lang.c.CTokenizerNumberTest_cv02),,
%TSTTREE110,hexTooLargeBit2(lang.c.CTokenizerNumberTest_cv02),false,1,false,-1,hexTooLargeBit2(lang.c.CTokenizerNumberTest_cv02),,
%TSTTREE111,decNumberMax(lang.c.CTokenizerNumberTest_cv02),false,1,false,-1,decNumberMax(lang.c.CTokenizerNumberTest_cv02),,
%TSTTREE112,octalIllNumber(lang.c.CTokenizerNumberTest_cv02),false,1,false,-1,octalIllNumber(lang.c.CTokenizerNumberTest_cv02),,
%TSTTREE113,octalZero(lang.c.CTokenizerNumberTest_cv02),false,1,false,-1,octalZero(lang.c.CTokenizerNumberTest_cv02),,
%TSTTREE114,decTooLargeNumber(lang.c.CTokenizerNumberTest_cv02),false,1,false,-1,decTooLargeNumber(lang.c.CTokenizerNumberTest_cv02),,
%TSTTREE115,decIllNumber(lang.c.CTokenizerNumberTest_cv02),false,1,false,-1,decIllNumber(lang.c.CTokenizerNumberTest_cv02),,
%TSTTREE116,hexNumber0x0(lang.c.CTokenizerNumberTest_cv02),false,1,false,-1,hexNumber0x0(lang.c.CTokenizerNumberTest_cv02),,
%TSTTREE117,hexNumberMax(lang.c.CTokenizerNumberTest_cv02),false,1,false,-1,hexNumberMax(lang.c.CTokenizerNumberTest_cv02),,
%TSTTREE118,octalNumber(lang.c.CTokenizerNumberTest_cv02),false,1,false,-1,octalNumber(lang.c.CTokenizerNumberTest_cv02),,
%TSTTREE119,lang.c.CTokenizerTermTest,true,6,false,-1,lang.c.CTokenizerTermTest,,
%TSTTREE120,termTokenWithPARTest(lang.c.CTokenizerTermTest),false,1,false,-1,termTokenWithPARTest(lang.c.CTokenizerTermTest),,
%TSTTREE121,multNumber(lang.c.CTokenizerTermTest),false,1,false,-1,multNumber(lang.c.CTokenizerTermTest),,
%TSTTREE122,termNotCloseBlockCommentTwoTimes(lang.c.CTokenizerTermTest),false,1,false,-1,termNotCloseBlockCommentTwoTimes(lang.c.CTokenizerTermTest),,
%TSTTREE123,termTokenExpressionTest(lang.c.CTokenizerTermTest),false,1,false,-1,termTokenExpressionTest(lang.c.CTokenizerTermTest),,
%TSTTREE124,termNotCloseBlockComment(lang.c.CTokenizerTermTest),false,1,false,-1,termNotCloseBlockComment(lang.c.CTokenizerTermTest),,
%TSTTREE125,divNumber(lang.c.CTokenizerTermTest),false,1,false,-1,divNumber(lang.c.CTokenizerTermTest),,
%TSTTREE126,lang.c.TestHelperTest,true,2,false,-1,lang.c.TestHelperTest,,
%TSTTREE127,convertToValidateActual(lang.c.TestHelperTest),false,1,false,-1,convertToValidateActual(lang.c.TestHelperTest),,
%TSTTREE128,convertToValidateSimple(lang.c.TestHelperTest),false,1,false,-1,convertToValidateSimple(lang.c.TestHelperTest),,
%TSTTREE129,lang.c.CTokenizerExpressionAddTest,true,3,false,-1,lang.c.CTokenizerExpressionAddTest,,
%TSTTREE130,readSimpleTokensByUsingGetNextToken(lang.c.CTokenizerExpressionAddTest),false,1,false,-1,readSimpleTokensByUsingGetNextToken(lang.c.CTokenizerExpressionAddTest),,
%TSTTREE131,getCurrentTokenFirstTime(lang.c.CTokenizerExpressionAddTest),false,1,false,-1,getCurrentTokenFirstTime(lang.c.CTokenizerExpressionAddTest),,
%TSTTREE132,getCurrentTokenAfterGetNextToken(lang.c.CTokenizerExpressionAddTest),false,1,false,-1,getCurrentTokenAfterGetNextToken(lang.c.CTokenizerExpressionAddTest),,
%TSTTREE133,lang.c.CTokenizerExpressionSubTest,true,2,false,-1,lang.c.CTokenizerExpressionSubTest,,
%TSTTREE134,readSimpleTokenSub(lang.c.CTokenizerExpressionSubTest),false,1,false,-1,readSimpleTokenSub(lang.c.CTokenizerExpressionSubTest),,
%TSTTREE135,minusNumber(lang.c.CTokenizerExpressionSubTest),false,1,false,-1,minusNumber(lang.c.CTokenizerExpressionSubTest),,
%TSTTREE136,lang.MustBeFailedTest,true,1,false,-1,lang.MustBeFailedTest,,
%TSTTREE137,testMustBeFailed(lang.MustBeFailedTest),false,1,false,-1,testMustBeFailed(lang.MustBeFailedTest),,
%TESTS  2,testTermDiv(lang.c.parse.IsFirstTest_cv03)
%TESTE  2,testTermDiv(lang.c.parse.IsFirstTest_cv03)
%TESTS  3,testMinusFactor(lang.c.parse.IsFirstTest_cv03)
%TESTE  3,testMinusFactor(lang.c.parse.IsFirstTest_cv03)
%TESTS  4,testTermCV03(lang.c.parse.IsFirstTest_cv03)
%TESTE  4,testTermCV03(lang.c.parse.IsFirstTest_cv03)
%TESTS  5,testTermMult(lang.c.parse.IsFirstTest_cv03)
%TESTE  5,testTermMult(lang.c.parse.IsFirstTest_cv03)
%TESTS  6,testPlusFactor(lang.c.parse.IsFirstTest_cv03)
%TESTE  6,testPlusFactor(lang.c.parse.IsFirstTest_cv03)
%TESTS  8,semanticTypeErrorIntMultPint(lang.c.parse.SemanticCheckUnsignedFactorTest)
%FAILED 8,semanticTypeErrorIntMultPint(lang.c.parse.SemanticCheckUnsignedFactorTest)
%TRACES 
java.lang.AssertionError: 
Expected: a string containing "Write down a part of error sentence you have decided on here"
     but: was "[1行目,2文字目の'*']*または/が必要です"
	at org.hamcrest.MatcherAssert.assertThat(MatcherAssert.java:20)
	at org.hamcrest.MatcherAssert.assertThat(MatcherAssert.java:8)
	at lang.c.parse.SemanticCheckUnsignedFactorTest.semanticTypeErrorIntMultPint(SemanticCheckUnsignedFactorTest.java:130)
	at java.base/jdk.internal.reflect.NativeMethodAccessorImpl.invoke0(Native Method)
	at java.base/jdk.internal.reflect.NativeMethodAccessorImpl.invoke(NativeMethodAccessorImpl.java:77)
	at java.base/jdk.internal.reflect.DelegatingMethodAccessorImpl.invoke(DelegatingMethodAccessorImpl.java:43)
	at java.base/java.lang.reflect.Method.invoke(Method.java:568)
	at org.junit.runners.model.FrameworkMethod$1.runReflectiveCall(FrameworkMethod.java:47)
	at org.junit.internal.runners.model.ReflectiveCallable.run(ReflectiveCallable.java:12)
	at org.junit.runners.model.FrameworkMethod.invokeExplosively(FrameworkMethod.java:44)
	at org.junit.internal.runners.statements.InvokeMethod.evaluate(InvokeMethod.java:17)
	at org.junit.internal.runners.statements.RunBefores.evaluate(RunBefores.java:26)
	at org.junit.internal.runners.statements.RunAfters.evaluate(RunAfters.java:27)
	at org.junit.runners.ParentRunner.runLeaf(ParentRunner.java:271)
	at org.junit.runners.BlockJUnit4ClassRunner.runChild(BlockJUnit4ClassRunner.java:70)
	at org.junit.runners.BlockJUnit4ClassRunner.runChild(BlockJUnit4ClassRunner.java:50)
	at org.junit.runners.ParentRunner$3.run(ParentRunner.java:238)
	at org.junit.runners.ParentRunner$1.schedule(ParentRunner.java:63)
	at org.junit.runners.ParentRunner.runChildren(ParentRunner.java:236)
	at org.junit.runners.ParentRunner.access$000(ParentRunner.java:53)
	at org.junit.runners.ParentRunner$2.evaluate(ParentRunner.java:229)
	at org.junit.runners.ParentRunner.run(ParentRunner.java:309)
	at org.eclipse.jdt.internal.junit4.runner.JUnit4TestReference.run(JUnit4TestReference.java:93)
	at org.eclipse.jdt.internal.junit.runner.TestExecution.run(TestExecution.java:40)
	at org.eclipse.jdt.internal.junit.runner.RemoteTestRunner.runTests(RemoteTestRunner.java:529)
	at org.eclipse.jdt.internal.junit.runner.RemoteTestRunner.runTests(RemoteTestRunner.java:756)
	at org.eclipse.jdt.internal.junit.runner.RemoteTestRunner.run(RemoteTestRunner.java:452)
	at org.eclipse.jdt.internal.junit.runner.RemoteTestRunner.main(RemoteTestRunner.java:210)

%TRACEE 
%TESTE  8,semanticTypeErrorIntMultPint(lang.c.parse.SemanticCheckUnsignedFactorTest)
%TESTS  9,semanticMinusAmpError(lang.c.parse.SemanticCheckUnsignedFactorTest)
%FAILED 9,semanticMinusAmpError(lang.c.parse.SemanticCheckUnsignedFactorTest)
%TRACES 
java.lang.AssertionError: Failed with -&10. FatalErrorException should be invoked
	at org.junit.Assert.fail(Assert.java:88)
	at lang.c.parse.SemanticCheckUnsignedFactorTest.semanticMinusAmpError(SemanticCheckUnsignedFactorTest.java:68)
	at java.base/jdk.internal.reflect.NativeMethodAccessorImpl.invoke0(Native Method)
	at java.base/jdk.internal.reflect.NativeMethodAccessorImpl.invoke(NativeMethodAccessorImpl.java:77)
	at java.base/jdk.internal.reflect.DelegatingMethodAccessorImpl.invoke(DelegatingMethodAccessorImpl.java:43)
	at java.base/java.lang.reflect.Method.invoke(Method.java:568)
	at org.junit.runners.model.FrameworkMethod$1.runReflectiveCall(FrameworkMethod.java:47)
	at org.junit.internal.runners.model.ReflectiveCallable.run(ReflectiveCallable.java:12)
	at org.junit.runners.model.FrameworkMethod.invokeExplosively(FrameworkMethod.java:44)
	at org.junit.internal.runners.statements.InvokeMethod.evaluate(InvokeMethod.java:17)
	at org.junit.internal.runners.statements.RunBefores.evaluate(RunBefores.java:26)
	at org.junit.internal.runners.statements.RunAfters.evaluate(RunAfters.java:27)
	at org.junit.runners.ParentRunner.runLeaf(ParentRunner.java:271)
	at org.junit.runners.BlockJUnit4ClassRunner.runChild(BlockJUnit4ClassRunner.java:70)
	at org.junit.runners.BlockJUnit4ClassRunner.runChild(BlockJUnit4ClassRunner.java:50)
	at org.junit.runners.ParentRunner$3.run(ParentRunner.java:238)
	at org.junit.runners.ParentRunner$1.schedule(ParentRunner.java:63)
	at org.junit.runners.ParentRunner.runChildren(ParentRunner.java:236)
	at org.junit.runners.ParentRunner.access$000(ParentRunner.java:53)
	at org.junit.runners.ParentRunner$2.evaluate(ParentRunner.java:229)
	at org.junit.runners.ParentRunner.run(ParentRunner.java:309)
	at org.eclipse.jdt.internal.junit4.runner.JUnit4TestReference.run(JUnit4TestReference.java:93)
	at org.eclipse.jdt.internal.junit.runner.TestExecution.run(TestExecution.java:40)
	at org.eclipse.jdt.internal.junit.runner.RemoteTestRunner.runTests(RemoteTestRunner.java:529)
	at org.eclipse.jdt.internal.junit.runner.RemoteTestRunner.runTests(RemoteTestRunner.java:756)
	at org.eclipse.jdt.internal.junit.runner.RemoteTestRunner.run(RemoteTestRunner.java:452)
	at org.eclipse.jdt.internal.junit.runner.RemoteTestRunner.main(RemoteTestRunner.java:210)

%TRACEE 
%NAME,Launch Java Tests - $(symbol-class) IsFirstTest_cv03
%TAG,in socket.on
%COUNT,4
%TESTE  9,semanticMinusAmpError(lang.c.parse.SemanticCheckUnsignedFactorTest)
%TESTS  10,semanticTypeErrorPintMultInt(lang.c.parse.SemanticCheckUnsignedFactorTest)
%FAILED 10,semanticTypeErrorPintMultInt(lang.c.parse.SemanticCheckUnsignedFactorTest)
%TRACES 
java.lang.AssertionError: 
Expected: a string containing "Write down a part of error sentence you have decided on here"
     but: was "[1行目,5文字目の'2']括弧が閉じられていません"
	at org.hamcrest.MatcherAssert.assertThat(MatcherAssert.java:20)
	at org.hamcrest.MatcherAssert.assertThat(MatcherAssert.java:8)
	at lang.c.parse.SemanticCheckUnsignedFactorTest.semanticTypeErrorPintMultInt(SemanticCheckUnsignedFactorTest.java:90)
	at java.base/jdk.internal.reflect.NativeMethodAccessorImpl.invoke0(Native Method)
	at java.base/jdk.internal.reflect.NativeMethodAccessorImpl.invoke(NativeMethodAccessorImpl.java:77)
	at java.base/jdk.internal.reflect.DelegatingMethodAccessorImpl.invoke(DelegatingMethodAccessorImpl.java:43)
	at java.base/java.lang.reflect.Method.invoke(Method.java:568)
	at org.junit.runners.model.FrameworkMethod$1.runReflectiveCall(FrameworkMethod.java:47)
	at org.junit.internal.runners.model.ReflectiveCallable.run(ReflectiveCallable.java:12)
	at org.junit.runners.model.FrameworkMethod.invokeExplosively(FrameworkMethod.java:44)
	at org.junit.internal.runners.statements.InvokeMethod.evaluate(InvokeMethod.java:17)
	at org.junit.internal.runners.statements.RunBefores.evaluate(RunBefores.java:26)
	at org.junit.internal.runners.statements.RunAfters.evaluate(RunAfters.java:27)
	at org.junit.runners.ParentRunner.runLeaf(ParentRunner.java:271)
	at org.junit.runners.BlockJUnit4ClassRunner.runChild(BlockJUnit4ClassRunner.java:70)
	at org.junit.runners.BlockJUnit4ClassRunner.runChild(BlockJUnit4ClassRunner.java:50)
	at org.junit.runners.ParentRunner$3.run(ParentRunner.java:238)
	at org.junit.runners.ParentRunner$1.schedule(ParentRunner.java:63)
	at org.junit.runners.ParentRunner.runChildren(ParentRunner.java:236)
	at org.junit.runners.ParentRunner.access$000(ParentRunner.java:53)
	at org.junit.runners.ParentRunner$2.evaluate(ParentRunner.java:229)
	at org.junit.runners.ParentRunner.run(ParentRunner.java:309)
	at org.eclipse.jdt.internal.junit4.runner.JUnit4TestReference.run(JUnit4TestReference.java:93)
	at org.eclipse.jdt.internal.junit.runner.TestExecution.run(TestExecution.java:40)
	at org.eclipse.jdt.internal.junit.runner.RemoteTestRunner.runTests(RemoteTestRunner.java:529)
	at org.eclipse.jdt.internal.junit.runner.RemoteTestRunner.runTests(RemoteTestRunner.java:756)
	at org.eclipse.jdt.internal.junit.runner.RemoteTestRunner.run(RemoteTestRunner.java:452)
	at org.eclipse.jdt.internal.junit.runner.RemoteTestRunner.main(RemoteTestRunner.java:210)

%TRACEE 
%TESTE  10,semanticTypeErrorPintMultInt(lang.c.parse.SemanticCheckUnsignedFactorTest)
%TESTS  11,semanticTypeErrorPintDivPint(lang.c.parse.SemanticCheckUnsignedFactorTest)
%FAILED 11,semanticTypeErrorPintDivPint(lang.c.parse.SemanticCheckUnsignedFactorTest)
%TRACES 
java.lang.AssertionError: 
Expected: a string containing "Write down a part of error sentence you have decided on here"
     but: was "[1行目,5文字目の'3']括弧が閉じられていません"
	at org.hamcrest.MatcherAssert.assertThat(MatcherAssert.java:20)
	at org.hamcrest.MatcherAssert.assertThat(MatcherAssert.java:8)
	at lang.c.parse.SemanticCheckUnsignedFactorTest.semanticTypeErrorPintDivPint(SemanticCheckUnsignedFactorTest.java:190)
	at java.base/jdk.internal.reflect.NativeMethodAccessorImpl.invoke0(Native Method)
	at java.base/jdk.internal.reflect.NativeMethodAccessorImpl.invoke(NativeMethodAccessorImpl.java:77)
	at java.base/jdk.internal.reflect.DelegatingMethodAccessorImpl.invoke(DelegatingMethodAccessorImpl.java:43)
	at java.base/java.lang.reflect.Method.invoke(Method.java:568)
	at org.junit.runners.model.FrameworkMethod$1.runReflectiveCall(FrameworkMethod.java:47)
	at org.junit.internal.runners.model.ReflectiveCallable.run(ReflectiveCallable.java:12)
	at org.junit.runners.model.FrameworkMethod.invokeExplosively(FrameworkMethod.java:44)
	at org.junit.internal.runners.statements.InvokeMethod.evaluate(InvokeMethod.java:17)
	at org.junit.internal.runners.statements.RunBefores.evaluate(RunBefores.java:26)
	at org.junit.internal.runners.statements.RunAfters.evaluate(RunAfters.java:27)
	at org.junit.runners.ParentRunner.runLeaf(ParentRunner.java:271)
	at org.junit.runners.BlockJUnit4ClassRunner.runChild(BlockJUnit4ClassRunner.java:70)
	at org.junit.runners.BlockJUnit4ClassRunner.runChild(BlockJUnit4ClassRunner.java:50)
	at org.junit.runners.ParentRunner$3.run(ParentRunner.java:238)
	at org.junit.runners.ParentRunner$1.schedule(ParentRunner.java:63)
	at org.junit.runners.ParentRunner.runChildren(ParentRunner.java:236)
	at org.junit.runners.ParentRunner.access$000(ParentRunner.java:53)
	at org.junit.runners.ParentRunner$2.evaluate(ParentRunner.java:229)
	at org.junit.runners.ParentRunner.run(ParentRunner.java:309)
	at org.eclipse.jdt.internal.junit4.runner.JUnit4TestReference.run(JUnit4TestReference.java:93)
	at org.eclipse.jdt.internal.junit.runner.TestExecution.run(TestExecution.java:40)
	at org.eclipse.jdt.internal.junit.runner.RemoteTestRunner.runTests(RemoteTestRunner.java:529)
	at org.eclipse.jdt.internal.junit.runner.RemoteTestRunner.runTests(RemoteTestRunner.java:756)
	at org.eclipse.jdt.internal.junit.runner.RemoteTestRunner.run(RemoteTestRunner.java:452)
	at org.eclipse.jdt.internal.junit.runner.RemoteTestRunner.main(RemoteTestRunner.java:210)

%TRACEE 
%TESTE  11,semanticTypeErrorPintDivPint(lang.c.parse.SemanticCheckUnsignedFactorTest)
%TESTS  12,semanticTypeErrorIntDivPint(lang.c.parse.SemanticCheckUnsignedFactorTest)
%FAILED 12,semanticTypeErrorIntDivPint(lang.c.parse.SemanticCheckUnsignedFactorTest)
%TRACES 
java.lang.AssertionError: 
Expected: a string containing "Write down a part of error sentence you have decided on here"
     but: was "[1行目,2文字目の'/']*または/が必要です"
	at org.hamcrest.MatcherAssert.assertThat(MatcherAssert.java:20)
	at org.hamcrest.MatcherAssert.assertThat(MatcherAssert.java:8)
	at lang.c.parse.SemanticCheckUnsignedFactorTest.semanticTypeErrorIntDivPint(SemanticCheckUnsignedFactorTest.java:150)
	at java.base/jdk.internal.reflect.NativeMethodAccessorImpl.invoke0(Native Method)
	at java.base/jdk.internal.reflect.NativeMethodAccessorImpl.invoke(NativeMethodAccessorImpl.java:77)
	at java.base/jdk.internal.reflect.DelegatingMethodAccessorImpl.invoke(DelegatingMethodAccessorImpl.java:43)
	at java.base/java.lang.reflect.Method.invoke(Method.java:568)
	at org.junit.runners.model.FrameworkMethod$1.runReflectiveCall(FrameworkMethod.java:47)
	at org.junit.internal.runners.model.ReflectiveCallable.run(ReflectiveCallable.java:12)
	at org.junit.runners.model.FrameworkMethod.invokeExplosively(FrameworkMethod.java:44)
	at org.junit.internal.runners.statements.InvokeMethod.evaluate(InvokeMethod.java:17)
	at org.junit.internal.runners.statements.RunBefores.evaluate(RunBefores.java:26)
	at org.junit.internal.runners.statements.RunAfters.evaluate(RunAfters.java:27)
	at org.junit.runners.ParentRunner.runLeaf(ParentRunner.java:271)
	at org.junit.runners.BlockJUnit4ClassRunner.runChild(BlockJUnit4ClassRunner.java:70)
	at org.junit.runners.BlockJUnit4ClassRunner.runChild(BlockJUnit4ClassRunner.java:50)
	at org.junit.runners.ParentRunner$3.run(ParentRunner.java:238)
	at org.junit.runners.ParentRunner$1.schedule(ParentRunner.java:63)
	at org.junit.runners.ParentRunner.runChildren(ParentRunner.java:236)
	at org.junit.runners.ParentRunner.access$000(ParentRunner.java:53)
	at org.junit.runners.ParentRunner$2.evaluate(ParentRunner.java:229)
	at org.junit.runners.ParentRunner.run(ParentRunner.java:309)
	at org.eclipse.jdt.internal.junit4.runner.JUnit4TestReference.run(JUnit4TestReference.java:93)
	at org.eclipse.jdt.internal.junit.runner.TestExecution.run(TestExecution.java:40)
	at org.eclipse.jdt.internal.junit.runner.RemoteTestRunner.runTests(RemoteTestRunner.java:529)
	at org.eclipse.jdt.internal.junit.runner.RemoteTestRunner.runTests(RemoteTestRunner.java:756)
	at org.eclipse.jdt.internal.junit.runner.RemoteTestRunner.run(RemoteTestRunner.java:452)
	at org.eclipse.jdt.internal.junit.runner.RemoteTestRunner.main(RemoteTestRunner.java:210)

%TRACEE 
%TESTE  12,semanticTypeErrorIntDivPint(lang.c.parse.SemanticCheckUnsignedFactorTest)
%TESTS  13,semanticTypeErrorPintDivInt(lang.c.parse.SemanticCheckUnsignedFactorTest)
%FAILED 13,semanticTypeErrorPintDivInt(lang.c.parse.SemanticCheckUnsignedFactorTest)
%TRACES 
java.lang.AssertionError: 
Expected: a string containing "Write down a part of error sentence you have decided on here"
     but: was "[1行目,5文字目の'2']括弧が閉じられていません"
	at org.hamcrest.MatcherAssert.assertThat(MatcherAssert.java:20)
	at org.hamcrest.MatcherAssert.assertThat(MatcherAssert.java:8)
	at lang.c.parse.SemanticCheckUnsignedFactorTest.semanticTypeErrorPintDivInt(SemanticCheckUnsignedFactorTest.java:110)
	at java.base/jdk.internal.reflect.NativeMethodAccessorImpl.invoke0(Native Method)
	at java.base/jdk.internal.reflect.NativeMethodAccessorImpl.invoke(NativeMethodAccessorImpl.java:77)
	at java.base/jdk.internal.reflect.DelegatingMethodAccessorImpl.invoke(DelegatingMethodAccessorImpl.java:43)
	at java.base/java.lang.reflect.Method.invoke(Method.java:568)
	at org.junit.runners.model.FrameworkMethod$1.runReflectiveCall(FrameworkMethod.java:47)
	at org.junit.internal.runners.model.ReflectiveCallable.run(ReflectiveCallable.java:12)
	at org.junit.runners.model.FrameworkMethod.invokeExplosively(FrameworkMethod.java:44)
	at org.junit.internal.runners.statements.InvokeMethod.evaluate(InvokeMethod.java:17)
	at org.junit.internal.runners.statements.RunBefores.evaluate(RunBefores.java:26)
	at org.junit.internal.runners.statements.RunAfters.evaluate(RunAfters.java:27)
	at org.junit.runners.ParentRunner.runLeaf(ParentRunner.java:271)
	at org.junit.runners.BlockJUnit4ClassRunner.runChild(BlockJUnit4ClassRunner.java:70)
	at org.junit.runners.BlockJUnit4ClassRunner.runChild(BlockJUnit4ClassRunner.java:50)
	at org.junit.runners.ParentRunner$3.run(ParentRunner.java:238)
	at org.junit.runners.ParentRunner$1.schedule(ParentRunner.java:63)
	at org.junit.runners.ParentRunner.runChildren(ParentRunner.java:236)
	at org.junit.runners.ParentRunner.access$000(ParentRunner.java:53)
	at org.junit.runners.ParentRunner$2.evaluate(ParentRunner.java:229)
	at org.junit.runners.ParentRunner.run(ParentRunner.java:309)
	at org.eclipse.jdt.internal.junit4.runner.JUnit4TestReference.run(JUnit4TestReference.java:93)
	at org.eclipse.jdt.internal.junit.runner.TestExecution.run(TestExecution.java:40)
	at org.eclipse.jdt.internal.junit.runner.RemoteTestRunner.runTests(RemoteTestRunner.java:529)
	at org.eclipse.jdt.internal.junit.runner.RemoteTestRunner.runTests(RemoteTestRunner.java:756)
	at org.eclipse.jdt.internal.junit.runner.RemoteTestRunner.run(RemoteTestRunner.java:452)
	at org.eclipse.jdt.internal.junit.runner.RemoteTestRunner.main(RemoteTestRunner.java:210)

%TRACEE 
%TESTE  13,semanticTypeErrorPintDivInt(lang.c.parse.SemanticCheckUnsignedFactorTest)
%TESTS  14,semanticTypeErrorPintMultPint(lang.c.parse.SemanticCheckUnsignedFactorTest)
%FAILED 14,semanticTypeErrorPintMultPint(lang.c.parse.SemanticCheckUnsignedFactorTest)
%TRACES 
java.lang.AssertionError: 
Expected: a string containing "Write down a part of error sentence you have decided on here"
     but: was "[1行目,5文字目の'3']括弧が閉じられていません"
	at org.hamcrest.MatcherAssert.assertThat(MatcherAssert.java:20)
	at org.hamcrest.MatcherAssert.assertThat(MatcherAssert.java:8)
	at lang.c.parse.SemanticCheckUnsignedFactorTest.semanticTypeErrorPintMultPint(SemanticCheckUnsignedFactorTest.java:170)
	at java.base/jdk.internal.reflect.NativeMethodAccessorImpl.invoke0(Native Method)
	at java.base/jdk.internal.reflect.NativeMethodAccessorImpl.invoke(NativeMethodAccessorImpl.java:77)
	at java.base/jdk.internal.reflect.DelegatingMethodAccessorImpl.invoke(DelegatingMethodAccessorImpl.java:43)
	at java.base/java.lang.reflect.Method.invoke(Method.java:568)
	at org.junit.runners.model.FrameworkMethod$1.runReflectiveCall(FrameworkMethod.java:47)
	at org.junit.internal.runners.model.ReflectiveCallable.run(ReflectiveCallable.java:12)
	at org.junit.runners.model.FrameworkMethod.invokeExplosively(FrameworkMethod.java:44)
	at org.junit.internal.runners.statements.InvokeMethod.evaluate(InvokeMethod.java:17)
	at org.junit.internal.runners.statements.RunBefores.evaluate(RunBefores.java:26)
	at org.junit.internal.runners.statements.RunAfters.evaluate(RunAfters.java:27)
	at org.junit.runners.ParentRunner.runLeaf(ParentRunner.java:271)
	at org.junit.runners.BlockJUnit4ClassRunner.runChild(BlockJUnit4ClassRunner.java:70)
	at org.junit.runners.BlockJUnit4ClassRunner.runChild(BlockJUnit4ClassRunner.java:50)
	at org.junit.runners.ParentRunner$3.run(ParentRunner.java:238)
	at org.junit.runners.ParentRunner$1.schedule(ParentRunner.java:63)
	at org.junit.runners.ParentRunner.runChildren(ParentRunner.java:236)
	at org.junit.runners.ParentRunner.access$000(ParentRunner.java:53)
	at org.junit.runners.ParentRunner$2.evaluate(ParentRunner.java:229)
	at org.junit.runners.ParentRunner.run(ParentRunner.java:309)
	at org.eclipse.jdt.internal.junit4.runner.JUnit4TestReference.run(JUnit4TestReference.java:93)
	at org.eclipse.jdt.internal.junit.runner.TestExecution.run(TestExecution.java:40)
	at org.eclipse.jdt.internal.junit.runner.RemoteTestRunner.runTests(RemoteTestRunner.java:529)
	at org.eclipse.jdt.internal.junit.runner.RemoteTestRunner.runTests(RemoteTestRunner.java:756)
	at org.eclipse.jdt.internal.junit.runner.RemoteTestRunner.run(RemoteTestRunner.java:452)
	at org.eclipse.jdt.internal.junit.runner.RemoteTestRunner.main(RemoteTestRunner.java:210)

%TRACEE 
%TESTE  14,semanticTypeErrorPintMultPint(lang.c.parse.SemanticCheckUnsignedFactorTest)
%TESTS  16,ExpressionAddNoError(lang.c.parse.SemanticCheckProgramTest)
%TESTE  16,ExpressionAddNoError(lang.c.parse.SemanticCheckProgramTest)
%TESTS  17,noResponseDoBeforeParse(lang.c.parse.SemanticCheckProgramTest)
%TESTE  17,noResponseDoBeforeParse(lang.c.parse.SemanticCheckProgramTest)
%TESTS  19,codeGenExpressionADDADDSubTerm(lang.c.parse.CodeGenExpressionTest_cv01)
%NAME,Launch Java Tests - $(symbol-class) IsFirstTest_cv03
%TAG,in socket.on
%COUNT,5
%TESTE  19,codeGenExpressionADDADDSubTerm(lang.c.parse.CodeGenExpressionTest_cv01)
%TESTS  20,codeGenExpressionADDSub5CommentTerm(lang.c.parse.CodeGenExpressionTest_cv01)
%TESTE  20,codeGenExpressionADDSub5CommentTerm(lang.c.parse.CodeGenExpressionTest_cv01)
%TESTS  21,codeGenExpressionSub2Term(lang.c.parse.CodeGenExpressionTest_cv01)
%TESTE  21,codeGenExpressionSub2Term(lang.c.parse.CodeGenExpressionTest_cv01)
%TESTS  22,codeGenExpressionSub3Term(lang.c.parse.CodeGenExpressionTest_cv01)
%TESTE  22,codeGenExpressionSub3Term(lang.c.parse.CodeGenExpressionTest_cv01)
%TESTS  23,codeGenExpressionADD3CommentTerm(lang.c.parse.CodeGenExpressionTest_cv01)
%TESTE  23,codeGenExpressionADD3CommentTerm(lang.c.parse.CodeGenExpressionTest_cv01)
%TESTS  24,codeGenExpressionADD3Term(lang.c.parse.CodeGenExpressionTest_cv01)
%TESTE  24,codeGenExpressionADD3Term(lang.c.parse.CodeGenExpressionTest_cv01)
%TESTS  26,codeGenFactorAmp(lang.c.parse.CodeGenFactorAmpTest)
%TESTE  26,codeGenFactorAmp(lang.c.parse.CodeGenFactorAmpTest)
%TESTS  27,codeGenFactorWithAmp(lang.c.parse.CodeGenFactorAmpTest)
%FAILED 27,codeGenFactorWithAmp(lang.c.parse.CodeGenFactorAmpTest)
%TRACES 
java.lang.AssertionError: Line: 0
Expected: is "MOV#2,(R6)+"
     but: was "MOV#end_of_file,(R6)+"
	at org.hamcrest.MatcherAssert.assertThat(MatcherAssert.java:20)
	at lang.c.TestHelper.checkCodePortion(TestHelper.java:50)
	at lang.c.TestHelper.checkCodeGen(TestHelper.java:71)
	at lang.c.parse.CodeGenFactorAmpTest.codeGenFactorWithAmp(CodeGenFactorAmpTest.java:69)
	at java.base/jdk.internal.reflect.NativeMethodAccessorImpl.invoke0(Native Method)
	at java.base/jdk.internal.reflect.NativeMethodAccessorImpl.invoke(NativeMethodAccessorImpl.java:77)
	at java.base/jdk.internal.reflect.DelegatingMethodAccessorImpl.invoke(DelegatingMethodAccessorImpl.java:43)
	at java.base/java.lang.reflect.Method.invoke(Method.java:568)
	at org.junit.runners.model.FrameworkMethod$1.runReflectiveCall(FrameworkMethod.java:47)
	at org.junit.internal.runners.model.ReflectiveCallable.run(ReflectiveCallable.java:12)
	at org.junit.runners.model.FrameworkMethod.invokeExplosively(FrameworkMethod.java:44)
	at org.junit.internal.runners.statements.InvokeMethod.evaluate(InvokeMethod.java:17)
	at org.junit.internal.runners.statements.RunBefores.evaluate(RunBefores.java:26)
	at org.junit.internal.runners.statements.RunAfters.evaluate(RunAfters.java:27)
	at org.junit.runners.ParentRunner.runLeaf(ParentRunner.java:271)
	at org.junit.runners.BlockJUnit4ClassRunner.runChild(BlockJUnit4ClassRunner.java:70)
	at org.junit.runners.BlockJUnit4ClassRunner.runChild(BlockJUnit4ClassRunner.java:50)
	at org.junit.runners.ParentRunner$3.run(ParentRunner.java:238)
	at org.junit.runners.ParentRunner$1.schedule(ParentRunner.java:63)
	at org.junit.runners.ParentRunner.runChildren(ParentRunner.java:236)
	at org.junit.runners.ParentRunner.access$000(ParentRunner.java:53)
	at org.junit.runners.ParentRunner$2.evaluate(ParentRunner.java:229)
	at org.junit.runners.ParentRunner.run(ParentRunner.java:309)
	at org.eclipse.jdt.internal.junit4.runner.JUnit4TestReference.run(JUnit4TestReference.java:93)
	at org.eclipse.jdt.internal.junit.runner.TestExecution.run(TestExecution.java:40)
	at org.eclipse.jdt.internal.junit.runner.RemoteTestRunner.runTests(RemoteTestRunner.java:529)
	at org.eclipse.jdt.internal.junit.runner.RemoteTestRunner.runTests(RemoteTestRunner.java:756)
	at org.eclipse.jdt.internal.junit.runner.RemoteTestRunner.run(RemoteTestRunner.java:452)
	at org.eclipse.jdt.internal.junit.runner.RemoteTestRunner.main(RemoteTestRunner.java:210)

%TRACEE 
%TESTE  27,codeGenFactorWithAmp(lang.c.parse.CodeGenFactorAmpTest)
%TESTS  29,parseRCURWithoutLCUR(lang.c.parse.ParseFactorTest)
%TESTE  29,parseRCURWithoutLCUR(lang.c.parse.ParseFactorTest)
%TESTS  30,parseNotCloseRPAR(lang.c.parse.ParseFactorTest)
%FAILED 30,parseNotCloseRPAR(lang.c.parse.ParseFactorTest)
%TRACES 
java.lang.AssertionError: 
Expected: a string containing "Write down a part of error sentence you have decided on here"
     but: was "[1行目,7文字目の'end_of_file']括弧が閉じられていません"
	at org.hamcrest.MatcherAssert.assertThat(MatcherAssert.java:20)
	at org.hamcrest.MatcherAssert.assertThat(MatcherAssert.java:8)
	at lang.c.parse.ParseFactorTest.parseNotCloseRPAR(ParseFactorTest.java:90)
	at java.base/jdk.internal.reflect.NativeMethodAccessorImpl.invoke0(Native Method)
	at java.base/jdk.internal.reflect.NativeMethodAccessorImpl.invoke(NativeMethodAccessorImpl.java:77)
	at java.base/jdk.internal.reflect.DelegatingMethodAccessorImpl.invoke(DelegatingMethodAccessorImpl.java:43)
	at java.base/java.lang.reflect.Method.invoke(Method.java:568)
	at org.junit.runners.model.FrameworkMethod$1.runReflectiveCall(FrameworkMethod.java:47)
	at org.junit.internal.runners.model.ReflectiveCallable.run(ReflectiveCallable.java:12)
	at org.junit.runners.model.FrameworkMethod.invokeExplosively(FrameworkMethod.java:44)
	at org.junit.internal.runners.statements.InvokeMethod.evaluate(InvokeMethod.java:17)
	at org.junit.internal.runners.statements.RunBefores.evaluate(RunBefores.java:26)
	at org.junit.internal.runners.statements.RunAfters.evaluate(RunAfters.java:27)
	at org.junit.runners.ParentRunner.runLeaf(ParentRunner.java:271)
	at org.junit.runners.BlockJUnit4ClassRunner.runChild(BlockJUnit4ClassRunner.java:70)
	at org.junit.runners.BlockJUnit4ClassRunner.runChild(BlockJUnit4ClassRunner.java:50)
	at org.junit.runners.ParentRunner$3.run(ParentRunner.java:238)
	at org.junit.runners.ParentRunner$1.schedule(ParentRunner.java:63)
	at org.junit.runners.ParentRunner.runChildren(ParentRunner.java:236)
	at org.junit.runners.ParentRunner.access$000(ParentRunner.java:53)
	at org.junit.runners.ParentRunner$2.evaluate(ParentRunner.java:229)
	at org.junit.runners.ParentRunner.run(ParentRunner.java:309)
	at org.eclipse.jdt.internal.junit4.runner.JUnit4TestReference.run(JUnit4TestReference.java:93)
	at org.eclipse.jdt.internal.junit.runner.TestExecution.run(TestExecution.java:40)
	at org.eclipse.jdt.internal.junit.runner.RemoteTestRunner.runTests(RemoteTestRunner.java:529)
	at org.eclipse.jdt.internal.junit.runner.RemoteTestRunner.runTests(RemoteTestRunner.java:756)
	at org.eclipse.jdt.internal.junit.runner.RemoteTestRunner.run(RemoteTestRunner.java:452)
	at org.eclipse.jdt.internal.junit.runner.RemoteTestRunner.main(RemoteTestRunner.java:210)

%TRACEE 
%TESTE  30,parseNotCloseRPAR(lang.c.parse.ParseFactorTest)
%TESTS  31,parseOnlyLPAR(lang.c.parse.ParseFactorTest)
%FAILED 31,parseOnlyLPAR(lang.c.parse.ParseFactorTest)
%TRACES 
java.lang.AssertionError: 
Expected: a string containing "Write down a part of error sentence you have decided on here"
     but: was "[1行目,2文字目の'end_of_file']左括弧の後ろが不正です"
	at org.hamcrest.MatcherAssert.assertThat(MatcherAssert.java:20)
	at org.hamcrest.MatcherAssert.assertThat(MatcherAssert.java:8)
	at lang.c.parse.ParseFactorTest.parseOnlyLPAR(ParseFactorTest.java:109)
	at java.base/jdk.internal.reflect.NativeMethodAccessorImpl.invoke0(Native Method)
	at java.base/jdk.internal.reflect.NativeMethodAccessorImpl.invoke(NativeMethodAccessorImpl.java:77)
	at java.base/jdk.internal.reflect.DelegatingMethodAccessorImpl.invoke(DelegatingMethodAccessorImpl.java:43)
	at java.base/java.lang.reflect.Method.invoke(Method.java:568)
	at org.junit.runners.model.FrameworkMethod$1.runReflectiveCall(FrameworkMethod.java:47)
	at org.junit.internal.runners.model.ReflectiveCallable.run(ReflectiveCallable.java:12)
	at org.junit.runners.model.FrameworkMethod.invokeExplosively(FrameworkMethod.java:44)
	at org.junit.internal.runners.statements.InvokeMethod.evaluate(InvokeMethod.java:17)
	at org.junit.internal.runners.statements.RunBefores.evaluate(RunBefores.java:26)
	at org.junit.internal.runners.statements.RunAfters.evaluate(RunAfters.java:27)
	at org.junit.runners.ParentRunner.runLeaf(ParentRunner.java:271)
	at org.junit.runners.BlockJUnit4ClassRunner.runChild(BlockJUnit4ClassRunner.java:70)
	at org.junit.runners.BlockJUnit4ClassRunner.runChild(BlockJUnit4ClassRunner.java:50)
	at org.junit.runners.ParentRunner$3.run(ParentRunner.java:238)
	at org.junit.runners.ParentRunner$1.schedule(ParentRunner.java:63)
	at org.junit.runners.ParentRunner.runChildren(ParentRunner.java:236)
	at org.junit.runners.ParentRunner.access$000(ParentRunner.java:53)
	at org.junit.runners.ParentRunner$2.evaluate(ParentRunner.java:229)
	at org.junit.runners.ParentRunner.run(ParentRunner.java:309)
	at org.eclipse.jdt.internal.junit4.runner.JUnit4TestReference.run(JUnit4TestReference.java:93)
	at org.eclipse.jdt.internal.junit.runner.TestExecution.run(TestExecution.java:40)
	at org.eclipse.jdt.internal.junit.runner.RemoteTestRunner.runTests(RemoteTestRunner.java:529)
	at org.eclipse.jdt.internal.junit.runner.RemoteTestRunner.runTests(RemoteTestRunner.java:756)
	at org.eclipse.jdt.internal.junit.runner.RemoteTestRunner.run(RemoteTestRunner.java:452)
	at org.eclipse.jdt.internal.junit.runner.RemoteTestRunner.main(RemoteTestRunner.java:210)

%TRACEE 
%TESTE  31,parseOnlyLPAR(lang.c.parse.ParseFactorTest)
%TESTS  32,parseOnlyMinusFactor(lang.c.parse.ParseFactorTest)
%FAILED 32,parseOnlyMinusFactor(lang.c.parse.ParseFactorTest)
%TRACES 
java.lang.AssertionError: Error should be invoked
	at org.junit.Assert.fail(Assert.java:88)
	at lang.c.parse.ParseFactorTest.parseOnlyMinusFactor(ParseFactorTest.java:126)
	at java.base/jdk.internal.reflect.NativeMethodAccessorImpl.invoke0(Native Method)
	at java.base/jdk.internal.reflect.NativeMethodAccessorImpl.invoke(NativeMethodAccessorImpl.java:77)
	at java.base/jdk.internal.reflect.DelegatingMethodAccessorImpl.invoke(DelegatingMethodAccessorImpl.java:43)
	at java.base/java.lang.reflect.Method.invoke(Method.java:568)
	at org.junit.runners.model.FrameworkMethod$1.runReflectiveCall(FrameworkMethod.java:47)
	at org.junit.internal.runners.model.ReflectiveCallable.run(ReflectiveCallable.java:12)
	at org.junit.runners.model.FrameworkMethod.invokeExplosively(FrameworkMethod.java:44)
	at org.junit.internal.runners.statements.InvokeMethod.evaluate(InvokeMethod.java:17)
	at org.junit.internal.runners.statements.RunBefores.evaluate(RunBefores.java:26)
	at org.junit.internal.runners.statements.RunAfters.evaluate(RunAfters.java:27)
	at org.junit.runners.ParentRunner.runLeaf(ParentRunner.java:271)
	at org.junit.runners.BlockJUnit4ClassRunner.runChild(BlockJUnit4ClassRunner.java:70)
	at org.junit.runners.BlockJUnit4ClassRunner.runChild(BlockJUnit4ClassRunner.java:50)
	at org.junit.runners.ParentRunner$3.run(ParentRunner.java:238)
	at org.junit.runners.ParentRunner$1.schedule(ParentRunner.java:63)
	at org.junit.runners.ParentRunner.runChildren(ParentRunner.java:236)
	at org.junit.runners.ParentRunner.access$000(ParentRunner.java:53)
	at org.junit.runners.ParentRunner$2.evaluate(ParentRunner.java:229)
	at org.junit.runners.ParentRunner.run(ParentRunner.java:309)
	at org.eclipse.jdt.internal.junit4.runner.JUnit4TestReference.run(JUnit4TestReference.java:93)
	at org.eclipse.jdt.internal.junit.runner.TestExecution.run(TestExecution.java:40)
	at org.eclipse.jdt.internal.junit.runner.RemoteTestRunner.runTests(RemoteTestRunner.java:529)
	at org.eclipse.jdt.internal.junit.runner.RemoteTestRunner.runTests(RemoteTestRunner.java:756)
	at org.eclipse.jdt.internal.junit.runner.RemoteTestRunner.run(RemoteTestRunner.java:452)
	at org.eclipse.jdt.internal.junit.runner.RemoteTestRunner.main(RemoteTestRunner.java:210)

%TRACEE 
%TESTE  32,parseOnlyMinusFactor(lang.c.parse.ParseFactorTest)
%TESTS  34,testFactorAmp(lang.c.parse.IsFirstTest_cv02)
%TESTE  34,testFactorAmp(lang.c.parse.IsFirstTest_cv02)
%TESTS  36,codeGenTerm(lang.c.parse.CodeGenTermTest)
%TESTE  36,codeGenTerm(lang.c.parse.CodeGenTermTest)
%TESTS  38,codeGenTermMultPriority(lang.c.parse.CodeGenExpressionTest_cv03)
%ERROR  38,codeGenTermMultPriority(lang.c.parse.CodeGenExpressionTest_cv03)
%TRACES 
lang.FatalErrorException: [1行目,4文字目の'*']*または/が必要です
	at lang.ParseContext.fatalError(ParseContext.java:65)
	at lang.c.parse.Term.parse(Term.java:32)
	at lang.c.parse.Term.parse(Term.java:1)
	at lang.c.parse.ExpressionAdd.parse(ExpressionAdd.java:33)
	at lang.c.parse.ExpressionAdd.parse(ExpressionAdd.java:1)
	at lang.c.parse.Expression.parse(Expression.java:32)
	at lang.c.parse.Expression.parse(Expression.java:1)
	at lang.c.TestHelper.checkCodeGen(TestHelper.java:59)
	at lang.c.parse.CodeGenExpressionTest_cv03.codeGenTermMultPriority(CodeGenExpressionTest_cv03.java:87)
	at java.base/jdk.internal.reflect.NativeMethodAccessorImpl.invoke0(Native Method)
	at java.base/jdk.internal.reflect.NativeMethodAccessorImpl.invoke(NativeMethodAccessorImpl.java:77)
	at java.base/jdk.internal.reflect.DelegatingMethodAccessorImpl.invoke(DelegatingMethodAccessorImpl.java:43)
	at java.base/java.lang.reflect.Method.invoke(Method.java:568)
	at org.junit.runners.model.FrameworkMethod$1.runReflectiveCall(FrameworkMethod.java:47)
	at org.junit.internal.runners.model.ReflectiveCallable.run(ReflectiveCallable.java:12)
	at org.junit.runners.model.FrameworkMethod.invokeExplosively(FrameworkMethod.java:44)
	at org.junit.internal.runners.statements.InvokeMethod.evaluate(InvokeMethod.java:17)
	at org.junit.internal.runners.statements.RunBefores.evaluate(RunBefores.java:26)
	at org.junit.internal.runners.statements.RunAfters.evaluate(RunAfters.java:27)
	at org.junit.runners.ParentRunner.runLeaf(ParentRunner.java:271)
	at org.junit.runners.BlockJUnit4ClassRunner.runChild(BlockJUnit4ClassRunner.java:70)
	at org.junit.runners.BlockJUnit4ClassRunner.runChild(BlockJUnit4ClassRunner.java:50)
	at org.junit.runners.ParentRunner$3.run(ParentRunner.java:238)
	at org.junit.runners.ParentRunner$1.schedule(ParentRunner.java:63)
	at org.junit.runners.ParentRunner.runChildren(ParentRunner.java:236)
	at org.junit.runners.ParentRunner.access$000(ParentRunner.java:53)
	at org.junit.runners.ParentRunner$2.evaluate(ParentRunner.java:229)
	at org.junit.runners.ParentRunner.run(ParentRunner.java:309)
	at org.eclipse.jdt.internal.junit4.runner.JUnit4TestReference.run(JUnit4TestReference.java:93)
	at org.eclipse.jdt.internal.junit.runner.TestExecution.run(TestExecution.java:40)
	at org.eclipse.jdt.internal.junit.runner.RemoteTestRunner.runTests(RemoteTestRunner.java:529)
	at org.eclipse.jdt.internal.junit.runner.RemoteTestRunner.runTests(RemoteTestRunner.java:756)
	at org.eclipse.jdt.internal.junit.runner.RemoteTestRunner.run(RemoteTestRunner.java:452)
	at org.eclipse.jdt.internal.junit.runner.RemoteTestRunner.main(RemoteTestRunner.java:210)

%TRACEE 
%TESTE  38,codeGenTermMultPriority(lang.c.parse.CodeGenExpressionTest_cv03)
%TESTS  39,codeGenTermDivWithParenthesis(lang.c.parse.CodeGenExpressionTest_cv03)
%ERROR  39,codeGenTermDivWithParenthesis(lang.c.parse.CodeGenExpressionTest_cv03)
%TRACES 
lang.FatalErrorException: [1行目,2文字目の'/']*または/が必要です
	at lang.ParseContext.fatalError(ParseContext.java:65)
	at lang.c.parse.Term.parse(Term.java:32)
	at lang.c.parse.Term.parse(Term.java:1)
	at lang.c.parse.Expression.parse(Expression.java:23)
	at lang.c.parse.Expression.parse(Expression.java:1)
	at lang.c.TestHelper.checkCodeGen(TestHelper.java:59)
	at lang.c.parse.CodeGenExpressionTest_cv03.codeGenTermDivWithParenthesis(CodeGenExpressionTest_cv03.java:107)
	at java.base/jdk.internal.reflect.NativeMethodAccessorImpl.invoke0(Native Method)
	at java.base/jdk.internal.reflect.NativeMethodAccessorImpl.invoke(NativeMethodAccessorImpl.java:77)
	at java.base/jdk.internal.reflect.DelegatingMethodAccessorImpl.invoke(DelegatingMethodAccessorImpl.java:43)
	at java.base/java.lang.reflect.Method.invoke(Method.java:568)
	at org.junit.runners.model.FrameworkMethod$1.runReflectiveCall(FrameworkMethod.java:47)
	at org.junit.internal.runners.model.ReflectiveCallable.run(ReflectiveCallable.java:12)
	at org.junit.runners.model.FrameworkMethod.invokeExplosively(FrameworkMethod.java:44)
	at org.junit.internal.runners.statements.InvokeMethod.evaluate(InvokeMethod.java:17)
	at org.junit.internal.runners.statements.RunBefores.evaluate(RunBefores.java:26)
	at org.junit.internal.runners.statements.RunAfters.evaluate(RunAfters.java:27)
	at org.junit.runners.ParentRunner.runLeaf(ParentRunner.java:271)
	at org.junit.runners.BlockJUnit4ClassRunner.runChild(BlockJUnit4ClassRunner.java:70)
	at org.junit.runners.BlockJUnit4ClassRunner.runChild(BlockJUnit4ClassRunner.java:50)
	at org.junit.runners.ParentRunner$3.run(ParentRunner.java:238)
	at org.junit.runners.ParentRunner$1.schedule(ParentRunner.java:63)
	at org.junit.runners.ParentRunner.runChildren(ParentRunner.java:236)
	at org.junit.runners.ParentRunner.access$000(ParentRunner.java:53)
	at org.junit.runners.ParentRunner$2.evaluate(ParentRunner.java:229)
	at org.junit.runners.ParentRunner.run(ParentRunner.java:309)
	at org.eclipse.jdt.internal.junit4.runner.JUnit4TestReference.run(JUnit4TestReference.java:93)
	at org.eclipse.jdt.internal.junit.runner.TestExecution.run(TestExecution.java:40)
	at org.eclipse.jdt.internal.junit.runner.RemoteTestRunner.runTests(RemoteTestRunner.java:529)
	at org.eclipse.jdt.internal.junit.runner.RemoteTestRunner.runTests(RemoteTestRunner.java:756)
	at org.eclipse.jdt.internal.junit.runner.RemoteTestRunner.run(RemoteTestRunner.java:452)
	at org.eclipse.jdt.internal.junit.runner.RemoteTestRunner.main(RemoteTestRunner.java:210)

%TRACEE 
%NAME,Launch Java Tests - $(symbol-class) IsFirstTest_cv03
%TAG,in socket.on
%COUNT,6
%TESTE  39,codeGenTermDivWithParenthesis(lang.c.parse.CodeGenExpressionTest_cv03)
%TESTS  40,codeGenTermSignTest(lang.c.parse.CodeGenExpressionTest_cv03)
%FAILED 40,codeGenTermSignTest(lang.c.parse.CodeGenExpressionTest_cv03)
%TRACES 
java.lang.AssertionError: Actual [MOV#+,(R6)+]  Line Size: 
Expected: is <9>
     but: was <1>
	at org.hamcrest.MatcherAssert.assertThat(MatcherAssert.java:20)
	at lang.c.TestHelper.checkCodePortion(TestHelper.java:39)
	at lang.c.TestHelper.checkCodeGen(TestHelper.java:71)
	at lang.c.parse.CodeGenExpressionTest_cv03.codeGenTermSignTest(CodeGenExpressionTest_cv03.java:167)
	at java.base/jdk.internal.reflect.NativeMethodAccessorImpl.invoke0(Native Method)
	at java.base/jdk.internal.reflect.NativeMethodAccessorImpl.invoke(NativeMethodAccessorImpl.java:77)
	at java.base/jdk.internal.reflect.DelegatingMethodAccessorImpl.invoke(DelegatingMethodAccessorImpl.java:43)
	at java.base/java.lang.reflect.Method.invoke(Method.java:568)
	at org.junit.runners.model.FrameworkMethod$1.runReflectiveCall(FrameworkMethod.java:47)
	at org.junit.internal.runners.model.ReflectiveCallable.run(ReflectiveCallable.java:12)
	at org.junit.runners.model.FrameworkMethod.invokeExplosively(FrameworkMethod.java:44)
	at org.junit.internal.runners.statements.InvokeMethod.evaluate(InvokeMethod.java:17)
	at org.junit.internal.runners.statements.RunBefores.evaluate(RunBefores.java:26)
	at org.junit.internal.runners.statements.RunAfters.evaluate(RunAfters.java:27)
	at org.junit.runners.ParentRunner.runLeaf(ParentRunner.java:271)
	at org.junit.runners.BlockJUnit4ClassRunner.runChild(BlockJUnit4ClassRunner.java:70)
	at org.junit.runners.BlockJUnit4ClassRunner.runChild(BlockJUnit4ClassRunner.java:50)
	at org.junit.runners.ParentRunner$3.run(ParentRunner.java:238)
	at org.junit.runners.ParentRunner$1.schedule(ParentRunner.java:63)
	at org.junit.runners.ParentRunner.runChildren(ParentRunner.java:236)
	at org.junit.runners.ParentRunner.access$000(ParentRunner.java:53)
	at org.junit.runners.ParentRunner$2.evaluate(ParentRunner.java:229)
	at org.junit.runners.ParentRunner.run(ParentRunner.java:309)
	at org.eclipse.jdt.internal.junit4.runner.JUnit4TestReference.run(JUnit4TestReference.java:93)
	at org.eclipse.jdt.internal.junit.runner.TestExecution.run(TestExecution.java:40)
	at org.eclipse.jdt.internal.junit.runner.RemoteTestRunner.runTests(RemoteTestRunner.java:529)
	at org.eclipse.jdt.internal.junit.runner.RemoteTestRunner.runTests(RemoteTestRunner.java:756)
	at org.eclipse.jdt.internal.junit.runner.RemoteTestRunner.run(RemoteTestRunner.java:452)
	at org.eclipse.jdt.internal.junit.runner.RemoteTestRunner.main(RemoteTestRunner.java:210)

%TRACEE 
%TESTE  40,codeGenTermSignTest(lang.c.parse.CodeGenExpressionTest_cv03)
%TESTS  41,codeGenTermDivMinus(lang.c.parse.CodeGenExpressionTest_cv03)
%ERROR  41,codeGenTermDivMinus(lang.c.parse.CodeGenExpressionTest_cv03)
%TRACES 
lang.FatalErrorException: [1行目,2文字目の'/']*または/が必要です
	at lang.ParseContext.fatalError(ParseContext.java:65)
	at lang.c.parse.Term.parse(Term.java:32)
	at lang.c.parse.Term.parse(Term.java:1)
	at lang.c.parse.Expression.parse(Expression.java:23)
	at lang.c.parse.Expression.parse(Expression.java:1)
	at lang.c.TestHelper.checkCodeGen(TestHelper.java:59)
	at lang.c.parse.CodeGenExpressionTest_cv03.codeGenTermDivMinus(CodeGenExpressionTest_cv03.java:127)
	at java.base/jdk.internal.reflect.NativeMethodAccessorImpl.invoke0(Native Method)
	at java.base/jdk.internal.reflect.NativeMethodAccessorImpl.invoke(NativeMethodAccessorImpl.java:77)
	at java.base/jdk.internal.reflect.DelegatingMethodAccessorImpl.invoke(DelegatingMethodAccessorImpl.java:43)
	at java.base/java.lang.reflect.Method.invoke(Method.java:568)
	at org.junit.runners.model.FrameworkMethod$1.runReflectiveCall(FrameworkMethod.java:47)
	at org.junit.internal.runners.model.ReflectiveCallable.run(ReflectiveCallable.java:12)
	at org.junit.runners.model.FrameworkMethod.invokeExplosively(FrameworkMethod.java:44)
	at org.junit.internal.runners.statements.InvokeMethod.evaluate(InvokeMethod.java:17)
	at org.junit.internal.runners.statements.RunBefores.evaluate(RunBefores.java:26)
	at org.junit.internal.runners.statements.RunAfters.evaluate(RunAfters.java:27)
	at org.junit.runners.ParentRunner.runLeaf(ParentRunner.java:271)
	at org.junit.runners.BlockJUnit4ClassRunner.runChild(BlockJUnit4ClassRunner.java:70)
	at org.junit.runners.BlockJUnit4ClassRunner.runChild(BlockJUnit4ClassRunner.java:50)
	at org.junit.runners.ParentRunner$3.run(ParentRunner.java:238)
	at org.junit.runners.ParentRunner$1.schedule(ParentRunner.java:63)
	at org.junit.runners.ParentRunner.runChildren(ParentRunner.java:236)
	at org.junit.runners.ParentRunner.access$000(ParentRunner.java:53)
	at org.junit.runners.ParentRunner$2.evaluate(ParentRunner.java:229)
	at org.junit.runners.ParentRunner.run(ParentRunner.java:309)
	at org.eclipse.jdt.internal.junit4.runner.JUnit4TestReference.run(JUnit4TestReference.java:93)
	at org.eclipse.jdt.internal.junit.runner.TestExecution.run(TestExecution.java:40)
	at org.eclipse.jdt.internal.junit.runner.RemoteTestRunner.runTests(RemoteTestRunner.java:529)
	at org.eclipse.jdt.internal.junit.runner.RemoteTestRunner.runTests(RemoteTestRunner.java:756)
	at org.eclipse.jdt.internal.junit.runner.RemoteTestRunner.run(RemoteTestRunner.java:452)
	at org.eclipse.jdt.internal.junit.runner.RemoteTestRunner.main(RemoteTestRunner.java:210)

%TRACEE 
%TESTE  41,codeGenTermDivMinus(lang.c.parse.CodeGenExpressionTest_cv03)
%TESTS  42,codeGenTermAllTest(lang.c.parse.CodeGenExpressionTest_cv03)
%ERROR  42,codeGenTermAllTest(lang.c.parse.CodeGenExpressionTest_cv03)
%TRACES 
lang.FatalErrorException: [1行目,6文字目の'*']*または/が必要です
	at lang.ParseContext.fatalError(ParseContext.java:65)
	at lang.c.parse.Term.parse(Term.java:32)
	at lang.c.parse.Term.parse(Term.java:1)
	at lang.c.parse.Expression.parse(Expression.java:23)
	at lang.c.parse.Expression.parse(Expression.java:1)
	at lang.c.TestHelper.checkCodeGen(TestHelper.java:59)
	at lang.c.parse.CodeGenExpressionTest_cv03.codeGenTermAllTest(CodeGenExpressionTest_cv03.java:147)
	at java.base/jdk.internal.reflect.NativeMethodAccessorImpl.invoke0(Native Method)
	at java.base/jdk.internal.reflect.NativeMethodAccessorImpl.invoke(NativeMethodAccessorImpl.java:77)
	at java.base/jdk.internal.reflect.DelegatingMethodAccessorImpl.invoke(DelegatingMethodAccessorImpl.java:43)
	at java.base/java.lang.reflect.Method.invoke(Method.java:568)
	at org.junit.runners.model.FrameworkMethod$1.runReflectiveCall(FrameworkMethod.java:47)
	at org.junit.internal.runners.model.ReflectiveCallable.run(ReflectiveCallable.java:12)
	at org.junit.runners.model.FrameworkMethod.invokeExplosively(FrameworkMethod.java:44)
	at org.junit.internal.runners.statements.InvokeMethod.evaluate(InvokeMethod.java:17)
	at org.junit.internal.runners.statements.RunBefores.evaluate(RunBefores.java:26)
	at org.junit.internal.runners.statements.RunAfters.evaluate(RunAfters.java:27)
	at org.junit.runners.ParentRunner.runLeaf(ParentRunner.java:271)
	at org.junit.runners.BlockJUnit4ClassRunner.runChild(BlockJUnit4ClassRunner.java:70)
	at org.junit.runners.BlockJUnit4ClassRunner.runChild(BlockJUnit4ClassRunner.java:50)
	at org.junit.runners.ParentRunner$3.run(ParentRunner.java:238)
	at org.junit.runners.ParentRunner$1.schedule(ParentRunner.java:63)
	at org.junit.runners.ParentRunner.runChildren(ParentRunner.java:236)
	at org.junit.runners.ParentRunner.access$000(ParentRunner.java:53)
	at org.junit.runners.ParentRunner$2.evaluate(ParentRunner.java:229)
	at org.junit.runners.ParentRunner.run(ParentRunner.java:309)
	at org.eclipse.jdt.internal.junit4.runner.JUnit4TestReference.run(JUnit4TestReference.java:93)
	at org.eclipse.jdt.internal.junit.runner.TestExecution.run(TestExecution.java:40)
	at org.eclipse.jdt.internal.junit.runner.RemoteTestRunner.runTests(RemoteTestRunner.java:529)
	at org.eclipse.jdt.internal.junit.runner.RemoteTestRunner.runTests(RemoteTestRunner.java:756)
	at org.eclipse.jdt.internal.junit.runner.RemoteTestRunner.run(RemoteTestRunner.java:452)
	at org.eclipse.jdt.internal.junit.runner.RemoteTestRunner.main(RemoteTestRunner.java:210)

%TRACEE 
%TESTE  42,codeGenTermAllTest(lang.c.parse.CodeGenExpressionTest_cv03)
%TESTS  43,codeGenTermMultWithParentheses(lang.c.parse.CodeGenExpressionTest_cv03)
%ERROR  43,codeGenTermMultWithParentheses(lang.c.parse.CodeGenExpressionTest_cv03)
%TRACES 
lang.FatalErrorException: [1行目,6文字目の'*']*または/が必要です
	at lang.ParseContext.fatalError(ParseContext.java:65)
	at lang.c.parse.Term.parse(Term.java:32)
	at lang.c.parse.Term.parse(Term.java:1)
	at lang.c.parse.Expression.parse(Expression.java:23)
	at lang.c.parse.Expression.parse(Expression.java:1)
	at lang.c.TestHelper.checkCodeGen(TestHelper.java:59)
	at lang.c.parse.CodeGenExpressionTest_cv03.codeGenTermMultWithParentheses(CodeGenExpressionTest_cv03.java:67)
	at java.base/jdk.internal.reflect.NativeMethodAccessorImpl.invoke0(Native Method)
	at java.base/jdk.internal.reflect.NativeMethodAccessorImpl.invoke(NativeMethodAccessorImpl.java:77)
	at java.base/jdk.internal.reflect.DelegatingMethodAccessorImpl.invoke(DelegatingMethodAccessorImpl.java:43)
	at java.base/java.lang.reflect.Method.invoke(Method.java:568)
	at org.junit.runners.model.FrameworkMethod$1.runReflectiveCall(FrameworkMethod.java:47)
	at org.junit.internal.runners.model.ReflectiveCallable.run(ReflectiveCallable.java:12)
	at org.junit.runners.model.FrameworkMethod.invokeExplosively(FrameworkMethod.java:44)
	at org.junit.internal.runners.statements.InvokeMethod.evaluate(InvokeMethod.java:17)
	at org.junit.internal.runners.statements.RunBefores.evaluate(RunBefores.java:26)
	at org.junit.internal.runners.statements.RunAfters.evaluate(RunAfters.java:27)
	at org.junit.runners.ParentRunner.runLeaf(ParentRunner.java:271)
	at org.junit.runners.BlockJUnit4ClassRunner.runChild(BlockJUnit4ClassRunner.java:70)
	at org.junit.runners.BlockJUnit4ClassRunner.runChild(BlockJUnit4ClassRunner.java:50)
	at org.junit.runners.ParentRunner$3.run(ParentRunner.java:238)
	at org.junit.runners.ParentRunner$1.schedule(ParentRunner.java:63)
	at org.junit.runners.ParentRunner.runChildren(ParentRunner.java:236)
	at org.junit.runners.ParentRunner.access$000(ParentRunner.java:53)
	at org.junit.runners.ParentRunner$2.evaluate(ParentRunner.java:229)
	at org.junit.runners.ParentRunner.run(ParentRunner.java:309)
	at org.eclipse.jdt.internal.junit4.runner.JUnit4TestReference.run(JUnit4TestReference.java:93)
	at org.eclipse.jdt.internal.junit.runner.TestExecution.run(TestExecution.java:40)
	at org.eclipse.jdt.internal.junit.runner.RemoteTestRunner.runTests(RemoteTestRunner.java:529)
	at org.eclipse.jdt.internal.junit.runner.RemoteTestRunner.runTests(RemoteTestRunner.java:756)
	at org.eclipse.jdt.internal.junit.runner.RemoteTestRunner.run(RemoteTestRunner.java:452)
	at org.eclipse.jdt.internal.junit.runner.RemoteTestRunner.main(RemoteTestRunner.java:210)

%TRACEE 
%TESTE  43,codeGenTermMultWithParentheses(lang.c.parse.CodeGenExpressionTest_cv03)
%TESTS  45,UndefinedToken(lang.c.parse.IsFirstTest)
%TESTE  45,UndefinedToken(lang.c.parse.IsFirstTest)
%TESTS  46,testExpressionAdd(lang.c.parse.IsFirstTest)
%TESTE  46,testExpressionAdd(lang.c.parse.IsFirstTest)
%TESTS  47,testDecimalNumber(lang.c.parse.IsFirstTest)
%TESTE  47,testDecimalNumber(lang.c.parse.IsFirstTest)
%TESTS  48,testExpression(lang.c.parse.IsFirstTest)
%TESTE  48,testExpression(lang.c.parse.IsFirstTest)
%TESTS  50,ExpressionSubNoError(lang.c.parse.SemanticCheckProgramTest_cv01)
%TESTE  50,ExpressionSubNoError(lang.c.parse.SemanticCheckProgramTest_cv01)
%TESTS  52,parseNumber(lang.c.parse.ParseNumberTest)
%TESTE  52,parseNumber(lang.c.parse.ParseNumberTest)
%TESTS  54,testProgram01(lang.c.parse.IsFirstProgramTest)
%TESTE  54,testProgram01(lang.c.parse.IsFirstProgramTest)
%TESTS  55,testWithUndefinedToken(lang.c.parse.IsFirstProgramTest)
%TESTE  55,testWithUndefinedToken(lang.c.parse.IsFirstProgramTest)
%TESTS  57,parseErrorNumPlusNone(lang.c.parse.ParseExpressionTest)
%TESTE  57,parseErrorNumPlusNone(lang.c.parse.ParseExpressionTest)
%TESTS  58,parseErrorNumMinusNone(lang.c.parse.ParseExpressionTest)
%TESTE  58,parseErrorNumMinusNone(lang.c.parse.ParseExpressionTest)
%TESTS  60,FactorWithPlusSignOverflow(lang.c.parse.SemanticCheckProgramTest_cv02)
%TESTE  60,FactorWithPlusSignOverflow(lang.c.parse.SemanticCheckProgramTest_cv02)
%TESTS  61,FactorAmpNoError(lang.c.parse.SemanticCheckProgramTest_cv02)
%TESTE  61,FactorAmpNoError(lang.c.parse.SemanticCheckProgramTest_cv02)
%TESTS  62,ExpressionAddTypeNoError(lang.c.parse.SemanticCheckProgramTest_cv02)
%TESTE  62,ExpressionAddTypeNoError(lang.c.parse.SemanticCheckProgramTest_cv02)
%TESTS  63,FactorWithAmpOverflow(lang.c.parse.SemanticCheckProgramTest_cv02)
%TESTE  63,FactorWithAmpOverflow(lang.c.parse.SemanticCheckProgramTest_cv02)
%TESTS  65,testExpressionSub(lang.c.parse.IsFirstTest_cv01)
%TESTE  65,testExpressionSub(lang.c.parse.IsFirstTest_cv01)
%TESTS  67,parseErrorEndOfProgram(lang.c.parse.ParseProgramTest)
%TESTE  67,parseErrorEndOfProgram(lang.c.parse.ParseProgramTest)
%TESTS  69,semanticCheckAddressSubError(lang.c.parse.SemanticCheckAddressTest)
%NAME,Launch Java Tests - $(symbol-class) IsFirstTest_cv03
%TAG,in socket.on
%COUNT,7
%FAILED 69,semanticCheckAddressSubError(lang.c.parse.SemanticCheckAddressTest)
%TRACES 
java.lang.AssertionError: Failed with 2 + &1. FatalError2 + &1.Exception should be invoked
	at org.junit.Assert.fail(Assert.java:88)
	at lang.c.parse.SemanticCheckAddressTest.semanticCheckAddressSubError(SemanticCheckAddressTest.java:139)
	at java.base/jdk.internal.reflect.NativeMethodAccessorImpl.invoke0(Native Method)
	at java.base/jdk.internal.reflect.NativeMethodAccessorImpl.invoke(NativeMethodAccessorImpl.java:77)
	at java.base/jdk.internal.reflect.DelegatingMethodAccessorImpl.invoke(DelegatingMethodAccessorImpl.java:43)
	at java.base/java.lang.reflect.Method.invoke(Method.java:568)
	at org.junit.runners.model.FrameworkMethod$1.runReflectiveCall(FrameworkMethod.java:47)
	at org.junit.internal.runners.model.ReflectiveCallable.run(ReflectiveCallable.java:12)
	at org.junit.runners.model.FrameworkMethod.invokeExplosively(FrameworkMethod.java:44)
	at org.junit.internal.runners.statements.InvokeMethod.evaluate(InvokeMethod.java:17)
	at org.junit.internal.runners.statements.RunBefores.evaluate(RunBefores.java:26)
	at org.junit.internal.runners.statements.RunAfters.evaluate(RunAfters.java:27)
	at org.junit.runners.ParentRunner.runLeaf(ParentRunner.java:271)
	at org.junit.runners.BlockJUnit4ClassRunner.runChild(BlockJUnit4ClassRunner.java:70)
	at org.junit.runners.BlockJUnit4ClassRunner.runChild(BlockJUnit4ClassRunner.java:50)
	at org.junit.runners.ParentRunner$3.run(ParentRunner.java:238)
	at org.junit.runners.ParentRunner$1.schedule(ParentRunner.java:63)
	at org.junit.runners.ParentRunner.runChildren(ParentRunner.java:236)
	at org.junit.runners.ParentRunner.access$000(ParentRunner.java:53)
	at org.junit.runners.ParentRunner$2.evaluate(ParentRunner.java:229)
	at org.junit.runners.ParentRunner.run(ParentRunner.java:309)
	at org.eclipse.jdt.internal.junit4.runner.JUnit4TestReference.run(JUnit4TestReference.java:93)
	at org.eclipse.jdt.internal.junit.runner.TestExecution.run(TestExecution.java:40)
	at org.eclipse.jdt.internal.junit.runner.RemoteTestRunner.runTests(RemoteTestRunner.java:529)
	at org.eclipse.jdt.internal.junit.runner.RemoteTestRunner.runTests(RemoteTestRunner.java:756)
	at org.eclipse.jdt.internal.junit.runner.RemoteTestRunner.run(RemoteTestRunner.java:452)
	at org.eclipse.jdt.internal.junit.runner.RemoteTestRunner.main(RemoteTestRunner.java:210)

%TRACEE 
%TESTE  69,semanticCheckAddressSubError(lang.c.parse.SemanticCheckAddressTest)
%TESTS  70,semanticCheckAddressSubAccept(lang.c.parse.SemanticCheckAddressTest)
%TESTE  70,semanticCheckAddressSubAccept(lang.c.parse.SemanticCheckAddressTest)
%TESTS  71,semanticCheckAddressAddAccept(lang.c.parse.SemanticCheckAddressTest)
%TESTE  71,semanticCheckAddressAddAccept(lang.c.parse.SemanticCheckAddressTest)
%TESTS  72,semanticCheckAddressAddError(lang.c.parse.SemanticCheckAddressTest)
%FAILED 72,semanticCheckAddressAddError(lang.c.parse.SemanticCheckAddressTest)
%TRACES 
java.lang.AssertionError: Failed with &2 + &1. FatalErrorException should be invoked
	at org.junit.Assert.fail(Assert.java:88)
	at lang.c.parse.SemanticCheckAddressTest.semanticCheckAddressAddError(SemanticCheckAddressTest.java:97)
	at java.base/jdk.internal.reflect.NativeMethodAccessorImpl.invoke0(Native Method)
	at java.base/jdk.internal.reflect.NativeMethodAccessorImpl.invoke(NativeMethodAccessorImpl.java:77)
	at java.base/jdk.internal.reflect.DelegatingMethodAccessorImpl.invoke(DelegatingMethodAccessorImpl.java:43)
	at java.base/java.lang.reflect.Method.invoke(Method.java:568)
	at org.junit.runners.model.FrameworkMethod$1.runReflectiveCall(FrameworkMethod.java:47)
	at org.junit.internal.runners.model.ReflectiveCallable.run(ReflectiveCallable.java:12)
	at org.junit.runners.model.FrameworkMethod.invokeExplosively(FrameworkMethod.java:44)
	at org.junit.internal.runners.statements.InvokeMethod.evaluate(InvokeMethod.java:17)
	at org.junit.internal.runners.statements.RunBefores.evaluate(RunBefores.java:26)
	at org.junit.internal.runners.statements.RunAfters.evaluate(RunAfters.java:27)
	at org.junit.runners.ParentRunner.runLeaf(ParentRunner.java:271)
	at org.junit.runners.BlockJUnit4ClassRunner.runChild(BlockJUnit4ClassRunner.java:70)
	at org.junit.runners.BlockJUnit4ClassRunner.runChild(BlockJUnit4ClassRunner.java:50)
	at org.junit.runners.ParentRunner$3.run(ParentRunner.java:238)
	at org.junit.runners.ParentRunner$1.schedule(ParentRunner.java:63)
	at org.junit.runners.ParentRunner.runChildren(ParentRunner.java:236)
	at org.junit.runners.ParentRunner.access$000(ParentRunner.java:53)
	at org.junit.runners.ParentRunner$2.evaluate(ParentRunner.java:229)
	at org.junit.runners.ParentRunner.run(ParentRunner.java:309)
	at org.eclipse.jdt.internal.junit4.runner.JUnit4TestReference.run(JUnit4TestReference.java:93)
	at org.eclipse.jdt.internal.junit.runner.TestExecution.run(TestExecution.java:40)
	at org.eclipse.jdt.internal.junit.runner.RemoteTestRunner.runTests(RemoteTestRunner.java:529)
	at org.eclipse.jdt.internal.junit.runner.RemoteTestRunner.runTests(RemoteTestRunner.java:756)
	at org.eclipse.jdt.internal.junit.runner.RemoteTestRunner.run(RemoteTestRunner.java:452)
	at org.eclipse.jdt.internal.junit.runner.RemoteTestRunner.main(RemoteTestRunner.java:210)

%TRACEE 
%TESTE  72,semanticCheckAddressAddError(lang.c.parse.SemanticCheckAddressTest)
%TESTS  74,codeGenFactor(lang.c.parse.CodeGenFactorTest)
%TESTE  74,codeGenFactor(lang.c.parse.CodeGenFactorTest)
%TESTS  76,codeGenExpressionAdd2Term(lang.c.parse.CodeGenExpressionTest)
%TESTE  76,codeGenExpressionAdd2Term(lang.c.parse.CodeGenExpressionTest)
%TESTS  77,codeGenExpressionAdd3Term(lang.c.parse.CodeGenExpressionTest)
%TESTE  77,codeGenExpressionAdd3Term(lang.c.parse.CodeGenExpressionTest)
%TESTS  79,codeGenLeftTermAdd2Terms(lang.c.parse.CodeGenProgramTest)
%TESTE  79,codeGenLeftTermAdd2Terms(lang.c.parse.CodeGenProgramTest)
%TESTS  80,codeGenProgramAdd2Terms(lang.c.parse.CodeGenProgramTest)
%TESTE  80,codeGenProgramAdd2Terms(lang.c.parse.CodeGenProgramTest)
%TESTS  81,codeGenProgramAdd3Terms(lang.c.parse.CodeGenProgramTest)
%TESTE  81,codeGenProgramAdd3Terms(lang.c.parse.CodeGenProgramTest)
%TESTS  83,codeGenNumber(lang.c.parse.CodeGenNumberTest)
%TESTE  83,codeGenNumber(lang.c.parse.CodeGenNumberTest)
%TESTS  85,parseAddressOnlyAMP(lang.c.parse.ParseAddressTest)
%TESTE  85,parseAddressOnlyAMP(lang.c.parse.ParseAddressTest)
%TESTS  87,semanticCheckFalseExample(lang.c.parse.SemanticCheckFactorAmpTest)
%FAILED 87,semanticCheckFalseExample(lang.c.parse.SemanticCheckFactorAmpTest)
%TRACES 
java.lang.AssertionError: Failed with 2+&1. FatalError2+&1.Exception should be invoked
	at org.junit.Assert.fail(Assert.java:88)
	at lang.c.parse.SemanticCheckFactorAmpTest.semanticCheckFalseExample(SemanticCheckFactorAmpTest.java:102)
	at java.base/jdk.internal.reflect.NativeMethodAccessorImpl.invoke0(Native Method)
	at java.base/jdk.internal.reflect.NativeMethodAccessorImpl.invoke(NativeMethodAccessorImpl.java:77)
	at java.base/jdk.internal.reflect.DelegatingMethodAccessorImpl.invoke(DelegatingMethodAccessorImpl.java:43)
	at java.base/java.lang.reflect.Method.invoke(Method.java:568)
	at org.junit.runners.model.FrameworkMethod$1.runReflectiveCall(FrameworkMethod.java:47)
	at org.junit.internal.runners.model.ReflectiveCallable.run(ReflectiveCallable.java:12)
	at org.junit.runners.model.FrameworkMethod.invokeExplosively(FrameworkMethod.java:44)
	at org.junit.internal.runners.statements.InvokeMethod.evaluate(InvokeMethod.java:17)
	at org.junit.internal.runners.statements.RunBefores.evaluate(RunBefores.java:26)
	at org.junit.internal.runners.statements.RunAfters.evaluate(RunAfters.java:27)
	at org.junit.runners.ParentRunner.runLeaf(ParentRunner.java:271)
	at org.junit.runners.BlockJUnit4ClassRunner.runChild(BlockJUnit4ClassRunner.java:70)
	at org.junit.runners.BlockJUnit4ClassRunner.runChild(BlockJUnit4ClassRunner.java:50)
	at org.junit.runners.ParentRunner$3.run(ParentRunner.java:238)
	at org.junit.runners.ParentRunner$1.schedule(ParentRunner.java:63)
	at org.junit.runners.ParentRunner.runChildren(ParentRunner.java:236)
	at org.junit.runners.ParentRunner.access$000(ParentRunner.java:53)
	at org.junit.runners.ParentRunner$2.evaluate(ParentRunner.java:229)
	at org.junit.runners.ParentRunner.run(ParentRunner.java:309)
	at org.eclipse.jdt.internal.junit4.runner.JUnit4TestReference.run(JUnit4TestReference.java:93)
	at org.eclipse.jdt.internal.junit.runner.TestExecution.run(TestExecution.java:40)
	at org.eclipse.jdt.internal.junit.runner.RemoteTestRunner.runTests(RemoteTestRunner.java:529)
	at org.eclipse.jdt.internal.junit.runner.RemoteTestRunner.runTests(RemoteTestRunner.java:756)
	at org.eclipse.jdt.internal.junit.runner.RemoteTestRunner.run(RemoteTestRunner.java:452)
	at org.eclipse.jdt.internal.junit.runner.RemoteTestRunner.main(RemoteTestRunner.java:210)

%TRACEE 
%TESTE  87,semanticCheckFalseExample(lang.c.parse.SemanticCheckFactorAmpTest)
%TESTS  88,semanticCheckTrueExample(lang.c.parse.SemanticCheckFactorAmpTest)
%TESTE  88,semanticCheckTrueExample(lang.c.parse.SemanticCheckFactorAmpTest)
%TESTS  90,inlineCommentWithFactor(lang.c.CTokenizerCommentTest)
%TESTE  90,inlineCommentWithFactor(lang.c.CTokenizerCommentTest)
%TESTS  91,inlineCommentWithNumber(lang.c.CTokenizerCommentTest)
%TESTE  91,inlineCommentWithNumber(lang.c.CTokenizerCommentTest)
%TESTS  92,blockCommentNotClose(lang.c.CTokenizerCommentTest)
%TESTE  92,blockCommentNotClose(lang.c.CTokenizerCommentTest)
%TESTS  93,blockCommentWithFactor(lang.c.CTokenizerCommentTest)
%TESTE  93,blockCommentWithFactor(lang.c.CTokenizerCommentTest)
%TESTS  94,blockComment(lang.c.CTokenizerCommentTest)
%TESTE  94,blockComment(lang.c.CTokenizerCommentTest)
%TESTS  95,lineComment(lang.c.CTokenizerCommentTest)
%TESTE  95,lineComment(lang.c.CTokenizerCommentTest)
%TESTS  97,hexNumber(lang.c.CTokenizerAddressTest)
%TESTE  97,hexNumber(lang.c.CTokenizerAddressTest)
%TESTS  98,AMP(lang.c.CTokenizerAddressTest)
%TESTE  98,AMP(lang.c.CTokenizerAddressTest)
%TESTS  99,decimalNumber(lang.c.CTokenizerAddressTest)
%TESTE  99,decimalNumber(lang.c.CTokenizerAddressTest)
%TESTS  100,octalNumber(lang.c.CTokenizerAddressTest)
%TESTE  100,octalNumber(lang.c.CTokenizerAddressTest)
%TESTS  102,plusNumber(lang.c.CTokenizerNumberTest)
%TESTE  102,plusNumber(lang.c.CTokenizerNumberTest)
%TESTS  103,decimalNumber(lang.c.CTokenizerNumberTest)
%TESTE  103,decimalNumber(lang.c.CTokenizerNumberTest)
%TESTS  105,hexNumberError0x(lang.c.CTokenizerNumberTest_cv02)
%TESTE  105,hexNumberError0x(lang.c.CTokenizerNumberTest_cv02)
%TESTS  106,octalTooLargeNumber(lang.c.CTokenizerNumberTest_cv02)
%TESTE  106,octalTooLargeNumber(lang.c.CTokenizerNumberTest_cv02)
%TESTS  107,hex(lang.c.CTokenizerNumberTest_cv02)
%TESTE  107,hex(lang.c.CTokenizerNumberTest_cv02)
%TESTS  108,octal(lang.c.CTokenizerNumberTest_cv02)
%TESTE  108,octal(lang.c.CTokenizerNumberTest_cv02)
%TESTS  109,hexTooLargeBit1(lang.c.CTokenizerNumberTest_cv02)
%TESTE  109,hexTooLargeBit1(lang.c.CTokenizerNumberTest_cv02)
%TESTS  110,hexTooLargeBit2(lang.c.CTokenizerNumberTest_cv02)
%TESTE  110,hexTooLargeBit2(lang.c.CTokenizerNumberTest_cv02)
%TESTS  111,decNumberMax(lang.c.CTokenizerNumberTest_cv02)
%TESTE  111,decNumberMax(lang.c.CTokenizerNumberTest_cv02)
%TESTS  112,octalIllNumber(lang.c.CTokenizerNumberTest_cv02)
%TESTE  112,octalIllNumber(lang.c.CTokenizerNumberTest_cv02)
%TESTS  113,octalZero(lang.c.CTokenizerNumberTest_cv02)
%TESTE  113,octalZero(lang.c.CTokenizerNumberTest_cv02)
%TESTS  114,decTooLargeNumber(lang.c.CTokenizerNumberTest_cv02)
%TESTE  114,decTooLargeNumber(lang.c.CTokenizerNumberTest_cv02)
%TESTS  115,decIllNumber(lang.c.CTokenizerNumberTest_cv02)
%TESTE  115,decIllNumber(lang.c.CTokenizerNumberTest_cv02)
%TESTS  116,hexNumber0x0(lang.c.CTokenizerNumberTest_cv02)
%TESTE  116,hexNumber0x0(lang.c.CTokenizerNumberTest_cv02)
%TESTS  117,hexNumberMax(lang.c.CTokenizerNumberTest_cv02)
%TESTE  117,hexNumberMax(lang.c.CTokenizerNumberTest_cv02)
%TESTS  118,octalNumber(lang.c.CTokenizerNumberTest_cv02)
%TESTE  118,octalNumber(lang.c.CTokenizerNumberTest_cv02)
%TESTS  120,termTokenWithPARTest(lang.c.CTokenizerTermTest)
%TESTE  120,termTokenWithPARTest(lang.c.CTokenizerTermTest)
%TESTS  121,multNumber(lang.c.CTokenizerTermTest)
%TESTE  121,multNumber(lang.c.CTokenizerTermTest)
%TESTS  122,termNotCloseBlockCommentTwoTimes(lang.c.CTokenizerTermTest)
%TESTE  122,termNotCloseBlockCommentTwoTimes(lang.c.CTokenizerTermTest)
%TESTS  123,termTokenExpressionTest(lang.c.CTokenizerTermTest)
%TESTE  123,termTokenExpressionTest(lang.c.CTokenizerTermTest)
%TESTS  124,termNotCloseBlockComment(lang.c.CTokenizerTermTest)
%TESTE  124,termNotCloseBlockComment(lang.c.CTokenizerTermTest)
%TESTS  125,divNumber(lang.c.CTokenizerTermTest)
%TESTE  125,divNumber(lang.c.CTokenizerTermTest)
%TESTS  127,convertToValidateActual(lang.c.TestHelperTest)
%TESTE  127,convertToValidateActual(lang.c.TestHelperTest)
%TESTS  128,convertToValidateSimple(lang.c.TestHelperTest)
%TESTE  128,convertToValidateSimple(lang.c.TestHelperTest)
%TESTS  130,readSimpleTokensByUsingGetNextToken(lang.c.CTokenizerExpressionAddTest)
%TESTE  130,readSimpleTokensByUsingGetNextToken(lang.c.CTokenizerExpressionAddTest)
%TESTS  131,getCurrentTokenFirstTime(lang.c.CTokenizerExpressionAddTest)
%TESTE  131,getCurrentTokenFirstTime(lang.c.CTokenizerExpressionAddTest)
%TESTS  132,getCurrentTokenAfterGetNextToken(lang.c.CTokenizerExpressionAddTest)
%TESTE  132,getCurrentTokenAfterGetNextToken(lang.c.CTokenizerExpressionAddTest)
%TESTS  134,readSimpleTokenSub(lang.c.CTokenizerExpressionSubTest)
%TESTE  134,readSimpleTokenSub(lang.c.CTokenizerExpressionSubTest)
%TESTS  135,minusNumber(lang.c.CTokenizerExpressionSubTest)
%TESTE  135,minusNumber(lang.c.CTokenizerExpressionSubTest)
%TESTS  137,testMustBeFailed(lang.MustBeFailedTest)
%FAILED 137,testMustBeFailed(lang.MustBeFailedTest)
%TRACES 
java.lang.AssertionError: 
Expected: is "MUST BE FAILED THIS TEST."
     but: was "Failed test."
	at org.hamcrest.MatcherAssert.assertThat(MatcherAssert.java:20)
	at org.hamcrest.MatcherAssert.assertThat(MatcherAssert.java:8)
	at lang.MustBeFailedTest.testMustBeFailed(MustBeFailedTest.java:14)
	at java.base/jdk.internal.reflect.NativeMethodAccessorImpl.invoke0(Native Method)
	at java.base/jdk.internal.reflect.NativeMethodAccessorImpl.invoke(NativeMethodAccessorImpl.java:77)
	at java.base/jdk.internal.reflect.DelegatingMethodAccessorImpl.invoke(DelegatingMethodAccessorImpl.java:43)
	at java.base/java.lang.reflect.Method.invoke(Method.java:568)
	at org.junit.runners.model.FrameworkMethod$1.runReflectiveCall(FrameworkMethod.java:47)
	at org.junit.internal.runners.model.ReflectiveCallable.run(ReflectiveCallable.java:12)
	at org.junit.runners.model.FrameworkMethod.invokeExplosively(FrameworkMethod.java:44)
	at org.junit.internal.runners.statements.InvokeMethod.evaluate(InvokeMethod.java:17)
	at org.junit.runners.ParentRunner.runLeaf(ParentRunner.java:271)
	at org.junit.runners.BlockJUnit4ClassRunner.runChild(BlockJUnit4ClassRunner.java:70)
	at org.junit.runners.BlockJUnit4ClassRunner.runChild(BlockJUnit4ClassRunner.java:50)
	at org.junit.runners.ParentRunner$3.run(ParentRunner.java:238)
	at org.junit.runners.ParentRunner$1.schedule(ParentRunner.java:63)
	at org.junit.runners.ParentRunner.runChildren(ParentRunner.java:236)
	at org.junit.runners.ParentRunner.access$000(ParentRunner.java:53)
	at org.junit.runners.ParentRunner$2.evaluate(ParentRunner.java:229)
	at org.junit.runners.ParentRunner.run(ParentRunner.java:309)
	at org.eclipse.jdt.internal.junit4.runner.JUnit4TestReference.run(JUnit4TestReference.java:93)
	at org.eclipse.jdt.internal.junit.runner.TestExecution.run(TestExecution.java:40)
	at org.eclipse.jdt.internal.junit.runner.RemoteTestRunner.runTests(RemoteTestRunner.java:529)
	at org.eclipse.jdt.internal.junit.runner.RemoteTestRunner.runTests(RemoteTestRunner.java:756)
	at org.eclipse.jdt.internal.junit.runner.RemoteTestRunner.run(RemoteTestRunner.java:452)
	at org.eclipse.jdt.internal.junit.runner.RemoteTestRunner.main(RemoteTestRunner.java:210)

%TRACEE 
%TESTE  137,testMustBeFailed(lang.MustBeFailedTest)
%RUNTIME374
