%NAME,Launch Java Tests - $(symbol-class) TestHelperTest
%TAG,in socket.on
%COUNT,0
%TESTC  104 v2
%TSTTREE1,lang.c.TestHelperTest,true,2,false,-1,lang.c.TestHelperTest,,
%TSTTREE2,convertToValidateActual(lang.c.TestHelperTest),false,1,false,-1,convertToValidateActual(lang.c.TestHelperTest),,
%TSTTREE3,convertToValidateSimple(lang.c.TestHelperTest),false,1,false,-1,convertToValidateSimple(lang.c.TestHelperTest),,
%TSTTREE4,lang.c.CTokenizerNumberTest,true,2,false,-1,lang.c.CTokenizerNumberTest,,
%TSTTREE5,plusNumber(lang.c.CTokenizerNumberTest),false,1,false,-1,plusNumber(lang.c.CTokenizerNumberTest),,
%TSTTREE6,decimalNumber(lang.c.CTokenizerNumberTest),false,1,false,-1,decimalNumber(lang.c.CTokenizerNumberTest),,
%TSTTREE7,lang.c.CTokenizerNumberTest_cv02,true,14,false,-1,lang.c.CTokenizerNumberTest_cv02,,
%TSTTREE8,hexNumberError0x(lang.c.CTokenizerNumberTest_cv02),false,1,false,-1,hexNumberError0x(lang.c.CTokenizerNumberTest_cv02),,
%TSTTREE9,octalTooLargeNumber(lang.c.CTokenizerNumberTest_cv02),false,1,false,-1,octalTooLargeNumber(lang.c.CTokenizerNumberTest_cv02),,
%TSTTREE10,hex(lang.c.CTokenizerNumberTest_cv02),false,1,false,-1,hex(lang.c.CTokenizerNumberTest_cv02),,
%TSTTREE11,octal(lang.c.CTokenizerNumberTest_cv02),false,1,false,-1,octal(lang.c.CTokenizerNumberTest_cv02),,
%TSTTREE12,hexTooLargeBit1(lang.c.CTokenizerNumberTest_cv02),false,1,false,-1,hexTooLargeBit1(lang.c.CTokenizerNumberTest_cv02),,
%TSTTREE13,hexTooLargeBit2(lang.c.CTokenizerNumberTest_cv02),false,1,false,-1,hexTooLargeBit2(lang.c.CTokenizerNumberTest_cv02),,
%TSTTREE14,decNumberMax(lang.c.CTokenizerNumberTest_cv02),false,1,false,-1,decNumberMax(lang.c.CTokenizerNumberTest_cv02),,
%TSTTREE15,octalIllNumber(lang.c.CTokenizerNumberTest_cv02),false,1,false,-1,octalIllNumber(lang.c.CTokenizerNumberTest_cv02),,
%TSTTREE16,octalZero(lang.c.CTokenizerNumberTest_cv02),false,1,false,-1,octalZero(lang.c.CTokenizerNumberTest_cv02),,
%TSTTREE17,decTooLargeNumber(lang.c.CTokenizerNumberTest_cv02),false,1,false,-1,decTooLargeNumber(lang.c.CTokenizerNumberTest_cv02),,
%TSTTREE18,decIllNumber(lang.c.CTokenizerNumberTest_cv02),false,1,false,-1,decIllNumber(lang.c.CTokenizerNumberTest_cv02),,
%TSTTREE19,hexNumber0x0(lang.c.CTokenizerNumberTest_cv02),false,1,false,-1,hexNumber0x0(lang.c.CTokenizerNumberTest_cv02),,
%TSTTREE20,hexNumberMax(lang.c.CTokenizerNumberTest_cv02),false,1,false,-1,hexNumberMax(lang.c.CTokenizerNumberTest_cv02),,
%TSTTREE21,octalNumber(lang.c.CTokenizerNumberTest_cv02),false,1,false,-1,octalNumber(lang.c.CTokenizerNumberTest_cv02),,
%TSTTREE22,lang.c.CTokenizerExpressionSubTest,true,2,false,-1,lang.c.CTokenizerExpressionSubTest,,
%TSTTREE23,readSimpleTokenSub(lang.c.CTokenizerExpressionSubTest),false,1,false,-1,readSimpleTokenSub(lang.c.CTokenizerExpressionSubTest),,
%TSTTREE24,minusNumber(lang.c.CTokenizerExpressionSubTest),false,1,false,-1,minusNumber(lang.c.CTokenizerExpressionSubTest),,
%TSTTREE25,lang.c.CTokenizerExpressionAddTest,true,3,false,-1,lang.c.CTokenizerExpressionAddTest,,
%TSTTREE26,readSimpleTokensByUsingGetNextToken(lang.c.CTokenizerExpressionAddTest),false,1,false,-1,readSimpleTokensByUsingGetNextToken(lang.c.CTokenizerExpressionAddTest),,
%TSTTREE27,getCurrentTokenFirstTime(lang.c.CTokenizerExpressionAddTest),false,1,false,-1,getCurrentTokenFirstTime(lang.c.CTokenizerExpressionAddTest),,
%TSTTREE28,getCurrentTokenAfterGetNextToken(lang.c.CTokenizerExpressionAddTest),false,1,false,-1,getCurrentTokenAfterGetNextToken(lang.c.CTokenizerExpressionAddTest),,
%TSTTREE29,lang.c.CTokenizerCommentTest,true,6,false,-1,lang.c.CTokenizerCommentTest,,
%TSTTREE30,inlineCommentWithFactor(lang.c.CTokenizerCommentTest),false,1,false,-1,inlineCommentWithFactor(lang.c.CTokenizerCommentTest),,
%TSTTREE31,inlineCommentWithNumber(lang.c.CTokenizerCommentTest),false,1,false,-1,inlineCommentWithNumber(lang.c.CTokenizerCommentTest),,
%TSTTREE32,blockCommentNotClose(lang.c.CTokenizerCommentTest),false,1,false,-1,blockCommentNotClose(lang.c.CTokenizerCommentTest),,
%TSTTREE33,blockCommentWithFactor(lang.c.CTokenizerCommentTest),false,1,false,-1,blockCommentWithFactor(lang.c.CTokenizerCommentTest),,
%TSTTREE34,blockComment(lang.c.CTokenizerCommentTest),false,1,false,-1,blockComment(lang.c.CTokenizerCommentTest),,
%TSTTREE35,lineComment(lang.c.CTokenizerCommentTest),false,1,false,-1,lineComment(lang.c.CTokenizerCommentTest),,
%TSTTREE36,lang.c.CTokenizerTermTest,true,6,false,-1,lang.c.CTokenizerTermTest,,
%TSTTREE37,termTokenWithPARTest(lang.c.CTokenizerTermTest),false,1,false,-1,termTokenWithPARTest(lang.c.CTokenizerTermTest),,
%TSTTREE38,multNumber(lang.c.CTokenizerTermTest),false,1,false,-1,multNumber(lang.c.CTokenizerTermTest),,
%TSTTREE39,termNotCloseBlockCommentTwoTimes(lang.c.CTokenizerTermTest),false,1,false,-1,termNotCloseBlockCommentTwoTimes(lang.c.CTokenizerTermTest),,
%TSTTREE40,termTokenExpressionTest(lang.c.CTokenizerTermTest),false,1,false,-1,termTokenExpressionTest(lang.c.CTokenizerTermTest),,
%TSTTREE41,termNotCloseBlockComment(lang.c.CTokenizerTermTest),false,1,false,-1,termNotCloseBlockComment(lang.c.CTokenizerTermTest),,
%TSTTREE42,divNumber(lang.c.CTokenizerTermTest),false,1,false,-1,divNumber(lang.c.CTokenizerTermTest),,
%TSTTREE43,lang.c.CTokenizerAddressTest,true,4,false,-1,lang.c.CTokenizerAddressTest,,
%TSTTREE44,hexNumber(lang.c.CTokenizerAddressTest),false,1,false,-1,hexNumber(lang.c.CTokenizerAddressTest),,
%TSTTREE45,AMP(lang.c.CTokenizerAddressTest),false,1,false,-1,AMP(lang.c.CTokenizerAddressTest),,
%TSTTREE46,decimalNumber(lang.c.CTokenizerAddressTest),false,1,false,-1,decimalNumber(lang.c.CTokenizerAddressTest),,
%TSTTREE47,octalNumber(lang.c.CTokenizerAddressTest),false,1,false,-1,octalNumber(lang.c.CTokenizerAddressTest),,
%TSTTREE48,lang.MustBeFailedTest,true,1,false,-1,lang.MustBeFailedTest,,
%TSTTREE49,testMustBeFailed(lang.MustBeFailedTest),false,1,false,-1,testMustBeFailed(lang.MustBeFailedTest),,
%TSTTREE50,lang.c.parse.CodeGenFactorTest,true,1,false,-1,lang.c.parse.CodeGenFactorTest,,
%TSTTREE51,codeGenFactor(lang.c.parse.CodeGenFactorTest),false,1,false,-1,codeGenFactor(lang.c.parse.CodeGenFactorTest),,
%TSTTREE52,lang.c.parse.ParseExpressionTest,true,2,false,-1,lang.c.parse.ParseExpressionTest,,
%TSTTREE53,parseErrorNumPlusNone(lang.c.parse.ParseExpressionTest),false,1,false,-1,parseErrorNumPlusNone(lang.c.parse.ParseExpressionTest),,
%TSTTREE54,parseErrorNumMinusNone(lang.c.parse.ParseExpressionTest),false,1,false,-1,parseErrorNumMinusNone(lang.c.parse.ParseExpressionTest),,
%TSTTREE55,lang.c.parse.IsFirstProgramTest,true,2,false,-1,lang.c.parse.IsFirstProgramTest,,
%TSTTREE56,testProgram01(lang.c.parse.IsFirstProgramTest),false,1,false,-1,testProgram01(lang.c.parse.IsFirstProgramTest),,
%TSTTREE57,testWithUndefinedToken(lang.c.parse.IsFirstProgramTest),false,1,false,-1,testWithUndefinedToken(lang.c.parse.IsFirstProgramTest),,
%TSTTREE58,lang.c.parse.IsFirstTest_cv01,true,1,false,-1,lang.c.parse.IsFirstTest_cv01,,
%TSTTREE59,testExpressionSub(lang.c.parse.IsFirstTest_cv01),false,1,false,-1,testExpressionSub(lang.c.parse.IsFirstTest_cv01),,
%TSTTREE60,lang.c.parse.ParseProgramTest,true,1,false,-1,lang.c.parse.ParseProgramTest,,
%TSTTREE61,parseErrorEndOfProgram(lang.c.parse.ParseProgramTest),false,1,false,-1,parseErrorEndOfProgram(lang.c.parse.ParseProgramTest),,
%TSTTREE62,lang.c.parse.SemanticCheckAddressTest,true,4,false,-1,lang.c.parse.SemanticCheckAddressTest,,
%TSTTREE63,semanticCheckAddressSubError(lang.c.parse.SemanticCheckAddressTest),false,1,false,-1,semanticCheckAddressSubError(lang.c.parse.SemanticCheckAddressTest),,
%TSTTREE64,semanticCheckAddressSubAccept(lang.c.parse.SemanticCheckAddressTest),false,1,false,-1,semanticCheckAddressSubAccept(lang.c.parse.SemanticCheckAddressTest),,
%TSTTREE65,semanticCheckAddressAddAccept(lang.c.parse.SemanticCheckAddressTest),false,1,false,-1,semanticCheckAddressAddAccept(lang.c.parse.SemanticCheckAddressTest),,
%TSTTREE66,semanticCheckAddressAddError(lang.c.parse.SemanticCheckAddressTest),false,1,false,-1,semanticCheckAddressAddError(lang.c.parse.SemanticCheckAddressTest),,
%TSTTREE67,lang.c.parse.ParseNumberTest,true,1,false,-1,lang.c.parse.ParseNumberTest,,
%TSTTREE68,parseNumber(lang.c.parse.ParseNumberTest),false,1,false,-1,parseNumber(lang.c.parse.%NAME,Launch Java Tests - $(symbol-class) TestHelperTest
%TAG,in socket.on
%COUNT,1
%TSTTREE68,parseNumber(lang.c.parse.ParseNumberTest),false,1,false,-1,parseNumber(lang.c.parse.ParseNumberTest),,
%TSTTREE69,lang.c.parse.IsFirstTest,true,4,false,-1,lang.c.parse.IsFirstTest,,
%TSTTREE70,UndefinedToken(lang.c.parse.IsFirstTest),false,1,false,-1,UndefinedToken(lang.c.parse.IsFirstTest),,
%TSTTREE71,testExpressionAdd(lang.c.parse.IsFirstTest),false,1,false,-1,testExpressionAdd(lang.c.parse.IsFirstTest),,
%TSTTREE72,testDecimalNumber(lang.c.parse.IsFirstTest),false,1,false,-1,testDecimalNumber(lang.c.parse.IsFirstTest),,
%TSTTREE73,testExpression(lang.c.parse.IsFirstTest),false,1,false,-1,testExpression(lang.c.parse.IsFirstTest),,
%TSTTREE74,lang.c.parse.SemanticCheckProgramTest_cv01,true,1,false,-1,lang.c.parse.SemanticCheckProgramTest_cv01,,
%TSTTREE75,ExpressionSubNoError(lang.c.parse.SemanticCheckProgramTest_cv01),false,1,false,-1,ExpressionSubNoError(lang.c.parse.SemanticCheckProgramTest_cv01),,
%TSTTREE76,lang.c.parse.CodeGenExpressionTest,true,2,false,-1,lang.c.parse.CodeGenExpressionTest,,
%TSTTREE77,codeGenExpressionAdd2Term(lang.c.parse.CodeGenExpressionTest),false,1,false,-1,codeGenExpressionAdd2Term(lang.c.parse.CodeGenExpressionTest),,
%TSTTREE78,codeGenExpressionAdd3Term(lang.c.parse.CodeGenExpressionTest),false,1,false,-1,codeGenExpressionAdd3Term(lang.c.parse.CodeGenExpressionTest),,
%TSTTREE79,lang.c.parse.CodeGenProgramTest,true,3,false,-1,lang.c.parse.CodeGenProgramTest,,
%TSTTREE80,codeGenLeftTermAdd2Terms(lang.c.parse.CodeGenProgramTest),false,1,false,-1,codeGenLeftTermAdd2Terms(lang.c.parse.CodeGenProgramTest),,
%TSTTREE81,codeGenProgramAdd2Terms(lang.c.parse.CodeGenProgramTest),false,1,false,-1,codeGenProgramAdd2Terms(lang.c.parse.CodeGenProgramTest),,
%TSTTREE82,codeGenProgramAdd3Terms(lang.c.parse.CodeGenProgramTest),false,1,false,-1,codeGenProgramAdd3Terms(lang.c.parse.CodeGenProgramTest),,
%TSTTREE83,lang.c.parse.SemanticCheckFactorAmpTest,true,2,false,-1,lang.c.parse.SemanticCheckFactorAmpTest,,
%TSTTREE84,semanticCheckFalseExample(lang.c.parse.SemanticCheckFactorAmpTest),false,1,false,-1,semanticCheckFalseExample(lang.c.parse.SemanticCheckFactorAmpTest),,
%TSTTREE85,semanticCheckTrueExample(lang.c.parse.SemanticCheckFactorAmpTest),false,1,false,-1,semanticCheckTrueExample(lang.c.parse.SemanticCheckFactorAmpTest),,
%TSTTREE86,lang.c.parse.ParseAddressTest,true,1,false,-1,lang.c.parse.ParseAddressTest,,
%TSTTREE87,parseAddressOnlyAMP(lang.c.parse.ParseAddressTest),false,1,false,-1,parseAddressOnlyAMP(lang.c.parse.ParseAddressTest),,
%TSTTREE88,lang.c.parse.CodeGenNumberTest,true,1,false,-1,lang.c.parse.CodeGenNumberTest,,
%TSTTREE89,codeGenNumber(lang.c.parse.CodeGenNumberTest),false,1,false,-1,codeGenNumber(lang.c.parse.CodeGenNumberTest),,
%TSTTREE90,lang.c.parse.SemanticCheckProgramTest,true,2,false,-1,lang.c.parse.SemanticCheckProgramTest,,
%TSTTREE91,ExpressionAddNoError(lang.c.parse.SemanticCheckProgramTest),false,1,false,-1,ExpressionAddNoError(lang.c.parse.SemanticCheckProgramTest),,
%TSTTREE92,noResponseDoBeforeParse(lang.c.parse.SemanticCheckProgramTest),false,1,false,-1,noResponseDoBeforeParse(lang.c.parse.SemanticCheckProgramTest),,
%TSTTREE93,lang.c.parse.SemanticCheckUnsignedFactorTest,true,7,false,-1,lang.c.parse.SemanticCheckUnsignedFactorTest,,
%TSTTREE94,semanticTypeErrorIntMultPint(lang.c.parse.SemanticCheckUnsignedFactorTest),false,1,false,-1,semanticTypeErrorIntMultPint(lang.c.parse.SemanticCheckUnsignedFactorTest),,
%TSTTREE95,semanticMinusAmpError(lang.c.parse.SemanticCheckUnsignedFactorTest),false,1,false,-1,semanticMinusAmpError(lang.c.parse.SemanticCheckUnsignedFactorTest),,
%TSTTREE96,semanticTypeErrorPintMultInt(lang.c.parse.SemanticCheckUnsignedFactorTest),false,1,false,-1,semanticTypeErrorPintMultInt(lang.c.parse.SemanticCheckUnsignedFactorTest),,
%TSTTREE97,semanticTypeErrorPintDivPint(lang.c.parse.SemanticCheckUnsignedFactorTest),false,1,false,-1,semanticTypeErrorPintDivPint(lang.c.parse.SemanticCheckUnsignedFactorTest),,
%TSTTREE98,semanticTypeErrorIntDivPint(lang.c.parse.SemanticCheckUnsignedFactorTest),false,1,false,-1,semanticTypeErrorIntDivPint(lang.c.parse.SemanticCheckUnsignedFactorTest),,
%TSTTREE99,semanticTypeErrorPintDivInt(lang.c.parse.SemanticCheckUnsignedFactorTest),false,1,false,-1,semanticTypeErrorPintDivInt(lang.c.parse.SemanticCheckUnsignedFactorTest),,
%TSTTREE100,semanticTypeErrorPintMultPint(lang.c.parse.SemanticCheckUnsignedFactorTest),false,1,false,-1,semanticTypeErrorPintMultPint(lang.c.parse.SemanticCheckUnsignedFactorTest),,
%TSTTREE101,lang.c.parse.SemanticCheckProgramTest_cv02,true,4,false,-1,lang.c.parse.SemanticCheckProgramTest_cv02,,
%TSTTREE102,FactorWithPlusSignOverflow(lang.c.parse.SemanticCheckProgramTest_cv02),false,1,false,-1,FactorWithPlusSignOverflow(lang.c.parse.SemanticCheckProgramTest_cv02),,
%TSTTREE103,FactorAmpNoError(lang.c.parse.SemanticCheckProgramTest_cv02),false,1,false,-1,FactorAmpNoError(lang.c.parse.SemanticCheckProgramTest_cv02),,
%TSTTREE104,ExpressionAddTypeNoError(lang.c.parse.SemanticCheckProgramTest_cv02),false,1,false,-1,ExpressionAddTypeNoError(lang.c.parse.SemanticCheckProgramTest_cv02),,
%TSTTREE105,FactorWithAmpOverflow(lang.c.parse.SemanticCheckProgramTest_cv02),false,1,false,-1,FactorWithAmpOverflow(lang.c.parse.SemanticCheckProgramTest_cv02),,
%TSTTREE106,lang.c.parse.CodeGenExpressionTest_cv01,true,6,false,-1,lang.c.parse.CodeGenExpressionTest_cv01,,
%TSTTREE107,codeGenExpressionADDADDSubTerm(lang.c.parse.CodeGenExpressionTest_cv01),false,1,false,-1,codeGenExpressionADDADDSubTerm(lang.c.parse.CodeGenExpressionTest_cv01),,
%TSTTREE108,codeGenExpressionADDSub5CommentTerm(lang.c.parse.CodeGenExpressionTest_cv01),false,1,false,-1,codeGenExpressionADDSub5CommentTerm(lang.c.parse.CodeGenExpressionTest_cv01),,
%TSTTREE109,codeGenExpressionSub2Term(lang.c.parse.CodeGenExpressionTest_cv01),false,1,false,-1,codeGenExpressionSub2Term(lang.c.parse.CodeGenExpressionTest_cv01),,
%TSTTREE110,codeGenExpressionSub3Term(lang.c.parse.CodeGenExpressionTest_cv01),false,1,false,-1,codeGenExpressionSub3Term(lang.c.parse.CodeGenExpressionTest_cv01),,
%TSTTREE111,codeGenExpressionADD3CommentTerm(lang.c.parse.CodeGenExpressionTest_cv01),false,1,false,-1,codeGenExpressionADD3CommentTerm(lang.c.parse.CodeGenExpressionTest_cv01),,
%TSTTREE112,codeGenExpressionADD3Term(lang.c.parse.CodeGenExpressionTest_cv01),false,1,false,-1,codeGenExpressionADD3Term(lang.c.parse.CodeGenExpressionTest_cv01),,
%TSTTREE113,lang.c.parse.CodeGenTermTest,true,1,false,-1,lang.c.parse.CodeGenTermTest,,
%TSTTREE114,codeGenTerm(lang.c.parse.CodeGenTermTest),false,1,false,-1,codeGenTerm(lang.c.parse.CodeGenTermTest),,
%TSTTREE115,lang.c.parse.CodeGenExpressionTest_cv03,true,6,false,-1,lang.c.parse.CodeGenExpressionTest_cv03,,
%TSTTREE116,codeGenTermMultPriority(lang.c.parse.CodeGenExpressionTest_cv03),false,1,false,-1,codeGenTermMultPriority(lang.c.parse.CodeGenExpressionTest_cv03),,
%TSTTREE117,codeGenTermDivWithParenthesis(lang.c.parse.CodeGenExpressionTest_cv03),false,1,false,-1,codeGenTermDivWithParenthesis(lang.c.parse.CodeGenExpressionTest_cv03),,
%TSTTREE118,codeGenTermSignTest(lang.c.parse.CodeGenExpressionTest_cv03),false,1,false,-1,codeGenTermSignTest(lang.c.parse.CodeGenExpressionTest_cv03),,
%TSTTREE119,codeGenTermDivMinus(lang.c.parse.CodeGenExpressionTest_cv03),false,1,false,-1,codeGenTermDivMinus(lang.c.parse.CodeGenExpressionTest_cv03),,
%TSTTREE120,codeGenTermAllTest(lang.c.parse.CodeGenExpressionTest_cv03),false,1,false,-1,codeGenTermAllTest(lang.c.parse.CodeGenExpressionTest_cv03),,
%TSTTREE121,codeGenTermMultWithParentheses(lang.c.parse.CodeGenExpressionTest_cv03),false,1,false,-1,codeGenTermMultWithParentheses(lang.c.parse.CodeGenExpressionTest_cv03),,
%TSTTREE122,lang.c.parse.CodeGenFactorAmpTest,true,2,false,-1,lang.c.parse.CodeGenFactorAmpTest,,
%TSTTREE123,codeGenFactorAmp(lang.c.parse.CodeGenFactorAmpTest),false,1,false,-1,codeGenFactorAmp(lang.c.parse.CodeGenFactorAmpTest),,
%TSTTREE124,codeGenFactorWithAmp(lang.c.parse.CodeGenFactorAmpTest),false,1,false,-1,codeGenFactorWithAmp(lang.c.parse.CodeGenFactorAmpTest),,
%TSTTREE125,lang.c.parse.IsFirstTest_cv03,true,5,false,-1,lang.c.parse.IsFirstTest_cv03,,
%TSTTREE126,testTermDiv(lang.c.parse.IsFirstTest_cv03),false,1,false,-1,testTermDiv(lang.c.parse.IsFirstTest_cv03),,
%TSTTREE127,testMinusFactor(lang.c.parse.IsFirstTest_cv03),false,1,false,-1,testMinusFactor(lang.c.parse.IsFirstTest_cv03),,
%TSTTREE128,testTermCV03(lang.c.parse.IsFirstTest_cv03),false,1,false,-1,testTermCV03(lang.c.parse.IsFirstTest_cv03),,
%TSTTREE129,testTermMult(lang.c.parse.IsFirstTest_cv03),false,1,false,-1,testTermMult(lang.c.parse.IsFirstTest_cv03),,
%TSTTREE130,testPlusFactor(lang.c.parse.IsFirstTest_cv03),false,1,false,-1,testPlusFactor(lang.c.parse.IsFirstTest_cv03),,
%TSTTREE131,lang.c.parse.ParseFactorTest,true,4,false,-1,lang.c.parse.ParseFactorTest,,
%TSTTREE132,parseRCURWithoutLCUR(lang.c.parse.ParseFactorTest),false,1,false,-1,parseRCURWithoutLCUR(lang.c.parse.ParseFactorTest),,
%TSTTREE133,parseNotCloseRPAR(lang.c.parse.ParseFactorTest),false,1,false,-1,parseNotCloseRPAR(lang.c.parse.ParseFactorTest),,
%TSTTREE134,parseOnlyLPAR(lang.c.parse.ParseFactorTest),false,1,false,-1,parseOnlyLPAR(lang.c.parse.ParseFactorTest),,
%TSTTREE135,parseOnlyMinusFactor(lang.c.parse.ParseFactorTest),false,1,false,-1,parseOnlyMinusFactor(lang.c.parse.ParseFactorTest),,
%TSTTREE136,lang.c.parse.IsFirstTest_cv02,true,1,false,-1,lang.c.parse.IsFirstTest_cv02,,
%TSTTREE137,testFactorAmp(lang.c.parse.IsFirstTest_cv02),false,1,false,-1,testFactorAmp(lang.c.parse.IsFirstTest_cv02),,
%TESTS  2,convertToValidateActual(lang.c.TestHelperTest)
%TESTE  2,convertToValidateActual(lang.c.TestHelperTest)
%TESTS  3,convertToValidateSimple(lang.c.TestHelperTest)
%TESTE  3,convertToValidateSimple(lang.c.TestHelperTest)
%TESTS  5,plusNumber(lang.c.CTokenizerNumberTest)
%TESTE  5,plusNumber(lang.c.CTokenizerNumberTest)
%TESTS  6,decimalNumber(lang.c.CTokenizerNumberTest)
%TESTE  6,decimalNumber(lang.c.CTokenizerNumberTest)
%TESTS  8,hexNumberError0x(lang.c.CTokenizerNumberTest_cv02)
%TESTE  8,hexNumberError0x(lang.c.CTokenizerNumberTest_cv02)
%TESTS  9,octalTooLargeNumber(lang.c.CTokenizerNumberTest_cv02)
%TESTE  9,octalTooLargeNumber(lang.c.CTokenizerNumberTest_cv02)
%TESTS  10,hex(lang.c.CTokenizerNumberTest_cv02)
%TESTE  10,hex(lang.c.CTokenizerNumberTest_cv02)
%TESTS  11,octal(lang.c.CTokenizerNumberTest_cv02)
%NAME,Launch Java Tests - $(symbol-class) TestHelperTest
%TAG,in socket.on
%COUNT,2
%TESTE  11,octal(lang.c.CTokenizerNumberTest_cv02)
%TESTS  12,hexTooLargeBit1(lang.c.CTokenizerNumberTest_cv02)
%TESTE  12,hexTooLargeBit1(lang.c.CTokenizerNumberTest_cv02)
%TESTS  13,hexTooLargeBit2(lang.c.CTokenizerNumberTest_cv02)
%TESTE  13,hexTooLargeBit2(lang.c.CTokenizerNumberTest_cv02)
%TESTS  14,decNumberMax(lang.c.CTokenizerNumberTest_cv02)
%TESTE  14,decNumberMax(lang.c.CTokenizerNumberTest_cv02)
%TESTS  15,octalIllNumber(lang.c.CTokenizerNumberTest_cv02)
%TESTE  15,octalIllNumber(lang.c.CTokenizerNumberTest_cv02)
%TESTS  16,octalZero(lang.c.CTokenizerNumberTest_cv02)
%TESTE  16,octalZero(lang.c.CTokenizerNumberTest_cv02)
%TESTS  17,decTooLargeNumber(lang.c.CTokenizerNumberTest_cv02)
%TESTE  17,decTooLargeNumber(lang.c.CTokenizerNumberTest_cv02)
%TESTS  18,decIllNumber(lang.c.CTokenizerNumberTest_cv02)
%TESTE  18,decIllNumber(lang.c.CTokenizerNumberTest_cv02)
%TESTS  19,hexNumber0x0(lang.c.CTokenizerNumberTest_cv02)
%TESTE  19,hexNumber0x0(lang.c.CTokenizerNumberTest_cv02)
%TESTS  20,hexNumberMax(lang.c.CTokenizerNumberTest_cv02)
%TESTE  20,hexNumberMax(lang.c.CTokenizerNumberTest_cv02)
%TESTS  21,octalNumber(lang.c.CTokenizerNumberTest_cv02)
%TESTE  21,octalNumber(lang.c.CTokenizerNumberTest_cv02)
%TESTS  23,readSimpleTokenSub(lang.c.CTokenizerExpressionSubTest)
%TESTE  23,readSimpleTokenSub(lang.c.CTokenizerExpressionSubTest)
%TESTS  24,minusNumber(lang.c.CTokenizerExpressionSubTest)
%TESTE  24,minusNumber(lang.c.CTokenizerExpressionSubTest)
%TESTS  26,readSimpleTokensByUsingGetNextToken(lang.c.CTokenizerExpressionAddTest)
%TESTE  26,readSimpleTokensByUsingGetNextToken(lang.c.CTokenizerExpressionAddTest)
%TESTS  27,getCurrentTokenFirstTime(lang.c.CTokenizerExpressionAddTest)
%TESTE  27,getCurrentTokenFirstTime(lang.c.CTokenizerExpressionAddTest)
%TESTS  28,getCurrentTokenAfterGetNextToken(lang.c.CTokenizerExpressionAddTest)
%TESTE  28,getCurrentTokenAfterGetNextToken(lang.c.CTokenizerExpressionAddTest)
%TESTS  30,inlineCommentWithFactor(lang.c.CTokenizerCommentTest)
%TESTE  30,inlineCommentWithFactor(lang.c.CTokenizerCommentTest)
%TESTS  31,inlineCommentWithNumber(lang.c.CTokenizerCommentTest)
%TESTE  31,inlineCommentWithNumber(lang.c.CTokenizerCommentTest)
%TESTS  32,blockCommentNotClose(lang.c.CTokenizerCommentTest)
%TESTE  32,blockCommentNotClose(lang.c.CTokenizerCommentTest)
%TESTS  33,blockCommentWithFactor(lang.c.CTokenizerCommentTest)
%TESTE  33,blockCommentWithFactor(lang.c.CTokenizerCommentTest)
%TESTS  34,blockComment(lang.c.CTokenizerCommentTest)
%TESTE  34,blockComment(lang.c.CTokenizerCommentTest)
%TESTS  35,lineComment(lang.c.CTokenizerCommentTest)
%TESTE  35,lineComment(lang.c.CTokenizerCommentTest)
%TESTS  37,termTokenWithPARTest(lang.c.CTokenizerTermTest)
%TESTE  37,termTokenWithPARTest(lang.c.CTokenizerTermTest)
%TESTS  38,multNumber(lang.c.CTokenizerTermTest)
%TESTE  38,multNumber(lang.c.CTokenizerTermTest)
%TESTS  39,termNotCloseBlockCommentTwoTimes(lang.c.CTokenizerTermTest)
%TESTE  39,termNotCloseBlockCommentTwoTimes(lang.c.CTokenizerTermTest)
%TESTS  40,termTokenExpressionTest(lang.c.CTokenizerTermTest)
%TESTE  40,termTokenExpressionTest(lang.c.CTokenizerTermTest)
%TESTS  41,termNotCloseBlockComment(lang.c.CTokenizerTermTest)
%TESTE  41,termNotCloseBlockComment(lang.c.CTokenizerTermTest)
%TESTS  42,divNumber(lang.c.CTokenizerTermTest)
%TESTE  42,divNumber(lang.c.CTokenizerTermTest)
%TESTS  44,hexNumber(lang.c.CTokenizerAddressTest)
%TESTE  44,hexNumber(lang.c.CTokenizerAddressTest)
%TESTS  45,AMP(lang.c.CTokenizerAddressTest)
%TESTE  45,AMP(lang.c.CTokenizerAddressTest)
%TESTS  46,decimalNumber(lang.c.CTokenizerAddressTest)
%TESTE  46,decimalNumber(lang.c.CTokenizerAddressTest)
%TESTS  47,octalNumber(lang.c.CTokenizerAddressTest)
%TESTE  47,octalNumber(lang.c.CTokenizerAddressTest)
%TESTS  49,testMustBeFailed(lang.MustBeFailedTest)
%FAILED 49,testMustBeFailed(lang.MustBeFailedTest)
%TRACES 
java.lang.AssertionError: 
Expected: is "MUST BE FAILED THIS TEST."
     but: was "Failed test."
	at org.hamcrest.MatcherAssert.assertThat(MatcherAssert.java:20)
	at org.hamcrest.MatcherAssert.assertThat(MatcherAssert.java:8)
	at lang.MustBeFailedTest.testMustBeFailed(MustBeFailedTest.java:14)
	at java.base/jdk.internal.reflect.NativeMethodAccessorImpl.invoke0(Native Method)
	at java.base/jdk.internal.reflect.NativeMethodAccessorImpl.invoke(NativeMethodAccessorImpl.java:77)
	at java.base/jdk.internal.reflect.DelegatingMethodAccessorImpl.invoke(DelegatingMethodAccessorImpl.java:43)
	at java.base/java.lang.reflect.Method.invoke(Method.java:568)
	at org.junit.runners.model.FrameworkMethod$1.runReflectiveCall(FrameworkMethod.java:47)
	at org.junit.internal.runners.model.ReflectiveCallable.run(ReflectiveCallable.java:12)
	at org.junit.runners.model.FrameworkMethod.invokeExplosively(FrameworkMethod.java:44)
	at org.junit.internal.runners.statements.InvokeMethod.evaluate(InvokeMethod.java:17)
	at org.junit.runners.ParentRunner.runLeaf(ParentRunner.java:271)
	at org.junit.runners.BlockJUnit4ClassRunner.runChild(BlockJUnit4ClassRunner.java:70)
	at org.junit.runners.BlockJUnit4ClassRunner.runChild(BlockJUnit4ClassRunner.java:50)
	at org.junit.runners.ParentRunner$3.run(ParentRunner.java:238)
	at org.junit.runners.ParentRunner$1.schedule(ParentRunner.java:63)
	at org.junit.runners.ParentRunner.runChildren(ParentRunner.java:236)
	at org.junit.runners.ParentRunner.access$000(ParentRunner.java:53)
	at org.junit.runners.ParentRunner$2.evaluate(ParentRunner.java:229)
	at org.junit.runners.ParentRunner.run(ParentRunner.java:309)
	at org.eclipse.jdt.internal.junit4.runner.JUnit4TestReference.run(JUnit4TestReference.java:93)
	at org.eclipse.jdt.internal.junit.runner.TestExecution.run(TestExecution.java:40)
	at org.eclipse.jdt.internal.junit.runner.RemoteTestRunner.runTests(RemoteTestRunner.java:529)
	at org.eclipse.jdt.internal.junit.runner.RemoteTestRunner.runTests(RemoteTestRunner.java:756)
	at org.eclipse.jdt.internal.junit.runner.RemoteTestRunner.run(RemoteTestRunner.java:452)
	at org.eclipse.jdt.internal.junit.runner.RemoteTestRunner.main(RemoteTestRunner.java:210)

%TRACEE 
%TESTE  49,testMustBeFailed(lang.MustBeFailedTest)
%TESTS  51,codeGenFactor(lang.c.parse.CodeGenFactorTest)
%TESTE  51,codeGenFactor(lang.c.parse.CodeGenFactorTest)
%TESTS  53,parseErrorNumPlusNone(lang.c.parse.ParseExpressionTest)
%NAME,Launch Java Tests - $(symbol-class) TestHelperTest
%TAG,in socket.on
%COUNT,3
%TESTE  53,parseErrorNumPlusNone(lang.c.parse.ParseExpressionTest)
%TESTS  54,parseErrorNumMinusNone(lang.c.parse.ParseExpressionTest)
%TESTE  54,parseErrorNumMinusNone(lang.c.parse.ParseExpressionTest)
%TESTS  56,testProgram01(lang.c.parse.IsFirstProgramTest)
%TESTE  56,testProgram01(lang.c.parse.IsFirstProgramTest)
%TESTS  57,testWithUndefinedToken(lang.c.parse.IsFirstProgramTest)
%TESTE  57,testWithUndefinedToken(lang.c.parse.IsFirstProgramTest)
%TESTS  59,testExpressionSub(lang.c.parse.IsFirstTest_cv01)
%TESTE  59,testExpressionSub(lang.c.parse.IsFirstTest_cv01)
%TESTS  61,parseErrorEndOfProgram(lang.c.parse.ParseProgramTest)
%TESTE  61,parseErrorEndOfProgram(lang.c.parse.ParseProgramTest)
%TESTS  63,semanticCheckAddressSubError(lang.c.parse.SemanticCheckAddressTest)
%TESTE  63,semanticCheckAddressSubError(lang.c.parse.SemanticCheckAddressTest)
%TESTS  64,semanticCheckAddressSubAccept(lang.c.parse.SemanticCheckAddressTest)
%TESTE  64,semanticCheckAddressSubAccept(lang.c.parse.SemanticCheckAddressTest)
%TESTS  65,semanticCheckAddressAddAccept(lang.c.parse.SemanticCheckAddressTest)
%TESTE  65,semanticCheckAddressAddAccept(lang.c.parse.SemanticCheckAddressTest)
%TESTS  66,semanticCheckAddressAddError(lang.c.parse.SemanticCheckAddressTest)
%TESTE  66,semanticCheckAddressAddError(lang.c.parse.SemanticCheckAddressTest)
%TESTS  68,parseNumber(lang.c.parse.ParseNumberTest)
%TESTE  68,parseNumber(lang.c.parse.ParseNumberTest)
%TESTS  70,UndefinedToken(lang.c.parse.IsFirstTest)
%TESTE  70,UndefinedToken(lang.c.parse.IsFirstTest)
%TESTS  71,testExpressionAdd(lang.c.parse.IsFirstTest)
%TESTE  71,testExpressionAdd(lang.c.parse.IsFirstTest)
%TESTS  72,testDecimalNumber(lang.c.parse.IsFirstTest)
%TESTE  72,testDecimalNumber(lang.c.parse.IsFirstTest)
%TESTS  73,testExpression(lang.c.parse.IsFirstTest)
%TESTE  73,testExpression(lang.c.parse.IsFirstTest)
%TESTS  75,ExpressionSubNoError(lang.c.parse.SemanticCheckProgramTest_cv01)
%NAME,Launch Java Tests - $(symbol-class) TestHelperTest
%TAG,in socket.on
%COUNT,4
%TESTE  75,ExpressionSubNoError(lang.c.parse.SemanticCheckProgramTest_cv01)
%TESTS  77,codeGenExpressionAdd2Term(lang.c.parse.CodeGenExpressionTest)
%TESTE  77,codeGenExpressionAdd2Term(lang.c.parse.CodeGenExpressionTest)
%TESTS  78,codeGenExpressionAdd3Term(lang.c.parse.CodeGenExpressionTest)
%TESTE  78,codeGenExpressionAdd3Term(lang.c.parse.CodeGenExpressionTest)
%TESTS  80,codeGenLeftTermAdd2Terms(lang.c.parse.CodeGenProgramTest)
%TESTE  80,codeGenLeftTermAdd2Terms(lang.c.parse.CodeGenProgramTest)
%TESTS  81,codeGenProgramAdd2Terms(lang.c.parse.CodeGenProgramTest)
%TESTE  81,codeGenProgramAdd2Terms(lang.c.parse.CodeGenProgramTest)
%TESTS  82,codeGenProgramAdd3Terms(lang.c.parse.CodeGenProgramTest)
%TESTE  82,codeGenProgramAdd3Terms(lang.c.parse.CodeGenProgramTest)
%TESTS  84,semanticCheckFalseExample(lang.c.parse.SemanticCheckFactorAmpTest)
%TESTE  84,semanticCheckFalseExample(lang.c.parse.SemanticCheckFactorAmpTest)
%TESTS  85,semanticCheckTrueExample(lang.c.parse.SemanticCheckFactorAmpTest)
%NAME,Launch Java Tests - $(symbol-class) TestHelperTest
%TAG,in socket.on
%COUNT,5
%TESTE  85,semanticCheckTrueExample(lang.c.parse.SemanticCheckFactorAmpTest)
%TESTS  87,parseAddressOnlyAMP(lang.c.parse.ParseAddressTest)
%TESTE  87,parseAddressOnlyAMP(lang.c.parse.ParseAddressTest)
%TESTS  89,codeGenNumber(lang.c.parse.CodeGenNumberTest)
%TESTE  89,codeGenNumber(lang.c.parse.CodeGenNumberTest)
%TESTS  91,ExpressionAddNoError(lang.c.parse.SemanticCheckProgramTest)
%TESTE  91,ExpressionAddNoError(lang.c.parse.SemanticCheckProgramTest)
%TESTS  92,noResponseDoBeforeParse(lang.c.parse.SemanticCheckProgramTest)
%TESTE  92,noResponseDoBeforeParse(lang.c.parse.SemanticCheckProgramTest)
%TESTS  94,semanticTypeErrorIntMultPint(lang.c.parse.SemanticCheckUnsignedFactorTest)
%TESTE  94,semanticTypeErrorIntMultPint(lang.c.parse.SemanticCheckUnsignedFactorTest)
%TESTS  95,semanticMinusAmpError(lang.c.parse.SemanticCheckUnsignedFactorTest)
%TESTE  95,semanticMinusAmpError(lang.c.parse.SemanticCheckUnsignedFactorTest)
%TESTS  96,semanticTypeErrorPintMultInt(lang.c.parse.SemanticCheckUnsignedFactorTest)
%TESTE  96,semanticTypeErrorPintMultInt(lang.c.parse.SemanticCheckUnsignedFactorTest)
%TESTS  97,semanticTypeErrorPintDivPint(lang.c.parse.SemanticCheckUnsignedFactorTest)
%TESTE  97,semanticTypeErrorPintDivPint(lang.c.parse.SemanticCheckUnsignedFactorTest)
%TESTS  98,semanticTypeErrorIntDivPint(lang.c.parse.SemanticCheckUnsignedFactorTest)
%TESTE  98,semanticTypeErrorIntDivPint(lang.c.parse.SemanticCheckUnsignedFactorTest)
%TESTS  99,semanticTypeErrorPintDivInt(lang.c.parse.SemanticCheckUnsignedFactorTest)
%TESTE  99,semanticTypeErrorPintDivInt(lang.c.parse.SemanticCheckUnsignedFactorTest)
%TESTS  100,semanticTypeErrorPintMultPint(lang.c.parse.SemanticCheckUnsignedFactorTest)
%TESTE  100,semanticTypeErrorPintMultPint(lang.c.parse.SemanticCheckUnsignedFactorTest)
%TESTS  102,FactorWithPlusSignOverflow(lang.c.parse.SemanticCheckProgramTest_cv02)
%TESTE  102,FactorWithPlusSignOverflow(lang.c.parse.SemanticCheckProgramTest_cv02)
%TESTS  103,FactorAmpNoError(lang.c.parse.SemanticCheckProgramTest_cv02)
%TESTE  103,FactorAmpNoError(lang.c.parse.SemanticCheckProgramTest_cv02)
%TESTS  104,ExpressionAddTypeNoError(lang.c.parse.SemanticCheckProgramTest_cv02)
%TESTE  104,ExpressionAddTypeNoError(lang.c.parse.SemanticCheckProgramTest_cv02)
%TESTS  105,FactorWithAmpOverflow(lang.c.parse.SemanticCheckProgramTest_cv02)
%TESTE  105,FactorWithAmpOverflow(lang.c.parse.SemanticCheckProgramTest_cv02)
%TESTS  107,codeGenExpressionADDADDSubTerm(lang.c.parse.CodeGenExpressionTest_cv01)
%TESTE  107,codeGenExpressionADDADDSubTerm(lang.c.parse.CodeGenExpressionTest_cv01)
%TESTS  108,codeGenExpressionADDSub5CommentTerm(lang.c.parse.CodeGenExpressionTest_cv01)
%TESTE  108,codeGenExpressionADDSub5CommentTerm(lang.c.parse.CodeGenExpressionTest_cv01)
%TESTS  109,codeGenExpressionSub2Term(lang.c.parse.CodeGenExpressionTest_cv01)
%TESTE  109,codeGenExpressionSub2Term(lang.c.parse.CodeGenExpressionTest_cv01)
%TESTS  110,codeGenExpressionSub3Term(lang.c.parse.CodeGenExpressionTest_cv01)
%TESTE  110,codeGenExpressionSub3Term(lang.c.parse.CodeGenExpressionTest_cv01)
%TESTS  111,codeGenExpressionADD3CommentTerm(lang.c.parse.CodeGenExpressionTest_cv01)
%TESTE  111,codeGenExpressionADD3CommentTerm(lang.c.parse.CodeGenExpressionTest_cv01)
%TESTS  112,codeGenExpressionADD3Term(lang.c.parse.CodeGenExpressionTest_cv01)
%TESTE  112,codeGenExpressionADD3Term(lang.c.parse.CodeGenExpressionTest_cv01)
%TESTS  114,codeGenTerm(lang.c.parse.CodeGenTermTest)
%TESTE  114,codeGenTerm(lang.c.parse.CodeGenTermTest)
%TESTS  116,codeGenTermMultPriority(lang.c.parse.CodeGenExpressionTest_cv03)
%FAILED 116,codeGenTermMultPriority(lang.c.parse.CodeGenExpressionTest_cv03)
%TRACES 
java.lang.AssertionError: Actual [MOV#1,(R6)+, MOV#3,(R6)+, JSRMUL, SUB#2,R6, MOVR0,(R6)+, MOV#2,(R6)+, MOV-(R6),R0, MOV-(R6),R1, ADDR1,R0, MOVR0,(R6)+]  Line Size: 
Expected: is <12>
     but: was <10>
	at org.hamcrest.MatcherAssert.assertThat(MatcherAssert.java:20)
	at lang.c.TestHelper.checkCodePortion(TestHelper.java:39)
	at lang.c.TestHelper.checkCodeGen(TestHelper.java:71)
	at lang.c.parse.CodeGenExpressionTest_cv03.codeGenTermMultPriority(CodeGenExpressionTest_cv03.java:93)
	at java.base/jdk.internal.reflect.NativeMethodAccessorImpl.invoke0(Native Method)
	at java.base/jdk.internal.reflect.NativeMethodAccessorImpl.invoke(NativeMethodAccessorImpl.java:77)
	at java.base/jdk.internal.reflect.DelegatingMethodAccessorImpl.invoke(DelegatingMethodAccessorImpl.java:43)
	at java.base/java.lang.reflect.Method.invoke(Method.java:568)
	at org.junit.runners.model.FrameworkMethod$1.runReflectiveCall(FrameworkMethod.java:47)
	at org.junit.internal.runners.model.ReflectiveCallable.run(ReflectiveCallable.java:12)
	at org.junit.runners.model.FrameworkMethod.invokeExplosively(FrameworkMethod.java:44)
	at org.junit.internal.runners.statements.InvokeMethod.evaluate(InvokeMethod.java:17)
	at org.junit.internal.runners.statements.RunBefores.evaluate(RunBefores.java:26)
	at org.junit.internal.runners.statements.RunAfters.evaluate(RunAfters.java:27)
	at org.junit.runners.ParentRunner.runLeaf(ParentRunner.java:271)
	at org.junit.runners.BlockJUnit4ClassRunner.runChild(BlockJUnit4ClassRunner.java:70)
	at org.junit.runners.BlockJUnit4ClassRunner.runChild(BlockJUnit4ClassRunner.java:50)
	at org.junit.runners.ParentRunner$3.run(ParentRunner.java:238)
	at org.junit.runners.ParentRunner$1.schedule(ParentRunner.java:63)
	at org.junit.runners.ParentRunner.runChildren(ParentRunner.java:236)
	at org.junit.runners.ParentRunner.access$000(ParentRunner.java:53)
	at org.junit.runners.ParentRunner$2.evaluate(ParentRunner.java:229)
	at org.junit.runners.ParentRunner.run(ParentRunner.java:309)
	at org.eclipse.jdt.internal.junit4.runner.JUnit4TestReference.run(JUnit4TestReference.java:93)
	at org.eclipse.jdt.internal.junit.runner.TestExecution.run(TestExecution.java:40)
	at org.eclipse.jdt.internal.junit.runner.RemoteTestRunner.runTests(RemoteTestRunner.java:529)
	at org.eclipse.jdt.internal.junit.runner.RemoteTestRunner.runTests(RemoteTestRunner.java:756)
	at org.eclipse.jdt.internal.junit.runner.RemoteTestRunner.run(RemoteTestRunner.java:452)
	at org.eclipse.jdt.internal.junit.runner.RemoteTestRunner.main(RemoteTestRunner.java:210)

%TRACEE 
%TESTE  116,codeGenTermMultPriority(lang.c.parse.CodeGenExpressionTest_cv03)
%TESTS  117,codeGenTermDivWithParenthesis(lang.c.parse.CodeGenExpressionTest_cv03)
%FAILED 117,codeGenTermDivWithParenthesis(lang.c.parse.CodeGenExpressionTest_cv03)
%TRACES 
java.lang.AssertionError: Actual [MOV#2,(R6)+, MOV#3,(R6)+, MOV-(R6),R0, MOV-(R6),R1, SUBR0,R1, MOVR1,(R6)+, JSRDIV, SUB#2,R6, MOVR0,(R6)+, MOV#1,(R6)+]  Line Size: 
Expected: is <9>
     but: was <10>
	at org.hamcrest.MatcherAssert.assertThat(MatcherAssert.java:20)
	at lang.c.TestHelper.checkCodePortion(TestHelper.java:39)
	at lang.c.TestHelper.checkCodeGen(TestHelper.java:71)
	at lang.c.parse.CodeGenExpressionTest_cv03.codeGenTermDivWithParenthesis(CodeGenExpressionTest_cv03.java:113)
	at java.base/jdk.internal.reflect.NativeMethodAccessorImpl.invoke0(Native Method)
	at java.base/jdk.internal.reflect.NativeMethodAccessorImpl.invoke(NativeMethodAccessorImpl.java:77)
	at java.base/jdk.internal.reflect.DelegatingMethodAccessorImpl.invoke(DelegatingMethodAccessorImpl.java:43)
	at java.base/java.lang.reflect.Method.invoke(Method.java:568)
	at org.junit.runners.model.FrameworkMethod$1.runReflectiveCall(FrameworkMethod.java:47)
	at org.junit.internal.runners.model.ReflectiveCallable.run(ReflectiveCallable.java:12)
	at org.junit.runners.model.FrameworkMethod.invokeExplosively(FrameworkMethod.java:44)
	at org.junit.internal.runners.statements.InvokeMethod.evaluate(InvokeMethod.java:17)
	at org.junit.internal.runners.statements.RunBefores.evaluate(RunBefores.java:26)
	at org.junit.internal.runners.statements.RunAfters.evaluate(RunAfters.java:27)
	at org.junit.runners.ParentRunner.runLeaf(ParentRunner.java:271)
	at org.junit.runners.BlockJUnit4ClassRunner.runChild(BlockJUnit4ClassRunner.java:70)
	at org.junit.runners.BlockJUnit4ClassRunner.runChild(BlockJUnit4ClassRunner.java:50)
	at org.junit.runners.ParentRunner$3.run(ParentRunner.java:238)
	at org.junit.runners.ParentRunner$1.schedule(ParentRunner.java:63)
	at org.junit.runners.ParentRunner.runChildren(ParentRunner.java:236)
	at org.junit.runners.ParentRunner.access$000(ParentRunner.java:53)
	at org.junit.runners.ParentRunner$2.evaluate(ParentRunner.java:229)
	at org.junit.runners.ParentRunner.run(ParentRunner.java:309)
	at org.eclipse.jdt.internal.junit4.runner.JUnit4TestReference.run(JUnit4TestReference.java:93)
	at org.eclipse.jdt.internal.junit.runner.TestExecution.run(TestExecution.java:40)
	at org.eclipse.jdt.internal.junit.runner.RemoteTestRunner.runTests(RemoteTestRunner.java:529)
	at org.eclipse.jdt.internal.junit.runner.RemoteTestRunner.runTests(RemoteTestRunner.java:756)
	at org.eclipse.jdt.internal.junit.runner.RemoteTestRunner.run(RemoteTestRunner.java:452)
	at org.eclipse.jdt.internal.junit.runner.RemoteTestRunner.main(RemoteTestRunner.java:210)

%TRACEE 
%TESTE  117,codeGenTermDivWithParenthesis(lang.c.parse.CodeGenExpressionTest_cv03)
%TESTS  118,codeGenTermSignTest(lang.c.parse.CodeGenExpressionTest_cv03)
%FAILED 118,codeGenTermSignTest(lang.c.parse.CodeGenExpressionTest_cv03)
%TRACES 
java.lang.AssertionError: Actual [MOV#4,(R6)+, MOV#5,(R6)+, MOV-(R6),R0, MOV-(R6),R1, SUBR0,R1, MOVR1,(R6)+, MOV#2,(R6)+, MOV-(R6),R0, MOV-(R6),R1, ADDR1,R0, MOVR0,(R6)+]  Line Size: 
Expected: is <9>
     but: was <11>
	at org.hamcrest.MatcherAssert.assertThat(MatcherAssert.java:20)
	at lang.c.TestHelper.checkCodePortion(TestHelper.java:39)
	at lang.c.TestHelper.checkCodeGen(TestHelper.java:71)
	at lang.c.parse.CodeGenExpressionTest_cv03.codeGenTermSignTest(CodeGenExpressionTest_cv03.java:173)
	at java.base/jdk.internal.reflect.NativeMethodAccessorImpl.invoke0(Native Method)
	at java.base/jdk.internal.reflect.NativeMethodAccessorImpl.invoke(NativeMethodAccessorImpl.java:77)
	at java.base/jdk.internal.reflect.DelegatingMethodAccessorImpl.invoke(DelegatingMethodAccessorImpl.java:43)
	at java.base/java.lang.reflect.Method.invoke(Method.java:568)
	at org.junit.runners.model.FrameworkMethod$1.runReflectiveCall(FrameworkMethod.java:47)
	at org.junit.internal.runners.model.ReflectiveCallable.run(ReflectiveCallable.java:12)
	at org.junit.runners.model.FrameworkMethod.invokeExplosively(FrameworkMethod.java:44)
	at org.junit.internal.runners.statements.InvokeMethod.evaluate(InvokeMethod.java:17)
	at org.junit.internal.runners.statements.RunBefores.evaluate(RunBefores.java:26)
	at org.junit.internal.runners.statements.RunAfters.evaluate(RunAfters.java:27)
	at org.junit.runners.ParentRunner.runLeaf(ParentRunner.java:271)
	at org.junit.runners.BlockJUnit4ClassRunner.runChild(BlockJUnit4ClassRunner.java:70)
	at org.junit.runners.BlockJUnit4ClassRunner.runChild(BlockJUnit4ClassRunner.java:50)
	at org.junit.runners.ParentRunner$3.run(ParentRunner.java:238)
	at org.junit.runners.ParentRunner$1.schedule(ParentRunner.java:63)
	at org.junit.runners.ParentRunner.runChildren(ParentRunner.java:236)
	at org.junit.runners.ParentRunner.access$000(ParentRunner.java:53)
	at org.junit.runners.ParentRunner$2.evaluate(ParentRunner.java:229)
	at org.junit.runners.ParentRunner.run(ParentRunner.java:309)
	at org.eclipse.jdt.internal.junit4.runner.JUnit4TestReference.run(JUnit4TestReference.java:93)
	at org.eclipse.jdt.internal.junit.runner.TestExecution.run(TestExecution.java:40)
	at org.eclipse.jdt.internal.junit.runner.RemoteTestRunner.runTests(RemoteTestRunner.java:529)
	at org.eclipse.jdt.internal.junit.runner.RemoteTestRunner.runTests(RemoteTestRunner.java:756)
	at org.eclipse.jdt.internal.junit.runner.RemoteTestRunner.run(RemoteTestRunner.java:452)
	at org.eclipse.jdt.internal.junit.runner.RemoteTestRunner.main(RemoteTestRunner.java:210)

%TRACEE 
%TESTE  118,codeGenTermSignTest(lang.c.parse.CodeGenExpressionTest_cv03)
%TESTS  119,codeGenTermDivMinus(lang.c.parse.CodeGenExpressionTest_cv03)
%FAILED 119,codeGenTermDivMinus(lang.c.parse.CodeGenExpressionTest_cv03)
%TRACES 
java.lang.AssertionError: Actual [MOV#2,(R6)+, JSRDIV, SUB#2,R6, MOVR0,(R6)+, MOV#1,(R6)+, MOV#3,(R6)+, MOV-(R6),R0, MOV-(R6),R1, SUBR0,R1, MOVR1,(R6)+]  Line Size: 
Expected: is <9>
     but: was <10>
	at org.hamcrest.MatcherAssert.assertThat(MatcherAssert.java:20)
	at lang.c.TestHelper.checkCodePortion(TestHelper.java:39)
	at lang.c.TestHelper.checkCodeGen(TestHelper.java:71)
	at lang.c.parse.CodeGenExpressionTest_cv03.codeGenTermDivMinus(CodeGenExpressionTest_cv03.java:133)
	at java.base/jdk.internal.reflect.NativeMethodAccessorImpl.invoke0(Native Method)
	at java.base/jdk.internal.reflect.NativeMethodAccessorImpl.invoke(NativeMethodAccessorImpl.java:77)
	at java.base/jdk.internal.reflect.DelegatingMethodAccessorImpl.invoke(DelegatingMethodAccessorImpl.java:43)
	at java.base/java.lang.reflect.Method.invoke(Method.java:568)
	at org.junit.runners.model.FrameworkMethod$1.runReflectiveCall(FrameworkMethod.java:47)
	at org.junit.internal.runners.model.ReflectiveCallable.run(ReflectiveCallable.java:12)
	at org.junit.runners.model.FrameworkMethod.invokeExplosively(FrameworkMethod.java:44)
	at org.junit.internal.runners.statements.InvokeMethod.evaluate(InvokeMethod.java:17)
	at org.junit.internal.runners.statements.RunBefores.evaluate(RunBefores.java:26)
	at org.junit.internal.runners.statements.RunAfters.evaluate(RunAfters.java:27)
	at org.junit.runners.ParentRunner.runLeaf(ParentRunner.java:271)
	at org.junit.runners.BlockJUnit4ClassRunner.runChild(BlockJUnit4ClassRunner.java:70)
	at org.junit.runners.BlockJUnit4ClassRunner.runChild(BlockJUnit4ClassRunner.java:50)
	at org.junit.runners.ParentRunner$3.run(ParentRunner.java:238)
	at org.junit.runners.ParentRunner$1.schedule(ParentRunner.java:63)
	at org.junit.runners.ParentRunner.runChildren(ParentRunner.java:236)
	at org.junit.runners.ParentRunner.access$000(ParentRunner.java:53)
	at org.junit.runners.ParentRunner$2.evaluate(ParentRunner.java:229)
	at org.junit.runners.ParentRunner.run(ParentRunner.java:309)
	at org.eclipse.jdt.internal.junit4.runner.JUnit4TestReference.run(JUnit4TestReference.java:93)
	at org.eclipse.jdt.internal.junit.runner.TestExecution.run(TestExecution.java:40)
	at org.eclipse.jdt.internal.junit.runner.RemoteTestRunner.runTests(RemoteTestRunner.java:529)
	at org.eclipse.jdt.internal.junit.runner.RemoteTestRunner.runTests(RemoteTestRunner.java:756)
	at org.eclipse.jdt.internal.junit.runner.RemoteTestRunner.run(RemoteTestRunner.java:452)
	at org.eclipse.jdt.internal.junit.runner.RemoteTestRunner.main(RemoteTestRunner.java:210)

%TRACEE 
%TESTE  119,codeGenTermDivMinus(lang.c.parse.CodeGenExpressionTest_cv03)
%TESTS  120,codeGenTermAllTest(lang.c.parse.CodeGenExpressionTest_cv03)
%FAILED 120,codeGenTermAllTest(lang.c.parse.CodeGenExpressionTest_cv03)
%TRACES 
java.lang.AssertionError: Actual [MOV#4,(R6)+, MOV#5,(R6)+, MOV-(R6),R0, MOV-(R6),R1, SUBR0,R1, MOVR1,(R6)+, JSRDIV, SUB#2,R6, MOVR0,(R6)+, MOV#3,(R6)+, JSRMUL, SUB#2,R6, MOVR0,(R6)+, MOV#1,(R6)+, MOV#2,(R6)+, MOV-(R6),R0, MOV-(R6),R1, ADDR1,R0, MOVR0,(R6)+]  Line Size: 
Expected: is <9>
     but: was <19>
	at org.hamcrest.MatcherAssert.assertThat(MatcherAssert.java:20)
	at lang.c.TestHelper.checkCodePortion(TestHelper.java:39)
	at lang.c.TestHelper.checkCodeGen(TestHelper.java:71)
	at lang.c.parse.CodeGenExpressionTest_cv03.codeGenTermAllTest(CodeGenExpressionTest_cv03.java:153)
	at java.base/jdk.internal.reflect.NativeMethodAccessorImpl.invoke0(Native Method)
	at java.base/jdk.internal.reflect.NativeMethodAccessorImpl.invoke(NativeMethodAccessorImpl.java:77)
	at java.base/jdk.internal.reflect.DelegatingMethodAccessorImpl.invoke(DelegatingMethodAccessorImpl.java:43)
	at java.base/java.lang.reflect.Method.invoke(Method.java:568)
	at org.junit.runners.model.FrameworkMethod$1.runReflectiveCall(FrameworkMethod.java:47)
	at org.junit.internal.runners.model.ReflectiveCallable.run(ReflectiveCallable.java:12)
	at org.junit.runners.model.FrameworkMethod.invokeExplosively(FrameworkMethod.java:44)
	at org.junit.internal.runners.statements.InvokeMethod.evaluate(InvokeMethod.java:17)
	at org.junit.internal.runners.statements.RunBefores.evaluate(RunBefores.java:26)
	at org.junit.internal.runners.statements.RunAfters.evaluate(RunAfters.java:27)
	at org.junit.runners.ParentRunner.runLeaf(ParentRunner.java:271)
	at org.junit.runners.BlockJUnit4ClassRunner.runChild(BlockJUnit4ClassRunner.java:70)
	at org.junit.runners.BlockJUnit4ClassRunner.runChild(BlockJUnit4ClassRunner.java:50)
	at org.junit.runners.ParentRunner$3.run(ParentRunner.java:238)
	at org.junit.runners.ParentRunner$1.schedule(ParentRunner.java:63)
	at org.junit.runners.ParentRunner.runChildren(ParentRunner.java:236)
	at org.junit.runners.ParentRunner.access$000(ParentRunner.java:53)
	at org.junit.runners.ParentRunner$2.evaluate(ParentRunner.java:229)
	at org.junit.runners.ParentRunner.run(ParentRunner.java:309)
	at org.eclipse.jdt.internal.junit4.runner.JUnit4TestReference.run(JUnit4TestReference.java:93)
	at org.eclipse.jdt.internal.junit.runner.TestExecution.run(TestExecution.java:40)
	at org.eclipse.jdt.internal.junit.runner.RemoteTestRunner.runTests(RemoteTestRunner.java:529)
	at org.eclipse.jdt.internal.junit.runner.RemoteTestRunner.runTests(RemoteTestRunner.java:756)
	at org.eclipse.jdt.internal.junit.runner.RemoteTestRunner.run(RemoteTestRunner.java:452)
	at org.eclipse.jdt.internal.junit.runner.RemoteTestRunner.main(RemoteTestRunner.java:210)

%TRACEE 
%TESTE  120,codeGenTermAllTest(lang.c.parse.CodeGenExpressionTest_cv03)
%TESTS  121,codeGenTermMultWithParentheses(lang.c.parse.CodeGenExpressionTest_cv03)
%FAILED 121,codeGenTermMultWithParentheses(lang.c.parse.CodeGenExpressionTest_cv03)
%TRACES 
java.lang.AssertionError: Actual [MOV#3,(R6)+, JSRMUL, SUB#2,R6, MOVR0,(R6)+, MOV#1,(R6)+, MOV#2,(R6)+, MOV-(R6),R0, MOV-(R6),R1, ADDR1,R0, MOVR0,(R6)+]  Line Size: 
Expected: is <12>
     but: was <10>
	at org.hamcrest.MatcherAssert.assertThat(MatcherAssert.java:20)
	at lang.c.TestHelper.checkCodePortion(TestHelper.java:39)
	at lang.c.TestHelper.checkCodeGen(TestHelper.java:71)
	at lang.c.parse.CodeGenExpressionTest_cv03.codeGenTermMultWithParentheses(CodeGenExpressionTest_cv03.java:70)
	at java.base/jdk.internal.reflect.NativeMethodAccessorImpl.invoke0(Native Method)
	at java.base/jdk.internal.reflect.NativeMethodAccessorImpl.invoke(NativeMethodAccessorImpl.java:77)
	at java.base/jdk.internal.reflect.DelegatingMethodAccessorImpl.invoke(DelegatingMethodAccessorImpl.java:43)
	at java.base/java.lang.reflect.Method.invoke(Method.java:568)
	at org.junit.runners.model.FrameworkMethod$1.runReflectiveCall(FrameworkMethod.java:47)
	at org.junit.internal.runners.model.ReflectiveCallable.run(ReflectiveCallable.java:12)
	at org.junit.runners.model.FrameworkMethod.invokeExplosively(FrameworkMethod.java:44)
	at org.junit.internal.runners.statements.InvokeMethod.evaluate(InvokeMethod.java:17)
	at org.junit.internal.runners.statements.RunBefores.evaluate(RunBefores.java:26)
	at org.junit.internal.runners.statements.RunAfters.evaluate(RunAfters.java:27)
	at org.junit.runners.ParentRunner.runLeaf(ParentRunner.java:271)
	at org.junit.runners.BlockJUnit4ClassRunner.runChild(BlockJUnit4ClassRunner.java:70)
	at org.junit.runners.BlockJUnit4ClassRunner.runChild(BlockJUnit4ClassRunner.java:50)
	at org.junit.runners.ParentRunner$3.run(ParentRunner.java:238)
	at org.junit.runners.ParentRunner$1.schedule(ParentRunner.java:63)
	at org.junit.runners.ParentRunner.runChildren(ParentRunner.java:236)
	at org.junit.runners.ParentRunner.access$000(ParentRunner.java:53)
	at org.junit.runners.ParentRunner$2.evaluate(ParentRunner.java:229)
	at org.junit.runners.ParentRunner.run(ParentRunner.java:309)
	at org.eclipse.jdt.internal.junit4.runner.JUnit4TestReference.run(JUnit4TestReference.java:93)
	at org.eclipse.jdt.internal.junit.runner.TestExecution.run(TestExecution.java:40)
	at org.eclipse.jdt.internal.junit.runner.RemoteTestRunner.runTests(RemoteTestRunner.java:529)
	at org.eclipse.jdt.internal.junit.runner.RemoteTestRunner.runTests(RemoteTestRunner.java:756)
	at org.eclipse.jdt.internal.junit.runner.RemoteTestRunner.run(RemoteTestRunner.java:452)
	at org.eclipse.jdt.internal.junit.runner.RemoteTestRunner.main(RemoteTestRunner.java:210)

%TRACEE 
%TESTE  121,codeGenTermMultWithParentheses(lang.c.parse.CodeGenExpressionTest_cv03)
%TESTS  123,codeGenFactorAmp(lang.c.parse.CodeGenFactorAmpTest)
%TESTE  123,codeGenFactorAmp(lang.c.parse.CodeGenFactorAmpTest)
%TESTS  124,codeGenFactorWithAmp(lang.c.parse.CodeGenFactorAmpTest)
%TESTE  124,codeGenFactorWithAmp(lang.c.parse.CodeGenFactorAmpTest)
%TESTS  126,testTermDiv(lang.c.parse.IsFirstTest_cv03)
%TESTE  126,testTermDiv(lang.c.parse.IsFirstTest_cv03)
%TESTS  127,testMinusFactor(lang.c.parse.IsFirstTest_cv03)
%TESTE  127,testMinusFactor(lang.c.parse.IsFirstTest_cv03)
%TESTS  128,testTermCV03(lang.c.parse.IsFirstTest_cv03)
%TESTE  128,testTermCV03(lang.c.parse.IsFirstTest_cv03)
%TESTS  129,testTermMult(lang.c.parse.IsFirstTest_cv03)
%TESTE  129,testTermMult(lang.c.parse.IsFirstTest_cv03)
%TESTS  130,testPlusFactor(lang.c.parse.IsFirstTest_cv03)
%TESTE  130,testPlusFactor(lang.c.parse.IsFirstTest_cv03)
%TESTS  132,parseRCURWithoutLCUR(lang.c.parse.ParseFactorTest)
%TESTE  132,parseRCURWithoutLCUR(lang.c.parse.ParseFactorTest)
%TESTS  133,parseNotCloseRPAR(lang.c.parse.ParseFactorTest)
%TESTE  133,parseNotCloseRPAR(lang.c.parse.ParseFactorTest)
%TESTS  134,parseOnlyLPAR(lang.c.parse.ParseFactorTest)
%TESTE  134,parseOnlyLPAR(lang.c.parse.ParseFactorTest)
%TESTS  135,parseOnlyMinusFactor(lang.c.parse.ParseFactorTest)
%TESTE  135,parseOnlyMinusFactor(lang.c.parse.ParseFactorTest)
%TESTS  137,testFactorAmp(lang.c.parse.IsFirstTest_cv02)
%TESTE  137,testFactorAmp(lang.c.parse.IsFirstTest_cv02)
%RUNTIME130
